CRITICAL - 2020-08-19 02:15:24 --> Unknown column 'des' in 'field list'
#0 D:\project\invoice\system\Database\MySQLi\Connection.php(331): mysqli->query('INSERT INTO `tb...')
#1 D:\project\invoice\system\Database\BaseConnection.php(741): CodeIgniter\Database\MySQLi\Connection->execute('INSERT INTO `tb...')
#2 D:\project\invoice\system\Database\BaseConnection.php(669): CodeIgniter\Database\BaseConnection->simpleQuery('INSERT INTO `tb...')
#3 D:\project\invoice\system\Database\BaseBuilder.php(2249): CodeIgniter\Database\BaseConnection->query('INSERT INTO `tb...', Array, false)
#4 D:\project\invoice\app\Models\Mdata.php(16): CodeIgniter\Database\BaseBuilder->insert(Array)
#5 D:\project\invoice\app\Controllers\Dashboard.php(602): App\Models\Mdata->safe(Array, 'tb_app')
#6 D:\project\invoice\system\CodeIgniter.php(918): App\Controllers\Dashboard->act_app()
#7 D:\project\invoice\system\CodeIgniter.php(404): CodeIgniter\CodeIgniter->runController(Object(App\Controllers\Dashboard))
#8 D:\project\invoice\system\CodeIgniter.php(312): CodeIgniter\CodeIgniter->handleRequest(NULL, Object(Config\Cache), false)
#9 D:\project\invoice\public\index.php(45): CodeIgniter\CodeIgniter->run()
#10 D:\project\invoice\system\Commands\Server\rewrite.php(34): require_once('D:\\project\\invo...')
#11 {main}
CRITICAL - 2020-08-19 02:15:30 --> Unknown column 'des' in 'field list'
#0 D:\project\invoice\system\Database\MySQLi\Connection.php(331): mysqli->query('INSERT INTO `tb...')
#1 D:\project\invoice\system\Database\BaseConnection.php(741): CodeIgniter\Database\MySQLi\Connection->execute('INSERT INTO `tb...')
#2 D:\project\invoice\system\Database\BaseConnection.php(669): CodeIgniter\Database\BaseConnection->simpleQuery('INSERT INTO `tb...')
#3 D:\project\invoice\system\Database\BaseBuilder.php(2249): CodeIgniter\Database\BaseConnection->query('INSERT INTO `tb...', Array, false)
#4 D:\project\invoice\app\Models\Mdata.php(16): CodeIgniter\Database\BaseBuilder->insert(Array)
#5 D:\project\invoice\app\Controllers\Dashboard.php(602): App\Models\Mdata->safe(Array, 'tb_app')
#6 D:\project\invoice\system\CodeIgniter.php(918): App\Controllers\Dashboard->act_app()
#7 D:\project\invoice\system\CodeIgniter.php(404): CodeIgniter\CodeIgniter->runController(Object(App\Controllers\Dashboard))
#8 D:\project\invoice\system\CodeIgniter.php(312): CodeIgniter\CodeIgniter->handleRequest(NULL, Object(Config\Cache), false)
#9 D:\project\invoice\public\index.php(45): CodeIgniter\CodeIgniter->run()
#10 D:\project\invoice\system\Commands\Server\rewrite.php(34): require_once('D:\\project\\invo...')
#11 {main}
CRITICAL - 2020-08-19 02:30:22 --> Undefined property: stdClass::$des
#0 D:\project\invoice\app\Views\add\client.php(56): CodeIgniter\Debug\Exceptions->errorHandler(8, 'Undefined prope...', 'D:\\project\\invo...', 56, Array)
#1 D:\project\invoice\system\View\View.php(246): include('D:\\project\\invo...')
#2 D:\project\invoice\system\View\View.php(525): CodeIgniter\View\View->render('add/client', NULL, true)
#3 D:\project\invoice\app\Views\template\layer.php(5): CodeIgniter\View\View->include('add/client')
#4 D:\project\invoice\system\View\View.php(246): include('D:\\project\\invo...')
#5 D:\project\invoice\system\Common.php(1119): CodeIgniter\View\View->render('template/layer', Array, true)
#6 D:\project\invoice\app\Controllers\Dashboard.php(247): view('template/layer', Array)
#7 D:\project\invoice\system\CodeIgniter.php(918): App\Controllers\Dashboard->edit_client('C403')
#8 D:\project\invoice\system\CodeIgniter.php(404): CodeIgniter\CodeIgniter->runController(Object(App\Controllers\Dashboard))
#9 D:\project\invoice\system\CodeIgniter.php(312): CodeIgniter\CodeIgniter->handleRequest(NULL, Object(Config\Cache), false)
#10 D:\project\invoice\public\index.php(45): CodeIgniter\CodeIgniter->run()
#11 D:\project\invoice\system\Commands\Server\rewrite.php(34): require_once('D:\\project\\invo...')
#12 {main}
CRITICAL - 2020-08-19 14:49:41 --> Undefined offset: 0
#0 D:\project\invoice\app\Views\layanan\wizard1.php(46): CodeIgniter\Debug\Exceptions->errorHandler(8, 'Undefined offse...', 'D:\\project\\invo...', 46, Array)
#1 D:\project\invoice\system\View\View.php(246): include('D:\\project\\invo...')
#2 D:\project\invoice\system\View\View.php(525): CodeIgniter\View\View->render('layanan/wizard1', NULL, true)
#3 D:\project\invoice\app\Views\template\layer.php(5): CodeIgniter\View\View->include('layanan/wizard1')
#4 D:\project\invoice\system\View\View.php(246): include('D:\\project\\invo...')
#5 D:\project\invoice\system\Common.php(1119): CodeIgniter\View\View->render('template/layer', Array, true)
#6 D:\project\invoice\app\Controllers\Dashboard.php(498): view('template/layer', Array)
#7 D:\project\invoice\system\CodeIgniter.php(918): App\Controllers\Dashboard->reg_client()
#8 D:\project\invoice\system\CodeIgniter.php(404): CodeIgniter\CodeIgniter->runController(Object(App\Controllers\Dashboard))
#9 D:\project\invoice\system\CodeIgniter.php(312): CodeIgniter\CodeIgniter->handleRequest(NULL, Object(Config\Cache), false)
#10 D:\project\invoice\public\index.php(45): CodeIgniter\CodeIgniter->run()
#11 D:\project\invoice\system\Commands\Server\rewrite.php(34): require_once('D:\\project\\invo...')
#12 {main}
CRITICAL - 2020-08-19 14:52:31 --> Undefined offset: 0
#0 D:\project\invoice\app\Views\layanan\wizard1.php(51): CodeIgniter\Debug\Exceptions->errorHandler(8, 'Undefined offse...', 'D:\\project\\invo...', 51, Array)
#1 D:\project\invoice\system\View\View.php(246): include('D:\\project\\invo...')
#2 D:\project\invoice\system\View\View.php(525): CodeIgniter\View\View->render('layanan/wizard1', NULL, true)
#3 D:\project\invoice\app\Views\template\layer.php(5): CodeIgniter\View\View->include('layanan/wizard1')
#4 D:\project\invoice\system\View\View.php(246): include('D:\\project\\invo...')
#5 D:\project\invoice\system\Common.php(1119): CodeIgniter\View\View->render('template/layer', Array, true)
#6 D:\project\invoice\app\Controllers\Dashboard.php(498): view('template/layer', Array)
#7 D:\project\invoice\system\CodeIgniter.php(918): App\Controllers\Dashboard->reg_client()
#8 D:\project\invoice\system\CodeIgniter.php(404): CodeIgniter\CodeIgniter->runController(Object(App\Controllers\Dashboard))
#9 D:\project\invoice\system\CodeIgniter.php(312): CodeIgniter\CodeIgniter->handleRequest(NULL, Object(Config\Cache), false)
#10 D:\project\invoice\public\index.php(45): CodeIgniter\CodeIgniter->run()
#11 D:\project\invoice\system\Commands\Server\rewrite.php(34): require_once('D:\\project\\invo...')
#12 {main}
CRITICAL - 2020-08-19 16:34:28 --> Table 'invoice.tb_paket' doesn't exist
#0 D:\project\invoice\system\Database\MySQLi\Connection.php(331): mysqli->query('SELECT *\nFROM `...')
#1 D:\project\invoice\system\Database\BaseConnection.php(741): CodeIgniter\Database\MySQLi\Connection->execute('SELECT *\nFROM `...')
#2 D:\project\invoice\system\Database\BaseConnection.php(669): CodeIgniter\Database\BaseConnection->simpleQuery('SELECT *\nFROM `...')
#3 D:\project\invoice\system\Database\BaseBuilder.php(1860): CodeIgniter\Database\BaseConnection->query('SELECT *\nFROM `...', Array, false)
#4 D:\project\invoice\app\Models\Mdata.php(22): CodeIgniter\Database\BaseBuilder->get()
#5 D:\project\invoice\app\Controllers\Dashboard.php(504): App\Models\Mdata->view('tb_paket')
#6 D:\project\invoice\system\CodeIgniter.php(918): App\Controllers\Dashboard->reg_paket()
#7 D:\project\invoice\system\CodeIgniter.php(404): CodeIgniter\CodeIgniter->runController(Object(App\Controllers\Dashboard))
#8 D:\project\invoice\system\CodeIgniter.php(312): CodeIgniter\CodeIgniter->handleRequest(NULL, Object(Config\Cache), false)
#9 D:\project\invoice\public\index.php(45): CodeIgniter\CodeIgniter->run()
#10 D:\project\invoice\system\Commands\Server\rewrite.php(34): require_once('D:\\project\\invo...')
#11 {main}
CRITICAL - 2020-08-19 16:35:29 --> Table 'invoice.tb_paket' doesn't exist
#0 D:\project\invoice\system\Database\MySQLi\Connection.php(331): mysqli->query('SELECT *\nFROM `...')
#1 D:\project\invoice\system\Database\BaseConnection.php(741): CodeIgniter\Database\MySQLi\Connection->execute('SELECT *\nFROM `...')
#2 D:\project\invoice\system\Database\BaseConnection.php(669): CodeIgniter\Database\BaseConnection->simpleQuery('SELECT *\nFROM `...')
#3 D:\project\invoice\system\Database\BaseBuilder.php(1860): CodeIgniter\Database\BaseConnection->query('SELECT *\nFROM `...', Array, false)
#4 D:\project\invoice\app\Models\Mdata.php(22): CodeIgniter\Database\BaseBuilder->get()
#5 D:\project\invoice\app\Controllers\Dashboard.php(504): App\Models\Mdata->view('tb_paket')
#6 D:\project\invoice\system\CodeIgniter.php(918): App\Controllers\Dashboard->reg_paket()
#7 D:\project\invoice\system\CodeIgniter.php(404): CodeIgniter\CodeIgniter->runController(Object(App\Controllers\Dashboard))
#8 D:\project\invoice\system\CodeIgniter.php(312): CodeIgniter\CodeIgniter->handleRequest(NULL, Object(Config\Cache), false)
#9 D:\project\invoice\public\index.php(45): CodeIgniter\CodeIgniter->run()
#10 D:\project\invoice\system\Commands\Server\rewrite.php(34): require_once('D:\\project\\invo...')
#11 {main}
CRITICAL - 2020-08-19 16:35:30 --> Table 'invoice.tb_paket' doesn't exist
#0 D:\project\invoice\system\Database\MySQLi\Connection.php(331): mysqli->query('SELECT *\nFROM `...')
#1 D:\project\invoice\system\Database\BaseConnection.php(741): CodeIgniter\Database\MySQLi\Connection->execute('SELECT *\nFROM `...')
#2 D:\project\invoice\system\Database\BaseConnection.php(669): CodeIgniter\Database\BaseConnection->simpleQuery('SELECT *\nFROM `...')
#3 D:\project\invoice\system\Database\BaseBuilder.php(1860): CodeIgniter\Database\BaseConnection->query('SELECT *\nFROM `...', Array, false)
#4 D:\project\invoice\app\Models\Mdata.php(22): CodeIgniter\Database\BaseBuilder->get()
#5 D:\project\invoice\app\Controllers\Dashboard.php(504): App\Models\Mdata->view('tb_paket')
#6 D:\project\invoice\system\CodeIgniter.php(918): App\Controllers\Dashboard->reg_paket()
#7 D:\project\invoice\system\CodeIgniter.php(404): CodeIgniter\CodeIgniter->runController(Object(App\Controllers\Dashboard))
#8 D:\project\invoice\system\CodeIgniter.php(312): CodeIgniter\CodeIgniter->handleRequest(NULL, Object(Config\Cache), false)
#9 D:\project\invoice\public\index.php(45): CodeIgniter\CodeIgniter->run()
#10 D:\project\invoice\system\Commands\Server\rewrite.php(34): require_once('D:\\project\\invo...')
#11 {main}
CRITICAL - 2020-08-19 16:35:42 --> Undefined property: stdClass::$paket_service
#0 D:\project\invoice\app\Views\layanan\wizard2.php(54): CodeIgniter\Debug\Exceptions->errorHandler(8, 'Undefined prope...', 'D:\\project\\invo...', 54, Array)
#1 D:\project\invoice\system\View\View.php(246): include('D:\\project\\invo...')
#2 D:\project\invoice\system\View\View.php(525): CodeIgniter\View\View->render('layanan/wizard2', NULL, true)
#3 D:\project\invoice\app\Views\template\layer.php(5): CodeIgniter\View\View->include('layanan/wizard2')
#4 D:\project\invoice\system\View\View.php(246): include('D:\\project\\invo...')
#5 D:\project\invoice\system\Common.php(1119): CodeIgniter\View\View->render('template/layer', Array, true)
#6 D:\project\invoice\app\Controllers\Dashboard.php(511): view('template/layer', Array)
#7 D:\project\invoice\system\CodeIgniter.php(918): App\Controllers\Dashboard->reg_paket()
#8 D:\project\invoice\system\CodeIgniter.php(404): CodeIgniter\CodeIgniter->runController(Object(App\Controllers\Dashboard))
#9 D:\project\invoice\system\CodeIgniter.php(312): CodeIgniter\CodeIgniter->handleRequest(NULL, Object(Config\Cache), false)
#10 D:\project\invoice\public\index.php(45): CodeIgniter\CodeIgniter->run()
#11 D:\project\invoice\system\Commands\Server\rewrite.php(34): require_once('D:\\project\\invo...')
#12 {main}
CRITICAL - 2020-08-19 18:54:19 --> Undefined index: client_id
#0 D:\project\invoice\app\Views\layanan\wizard1.php(17): CodeIgniter\Debug\Exceptions->errorHandler(8, 'Undefined index...', 'D:\\project\\invo...', 17, Array)
#1 D:\project\invoice\system\View\View.php(246): include('D:\\project\\invo...')
#2 D:\project\invoice\system\View\View.php(525): CodeIgniter\View\View->render('layanan/wizard1', NULL, true)
#3 D:\project\invoice\app\Views\template\layer.php(5): CodeIgniter\View\View->include('layanan/wizard1')
#4 D:\project\invoice\system\View\View.php(246): include('D:\\project\\invo...')
#5 D:\project\invoice\system\Common.php(1119): CodeIgniter\View\View->render('template/layer', Array, true)
#6 D:\project\invoice\app\Controllers\Dashboard.php(498): view('template/layer', Array)
#7 D:\project\invoice\system\CodeIgniter.php(918): App\Controllers\Dashboard->reg_client()
#8 D:\project\invoice\system\CodeIgniter.php(404): CodeIgniter\CodeIgniter->runController(Object(App\Controllers\Dashboard))
#9 D:\project\invoice\system\CodeIgniter.php(312): CodeIgniter\CodeIgniter->handleRequest(NULL, Object(Config\Cache), false)
#10 D:\project\invoice\public\index.php(45): CodeIgniter\CodeIgniter->run()
#11 D:\project\invoice\system\Commands\Server\rewrite.php(34): require_once('D:\\project\\invo...')
#12 {main}
CRITICAL - 2020-08-19 21:30:41 --> Illegal string offset 'client_id'
#0 D:\project\invoice\app\Views\layanan\wizard.php(17): CodeIgniter\Debug\Exceptions->errorHandler(2, 'Illegal string ...', 'D:\\project\\invo...', 17, Array)
#1 D:\project\invoice\system\View\View.php(246): include('D:\\project\\invo...')
#2 D:\project\invoice\system\View\View.php(525): CodeIgniter\View\View->render('layanan/wizard', NULL, true)
#3 D:\project\invoice\app\Views\template\layer.php(5): CodeIgniter\View\View->include('layanan/wizard')
#4 D:\project\invoice\system\View\View.php(246): include('D:\\project\\invo...')
#5 D:\project\invoice\system\Common.php(1119): CodeIgniter\View\View->render('template/layer', Array, true)
#6 D:\project\invoice\app\Controllers\Dashboard.php(498): view('template/layer', Array)
#7 D:\project\invoice\system\CodeIgniter.php(918): App\Controllers\Dashboard->reg_client()
#8 D:\project\invoice\system\CodeIgniter.php(404): CodeIgniter\CodeIgniter->runController(Object(App\Controllers\Dashboard))
#9 D:\project\invoice\system\CodeIgniter.php(312): CodeIgniter\CodeIgniter->handleRequest(NULL, Object(Config\Cache), false)
#10 D:\project\invoice\public\index.php(45): CodeIgniter\CodeIgniter->run()
#11 D:\project\invoice\system\Commands\Server\rewrite.php(34): require_once('D:\\project\\invo...')
#12 {main}
CRITICAL - 2020-08-19 21:39:36 --> Undefined variable: ow
#0 D:\project\invoice\app\Views\layanan\wizard.php(62): CodeIgniter\Debug\Exceptions->errorHandler(8, 'Undefined varia...', 'D:\\project\\invo...', 62, Array)
#1 D:\project\invoice\system\View\View.php(246): include('D:\\project\\invo...')
#2 D:\project\invoice\system\View\View.php(525): CodeIgniter\View\View->render('layanan/wizard', NULL, true)
#3 D:\project\invoice\app\Views\template\layer.php(5): CodeIgniter\View\View->include('layanan/wizard')
#4 D:\project\invoice\system\View\View.php(246): include('D:\\project\\invo...')
#5 D:\project\invoice\system\Common.php(1119): CodeIgniter\View\View->render('template/layer', Array, true)
#6 D:\project\invoice\app\Controllers\Dashboard.php(498): view('template/layer', Array)
#7 D:\project\invoice\system\CodeIgniter.php(918): App\Controllers\Dashboard->reg_client()
#8 D:\project\invoice\system\CodeIgniter.php(404): CodeIgniter\CodeIgniter->runController(Object(App\Controllers\Dashboard))
#9 D:\project\invoice\system\CodeIgniter.php(312): CodeIgniter\CodeIgniter->handleRequest(NULL, Object(Config\Cache), false)
#10 D:\project\invoice\public\index.php(45): CodeIgniter\CodeIgniter->run()
#11 D:\project\invoice\system\Commands\Server\rewrite.php(34): require_once('D:\\project\\invo...')
#12 {main}
CRITICAL - 2020-08-19 22:10:18 --> array_merge(): Argument #1 is not an array
#0 [internal function]: CodeIgniter\Debug\Exceptions->errorHandler(2, 'array_merge(): ...', 'D:\\project\\invo...', 497, Array)
#1 D:\project\invoice\app\Controllers\Dashboard.php(497): array_merge(Object(stdClass), Array)
#2 D:\project\invoice\system\CodeIgniter.php(918): App\Controllers\Dashboard->data_pac('4150')
#3 D:\project\invoice\system\CodeIgniter.php(404): CodeIgniter\CodeIgniter->runController(Object(App\Controllers\Dashboard))
#4 D:\project\invoice\system\CodeIgniter.php(312): CodeIgniter\CodeIgniter->handleRequest(NULL, Object(Config\Cache), false)
#5 D:\project\invoice\public\index.php(45): CodeIgniter\CodeIgniter->run()
#6 D:\project\invoice\system\Commands\Server\rewrite.php(34): require_once('D:\\project\\invo...')
#7 {main}
CRITICAL - 2020-08-19 22:11:59 --> array_merge(): Argument #1 is not an array
#0 [internal function]: CodeIgniter\Debug\Exceptions->errorHandler(2, 'array_merge(): ...', 'D:\\project\\invo...', 498, Array)
#1 D:\project\invoice\app\Controllers\Dashboard.php(498): array_merge(Object(stdClass), Array)
#2 D:\project\invoice\system\CodeIgniter.php(918): App\Controllers\Dashboard->data_pac('4150')
#3 D:\project\invoice\system\CodeIgniter.php(404): CodeIgniter\CodeIgniter->runController(Object(App\Controllers\Dashboard))
#4 D:\project\invoice\system\CodeIgniter.php(312): CodeIgniter\CodeIgniter->handleRequest(NULL, Object(Config\Cache), false)
#5 D:\project\invoice\public\index.php(45): CodeIgniter\CodeIgniter->run()
#6 D:\project\invoice\system\Commands\Server\rewrite.php(34): require_once('D:\\project\\invo...')
#7 {main}
CRITICAL - 2020-08-19 22:26:36 --> Trying to get property 'service_price' of non-object
#0 D:\project\invoice\app\Controllers\Dashboard.php(497): CodeIgniter\Debug\Exceptions->errorHandler(8, 'Trying to get p...', 'D:\\project\\invo...', 497, Array)
#1 D:\project\invoice\system\CodeIgniter.php(918): App\Controllers\Dashboard->data_pac('4150')
#2 D:\project\invoice\system\CodeIgniter.php(404): CodeIgniter\CodeIgniter->runController(Object(App\Controllers\Dashboard))
#3 D:\project\invoice\system\CodeIgniter.php(312): CodeIgniter\CodeIgniter->handleRequest(NULL, Object(Config\Cache), false)
#4 D:\project\invoice\public\index.php(45): CodeIgniter\CodeIgniter->run()
#5 D:\project\invoice\system\Commands\Server\rewrite.php(34): require_once('D:\\project\\invo...')
#6 {main}
CRITICAL - 2020-08-19 22:28:01 --> Undefined index: service_price
#0 D:\project\invoice\app\Controllers\Dashboard.php(497): CodeIgniter\Debug\Exceptions->errorHandler(8, 'Undefined index...', 'D:\\project\\invo...', 497, Array)
#1 D:\project\invoice\system\CodeIgniter.php(918): App\Controllers\Dashboard->data_pac('4150')
#2 D:\project\invoice\system\CodeIgniter.php(404): CodeIgniter\CodeIgniter->runController(Object(App\Controllers\Dashboard))
#3 D:\project\invoice\system\CodeIgniter.php(312): CodeIgniter\CodeIgniter->handleRequest(NULL, Object(Config\Cache), false)
#4 D:\project\invoice\public\index.php(45): CodeIgniter\CodeIgniter->run()
#5 D:\project\invoice\system\Commands\Server\rewrite.php(34): require_once('D:\\project\\invo...')
#6 {main}
CRITICAL - 2020-08-19 22:28:22 --> Undefined index: service_price
#0 D:\project\invoice\app\Controllers\Dashboard.php(497): CodeIgniter\Debug\Exceptions->errorHandler(8, 'Undefined index...', 'D:\\project\\invo...', 497, Array)
#1 D:\project\invoice\system\CodeIgniter.php(918): App\Controllers\Dashboard->data_pac('4150')
#2 D:\project\invoice\system\CodeIgniter.php(404): CodeIgniter\CodeIgniter->runController(Object(App\Controllers\Dashboard))
#3 D:\project\invoice\system\CodeIgniter.php(312): CodeIgniter\CodeIgniter->handleRequest(NULL, Object(Config\Cache), false)
#4 D:\project\invoice\public\index.php(45): CodeIgniter\CodeIgniter->run()
#5 D:\project\invoice\system\Commands\Server\rewrite.php(34): require_once('D:\\project\\invo...')
#6 {main}
CRITICAL - 2020-08-19 22:30:01 --> Use of undefined constant f - assumed 'f' (this will throw an Error in a future version of PHP)
#0 D:\project\invoice\app\Controllers\Dashboard.php(501): CodeIgniter\Debug\Exceptions->errorHandler(2, 'Use of undefine...', 'D:\\project\\invo...', 501, Array)
#1 D:\project\invoice\system\CodeIgniter.php(918): App\Controllers\Dashboard->data_pac('4150')
#2 D:\project\invoice\system\CodeIgniter.php(404): CodeIgniter\CodeIgniter->runController(Object(App\Controllers\Dashboard))
#3 D:\project\invoice\system\CodeIgniter.php(312): CodeIgniter\CodeIgniter->handleRequest(NULL, Object(Config\Cache), false)
#4 D:\project\invoice\public\index.php(45): CodeIgniter\CodeIgniter->run()
#5 D:\project\invoice\system\Commands\Server\rewrite.php(34): require_once('D:\\project\\invo...')
#6 {main}
CRITICAL - 2020-08-19 22:30:11 --> Use of undefined constant f - assumed 'f' (this will throw an Error in a future version of PHP)
#0 D:\project\invoice\app\Controllers\Dashboard.php(501): CodeIgniter\Debug\Exceptions->errorHandler(2, 'Use of undefine...', 'D:\\project\\invo...', 501, Array)
#1 D:\project\invoice\system\CodeIgniter.php(918): App\Controllers\Dashboard->data_pac('4150')
#2 D:\project\invoice\system\CodeIgniter.php(404): CodeIgniter\CodeIgniter->runController(Object(App\Controllers\Dashboard))
#3 D:\project\invoice\system\CodeIgniter.php(312): CodeIgniter\CodeIgniter->handleRequest(NULL, Object(Config\Cache), false)
#4 D:\project\invoice\public\index.php(45): CodeIgniter\CodeIgniter->run()
#5 D:\project\invoice\system\Commands\Server\rewrite.php(34): require_once('D:\\project\\invo...')
#6 {main}
CRITICAL - 2020-08-19 22:34:05 --> Undefined offset: 0
#0 D:\project\invoice\app\Controllers\Dashboard.php(500): CodeIgniter\Debug\Exceptions->errorHandler(8, 'Undefined offse...', 'D:\\project\\invo...', 500, Array)
#1 D:\project\invoice\system\CodeIgniter.php(918): App\Controllers\Dashboard->data_pac('4150')
#2 D:\project\invoice\system\CodeIgniter.php(404): CodeIgniter\CodeIgniter->runController(Object(App\Controllers\Dashboard))
#3 D:\project\invoice\system\CodeIgniter.php(312): CodeIgniter\CodeIgniter->handleRequest(NULL, Object(Config\Cache), false)
#4 D:\project\invoice\public\index.php(45): CodeIgniter\CodeIgniter->run()
#5 D:\project\invoice\system\Commands\Server\rewrite.php(34): require_once('D:\\project\\invo...')
#6 {main}
CRITICAL - 2020-08-19 22:36:53 --> json_decode() expects parameter 1 to be string, array given
#0 [internal function]: CodeIgniter\Debug\Exceptions->errorHandler(2, 'json_decode() e...', 'D:\\project\\invo...', 499, Array)
#1 D:\project\invoice\app\Controllers\Dashboard.php(499): json_decode(Array)
#2 D:\project\invoice\system\CodeIgniter.php(918): App\Controllers\Dashboard->data_pac('4150')
#3 D:\project\invoice\system\CodeIgniter.php(404): CodeIgniter\CodeIgniter->runController(Object(App\Controllers\Dashboard))
#4 D:\project\invoice\system\CodeIgniter.php(312): CodeIgniter\CodeIgniter->handleRequest(NULL, Object(Config\Cache), false)
#5 D:\project\invoice\public\index.php(45): CodeIgniter\CodeIgniter->run()
#6 D:\project\invoice\system\Commands\Server\rewrite.php(34): require_once('D:\\project\\invo...')
#7 {main}
CRITICAL - 2020-08-19 22:36:54 --> json_decode() expects parameter 1 to be string, array given
#0 [internal function]: CodeIgniter\Debug\Exceptions->errorHandler(2, 'json_decode() e...', 'D:\\project\\invo...', 499, Array)
#1 D:\project\invoice\app\Controllers\Dashboard.php(499): json_decode(Array)
#2 D:\project\invoice\system\CodeIgniter.php(918): App\Controllers\Dashboard->data_pac('4150')
#3 D:\project\invoice\system\CodeIgniter.php(404): CodeIgniter\CodeIgniter->runController(Object(App\Controllers\Dashboard))
#4 D:\project\invoice\system\CodeIgniter.php(312): CodeIgniter\CodeIgniter->handleRequest(NULL, Object(Config\Cache), false)
#5 D:\project\invoice\public\index.php(45): CodeIgniter\CodeIgniter->run()
#6 D:\project\invoice\system\Commands\Server\rewrite.php(34): require_once('D:\\project\\invo...')
#7 {main}
