CRITICAL - 2020-12-12 12:18:15 --> Too few arguments to function App\Controllers\Home::dashboard(), 0 passed in D:\laragon\www\bkk\system\CodeIgniter.php on line 914 and exactly 1 expected
#0 D:\laragon\www\bkk\system\CodeIgniter.php(914): App\Controllers\Home->dashboard()
#1 D:\laragon\www\bkk\system\CodeIgniter.php(400): CodeIgniter\CodeIgniter->runController(Object(App\Controllers\Home))
#2 D:\laragon\www\bkk\system\CodeIgniter.php(308): CodeIgniter\CodeIgniter->handleRequest(NULL, Object(Config\Cache), false)
#3 D:\laragon\www\bkk\public\index.php(45): CodeIgniter\CodeIgniter->run()
#4 D:\laragon\www\bkk\system\Commands\Server\rewrite.php(34): require_once('D:\\laragon\\www\\...')
#5 {main}
CRITICAL - 2020-12-12 12:18:55 --> Too few arguments to function App\Controllers\Home::dashboard(), 0 passed in D:\laragon\www\bkk\system\CodeIgniter.php on line 914 and exactly 1 expected
#0 D:\laragon\www\bkk\system\CodeIgniter.php(914): App\Controllers\Home->dashboard()
#1 D:\laragon\www\bkk\system\CodeIgniter.php(400): CodeIgniter\CodeIgniter->runController(Object(App\Controllers\Home))
#2 D:\laragon\www\bkk\system\CodeIgniter.php(308): CodeIgniter\CodeIgniter->handleRequest(NULL, Object(Config\Cache), false)
#3 D:\laragon\www\bkk\public\index.php(45): CodeIgniter\CodeIgniter->run()
#4 D:\laragon\www\bkk\system\Commands\Server\rewrite.php(34): require_once('D:\\laragon\\www\\...')
#5 {main}
CRITICAL - 2020-12-12 12:19:04 --> Too few arguments to function App\Controllers\Home::dashboard(), 0 passed in D:\laragon\www\bkk\system\CodeIgniter.php on line 914 and exactly 1 expected
#0 D:\laragon\www\bkk\system\CodeIgniter.php(914): App\Controllers\Home->dashboard()
#1 D:\laragon\www\bkk\system\CodeIgniter.php(400): CodeIgniter\CodeIgniter->runController(Object(App\Controllers\Home))
#2 D:\laragon\www\bkk\system\CodeIgniter.php(308): CodeIgniter\CodeIgniter->handleRequest(NULL, Object(Config\Cache), false)
#3 D:\laragon\www\bkk\public\index.php(45): CodeIgniter\CodeIgniter->run()
#4 D:\laragon\www\bkk\system\Commands\Server\rewrite.php(34): require_once('D:\\laragon\\www\\...')
#5 {main}
CRITICAL - 2020-12-12 12:19:47 --> Berkas tidak valid: frontend/al.php
#0 D:\laragon\www\bkk\system\View\View.php(228): CodeIgniter\Exceptions\FrameworkException::forInvalidFile('frontend/al.php')
#1 D:\laragon\www\bkk\system\View\View.php(525): CodeIgniter\View\View->render('frontend/al', NULL, true)
#2 D:\laragon\www\bkk\app\Views\frontend\layer.php(5): CodeIgniter\View\View->include('frontend/al')
#3 D:\laragon\www\bkk\system\View\View.php(246): include('D:\\laragon\\www\\...')
#4 D:\laragon\www\bkk\system\Common.php(1087): CodeIgniter\View\View->render('frontend/layer', Array, true)
#5 D:\laragon\www\bkk\app\Controllers\Home.php(68): view('frontend/layer', Array)
#6 D:\laragon\www\bkk\app\Controllers\Home.php(40): App\Controllers\Home->_data_alumni()
#7 D:\laragon\www\bkk\system\CodeIgniter.php(914): App\Controllers\Home->dashboard('alumni')
#8 D:\laragon\www\bkk\system\CodeIgniter.php(400): CodeIgniter\CodeIgniter->runController(Object(App\Controllers\Home))
#9 D:\laragon\www\bkk\system\CodeIgniter.php(308): CodeIgniter\CodeIgniter->handleRequest(NULL, Object(Config\Cache), false)
#10 D:\laragon\www\bkk\public\index.php(45): CodeIgniter\CodeIgniter->run()
#11 D:\laragon\www\bkk\system\Commands\Server\rewrite.php(34): require_once('D:\\laragon\\www\\...')
#12 {main}
CRITICAL - 2020-12-12 12:44:16 --> Undefined property: App\Controllers\Home::$uri
#0 D:\laragon\www\bkk\app\Controllers\Home.php(35): CodeIgniter\Debug\Exceptions->errorHandler(8, 'Undefined prope...', 'D:\\laragon\\www\\...', 35, Array)
#1 D:\laragon\www\bkk\system\CodeIgniter.php(914): App\Controllers\Home->dashboard()
#2 D:\laragon\www\bkk\system\CodeIgniter.php(400): CodeIgniter\CodeIgniter->runController(Object(App\Controllers\Home))
#3 D:\laragon\www\bkk\system\CodeIgniter.php(308): CodeIgniter\CodeIgniter->handleRequest(NULL, Object(Config\Cache), false)
#4 D:\laragon\www\bkk\public\index.php(45): CodeIgniter\CodeIgniter->run()
#5 D:\laragon\www\bkk\system\Commands\Server\rewrite.php(34): require_once('D:\\laragon\\www\\...')
#6 {main}
CRITICAL - 2020-12-12 14:59:33 --> Undefined property: stdClass::$al_des
#0 D:\laragon\www\bkk\app\Views\frontend\al.php(28): CodeIgniter\Debug\Exceptions->errorHandler(8, 'Undefined prope...', 'D:\\laragon\\www\\...', 28, Array)
#1 D:\laragon\www\bkk\system\View\View.php(246): include('D:\\laragon\\www\\...')
#2 D:\laragon\www\bkk\system\View\View.php(525): CodeIgniter\View\View->render('frontend/al', NULL, true)
#3 D:\laragon\www\bkk\app\Views\frontend\layer.php(5): CodeIgniter\View\View->include('frontend/al')
#4 D:\laragon\www\bkk\system\View\View.php(246): include('D:\\laragon\\www\\...')
#5 D:\laragon\www\bkk\system\Common.php(1087): CodeIgniter\View\View->render('frontend/layer', Array, true)
#6 D:\laragon\www\bkk\app\Controllers\Home.php(75): view('frontend/layer', Array)
#7 D:\laragon\www\bkk\app\Controllers\Home.php(44): App\Controllers\Home->_data_alumni()
#8 D:\laragon\www\bkk\system\CodeIgniter.php(914): App\Controllers\Home->dashboard('$1')
#9 D:\laragon\www\bkk\system\CodeIgniter.php(400): CodeIgniter\CodeIgniter->runController(Object(App\Controllers\Home))
#10 D:\laragon\www\bkk\system\CodeIgniter.php(308): CodeIgniter\CodeIgniter->handleRequest(NULL, Object(Config\Cache), false)
#11 D:\laragon\www\bkk\public\index.php(45): CodeIgniter\CodeIgniter->run()
#12 D:\laragon\www\bkk\system\Commands\Server\rewrite.php(34): require_once('D:\\laragon\\www\\...')
#13 {main}
CRITICAL - 2020-12-12 15:19:16 --> Trying to get property 'al_works' of non-object
#0 D:\laragon\www\bkk\app\Views\frontend\al.php(34): CodeIgniter\Debug\Exceptions->errorHandler(8, 'Trying to get p...', 'D:\\laragon\\www\\...', 34, Array)
#1 D:\laragon\www\bkk\system\View\View.php(246): include('D:\\laragon\\www\\...')
#2 D:\laragon\www\bkk\system\View\View.php(525): CodeIgniter\View\View->render('frontend/al', NULL, true)
#3 D:\laragon\www\bkk\app\Views\frontend\layer.php(5): CodeIgniter\View\View->include('frontend/al')
#4 D:\laragon\www\bkk\system\View\View.php(246): include('D:\\laragon\\www\\...')
#5 D:\laragon\www\bkk\system\Common.php(1087): CodeIgniter\View\View->render('frontend/layer', Array, true)
#6 D:\laragon\www\bkk\app\Controllers\Home.php(75): view('frontend/layer', Array)
#7 D:\laragon\www\bkk\app\Controllers\Home.php(44): App\Controllers\Home->_data_alumni()
#8 D:\laragon\www\bkk\system\CodeIgniter.php(914): App\Controllers\Home->dashboard('$1')
#9 D:\laragon\www\bkk\system\CodeIgniter.php(400): CodeIgniter\CodeIgniter->runController(Object(App\Controllers\Home))
#10 D:\laragon\www\bkk\system\CodeIgniter.php(308): CodeIgniter\CodeIgniter->handleRequest(NULL, Object(Config\Cache), false)
#11 D:\laragon\www\bkk\public\index.php(45): CodeIgniter\CodeIgniter->run()
#12 D:\laragon\www\bkk\system\Commands\Server\rewrite.php(34): require_once('D:\\laragon\\www\\...')
#13 {main}
CRITICAL - 2020-12-12 17:30:09 --> Undefined variable: cc
#0 D:\laragon\www\bkk\app\Views\frontend\dash.php(11): CodeIgniter\Debug\Exceptions->errorHandler(8, 'Undefined varia...', 'D:\\laragon\\www\\...', 11, Array)
#1 D:\laragon\www\bkk\system\View\View.php(246): include('D:\\laragon\\www\\...')
#2 D:\laragon\www\bkk\system\View\View.php(525): CodeIgniter\View\View->render('frontend/dash', NULL, true)
#3 D:\laragon\www\bkk\app\Views\frontend\layer.php(5): CodeIgniter\View\View->include('frontend/dash')
#4 D:\laragon\www\bkk\system\View\View.php(246): include('D:\\laragon\\www\\...')
#5 D:\laragon\www\bkk\system\Common.php(1087): CodeIgniter\View\View->render('frontend/layer', Array, true)
#6 D:\laragon\www\bkk\app\Controllers\Home.php(64): view('frontend/layer', Array)
#7 D:\laragon\www\bkk\app\Controllers\Home.php(41): App\Controllers\Home->_home()
#8 D:\laragon\www\bkk\system\CodeIgniter.php(914): App\Controllers\Home->dashboard()
#9 D:\laragon\www\bkk\system\CodeIgniter.php(400): CodeIgniter\CodeIgniter->runController(Object(App\Controllers\Home))
#10 D:\laragon\www\bkk\system\CodeIgniter.php(308): CodeIgniter\CodeIgniter->handleRequest(NULL, Object(Config\Cache), false)
#11 D:\laragon\www\bkk\public\index.php(45): CodeIgniter\CodeIgniter->run()
#12 D:\laragon\www\bkk\system\Commands\Server\rewrite.php(34): require_once('D:\\laragon\\www\\...')
#13 {main}
CRITICAL - 2020-12-12 17:32:20 --> Undefined variable: pr
#0 D:\laragon\www\bkk\app\Views\frontend\dash.php(36): CodeIgniter\Debug\Exceptions->errorHandler(8, 'Undefined varia...', 'D:\\laragon\\www\\...', 36, Array)
#1 D:\laragon\www\bkk\system\View\View.php(246): include('D:\\laragon\\www\\...')
#2 D:\laragon\www\bkk\system\View\View.php(525): CodeIgniter\View\View->render('frontend/dash', NULL, true)
#3 D:\laragon\www\bkk\app\Views\frontend\layer.php(5): CodeIgniter\View\View->include('frontend/dash')
#4 D:\laragon\www\bkk\system\View\View.php(246): include('D:\\laragon\\www\\...')
#5 D:\laragon\www\bkk\system\Common.php(1087): CodeIgniter\View\View->render('frontend/layer', Array, true)
#6 D:\laragon\www\bkk\app\Controllers\Home.php(64): view('frontend/layer', Array)
#7 D:\laragon\www\bkk\app\Controllers\Home.php(41): App\Controllers\Home->_home()
#8 D:\laragon\www\bkk\system\CodeIgniter.php(914): App\Controllers\Home->dashboard()
#9 D:\laragon\www\bkk\system\CodeIgniter.php(400): CodeIgniter\CodeIgniter->runController(Object(App\Controllers\Home))
#10 D:\laragon\www\bkk\system\CodeIgniter.php(308): CodeIgniter\CodeIgniter->handleRequest(NULL, Object(Config\Cache), false)
#11 D:\laragon\www\bkk\public\index.php(45): CodeIgniter\CodeIgniter->run()
#12 D:\laragon\www\bkk\system\Commands\Server\rewrite.php(34): require_once('D:\\laragon\\www\\...')
#13 {main}
CRITICAL - 2020-12-12 18:02:55 --> Berkas asli tersebut bukan berkas yang valid.
#0 D:\laragon\www\bkk\system\HTTP\Files\UploadedFile.php(172): CodeIgniter\HTTP\Exceptions\HTTPException::forInvalidFile()
#1 D:\laragon\www\bkk\app\Controllers\Home.php(341): CodeIgniter\HTTP\Files\UploadedFile->move('D:\\laragon\\www\\...', '1607770975_2097...')
#2 D:\laragon\www\bkk\app\Controllers\Home.php(303): App\Controllers\Home->_upimg(Object(CodeIgniter\HTTP\Files\UploadedFile))
#3 D:\laragon\www\bkk\system\CodeIgniter.php(914): App\Controllers\Home->act_step2()
#4 D:\laragon\www\bkk\system\CodeIgniter.php(400): CodeIgniter\CodeIgniter->runController(Object(App\Controllers\Home))
#5 D:\laragon\www\bkk\system\CodeIgniter.php(308): CodeIgniter\CodeIgniter->handleRequest(NULL, Object(Config\Cache), false)
#6 D:\laragon\www\bkk\public\index.php(45): CodeIgniter\CodeIgniter->run()
#7 D:\laragon\www\bkk\system\Commands\Server\rewrite.php(34): require_once('D:\\laragon\\www\\...')
#8 {main}
CRITICAL - 2020-12-12 18:03:06 --> Berkas asli tersebut bukan berkas yang valid.
#0 D:\laragon\www\bkk\system\HTTP\Files\UploadedFile.php(172): CodeIgniter\HTTP\Exceptions\HTTPException::forInvalidFile()
#1 D:\laragon\www\bkk\app\Controllers\Home.php(341): CodeIgniter\HTTP\Files\UploadedFile->move('D:\\laragon\\www\\...', '1607770986_f42a...')
#2 D:\laragon\www\bkk\app\Controllers\Home.php(303): App\Controllers\Home->_upimg(Object(CodeIgniter\HTTP\Files\UploadedFile))
#3 D:\laragon\www\bkk\system\CodeIgniter.php(914): App\Controllers\Home->act_step2()
#4 D:\laragon\www\bkk\system\CodeIgniter.php(400): CodeIgniter\CodeIgniter->runController(Object(App\Controllers\Home))
#5 D:\laragon\www\bkk\system\CodeIgniter.php(308): CodeIgniter\CodeIgniter->handleRequest(NULL, Object(Config\Cache), false)
#6 D:\laragon\www\bkk\public\index.php(45): CodeIgniter\CodeIgniter->run()
#7 D:\laragon\www\bkk\system\Commands\Server\rewrite.php(34): require_once('D:\\laragon\\www\\...')
#8 {main}
CRITICAL - 2020-12-12 18:03:11 --> Berkas asli tersebut bukan berkas yang valid.
#0 D:\laragon\www\bkk\system\HTTP\Files\UploadedFile.php(172): CodeIgniter\HTTP\Exceptions\HTTPException::forInvalidFile()
#1 D:\laragon\www\bkk\app\Controllers\Home.php(341): CodeIgniter\HTTP\Files\UploadedFile->move('D:\\laragon\\www\\...', '1607770991_afed...')
#2 D:\laragon\www\bkk\app\Controllers\Home.php(303): App\Controllers\Home->_upimg(Object(CodeIgniter\HTTP\Files\UploadedFile))
#3 D:\laragon\www\bkk\system\CodeIgniter.php(914): App\Controllers\Home->act_step2()
#4 D:\laragon\www\bkk\system\CodeIgniter.php(400): CodeIgniter\CodeIgniter->runController(Object(App\Controllers\Home))
#5 D:\laragon\www\bkk\system\CodeIgniter.php(308): CodeIgniter\CodeIgniter->handleRequest(NULL, Object(Config\Cache), false)
#6 D:\laragon\www\bkk\public\index.php(45): CodeIgniter\CodeIgniter->run()
#7 D:\laragon\www\bkk\system\Commands\Server\rewrite.php(34): require_once('D:\\laragon\\www\\...')
#8 {main}
CRITICAL - 2020-12-12 18:03:11 --> Berkas asli tersebut bukan berkas yang valid.
#0 D:\laragon\www\bkk\system\HTTP\Files\UploadedFile.php(172): CodeIgniter\HTTP\Exceptions\HTTPException::forInvalidFile()
#1 D:\laragon\www\bkk\app\Controllers\Home.php(341): CodeIgniter\HTTP\Files\UploadedFile->move('D:\\laragon\\www\\...', '1607770991_b7d6...')
#2 D:\laragon\www\bkk\app\Controllers\Home.php(303): App\Controllers\Home->_upimg(Object(CodeIgniter\HTTP\Files\UploadedFile))
#3 D:\laragon\www\bkk\system\CodeIgniter.php(914): App\Controllers\Home->act_step2()
#4 D:\laragon\www\bkk\system\CodeIgniter.php(400): CodeIgniter\CodeIgniter->runController(Object(App\Controllers\Home))
#5 D:\laragon\www\bkk\system\CodeIgniter.php(308): CodeIgniter\CodeIgniter->handleRequest(NULL, Object(Config\Cache), false)
#6 D:\laragon\www\bkk\public\index.php(45): CodeIgniter\CodeIgniter->run()
#7 D:\laragon\www\bkk\system\Commands\Server\rewrite.php(34): require_once('D:\\laragon\\www\\...')
#8 {main}
CRITICAL - 2020-12-12 18:03:12 --> Berkas asli tersebut bukan berkas yang valid.
#0 D:\laragon\www\bkk\system\HTTP\Files\UploadedFile.php(172): CodeIgniter\HTTP\Exceptions\HTTPException::forInvalidFile()
#1 D:\laragon\www\bkk\app\Controllers\Home.php(341): CodeIgniter\HTTP\Files\UploadedFile->move('D:\\laragon\\www\\...', '1607770992_9719...')
#2 D:\laragon\www\bkk\app\Controllers\Home.php(303): App\Controllers\Home->_upimg(Object(CodeIgniter\HTTP\Files\UploadedFile))
#3 D:\laragon\www\bkk\system\CodeIgniter.php(914): App\Controllers\Home->act_step2()
#4 D:\laragon\www\bkk\system\CodeIgniter.php(400): CodeIgniter\CodeIgniter->runController(Object(App\Controllers\Home))
#5 D:\laragon\www\bkk\system\CodeIgniter.php(308): CodeIgniter\CodeIgniter->handleRequest(NULL, Object(Config\Cache), false)
#6 D:\laragon\www\bkk\public\index.php(45): CodeIgniter\CodeIgniter->run()
#7 D:\laragon\www\bkk\system\Commands\Server\rewrite.php(34): require_once('D:\\laragon\\www\\...')
#8 {main}
CRITICAL - 2020-12-12 18:03:12 --> Berkas asli tersebut bukan berkas yang valid.
#0 D:\laragon\www\bkk\system\HTTP\Files\UploadedFile.php(172): CodeIgniter\HTTP\Exceptions\HTTPException::forInvalidFile()
#1 D:\laragon\www\bkk\app\Controllers\Home.php(341): CodeIgniter\HTTP\Files\UploadedFile->move('D:\\laragon\\www\\...', '1607770992_7578...')
#2 D:\laragon\www\bkk\app\Controllers\Home.php(303): App\Controllers\Home->_upimg(Object(CodeIgniter\HTTP\Files\UploadedFile))
#3 D:\laragon\www\bkk\system\CodeIgniter.php(914): App\Controllers\Home->act_step2()
#4 D:\laragon\www\bkk\system\CodeIgniter.php(400): CodeIgniter\CodeIgniter->runController(Object(App\Controllers\Home))
#5 D:\laragon\www\bkk\system\CodeIgniter.php(308): CodeIgniter\CodeIgniter->handleRequest(NULL, Object(Config\Cache), false)
#6 D:\laragon\www\bkk\public\index.php(45): CodeIgniter\CodeIgniter->run()
#7 D:\laragon\www\bkk\system\Commands\Server\rewrite.php(34): require_once('D:\\laragon\\www\\...')
#8 {main}
CRITICAL - 2020-12-12 18:03:12 --> Berkas asli tersebut bukan berkas yang valid.
#0 D:\laragon\www\bkk\system\HTTP\Files\UploadedFile.php(172): CodeIgniter\HTTP\Exceptions\HTTPException::forInvalidFile()
#1 D:\laragon\www\bkk\app\Controllers\Home.php(341): CodeIgniter\HTTP\Files\UploadedFile->move('D:\\laragon\\www\\...', '1607770992_17d7...')
#2 D:\laragon\www\bkk\app\Controllers\Home.php(303): App\Controllers\Home->_upimg(Object(CodeIgniter\HTTP\Files\UploadedFile))
#3 D:\laragon\www\bkk\system\CodeIgniter.php(914): App\Controllers\Home->act_step2()
#4 D:\laragon\www\bkk\system\CodeIgniter.php(400): CodeIgniter\CodeIgniter->runController(Object(App\Controllers\Home))
#5 D:\laragon\www\bkk\system\CodeIgniter.php(308): CodeIgniter\CodeIgniter->handleRequest(NULL, Object(Config\Cache), false)
#6 D:\laragon\www\bkk\public\index.php(45): CodeIgniter\CodeIgniter->run()
#7 D:\laragon\www\bkk\system\Commands\Server\rewrite.php(34): require_once('D:\\laragon\\www\\...')
#8 {main}
CRITICAL - 2020-12-12 18:03:53 --> Berkas asli tersebut bukan berkas yang valid.
#0 D:\laragon\www\bkk\system\HTTP\Files\UploadedFile.php(172): CodeIgniter\HTTP\Exceptions\HTTPException::forInvalidFile()
#1 D:\laragon\www\bkk\app\Controllers\Home.php(341): CodeIgniter\HTTP\Files\UploadedFile->move('D:\\laragon\\www\\...', '1607771033_d6f0...')
#2 D:\laragon\www\bkk\app\Controllers\Home.php(303): App\Controllers\Home->_upimg(Object(CodeIgniter\HTTP\Files\UploadedFile))
#3 D:\laragon\www\bkk\system\CodeIgniter.php(914): App\Controllers\Home->act_step2()
#4 D:\laragon\www\bkk\system\CodeIgniter.php(400): CodeIgniter\CodeIgniter->runController(Object(App\Controllers\Home))
#5 D:\laragon\www\bkk\system\CodeIgniter.php(308): CodeIgniter\CodeIgniter->handleRequest(NULL, Object(Config\Cache), false)
#6 D:\laragon\www\bkk\public\index.php(45): CodeIgniter\CodeIgniter->run()
#7 D:\laragon\www\bkk\system\Commands\Server\rewrite.php(34): require_once('D:\\laragon\\www\\...')
#8 {main}
CRITICAL - 2020-12-12 18:04:23 --> Berkas asli tersebut bukan berkas yang valid.
#0 D:\laragon\www\bkk\system\HTTP\Files\UploadedFile.php(172): CodeIgniter\HTTP\Exceptions\HTTPException::forInvalidFile()
#1 D:\laragon\www\bkk\app\Controllers\Home.php(341): CodeIgniter\HTTP\Files\UploadedFile->move('D:\\laragon\\www\\...', '1607771063_11b8...')
#2 D:\laragon\www\bkk\app\Controllers\Home.php(303): App\Controllers\Home->_upimg(Object(CodeIgniter\HTTP\Files\UploadedFile))
#3 D:\laragon\www\bkk\system\CodeIgniter.php(914): App\Controllers\Home->act_step2()
#4 D:\laragon\www\bkk\system\CodeIgniter.php(400): CodeIgniter\CodeIgniter->runController(Object(App\Controllers\Home))
#5 D:\laragon\www\bkk\system\CodeIgniter.php(308): CodeIgniter\CodeIgniter->handleRequest(NULL, Object(Config\Cache), false)
#6 D:\laragon\www\bkk\public\index.php(45): CodeIgniter\CodeIgniter->run()
#7 D:\laragon\www\bkk\system\Commands\Server\rewrite.php(34): require_once('D:\\laragon\\www\\...')
#8 {main}
CRITICAL - 2020-12-12 18:12:23 --> Berkas asli tersebut bukan berkas yang valid.
#0 D:\laragon\www\bkk\system\HTTP\Files\UploadedFile.php(172): CodeIgniter\HTTP\Exceptions\HTTPException::forInvalidFile()
#1 D:\laragon\www\bkk\app\Controllers\BaseController.php(190): CodeIgniter\HTTP\Files\UploadedFile->move('D:\\laragon\\www\\...', '1607771543_fe67...')
#2 D:\laragon\www\bkk\app\Controllers\Home.php(356): App\Controllers\BaseController->_upcover(Object(CodeIgniter\HTTP\Files\UploadedFile))
#3 D:\laragon\www\bkk\system\CodeIgniter.php(914): App\Controllers\Home->act_al()
#4 D:\laragon\www\bkk\system\CodeIgniter.php(400): CodeIgniter\CodeIgniter->runController(Object(App\Controllers\Home))
#5 D:\laragon\www\bkk\system\CodeIgniter.php(308): CodeIgniter\CodeIgniter->handleRequest(NULL, Object(Config\Cache), false)
#6 D:\laragon\www\bkk\public\index.php(45): CodeIgniter\CodeIgniter->run()
#7 D:\laragon\www\bkk\system\Commands\Server\rewrite.php(34): require_once('D:\\laragon\\www\\...')
#8 {main}
CRITICAL - 2020-12-12 19:03:57 --> Undefined variable: ac
#0 D:\laragon\www\bkk\app\Views\frontend\side.php(5): CodeIgniter\Debug\Exceptions->errorHandler(8, 'Undefined varia...', 'D:\\laragon\\www\\...', 5, Array)
#1 D:\laragon\www\bkk\system\View\View.php(246): include('D:\\laragon\\www\\...')
#2 D:\laragon\www\bkk\system\View\View.php(525): CodeIgniter\View\View->render('frontend/side', NULL, true)
#3 D:\laragon\www\bkk\app\Views\frontend\dash.php(5): CodeIgniter\View\View->include('frontend/side')
#4 D:\laragon\www\bkk\system\View\View.php(246): include('D:\\laragon\\www\\...')
#5 D:\laragon\www\bkk\system\View\View.php(525): CodeIgniter\View\View->render('frontend/dash', NULL, true)
#6 D:\laragon\www\bkk\app\Views\frontend\layer.php(5): CodeIgniter\View\View->include('frontend/dash')
#7 D:\laragon\www\bkk\system\View\View.php(246): include('D:\\laragon\\www\\...')
#8 D:\laragon\www\bkk\system\Common.php(1087): CodeIgniter\View\View->render('frontend/layer', Array, true)
#9 D:\laragon\www\bkk\app\Controllers\Home.php(66): view('frontend/layer', Array)
#10 D:\laragon\www\bkk\app\Controllers\Home.php(41): App\Controllers\Home->_home()
#11 D:\laragon\www\bkk\system\CodeIgniter.php(914): App\Controllers\Home->dashboard()
#12 D:\laragon\www\bkk\system\CodeIgniter.php(400): CodeIgniter\CodeIgniter->runController(Object(App\Controllers\Home))
#13 D:\laragon\www\bkk\system\CodeIgniter.php(308): CodeIgniter\CodeIgniter->handleRequest(NULL, Object(Config\Cache), false)
#14 D:\laragon\www\bkk\public\index.php(45): CodeIgniter\CodeIgniter->run()
#15 D:\laragon\www\bkk\system\Commands\Server\rewrite.php(34): require_once('D:\\laragon\\www\\...')
#16 {main}
CRITICAL - 2020-12-12 19:37:34 --> Undefined variable: ad
#0 D:\laragon\www\bkk\app\Views\frontend\porto.php(61): CodeIgniter\Debug\Exceptions->errorHandler(8, 'Undefined varia...', 'D:\\laragon\\www\\...', 61, Array)
#1 D:\laragon\www\bkk\system\View\View.php(246): include('D:\\laragon\\www\\...')
#2 D:\laragon\www\bkk\system\View\View.php(525): CodeIgniter\View\View->render('frontend/porto', NULL, true)
#3 D:\laragon\www\bkk\app\Views\frontend\layer.php(5): CodeIgniter\View\View->include('frontend/porto')
#4 D:\laragon\www\bkk\system\View\View.php(246): include('D:\\laragon\\www\\...')
#5 D:\laragon\www\bkk\system\Common.php(1087): CodeIgniter\View\View->render('frontend/layer', Array, true)
#6 D:\laragon\www\bkk\app\Controllers\Home.php(93): view('frontend/layer', Array)
#7 D:\laragon\www\bkk\app\Controllers\Home.php(47): App\Controllers\Home->_data_porto()
#8 D:\laragon\www\bkk\system\CodeIgniter.php(914): App\Controllers\Home->dashboard('$1')
#9 D:\laragon\www\bkk\system\CodeIgniter.php(400): CodeIgniter\CodeIgniter->runController(Object(App\Controllers\Home))
#10 D:\laragon\www\bkk\system\CodeIgniter.php(308): CodeIgniter\CodeIgniter->handleRequest(NULL, Object(Config\Cache), false)
#11 D:\laragon\www\bkk\public\index.php(45): CodeIgniter\CodeIgniter->run()
#12 D:\laragon\www\bkk\system\Commands\Server\rewrite.php(34): require_once('D:\\laragon\\www\\...')
#13 {main}
CRITICAL - 2020-12-12 19:38:15 --> Undefined variable: ad
#0 D:\laragon\www\bkk\app\Views\frontend\porto.php(49): CodeIgniter\Debug\Exceptions->errorHandler(8, 'Undefined varia...', 'D:\\laragon\\www\\...', 49, Array)
#1 D:\laragon\www\bkk\system\View\View.php(246): include('D:\\laragon\\www\\...')
#2 D:\laragon\www\bkk\system\View\View.php(525): CodeIgniter\View\View->render('frontend/porto', NULL, true)
#3 D:\laragon\www\bkk\app\Views\frontend\layer.php(5): CodeIgniter\View\View->include('frontend/porto')
#4 D:\laragon\www\bkk\system\View\View.php(246): include('D:\\laragon\\www\\...')
#5 D:\laragon\www\bkk\system\Common.php(1087): CodeIgniter\View\View->render('frontend/layer', Array, true)
#6 D:\laragon\www\bkk\app\Controllers\Home.php(93): view('frontend/layer', Array)
#7 D:\laragon\www\bkk\app\Controllers\Home.php(47): App\Controllers\Home->_data_porto()
#8 D:\laragon\www\bkk\system\CodeIgniter.php(914): App\Controllers\Home->dashboard('$1')
#9 D:\laragon\www\bkk\system\CodeIgniter.php(400): CodeIgniter\CodeIgniter->runController(Object(App\Controllers\Home))
#10 D:\laragon\www\bkk\system\CodeIgniter.php(308): CodeIgniter\CodeIgniter->handleRequest(NULL, Object(Config\Cache), false)
#11 D:\laragon\www\bkk\public\index.php(45): CodeIgniter\CodeIgniter->run()
#12 D:\laragon\www\bkk\system\Commands\Server\rewrite.php(34): require_once('D:\\laragon\\www\\...')
#13 {main}
CRITICAL - 2020-12-12 19:38:17 --> Undefined variable: ad
#0 D:\laragon\www\bkk\app\Views\frontend\porto.php(49): CodeIgniter\Debug\Exceptions->errorHandler(8, 'Undefined varia...', 'D:\\laragon\\www\\...', 49, Array)
#1 D:\laragon\www\bkk\system\View\View.php(246): include('D:\\laragon\\www\\...')
#2 D:\laragon\www\bkk\system\View\View.php(525): CodeIgniter\View\View->render('frontend/porto', NULL, true)
#3 D:\laragon\www\bkk\app\Views\frontend\layer.php(5): CodeIgniter\View\View->include('frontend/porto')
#4 D:\laragon\www\bkk\system\View\View.php(246): include('D:\\laragon\\www\\...')
#5 D:\laragon\www\bkk\system\Common.php(1087): CodeIgniter\View\View->render('frontend/layer', Array, true)
#6 D:\laragon\www\bkk\app\Controllers\Home.php(93): view('frontend/layer', Array)
#7 D:\laragon\www\bkk\app\Controllers\Home.php(47): App\Controllers\Home->_data_porto()
#8 D:\laragon\www\bkk\system\CodeIgniter.php(914): App\Controllers\Home->dashboard('$1')
#9 D:\laragon\www\bkk\system\CodeIgniter.php(400): CodeIgniter\CodeIgniter->runController(Object(App\Controllers\Home))
#10 D:\laragon\www\bkk\system\CodeIgniter.php(308): CodeIgniter\CodeIgniter->handleRequest(NULL, Object(Config\Cache), false)
#11 D:\laragon\www\bkk\public\index.php(45): CodeIgniter\CodeIgniter->run()
#12 D:\laragon\www\bkk\system\Commands\Server\rewrite.php(34): require_once('D:\\laragon\\www\\...')
#13 {main}
CRITICAL - 2020-12-12 22:26:57 --> Call to a member function getRandomName() on null
#0 D:\laragon\www\bkk\app\Controllers\Home.php(99): App\Controllers\BaseController->_porto(NULL)
#1 D:\laragon\www\bkk\system\CodeIgniter.php(914): App\Controllers\Home->upload()
#2 D:\laragon\www\bkk\system\CodeIgniter.php(400): CodeIgniter\CodeIgniter->runController(Object(App\Controllers\Home))
#3 D:\laragon\www\bkk\system\CodeIgniter.php(308): CodeIgniter\CodeIgniter->handleRequest(NULL, Object(Config\Cache), false)
#4 D:\laragon\www\bkk\public\index.php(45): CodeIgniter\CodeIgniter->run()
#5 D:\laragon\www\bkk\system\Commands\Server\rewrite.php(34): require_once('D:\\laragon\\www\\...')
#6 {main}
CRITICAL - 2020-12-12 22:28:35 --> Call to a member function getRandomName() on null
#0 D:\laragon\www\bkk\app\Controllers\Home.php(99): App\Controllers\BaseController->_porto(NULL)
#1 D:\laragon\www\bkk\system\CodeIgniter.php(914): App\Controllers\Home->upload()
#2 D:\laragon\www\bkk\system\CodeIgniter.php(400): CodeIgniter\CodeIgniter->runController(Object(App\Controllers\Home))
#3 D:\laragon\www\bkk\system\CodeIgniter.php(308): CodeIgniter\CodeIgniter->handleRequest(NULL, Object(Config\Cache), false)
#4 D:\laragon\www\bkk\public\index.php(45): CodeIgniter\CodeIgniter->run()
#5 D:\laragon\www\bkk\system\Commands\Server\rewrite.php(34): require_once('D:\\laragon\\www\\...')
#6 {main}
CRITICAL - 2020-12-12 22:43:42 --> Call to a member function getRandomName() on null
#0 D:\laragon\www\bkk\app\Controllers\Home.php(99): App\Controllers\BaseController->_porto(NULL)
#1 D:\laragon\www\bkk\system\CodeIgniter.php(914): App\Controllers\Home->upload()
#2 D:\laragon\www\bkk\system\CodeIgniter.php(400): CodeIgniter\CodeIgniter->runController(Object(App\Controllers\Home))
#3 D:\laragon\www\bkk\system\CodeIgniter.php(308): CodeIgniter\CodeIgniter->handleRequest(NULL, Object(Config\Cache), false)
#4 D:\laragon\www\bkk\public\index.php(45): CodeIgniter\CodeIgniter->run()
#5 D:\laragon\www\bkk\system\Commands\Server\rewrite.php(34): require_once('D:\\laragon\\www\\...')
#6 {main}
CRITICAL - 2020-12-12 22:50:36 --> Undefined property: App\Controllers\Home::$input
#0 D:\laragon\www\bkk\app\Controllers\Home.php(104): CodeIgniter\Debug\Exceptions->errorHandler(8, 'Undefined prope...', 'D:\\laragon\\www\\...', 104, Array)
#1 D:\laragon\www\bkk\system\CodeIgniter.php(914): App\Controllers\Home->remove()
#2 D:\laragon\www\bkk\system\CodeIgniter.php(400): CodeIgniter\CodeIgniter->runController(Object(App\Controllers\Home))
#3 D:\laragon\www\bkk\system\CodeIgniter.php(308): CodeIgniter\CodeIgniter->handleRequest(NULL, Object(Config\Cache), false)
#4 D:\laragon\www\bkk\public\index.php(45): CodeIgniter\CodeIgniter->run()
#5 D:\laragon\www\bkk\system\Commands\Server\rewrite.php(34): require_once('D:\\laragon\\www\\...')
#6 {main}
CRITICAL - 2020-12-12 23:29:44 --> Undefined property: App\Controllers\Home::$input
#0 D:\laragon\www\bkk\app\Controllers\Home.php(111): CodeIgniter\Debug\Exceptions->errorHandler(8, 'Undefined prope...', 'D:\\laragon\\www\\...', 111, Array)
#1 D:\laragon\www\bkk\system\CodeIgniter.php(914): App\Controllers\Home->act_porto()
#2 D:\laragon\www\bkk\system\CodeIgniter.php(400): CodeIgniter\CodeIgniter->runController(Object(App\Controllers\Home))
#3 D:\laragon\www\bkk\system\CodeIgniter.php(308): CodeIgniter\CodeIgniter->handleRequest(NULL, Object(Config\Cache), false)
#4 D:\laragon\www\bkk\public\index.php(45): CodeIgniter\CodeIgniter->run()
#5 D:\laragon\www\bkk\system\Commands\Server\rewrite.php(34): require_once('D:\\laragon\\www\\...')
#6 {main}
CRITICAL - 2020-12-12 23:29:48 --> Undefined property: App\Controllers\Home::$input
#0 D:\laragon\www\bkk\app\Controllers\Home.php(111): CodeIgniter\Debug\Exceptions->errorHandler(8, 'Undefined prope...', 'D:\\laragon\\www\\...', 111, Array)
#1 D:\laragon\www\bkk\system\CodeIgniter.php(914): App\Controllers\Home->act_porto()
#2 D:\laragon\www\bkk\system\CodeIgniter.php(400): CodeIgniter\CodeIgniter->runController(Object(App\Controllers\Home))
#3 D:\laragon\www\bkk\system\CodeIgniter.php(308): CodeIgniter\CodeIgniter->handleRequest(NULL, Object(Config\Cache), false)
#4 D:\laragon\www\bkk\public\index.php(45): CodeIgniter\CodeIgniter->run()
#5 D:\laragon\www\bkk\system\Commands\Server\rewrite.php(34): require_once('D:\\laragon\\www\\...')
#6 {main}
CRITICAL - 2020-12-12 23:30:43 --> Argument 1 passed to CodeIgniter\Database\BaseBuilder::insert() must be of the type array or null, string given, called in D:\laragon\www\bkk\app\Models\Mdata.php on line 28
#0 D:\laragon\www\bkk\app\Models\Mdata.php(28): CodeIgniter\Database\BaseBuilder->insert('tb_porto')
#1 D:\laragon\www\bkk\app\Controllers\Home.php(120): App\Models\Mdata->safe('tb_porto', Array)
#2 D:\laragon\www\bkk\system\CodeIgniter.php(914): App\Controllers\Home->act_porto()
#3 D:\laragon\www\bkk\system\CodeIgniter.php(400): CodeIgniter\CodeIgniter->runController(Object(App\Controllers\Home))
#4 D:\laragon\www\bkk\system\CodeIgniter.php(308): CodeIgniter\CodeIgniter->handleRequest(NULL, Object(Config\Cache), false)
#5 D:\laragon\www\bkk\public\index.php(45): CodeIgniter\CodeIgniter->run()
#6 D:\laragon\www\bkk\system\Commands\Server\rewrite.php(34): require_once('D:\\laragon\\www\\...')
#7 {main}
CRITICAL - 2020-12-12 23:31:30 --> Column 'porto_al' cannot be null
#0 D:\laragon\www\bkk\system\Database\MySQLi\Connection.php(331): mysqli->query('INSERT INTO `tb...')
#1 D:\laragon\www\bkk\system\Database\BaseConnection.php(738): CodeIgniter\Database\MySQLi\Connection->execute('INSERT INTO `tb...')
#2 D:\laragon\www\bkk\system\Database\BaseConnection.php(666): CodeIgniter\Database\BaseConnection->simpleQuery('INSERT INTO `tb...')
#3 D:\laragon\www\bkk\system\Database\BaseBuilder.php(2234): CodeIgniter\Database\BaseConnection->query('INSERT INTO `tb...', Array, false)
#4 D:\laragon\www\bkk\app\Models\Mdata.php(28): CodeIgniter\Database\BaseBuilder->insert(Array)
#5 D:\laragon\www\bkk\app\Controllers\Home.php(120): App\Models\Mdata->safe(Array, 'tb_porto')
#6 D:\laragon\www\bkk\system\CodeIgniter.php(914): App\Controllers\Home->act_porto()
#7 D:\laragon\www\bkk\system\CodeIgniter.php(400): CodeIgniter\CodeIgniter->runController(Object(App\Controllers\Home))
#8 D:\laragon\www\bkk\system\CodeIgniter.php(308): CodeIgniter\CodeIgniter->handleRequest(NULL, Object(Config\Cache), false)
#9 D:\laragon\www\bkk\public\index.php(45): CodeIgniter\CodeIgniter->run()
#10 D:\laragon\www\bkk\system\Commands\Server\rewrite.php(34): require_once('D:\\laragon\\www\\...')
#11 {main}
CRITICAL - 2020-12-12 23:35:13 --> Unknown column 'porto_al_' in 'where clause'
#0 D:\laragon\www\bkk\system\Database\MySQLi\Connection.php(331): mysqli->query('SELECT *\nFROM `...')
#1 D:\laragon\www\bkk\system\Database\BaseConnection.php(738): CodeIgniter\Database\MySQLi\Connection->execute('SELECT *\nFROM `...')
#2 D:\laragon\www\bkk\system\Database\BaseConnection.php(666): CodeIgniter\Database\BaseConnection->simpleQuery('SELECT *\nFROM `...')
#3 D:\laragon\www\bkk\system\Database\BaseBuilder.php(2004): CodeIgniter\Database\BaseConnection->query('SELECT *\nFROM `...', Array, false)
#4 D:\laragon\www\bkk\app\Models\Mdata.php(81): CodeIgniter\Database\BaseBuilder->getWhere(Array)
#5 D:\laragon\www\bkk\app\Controllers\Home.php(87): App\Models\Mdata->cc(Array, 'tb_porto')
#6 D:\laragon\www\bkk\app\Controllers\Home.php(47): App\Controllers\Home->_data_porto()
#7 D:\laragon\www\bkk\system\CodeIgniter.php(914): App\Controllers\Home->dashboard('$1')
#8 D:\laragon\www\bkk\system\CodeIgniter.php(400): CodeIgniter\CodeIgniter->runController(Object(App\Controllers\Home))
#9 D:\laragon\www\bkk\system\CodeIgniter.php(308): CodeIgniter\CodeIgniter->handleRequest(NULL, Object(Config\Cache), false)
#10 D:\laragon\www\bkk\public\index.php(45): CodeIgniter\CodeIgniter->run()
#11 D:\laragon\www\bkk\system\Commands\Server\rewrite.php(34): require_once('D:\\laragon\\www\\...')
#12 {main}
CRITICAL - 2020-12-12 23:45:19 --> count(): Parameter must be an array or an object that implements Countable
#0 D:\laragon\www\bkk\app\Views\frontend\porto.php(20): CodeIgniter\Debug\Exceptions->errorHandler(2, 'count(): Parame...', 'D:\\laragon\\www\\...', 20, Array)
#1 D:\laragon\www\bkk\system\View\View.php(246): include('D:\\laragon\\www\\...')
#2 D:\laragon\www\bkk\system\View\View.php(525): CodeIgniter\View\View->render('frontend/porto', NULL, true)
#3 D:\laragon\www\bkk\app\Views\frontend\layer.php(5): CodeIgniter\View\View->include('frontend/porto')
#4 D:\laragon\www\bkk\system\View\View.php(246): include('D:\\laragon\\www\\...')
#5 D:\laragon\www\bkk\system\Common.php(1087): CodeIgniter\View\View->render('frontend/layer', Array, true)
#6 D:\laragon\www\bkk\app\Controllers\Home.php(95): view('frontend/layer', Array)
#7 D:\laragon\www\bkk\app\Controllers\Home.php(47): App\Controllers\Home->_data_porto()
#8 D:\laragon\www\bkk\system\CodeIgniter.php(914): App\Controllers\Home->dashboard('$1')
#9 D:\laragon\www\bkk\system\CodeIgniter.php(400): CodeIgniter\CodeIgniter->runController(Object(App\Controllers\Home))
#10 D:\laragon\www\bkk\system\CodeIgniter.php(308): CodeIgniter\CodeIgniter->handleRequest(NULL, Object(Config\Cache), false)
#11 D:\laragon\www\bkk\public\index.php(45): CodeIgniter\CodeIgniter->run()
#12 D:\laragon\www\bkk\system\Commands\Server\rewrite.php(34): require_once('D:\\laragon\\www\\...')
#13 {main}
CRITICAL - 2020-12-12 23:46:27 --> count(): Parameter must be an array or an object that implements Countable
#0 D:\laragon\www\bkk\app\Views\frontend\porto.php(22): CodeIgniter\Debug\Exceptions->errorHandler(2, 'count(): Parame...', 'D:\\laragon\\www\\...', 22, Array)
#1 D:\laragon\www\bkk\system\View\View.php(246): include('D:\\laragon\\www\\...')
#2 D:\laragon\www\bkk\system\View\View.php(525): CodeIgniter\View\View->render('frontend/porto', NULL, true)
#3 D:\laragon\www\bkk\app\Views\frontend\layer.php(5): CodeIgniter\View\View->include('frontend/porto')
#4 D:\laragon\www\bkk\system\View\View.php(246): include('D:\\laragon\\www\\...')
#5 D:\laragon\www\bkk\system\Common.php(1087): CodeIgniter\View\View->render('frontend/layer', Array, true)
#6 D:\laragon\www\bkk\app\Controllers\Home.php(95): view('frontend/layer', Array)
#7 D:\laragon\www\bkk\app\Controllers\Home.php(47): App\Controllers\Home->_data_porto()
#8 D:\laragon\www\bkk\system\CodeIgniter.php(914): App\Controllers\Home->dashboard('$1')
#9 D:\laragon\www\bkk\system\CodeIgniter.php(400): CodeIgniter\CodeIgniter->runController(Object(App\Controllers\Home))
#10 D:\laragon\www\bkk\system\CodeIgniter.php(308): CodeIgniter\CodeIgniter->handleRequest(NULL, Object(Config\Cache), false)
#11 D:\laragon\www\bkk\public\index.php(45): CodeIgniter\CodeIgniter->run()
#12 D:\laragon\www\bkk\system\Commands\Server\rewrite.php(34): require_once('D:\\laragon\\www\\...')
#13 {main}
CRITICAL - 2020-12-12 23:46:28 --> count(): Parameter must be an array or an object that implements Countable
#0 D:\laragon\www\bkk\app\Views\frontend\porto.php(22): CodeIgniter\Debug\Exceptions->errorHandler(2, 'count(): Parame...', 'D:\\laragon\\www\\...', 22, Array)
#1 D:\laragon\www\bkk\system\View\View.php(246): include('D:\\laragon\\www\\...')
#2 D:\laragon\www\bkk\system\View\View.php(525): CodeIgniter\View\View->render('frontend/porto', NULL, true)
#3 D:\laragon\www\bkk\app\Views\frontend\layer.php(5): CodeIgniter\View\View->include('frontend/porto')
#4 D:\laragon\www\bkk\system\View\View.php(246): include('D:\\laragon\\www\\...')
#5 D:\laragon\www\bkk\system\Common.php(1087): CodeIgniter\View\View->render('frontend/layer', Array, true)
#6 D:\laragon\www\bkk\app\Controllers\Home.php(95): view('frontend/layer', Array)
#7 D:\laragon\www\bkk\app\Controllers\Home.php(47): App\Controllers\Home->_data_porto()
#8 D:\laragon\www\bkk\system\CodeIgniter.php(914): App\Controllers\Home->dashboard('$1')
#9 D:\laragon\www\bkk\system\CodeIgniter.php(400): CodeIgniter\CodeIgniter->runController(Object(App\Controllers\Home))
#10 D:\laragon\www\bkk\system\CodeIgniter.php(308): CodeIgniter\CodeIgniter->handleRequest(NULL, Object(Config\Cache), false)
#11 D:\laragon\www\bkk\public\index.php(45): CodeIgniter\CodeIgniter->run()
#12 D:\laragon\www\bkk\system\Commands\Server\rewrite.php(34): require_once('D:\\laragon\\www\\...')
#13 {main}
CRITICAL - 2020-12-12 23:48:28 --> syntax error, unexpected end of file
#0 D:\laragon\www\bkk\system\View\View.php(525): CodeIgniter\View\View->render('frontend/porto', NULL, true)
#1 D:\laragon\www\bkk\app\Views\frontend\layer.php(5): CodeIgniter\View\View->include('frontend/porto')
#2 D:\laragon\www\bkk\system\View\View.php(246): include('D:\\laragon\\www\\...')
#3 D:\laragon\www\bkk\system\Common.php(1087): CodeIgniter\View\View->render('frontend/layer', Array, true)
#4 D:\laragon\www\bkk\app\Controllers\Home.php(95): view('frontend/layer', Array)
#5 D:\laragon\www\bkk\app\Controllers\Home.php(47): App\Controllers\Home->_data_porto()
#6 D:\laragon\www\bkk\system\CodeIgniter.php(914): App\Controllers\Home->dashboard('$1')
#7 D:\laragon\www\bkk\system\CodeIgniter.php(400): CodeIgniter\CodeIgniter->runController(Object(App\Controllers\Home))
#8 D:\laragon\www\bkk\system\CodeIgniter.php(308): CodeIgniter\CodeIgniter->handleRequest(NULL, Object(Config\Cache), false)
#9 D:\laragon\www\bkk\public\index.php(45): CodeIgniter\CodeIgniter->run()
#10 D:\laragon\www\bkk\system\Commands\Server\rewrite.php(34): require_once('D:\\laragon\\www\\...')
#11 {main}
CRITICAL - 2020-12-12 23:49:27 --> syntax error, unexpected end of file
#0 D:\laragon\www\bkk\system\View\View.php(525): CodeIgniter\View\View->render('frontend/porto', NULL, true)
#1 D:\laragon\www\bkk\app\Views\frontend\layer.php(5): CodeIgniter\View\View->include('frontend/porto')
#2 D:\laragon\www\bkk\system\View\View.php(246): include('D:\\laragon\\www\\...')
#3 D:\laragon\www\bkk\system\Common.php(1087): CodeIgniter\View\View->render('frontend/layer', Array, true)
#4 D:\laragon\www\bkk\app\Controllers\Home.php(95): view('frontend/layer', Array)
#5 D:\laragon\www\bkk\app\Controllers\Home.php(47): App\Controllers\Home->_data_porto()
#6 D:\laragon\www\bkk\system\CodeIgniter.php(914): App\Controllers\Home->dashboard('$1')
#7 D:\laragon\www\bkk\system\CodeIgniter.php(400): CodeIgniter\CodeIgniter->runController(Object(App\Controllers\Home))
#8 D:\laragon\www\bkk\system\CodeIgniter.php(308): CodeIgniter\CodeIgniter->handleRequest(NULL, Object(Config\Cache), false)
#9 D:\laragon\www\bkk\public\index.php(45): CodeIgniter\CodeIgniter->run()
#10 D:\laragon\www\bkk\system\Commands\Server\rewrite.php(34): require_once('D:\\laragon\\www\\...')
#11 {main}
CRITICAL - 2020-12-12 23:49:29 --> syntax error, unexpected end of file
#0 D:\laragon\www\bkk\system\View\View.php(525): CodeIgniter\View\View->render('frontend/porto', NULL, true)
#1 D:\laragon\www\bkk\app\Views\frontend\layer.php(5): CodeIgniter\View\View->include('frontend/porto')
#2 D:\laragon\www\bkk\system\View\View.php(246): include('D:\\laragon\\www\\...')
#3 D:\laragon\www\bkk\system\Common.php(1087): CodeIgniter\View\View->render('frontend/layer', Array, true)
#4 D:\laragon\www\bkk\app\Controllers\Home.php(95): view('frontend/layer', Array)
#5 D:\laragon\www\bkk\app\Controllers\Home.php(47): App\Controllers\Home->_data_porto()
#6 D:\laragon\www\bkk\system\CodeIgniter.php(914): App\Controllers\Home->dashboard('$1')
#7 D:\laragon\www\bkk\system\CodeIgniter.php(400): CodeIgniter\CodeIgniter->runController(Object(App\Controllers\Home))
#8 D:\laragon\www\bkk\system\CodeIgniter.php(308): CodeIgniter\CodeIgniter->handleRequest(NULL, Object(Config\Cache), false)
#9 D:\laragon\www\bkk\public\index.php(45): CodeIgniter\CodeIgniter->run()
#10 D:\laragon\www\bkk\system\Commands\Server\rewrite.php(34): require_once('D:\\laragon\\www\\...')
#11 {main}
CRITICAL - 2020-12-12 23:49:30 --> syntax error, unexpected end of file
#0 D:\laragon\www\bkk\system\View\View.php(525): CodeIgniter\View\View->render('frontend/porto', NULL, true)
#1 D:\laragon\www\bkk\app\Views\frontend\layer.php(5): CodeIgniter\View\View->include('frontend/porto')
#2 D:\laragon\www\bkk\system\View\View.php(246): include('D:\\laragon\\www\\...')
#3 D:\laragon\www\bkk\system\Common.php(1087): CodeIgniter\View\View->render('frontend/layer', Array, true)
#4 D:\laragon\www\bkk\app\Controllers\Home.php(95): view('frontend/layer', Array)
#5 D:\laragon\www\bkk\app\Controllers\Home.php(47): App\Controllers\Home->_data_porto()
#6 D:\laragon\www\bkk\system\CodeIgniter.php(914): App\Controllers\Home->dashboard('$1')
#7 D:\laragon\www\bkk\system\CodeIgniter.php(400): CodeIgniter\CodeIgniter->runController(Object(App\Controllers\Home))
#8 D:\laragon\www\bkk\system\CodeIgniter.php(308): CodeIgniter\CodeIgniter->handleRequest(NULL, Object(Config\Cache), false)
#9 D:\laragon\www\bkk\public\index.php(45): CodeIgniter\CodeIgniter->run()
#10 D:\laragon\www\bkk\system\Commands\Server\rewrite.php(34): require_once('D:\\laragon\\www\\...')
#11 {main}
CRITICAL - 2020-12-12 23:52:08 --> syntax error, unexpected end of file
#0 D:\laragon\www\bkk\system\View\View.php(525): CodeIgniter\View\View->render('frontend/porto', NULL, true)
#1 D:\laragon\www\bkk\app\Views\frontend\layer.php(5): CodeIgniter\View\View->include('frontend/porto')
#2 D:\laragon\www\bkk\system\View\View.php(246): include('D:\\laragon\\www\\...')
#3 D:\laragon\www\bkk\system\Common.php(1087): CodeIgniter\View\View->render('frontend/layer', Array, true)
#4 D:\laragon\www\bkk\app\Controllers\Home.php(95): view('frontend/layer', Array)
#5 D:\laragon\www\bkk\app\Controllers\Home.php(47): App\Controllers\Home->_data_porto()
#6 D:\laragon\www\bkk\system\CodeIgniter.php(914): App\Controllers\Home->dashboard('$1')
#7 D:\laragon\www\bkk\system\CodeIgniter.php(400): CodeIgniter\CodeIgniter->runController(Object(App\Controllers\Home))
#8 D:\laragon\www\bkk\system\CodeIgniter.php(308): CodeIgniter\CodeIgniter->handleRequest(NULL, Object(Config\Cache), false)
#9 D:\laragon\www\bkk\public\index.php(45): CodeIgniter\CodeIgniter->run()
#10 D:\laragon\www\bkk\system\Commands\Server\rewrite.php(34): require_once('D:\\laragon\\www\\...')
#11 {main}
