CRITICAL - 2020-08-24 02:20:19 --> Berkas tidak valid: home.php
#0 D:\project\invoice\system\View\View.php(228): CodeIgniter\Exceptions\FrameworkException::forInvalidFile('home.php')
#1 D:\project\invoice\system\View\View.php(525): CodeIgniter\View\View->render('home', NULL, true)
#2 D:\project\invoice\app\Views\template\layer.php(5): CodeIgniter\View\View->include('home')
#3 D:\project\invoice\system\View\View.php(246): include('D:\\project\\invo...')
#4 D:\project\invoice\system\Common.php(1087): CodeIgniter\View\View->render('template/layer', Array, true)
#5 D:\project\invoice\app\Controllers\Home.php(28): view('template/layer', Array)
#6 D:\project\invoice\system\CodeIgniter.php(914): App\Controllers\Home->setup()
#7 D:\project\invoice\system\CodeIgniter.php(400): CodeIgniter\CodeIgniter->runController(Object(App\Controllers\Home))
#8 D:\project\invoice\system\CodeIgniter.php(308): CodeIgniter\CodeIgniter->handleRequest(NULL, Object(Config\Cache), false)
#9 D:\project\invoice\public\index.php(45): CodeIgniter\CodeIgniter->run()
#10 D:\project\invoice\system\Commands\Server\rewrite.php(34): require_once('D:\\project\\invo...')
#11 {main}
CRITICAL - 2020-08-24 03:01:05 --> Undefined variable: uri
#0 D:\project\invoice\app\Views\template\base.php(89): CodeIgniter\Debug\Exceptions->errorHandler(8, 'Undefined varia...', 'D:\\project\\invo...', 89, Array)
#1 D:\project\invoice\system\View\View.php(246): include('D:\\project\\invo...')
#2 D:\project\invoice\system\View\View.php(257): CodeIgniter\View\View->render('template/base', Array, true)
#3 D:\project\invoice\system\Common.php(1087): CodeIgniter\View\View->render('template/layer', Array, true)
#4 D:\project\invoice\app\Controllers\Home.php(19): view('template/layer', Array)
#5 D:\project\invoice\system\CodeIgniter.php(914): App\Controllers\Home->index()
#6 D:\project\invoice\system\CodeIgniter.php(400): CodeIgniter\CodeIgniter->runController(Object(App\Controllers\Home))
#7 D:\project\invoice\system\CodeIgniter.php(308): CodeIgniter\CodeIgniter->handleRequest(NULL, Object(Config\Cache), false)
#8 D:\project\invoice\public\index.php(45): CodeIgniter\CodeIgniter->run()
#9 D:\project\invoice\system\Commands\Server\rewrite.php(34): require_once('D:\\project\\invo...')
#10 {main}
CRITICAL - 2020-08-24 03:58:13 --> Undefined variable: act
#0 D:\project\invoice\app\Views\template\sidebar.php(12): CodeIgniter\Debug\Exceptions->errorHandler(8, 'Undefined varia...', 'D:\\project\\invo...', 12, Array)
#1 D:\project\invoice\system\View\View.php(246): include('D:\\project\\invo...')
#2 D:\project\invoice\system\View\View.php(525): CodeIgniter\View\View->render('template/sideba...', NULL, true)
#3 D:\project\invoice\app\Views\template\base.php(49): CodeIgniter\View\View->include('template/sideba...')
#4 D:\project\invoice\system\View\View.php(246): include('D:\\project\\invo...')
#5 D:\project\invoice\system\View\View.php(257): CodeIgniter\View\View->render('template/base', Array, true)
#6 D:\project\invoice\system\Common.php(1087): CodeIgniter\View\View->render('template/layer', Array, true)
#7 D:\project\invoice\app\Controllers\Dashboard.php(898): view('template/layer', Array)
#8 D:\project\invoice\app\Controllers\Dashboard.php(31): App\Controllers\Dashboard->setup()
#9 D:\project\invoice\system\CodeIgniter.php(914): App\Controllers\Dashboard->index()
#10 D:\project\invoice\system\CodeIgniter.php(400): CodeIgniter\CodeIgniter->runController(Object(App\Controllers\Dashboard))
#11 D:\project\invoice\system\CodeIgniter.php(308): CodeIgniter\CodeIgniter->handleRequest(NULL, Object(Config\Cache), false)
#12 D:\project\invoice\public\index.php(45): CodeIgniter\CodeIgniter->run()
#13 D:\project\invoice\system\Commands\Server\rewrite.php(34): require_once('D:\\project\\invo...')
#14 {main}
CRITICAL - 2020-08-24 04:01:36 --> 
#0 D:\project\invoice\system\HTTP\RedirectResponse.php(92): CodeIgniter\HTTP\Exceptions\HTTPException::forInvalidRedirectRoute('')
#1 D:\project\invoice\system\Common.php(813): CodeIgniter\HTTP\RedirectResponse->route(false)
#2 D:\project\invoice\app\Controllers\Dashboard.php(31): redirect('/setup')
#3 D:\project\invoice\system\CodeIgniter.php(914): App\Controllers\Dashboard->index()
#4 D:\project\invoice\system\CodeIgniter.php(400): CodeIgniter\CodeIgniter->runController(Object(App\Controllers\Dashboard))
#5 D:\project\invoice\system\CodeIgniter.php(308): CodeIgniter\CodeIgniter->handleRequest(NULL, Object(Config\Cache), false)
#6 D:\project\invoice\public\index.php(45): CodeIgniter\CodeIgniter->run()
#7 D:\project\invoice\system\Commands\Server\rewrite.php(34): require_once('D:\\project\\invo...')
#8 {main}
CRITICAL - 2020-08-24 04:07:45 -->  bukan sebuah aturan yang valid.
#0 D:\project\invoice\system\Validation\Validation.php(302): CodeIgniter\Validation\Exceptions\ValidationException::forRuleNotFound('')
#1 D:\project\invoice\system\Validation\Validation.php(189): CodeIgniter\Validation\Validation->processRules('date', 'Tanggal', '', Array, Array)
#2 D:\project\invoice\app\Controllers\Dashboard.php(911): CodeIgniter\Validation\Validation->run()
#3 D:\project\invoice\system\CodeIgniter.php(914): App\Controllers\Dashboard->act()
#4 D:\project\invoice\system\CodeIgniter.php(400): CodeIgniter\CodeIgniter->runController(Object(App\Controllers\Dashboard))
#5 D:\project\invoice\system\CodeIgniter.php(308): CodeIgniter\CodeIgniter->handleRequest(NULL, Object(Config\Cache), false)
#6 D:\project\invoice\public\index.php(45): CodeIgniter\CodeIgniter->run()
#7 D:\project\invoice\system\Commands\Server\rewrite.php(34): require_once('D:\\project\\invo...')
#8 {main}
CRITICAL - 2020-08-24 04:07:46 -->  bukan sebuah aturan yang valid.
#0 D:\project\invoice\system\Validation\Validation.php(302): CodeIgniter\Validation\Exceptions\ValidationException::forRuleNotFound('')
#1 D:\project\invoice\system\Validation\Validation.php(189): CodeIgniter\Validation\Validation->processRules('date', 'Tanggal', '', Array, Array)
#2 D:\project\invoice\app\Controllers\Dashboard.php(911): CodeIgniter\Validation\Validation->run()
#3 D:\project\invoice\system\CodeIgniter.php(914): App\Controllers\Dashboard->act()
#4 D:\project\invoice\system\CodeIgniter.php(400): CodeIgniter\CodeIgniter->runController(Object(App\Controllers\Dashboard))
#5 D:\project\invoice\system\CodeIgniter.php(308): CodeIgniter\CodeIgniter->handleRequest(NULL, Object(Config\Cache), false)
#6 D:\project\invoice\public\index.php(45): CodeIgniter\CodeIgniter->run()
#7 D:\project\invoice\system\Commands\Server\rewrite.php(34): require_once('D:\\project\\invo...')
#8 {main}
CRITICAL - 2020-08-24 04:07:50 -->  bukan sebuah aturan yang valid.
#0 D:\project\invoice\system\Validation\Validation.php(302): CodeIgniter\Validation\Exceptions\ValidationException::forRuleNotFound('')
#1 D:\project\invoice\system\Validation\Validation.php(189): CodeIgniter\Validation\Validation->processRules('date', 'Tanggal', '', Array, Array)
#2 D:\project\invoice\app\Controllers\Dashboard.php(911): CodeIgniter\Validation\Validation->run()
#3 D:\project\invoice\system\CodeIgniter.php(914): App\Controllers\Dashboard->act()
#4 D:\project\invoice\system\CodeIgniter.php(400): CodeIgniter\CodeIgniter->runController(Object(App\Controllers\Dashboard))
#5 D:\project\invoice\system\CodeIgniter.php(308): CodeIgniter\CodeIgniter->handleRequest(NULL, Object(Config\Cache), false)
#6 D:\project\invoice\public\index.php(45): CodeIgniter\CodeIgniter->run()
#7 D:\project\invoice\system\Commands\Server\rewrite.php(34): require_once('D:\\project\\invo...')
#8 {main}
CRITICAL - 2020-08-24 17:58:27 --> Unknown column 'reg_date' in 'field list'
#0 D:\project\invoice\system\Database\MySQLi\Connection.php(331): mysqli->query('INSERT INTO `tb...')
#1 D:\project\invoice\system\Database\BaseConnection.php(738): CodeIgniter\Database\MySQLi\Connection->execute('INSERT INTO `tb...')
#2 D:\project\invoice\system\Database\BaseConnection.php(666): CodeIgniter\Database\BaseConnection->simpleQuery('INSERT INTO `tb...')
#3 D:\project\invoice\system\Database\BaseBuilder.php(2234): CodeIgniter\Database\BaseConnection->query('INSERT INTO `tb...', Array, false)
#4 D:\project\invoice\app\Models\Mdata.php(18): CodeIgniter\Database\BaseBuilder->insert(Array)
#5 D:\project\invoice\app\Controllers\Dashboard.php(652): App\Models\Mdata->safe(Array, 'tb_reg')
#6 D:\project\invoice\system\CodeIgniter.php(914): App\Controllers\Dashboard->act_reg()
#7 D:\project\invoice\system\CodeIgniter.php(400): CodeIgniter\CodeIgniter->runController(Object(App\Controllers\Dashboard))
#8 D:\project\invoice\system\CodeIgniter.php(308): CodeIgniter\CodeIgniter->handleRequest(NULL, Object(Config\Cache), false)
#9 D:\project\invoice\public\index.php(45): CodeIgniter\CodeIgniter->run()
#10 D:\project\invoice\system\Commands\Server\rewrite.php(34): require_once('D:\\project\\invo...')
#11 {main}
CRITICAL - 2020-08-24 17:58:33 --> Unknown column 'reg_date' in 'field list'
#0 D:\project\invoice\system\Database\MySQLi\Connection.php(331): mysqli->query('INSERT INTO `tb...')
#1 D:\project\invoice\system\Database\BaseConnection.php(738): CodeIgniter\Database\MySQLi\Connection->execute('INSERT INTO `tb...')
#2 D:\project\invoice\system\Database\BaseConnection.php(666): CodeIgniter\Database\BaseConnection->simpleQuery('INSERT INTO `tb...')
#3 D:\project\invoice\system\Database\BaseBuilder.php(2234): CodeIgniter\Database\BaseConnection->query('INSERT INTO `tb...', Array, false)
#4 D:\project\invoice\app\Models\Mdata.php(18): CodeIgniter\Database\BaseBuilder->insert(Array)
#5 D:\project\invoice\app\Controllers\Dashboard.php(652): App\Models\Mdata->safe(Array, 'tb_reg')
#6 D:\project\invoice\system\CodeIgniter.php(914): App\Controllers\Dashboard->act_reg()
#7 D:\project\invoice\system\CodeIgniter.php(400): CodeIgniter\CodeIgniter->runController(Object(App\Controllers\Dashboard))
#8 D:\project\invoice\system\CodeIgniter.php(308): CodeIgniter\CodeIgniter->handleRequest(NULL, Object(Config\Cache), false)
#9 D:\project\invoice\public\index.php(45): CodeIgniter\CodeIgniter->run()
#10 D:\project\invoice\system\Commands\Server\rewrite.php(34): require_once('D:\\project\\invo...')
#11 {main}
CRITICAL - 2020-08-24 17:59:08 --> Unknown column 'reg_id' in 'field list'
#0 D:\project\invoice\system\Database\MySQLi\Connection.php(331): mysqli->query('INSERT INTO `tb...')
#1 D:\project\invoice\system\Database\BaseConnection.php(738): CodeIgniter\Database\MySQLi\Connection->execute('INSERT INTO `tb...')
#2 D:\project\invoice\system\Database\BaseConnection.php(666): CodeIgniter\Database\BaseConnection->simpleQuery('INSERT INTO `tb...')
#3 D:\project\invoice\system\Database\BaseBuilder.php(2234): CodeIgniter\Database\BaseConnection->query('INSERT INTO `tb...', Array, false)
#4 D:\project\invoice\app\Models\Mdata.php(18): CodeIgniter\Database\BaseBuilder->insert(Array)
#5 D:\project\invoice\app\Controllers\Dashboard.php(652): App\Models\Mdata->safe(Array, 'tb_bill')
#6 D:\project\invoice\system\CodeIgniter.php(914): App\Controllers\Dashboard->act_reg()
#7 D:\project\invoice\system\CodeIgniter.php(400): CodeIgniter\CodeIgniter->runController(Object(App\Controllers\Dashboard))
#8 D:\project\invoice\system\CodeIgniter.php(308): CodeIgniter\CodeIgniter->handleRequest(NULL, Object(Config\Cache), false)
#9 D:\project\invoice\public\index.php(45): CodeIgniter\CodeIgniter->run()
#10 D:\project\invoice\system\Commands\Server\rewrite.php(34): require_once('D:\\project\\invo...')
#11 {main}
CRITICAL - 2020-08-24 17:59:48 --> Undefined property: stdClass::$reg_stat
#0 D:\project\invoice\app\Controllers\Dashboard.php(542): CodeIgniter\Debug\Exceptions->errorHandler(8, 'Undefined prope...', 'D:\\project\\invo...', 542, Array)
#1 D:\project\invoice\system\CodeIgniter.php(914): App\Controllers\Dashboard->data_reg()
#2 D:\project\invoice\system\CodeIgniter.php(400): CodeIgniter\CodeIgniter->runController(Object(App\Controllers\Dashboard))
#3 D:\project\invoice\system\CodeIgniter.php(308): CodeIgniter\CodeIgniter->handleRequest(NULL, Object(Config\Cache), false)
#4 D:\project\invoice\public\index.php(45): CodeIgniter\CodeIgniter->run()
#5 D:\project\invoice\system\Commands\Server\rewrite.php(34): require_once('D:\\project\\invo...')
#6 {main}
CRITICAL - 2020-08-24 18:00:43 --> Undefined property: stdClass::$reg_stat
#0 D:\project\invoice\app\Controllers\Dashboard.php(542): CodeIgniter\Debug\Exceptions->errorHandler(8, 'Undefined prope...', 'D:\\project\\invo...', 542, Array)
#1 D:\project\invoice\system\CodeIgniter.php(914): App\Controllers\Dashboard->data_reg()
#2 D:\project\invoice\system\CodeIgniter.php(400): CodeIgniter\CodeIgniter->runController(Object(App\Controllers\Dashboard))
#3 D:\project\invoice\system\CodeIgniter.php(308): CodeIgniter\CodeIgniter->handleRequest(NULL, Object(Config\Cache), false)
#4 D:\project\invoice\public\index.php(45): CodeIgniter\CodeIgniter->run()
#5 D:\project\invoice\system\Commands\Server\rewrite.php(34): require_once('D:\\project\\invo...')
#6 {main}
CRITICAL - 2020-08-24 18:23:09 --> Undefined property: stdClass::$account_name
#0 D:\project\invoice\app\Controllers\Dashboard.php(539): CodeIgniter\Debug\Exceptions->errorHandler(8, 'Undefined prope...', 'D:\\project\\invo...', 539, Array)
#1 D:\project\invoice\system\CodeIgniter.php(914): App\Controllers\Dashboard->data_reg()
#2 D:\project\invoice\system\CodeIgniter.php(400): CodeIgniter\CodeIgniter->runController(Object(App\Controllers\Dashboard))
#3 D:\project\invoice\system\CodeIgniter.php(308): CodeIgniter\CodeIgniter->handleRequest(NULL, Object(Config\Cache), false)
#4 D:\project\invoice\public\index.php(45): CodeIgniter\CodeIgniter->run()
#5 D:\project\invoice\system\Commands\Server\rewrite.php(34): require_once('D:\\project\\invo...')
#6 {main}
CRITICAL - 2020-08-24 18:27:29 --> Undefined property: stdClass::$reg_date
#0 D:\project\invoice\app\Views\info.php(42): CodeIgniter\Debug\Exceptions->errorHandler(8, 'Undefined prope...', 'D:\\project\\invo...', 42, Array)
#1 D:\project\invoice\system\View\View.php(246): include('D:\\project\\invo...')
#2 D:\project\invoice\system\View\View.php(525): CodeIgniter\View\View->render('info', NULL, true)
#3 D:\project\invoice\app\Views\template\layer.php(5): CodeIgniter\View\View->include('info')
#4 D:\project\invoice\system\View\View.php(246): include('D:\\project\\invo...')
#5 D:\project\invoice\system\Common.php(1087): CodeIgniter\View\View->render('template/layer', Array, true)
#6 D:\project\invoice\app\Controllers\Dashboard.php(681): view('template/layer', Array)
#7 D:\project\invoice\system\CodeIgniter.php(914): App\Controllers\Dashboard->info('R73821')
#8 D:\project\invoice\system\CodeIgniter.php(400): CodeIgniter\CodeIgniter->runController(Object(App\Controllers\Dashboard))
#9 D:\project\invoice\system\CodeIgniter.php(308): CodeIgniter\CodeIgniter->handleRequest(NULL, Object(Config\Cache), false)
#10 D:\project\invoice\public\index.php(45): CodeIgniter\CodeIgniter->run()
#11 D:\project\invoice\system\Commands\Server\rewrite.php(34): require_once('D:\\project\\invo...')
#12 {main}
CRITICAL - 2020-08-24 18:34:30 --> Undefined property: stdClass::$reg_date
#0 D:\project\invoice\app\Views\info.php(42): CodeIgniter\Debug\Exceptions->errorHandler(8, 'Undefined prope...', 'D:\\project\\invo...', 42, Array)
#1 D:\project\invoice\system\View\View.php(246): include('D:\\project\\invo...')
#2 D:\project\invoice\system\View\View.php(525): CodeIgniter\View\View->render('info', NULL, true)
#3 D:\project\invoice\app\Views\template\layer.php(5): CodeIgniter\View\View->include('info')
#4 D:\project\invoice\system\View\View.php(246): include('D:\\project\\invo...')
#5 D:\project\invoice\system\Common.php(1087): CodeIgniter\View\View->render('template/layer', Array, true)
#6 D:\project\invoice\app\Controllers\Dashboard.php(684): view('template/layer', Array)
#7 D:\project\invoice\system\CodeIgniter.php(914): App\Controllers\Dashboard->info('R73821')
#8 D:\project\invoice\system\CodeIgniter.php(400): CodeIgniter\CodeIgniter->runController(Object(App\Controllers\Dashboard))
#9 D:\project\invoice\system\CodeIgniter.php(308): CodeIgniter\CodeIgniter->handleRequest(NULL, Object(Config\Cache), false)
#10 D:\project\invoice\public\index.php(45): CodeIgniter\CodeIgniter->run()
#11 D:\project\invoice\system\Commands\Server\rewrite.php(34): require_once('D:\\project\\invo...')
#12 {main}
CRITICAL - 2020-08-24 19:24:33 --> Too few arguments to function App\Controllers\Home::point(), 0 passed in D:\project\invoice\system\CodeIgniter.php on line 914 and exactly 1 expected
#0 D:\project\invoice\system\CodeIgniter.php(914): App\Controllers\Home->point()
#1 D:\project\invoice\system\CodeIgniter.php(400): CodeIgniter\CodeIgniter->runController(Object(App\Controllers\Home))
#2 D:\project\invoice\system\CodeIgniter.php(308): CodeIgniter\CodeIgniter->handleRequest(NULL, Object(Config\Cache), false)
#3 D:\project\invoice\public\index.php(45): CodeIgniter\CodeIgniter->run()
#4 D:\project\invoice\system\Commands\Server\rewrite.php(34): require_once('D:\\project\\invo...')
#5 {main}
CRITICAL - 2020-08-24 19:25:35 --> Too few arguments to function App\Controllers\Home::point(), 0 passed in D:\project\invoice\system\CodeIgniter.php on line 914 and exactly 1 expected
#0 D:\project\invoice\system\CodeIgniter.php(914): App\Controllers\Home->point()
#1 D:\project\invoice\system\CodeIgniter.php(400): CodeIgniter\CodeIgniter->runController(Object(App\Controllers\Home))
#2 D:\project\invoice\system\CodeIgniter.php(308): CodeIgniter\CodeIgniter->handleRequest(NULL, Object(Config\Cache), false)
#3 D:\project\invoice\public\index.php(45): CodeIgniter\CodeIgniter->run()
#4 D:\project\invoice\system\Commands\Server\rewrite.php(34): require_once('D:\\project\\invo...')
#5 {main}
CRITICAL - 2020-08-24 19:31:27 --> Too few arguments to function App\Controllers\Home::point(), 0 passed in D:\project\invoice\system\CodeIgniter.php on line 914 and exactly 1 expected
#0 D:\project\invoice\system\CodeIgniter.php(914): App\Controllers\Home->point()
#1 D:\project\invoice\system\CodeIgniter.php(400): CodeIgniter\CodeIgniter->runController(Object(App\Controllers\Home))
#2 D:\project\invoice\system\CodeIgniter.php(308): CodeIgniter\CodeIgniter->handleRequest(NULL, Object(Config\Cache), false)
#3 D:\project\invoice\public\index.php(45): CodeIgniter\CodeIgniter->run()
#4 D:\project\invoice\system\Commands\Server\rewrite.php(34): require_once('D:\\project\\invo...')
#5 {main}
CRITICAL - 2020-08-24 19:31:39 --> Too few arguments to function App\Controllers\Home::point(), 0 passed in D:\project\invoice\system\CodeIgniter.php on line 914 and exactly 1 expected
#0 D:\project\invoice\system\CodeIgniter.php(914): App\Controllers\Home->point()
#1 D:\project\invoice\system\CodeIgniter.php(400): CodeIgniter\CodeIgniter->runController(Object(App\Controllers\Home))
#2 D:\project\invoice\system\CodeIgniter.php(308): CodeIgniter\CodeIgniter->handleRequest(NULL, Object(Config\Cache), false)
#3 D:\project\invoice\public\index.php(45): CodeIgniter\CodeIgniter->run()
#4 D:\project\invoice\system\Commands\Server\rewrite.php(34): require_once('D:\\project\\invo...')
#5 {main}
CRITICAL - 2020-08-24 19:33:37 --> Too few arguments to function App\Controllers\Home::point(), 0 passed in D:\project\invoice\system\CodeIgniter.php on line 914 and exactly 1 expected
#0 D:\project\invoice\system\CodeIgniter.php(914): App\Controllers\Home->point()
#1 D:\project\invoice\system\CodeIgniter.php(400): CodeIgniter\CodeIgniter->runController(Object(App\Controllers\Home))
#2 D:\project\invoice\system\CodeIgniter.php(308): CodeIgniter\CodeIgniter->handleRequest(NULL, Object(Config\Cache), false)
#3 D:\project\invoice\public\index.php(45): CodeIgniter\CodeIgniter->run()
#4 D:\project\invoice\system\Commands\Server\rewrite.php(34): require_once('D:\\project\\invo...')
#5 {main}
CRITICAL - 2020-08-24 19:33:55 --> Too few arguments to function App\Controllers\Home::point(), 0 passed in D:\project\invoice\system\CodeIgniter.php on line 914 and exactly 1 expected
#0 D:\project\invoice\system\CodeIgniter.php(914): App\Controllers\Home->point()
#1 D:\project\invoice\system\CodeIgniter.php(400): CodeIgniter\CodeIgniter->runController(Object(App\Controllers\Home))
#2 D:\project\invoice\system\CodeIgniter.php(308): CodeIgniter\CodeIgniter->handleRequest(NULL, Object(Config\Cache), false)
#3 D:\project\invoice\public\index.php(45): CodeIgniter\CodeIgniter->run()
#4 D:\project\invoice\system\Commands\Server\rewrite.php(34): require_once('D:\\project\\invo...')
#5 {main}
CRITICAL - 2020-08-24 19:36:37 --> Too few arguments to function App\Controllers\Home::point(), 0 passed in D:\project\invoice\system\CodeIgniter.php on line 914 and exactly 1 expected
#0 D:\project\invoice\system\CodeIgniter.php(914): App\Controllers\Home->point()
#1 D:\project\invoice\system\CodeIgniter.php(400): CodeIgniter\CodeIgniter->runController(Object(App\Controllers\Home))
#2 D:\project\invoice\system\CodeIgniter.php(308): CodeIgniter\CodeIgniter->handleRequest(NULL, Object(Config\Cache), false)
#3 D:\project\invoice\public\index.php(45): CodeIgniter\CodeIgniter->run()
#4 D:\project\invoice\system\Commands\Server\rewrite.php(34): require_once('D:\\project\\invo...')
#5 {main}
CRITICAL - 2020-08-24 21:21:08 --> syntax error, unexpected end of file
#0 D:\project\invoice\system\View\View.php(257): CodeIgniter\View\View->render('template/base', Array, true)
#1 D:\project\invoice\system\Common.php(1087): CodeIgniter\View\View->render('template/layer', Array, true)
#2 D:\project\invoice\app\Controllers\Home.php(19): view('template/layer', Array)
#3 D:\project\invoice\system\CodeIgniter.php(914): App\Controllers\Home->index()
#4 D:\project\invoice\system\CodeIgniter.php(400): CodeIgniter\CodeIgniter->runController(Object(App\Controllers\Home))
#5 D:\project\invoice\system\CodeIgniter.php(308): CodeIgniter\CodeIgniter->handleRequest(NULL, Object(Config\Cache), false)
#6 D:\project\invoice\public\index.php(45): CodeIgniter\CodeIgniter->run()
#7 D:\project\invoice\system\Commands\Server\rewrite.php(34): require_once('D:\\project\\invo...')
#8 {main}
