CRITICAL - 2020-08-17 06:31:07 --> Encrypter needs a starter key.
#0 D:\project\invoice\system\Encryption\Encryption.php(155): CodeIgniter\Encryption\Exceptions\EncryptionException::forNeedsStarterKey()
#1 D:\project\invoice\system\Config\Services.php(251): CodeIgniter\Encryption\Encryption->initialize(Object(Config\Encryption))
#2 D:\project\invoice\app\Controllers\BaseController.php(45): CodeIgniter\Config\Services::encrypter()
#3 D:\project\invoice\system\CodeIgniter.php(891): App\Controllers\BaseController->initController(Object(CodeIgniter\HTTP\IncomingRequest), Object(CodeIgniter\HTTP\Response), Object(CodeIgniter\Log\Logger))
#4 D:\project\invoice\system\CodeIgniter.php(399): CodeIgniter\CodeIgniter->createController()
#5 D:\project\invoice\system\CodeIgniter.php(312): CodeIgniter\CodeIgniter->handleRequest(NULL, Object(Config\Cache), false)
#6 D:\project\invoice\public\index.php(45): CodeIgniter\CodeIgniter->run()
#7 D:\project\invoice\system\Commands\Server\rewrite.php(34): require_once('D:\\project\\invo...')
#8 {main}
CRITICAL - 2020-08-17 18:33:31 --> Unknown column 'user_name' in 'where clause'
#0 D:\project\invoice\system\Database\MySQLi\Connection.php(331): mysqli->query('SELECT *\nFROM `...')
#1 D:\project\invoice\system\Database\BaseConnection.php(741): CodeIgniter\Database\MySQLi\Connection->execute('SELECT *\nFROM `...')
#2 D:\project\invoice\system\Database\BaseConnection.php(669): CodeIgniter\Database\BaseConnection->simpleQuery('SELECT *\nFROM `...')
#3 D:\project\invoice\system\Database\BaseBuilder.php(2019): CodeIgniter\Database\BaseConnection->query('SELECT *\nFROM `...', Array, false)
#4 D:\project\invoice\app\Models\Mdata.php(29): CodeIgniter\Database\BaseBuilder->getWhere(Array)
#5 D:\project\invoice\app\Controllers\Home.php(46): App\Models\Mdata->cc(Array, 'tb_user')
#6 D:\project\invoice\system\CodeIgniter.php(918): App\Controllers\Home->action()
#7 D:\project\invoice\system\CodeIgniter.php(404): CodeIgniter\CodeIgniter->runController(Object(App\Controllers\Home))
#8 D:\project\invoice\system\CodeIgniter.php(312): CodeIgniter\CodeIgniter->handleRequest(NULL, Object(Config\Cache), false)
#9 D:\project\invoice\public\index.php(45): CodeIgniter\CodeIgniter->run()
#10 D:\project\invoice\system\Commands\Server\rewrite.php(34): require_once('D:\\project\\invo...')
#11 {main}
CRITICAL - 2020-08-17 18:43:54 --> Declaration of App\Auth\Daf::before(CodeIgniter\HTTP\RequestInterface $request) must be compatible with CodeIgniter\Filters\FilterInterface::before(CodeIgniter\HTTP\RequestInterface $request, $arguments = NULL)
#0 [internal function]: CodeIgniter\Debug\Exceptions->shutdownHandler()
#1 {main}
CRITICAL - 2020-08-17 18:44:13 --> Declaration of App\Auth\Auth::before(CodeIgniter\HTTP\RequestInterface $request) must be compatible with CodeIgniter\Filters\FilterInterface::before(CodeIgniter\HTTP\RequestInterface $request, $arguments = NULL)
#0 [internal function]: CodeIgniter\Debug\Exceptions->shutdownHandler()
#1 {main}
CRITICAL - 2020-08-17 18:44:14 --> Declaration of App\Auth\Auth::before(CodeIgniter\HTTP\RequestInterface $request) must be compatible with CodeIgniter\Filters\FilterInterface::before(CodeIgniter\HTTP\RequestInterface $request, $arguments = NULL)
#0 [internal function]: CodeIgniter\Debug\Exceptions->shutdownHandler()
#1 {main}
CRITICAL - 2020-08-17 18:45:44 --> Declaration of App\Auth\Auth::before(CodeIgniter\HTTP\RequestInterface $request) must be compatible with CodeIgniter\Filters\FilterInterface::before(CodeIgniter\HTTP\RequestInterface $request, $arguments = NULL)
#0 [internal function]: CodeIgniter\Debug\Exceptions->shutdownHandler()
#1 {main}
CRITICAL - 2020-08-17 18:46:39 --> Declaration of App\Filters\Auth::before(CodeIgniter\HTTP\RequestInterface $request) must be compatible with CodeIgniter\Filters\FilterInterface::before(CodeIgniter\HTTP\RequestInterface $request, $arguments = NULL)
#0 [internal function]: CodeIgniter\Debug\Exceptions->shutdownHandler()
#1 {main}
CRITICAL - 2020-08-17 18:46:40 --> Declaration of App\Filters\Auth::before(CodeIgniter\HTTP\RequestInterface $request) must be compatible with CodeIgniter\Filters\FilterInterface::before(CodeIgniter\HTTP\RequestInterface $request, $arguments = NULL)
#0 [internal function]: CodeIgniter\Debug\Exceptions->shutdownHandler()
#1 {main}
CRITICAL - 2020-08-17 18:46:41 --> Declaration of App\Filters\Auth::before(CodeIgniter\HTTP\RequestInterface $request) must be compatible with CodeIgniter\Filters\FilterInterface::before(CodeIgniter\HTTP\RequestInterface $request, $arguments = NULL)
#0 [internal function]: CodeIgniter\Debug\Exceptions->shutdownHandler()
#1 {main}
CRITICAL - 2020-08-17 18:46:41 --> Declaration of App\Filters\Auth::before(CodeIgniter\HTTP\RequestInterface $request) must be compatible with CodeIgniter\Filters\FilterInterface::before(CodeIgniter\HTTP\RequestInterface $request, $arguments = NULL)
#0 [internal function]: CodeIgniter\Debug\Exceptions->shutdownHandler()
#1 {main}
CRITICAL - 2020-08-17 18:46:41 --> Declaration of App\Filters\Auth::before(CodeIgniter\HTTP\RequestInterface $request) must be compatible with CodeIgniter\Filters\FilterInterface::before(CodeIgniter\HTTP\RequestInterface $request, $arguments = NULL)
#0 [internal function]: CodeIgniter\Debug\Exceptions->shutdownHandler()
#1 {main}
CRITICAL - 2020-08-17 18:48:06 --> Declaration of App\Filters\Auth::before(CodeIgniter\HTTP\RequestInterface $request) must be compatible with CodeIgniter\Filters\FilterInterface::before(CodeIgniter\HTTP\RequestInterface $request, $arguments = NULL)
#0 [internal function]: CodeIgniter\Debug\Exceptions->shutdownHandler()
#1 {main}
CRITICAL - 2020-08-17 18:48:06 --> Declaration of App\Filters\Auth::before(CodeIgniter\HTTP\RequestInterface $request) must be compatible with CodeIgniter\Filters\FilterInterface::before(CodeIgniter\HTTP\RequestInterface $request, $arguments = NULL)
#0 [internal function]: CodeIgniter\Debug\Exceptions->shutdownHandler()
#1 {main}
CRITICAL - 2020-08-17 18:50:03 --> Declaration of App\Filters\Daf::before(CodeIgniter\HTTP\RequestInterface $request) must be compatible with CodeIgniter\Filters\FilterInterface::before(CodeIgniter\HTTP\RequestInterface $request, $arguments = NULL)
#0 [internal function]: CodeIgniter\Debug\Exceptions->shutdownHandler()
#1 {main}
CRITICAL - 2020-08-17 18:50:04 --> Declaration of App\Filters\Daf::before(CodeIgniter\HTTP\RequestInterface $request) must be compatible with CodeIgniter\Filters\FilterInterface::before(CodeIgniter\HTTP\RequestInterface $request, $arguments = NULL)
#0 [internal function]: CodeIgniter\Debug\Exceptions->shutdownHandler()
#1 {main}
CRITICAL - 2020-08-17 18:50:04 --> Declaration of App\Filters\Daf::before(CodeIgniter\HTTP\RequestInterface $request) must be compatible with CodeIgniter\Filters\FilterInterface::before(CodeIgniter\HTTP\RequestInterface $request, $arguments = NULL)
#0 [internal function]: CodeIgniter\Debug\Exceptions->shutdownHandler()
#1 {main}
CRITICAL - 2020-08-17 18:50:04 --> Declaration of App\Filters\Daf::before(CodeIgniter\HTTP\RequestInterface $request) must be compatible with CodeIgniter\Filters\FilterInterface::before(CodeIgniter\HTTP\RequestInterface $request, $arguments = NULL)
#0 [internal function]: CodeIgniter\Debug\Exceptions->shutdownHandler()
#1 {main}
CRITICAL - 2020-08-17 18:50:05 --> Declaration of App\Filters\Daf::before(CodeIgniter\HTTP\RequestInterface $request) must be compatible with CodeIgniter\Filters\FilterInterface::before(CodeIgniter\HTTP\RequestInterface $request, $arguments = NULL)
#0 [internal function]: CodeIgniter\Debug\Exceptions->shutdownHandler()
#1 {main}
CRITICAL - 2020-08-17 18:51:14 --> Declaration of App\Filters\Daf::before(CodeIgniter\HTTP\RequestInterface $request) must be compatible with CodeIgniter\Filters\FilterInterface::before(CodeIgniter\HTTP\RequestInterface $request, $arguments = NULL)
#0 [internal function]: CodeIgniter\Debug\Exceptions->shutdownHandler()
#1 {main}
CRITICAL - 2020-08-17 18:52:41 --> Declaration of App\Filters\Daf::before(CodeIgniter\HTTP\RequestInterface $request) must be compatible with CodeIgniter\Filters\FilterInterface::before(CodeIgniter\HTTP\RequestInterface $request, $arguments = NULL)
#0 [internal function]: CodeIgniter\Debug\Exceptions->shutdownHandler()
#1 {main}
CRITICAL - 2020-08-17 18:52:42 --> Declaration of App\Filters\Daf::before(CodeIgniter\HTTP\RequestInterface $request) must be compatible with CodeIgniter\Filters\FilterInterface::before(CodeIgniter\HTTP\RequestInterface $request, $arguments = NULL)
#0 [internal function]: CodeIgniter\Debug\Exceptions->shutdownHandler()
#1 {main}
CRITICAL - 2020-08-17 18:52:42 --> Declaration of App\Filters\Daf::before(CodeIgniter\HTTP\RequestInterface $request) must be compatible with CodeIgniter\Filters\FilterInterface::before(CodeIgniter\HTTP\RequestInterface $request, $arguments = NULL)
#0 [internal function]: CodeIgniter\Debug\Exceptions->shutdownHandler()
#1 {main}
CRITICAL - 2020-08-17 18:52:42 --> Declaration of App\Filters\Daf::before(CodeIgniter\HTTP\RequestInterface $request) must be compatible with CodeIgniter\Filters\FilterInterface::before(CodeIgniter\HTTP\RequestInterface $request, $arguments = NULL)
#0 [internal function]: CodeIgniter\Debug\Exceptions->shutdownHandler()
#1 {main}
CRITICAL - 2020-08-17 18:52:42 --> Declaration of App\Filters\Daf::before(CodeIgniter\HTTP\RequestInterface $request) must be compatible with CodeIgniter\Filters\FilterInterface::before(CodeIgniter\HTTP\RequestInterface $request, $arguments = NULL)
#0 [internal function]: CodeIgniter\Debug\Exceptions->shutdownHandler()
#1 {main}
CRITICAL - 2020-08-17 18:54:00 --> Declaration of App\Filters\Daf::before(CodeIgniter\HTTP\RequestInterface $request) must be compatible with CodeIgniter\Filters\FilterInterface::before(CodeIgniter\HTTP\RequestInterface $request, $arguments = NULL)
#0 [internal function]: CodeIgniter\Debug\Exceptions->shutdownHandler()
#1 {main}
CRITICAL - 2020-08-17 18:54:00 --> Declaration of App\Filters\Daf::before(CodeIgniter\HTTP\RequestInterface $request) must be compatible with CodeIgniter\Filters\FilterInterface::before(CodeIgniter\HTTP\RequestInterface $request, $arguments = NULL)
#0 [internal function]: CodeIgniter\Debug\Exceptions->shutdownHandler()
#1 {main}
CRITICAL - 2020-08-17 18:54:01 --> Declaration of App\Filters\Daf::before(CodeIgniter\HTTP\RequestInterface $request) must be compatible with CodeIgniter\Filters\FilterInterface::before(CodeIgniter\HTTP\RequestInterface $request, $arguments = NULL)
#0 [internal function]: CodeIgniter\Debug\Exceptions->shutdownHandler()
#1 {main}
CRITICAL - 2020-08-17 18:54:01 --> Declaration of App\Filters\Daf::before(CodeIgniter\HTTP\RequestInterface $request) must be compatible with CodeIgniter\Filters\FilterInterface::before(CodeIgniter\HTTP\RequestInterface $request, $arguments = NULL)
#0 [internal function]: CodeIgniter\Debug\Exceptions->shutdownHandler()
#1 {main}
CRITICAL - 2020-08-17 18:57:39 --> Declaration of App\Filters\Daf::before(CodeIgniter\HTTP\RequestInterface $request) must be compatible with CodeIgniter\Filters\FilterInterface::before(CodeIgniter\HTTP\RequestInterface $request, $arguments = NULL)
#0 [internal function]: CodeIgniter\Debug\Exceptions->shutdownHandler()
#1 {main}
CRITICAL - 2020-08-17 19:00:02 --> Declaration of App\Filters\Daf::before(CodeIgniter\HTTP\RequestInterface $request) must be compatible with CodeIgniter\Filters\FilterInterface::before(CodeIgniter\HTTP\RequestInterface $request, $arguments = NULL)
#0 [internal function]: CodeIgniter\Debug\Exceptions->shutdownHandler()
#1 {main}
CRITICAL - 2020-08-17 19:00:35 --> Declaration of App\Filters\Daf::after(CodeIgniter\HTTP\RequestInterface $request, CodeIgniter\HTTP\ResponseInterface $response) must be compatible with CodeIgniter\Filters\FilterInterface::after(CodeIgniter\HTTP\RequestInterface $request, CodeIgniter\HTTP\ResponseInterface $response, $arguments = NULL)
#0 [internal function]: CodeIgniter\Debug\Exceptions->shutdownHandler()
#1 {main}
CRITICAL - 2020-08-17 19:00:35 --> Declaration of App\Filters\Daf::after(CodeIgniter\HTTP\RequestInterface $request, CodeIgniter\HTTP\ResponseInterface $response) must be compatible with CodeIgniter\Filters\FilterInterface::after(CodeIgniter\HTTP\RequestInterface $request, CodeIgniter\HTTP\ResponseInterface $response, $arguments = NULL)
#0 [internal function]: CodeIgniter\Debug\Exceptions->shutdownHandler()
#1 {main}
CRITICAL - 2020-08-17 19:00:36 --> Declaration of App\Filters\Daf::after(CodeIgniter\HTTP\RequestInterface $request, CodeIgniter\HTTP\ResponseInterface $response) must be compatible with CodeIgniter\Filters\FilterInterface::after(CodeIgniter\HTTP\RequestInterface $request, CodeIgniter\HTTP\ResponseInterface $response, $arguments = NULL)
#0 [internal function]: CodeIgniter\Debug\Exceptions->shutdownHandler()
#1 {main}
CRITICAL - 2020-08-17 19:02:09 --> Declaration of App\Filters\Daf::before(CodeIgniter\HTTP\RequestInterface $request) must be compatible with CodeIgniter\Filters\FilterInterface::before(CodeIgniter\HTTP\RequestInterface $request, $arguments = NULL)
#0 [internal function]: CodeIgniter\Debug\Exceptions->shutdownHandler()
#1 {main}
CRITICAL - 2020-08-17 19:44:46 --> Undefined variable: session
#0 D:\project\invoice\app\Views\template\navbar.php(201): CodeIgniter\Debug\Exceptions->errorHandler(8, 'Undefined varia...', 'D:\\project\\invo...', 201, Array)
#1 D:\project\invoice\system\View\View.php(246): include('D:\\project\\invo...')
#2 D:\project\invoice\system\View\View.php(525): CodeIgniter\View\View->render('template/navbar', NULL, true)
#3 D:\project\invoice\app\Views\template\base.php(103): CodeIgniter\View\View->include('template/navbar')
#4 D:\project\invoice\system\View\View.php(246): include('D:\\project\\invo...')
#5 D:\project\invoice\system\View\View.php(257): CodeIgniter\View\View->render('template/base', Array, true)
#6 D:\project\invoice\system\Common.php(1119): CodeIgniter\View\View->render('template/layer', Array, true)
#7 D:\project\invoice\app\Controllers\Dashboard.php(14): view('template/layer', Array)
#8 D:\project\invoice\system\CodeIgniter.php(918): App\Controllers\Dashboard->index()
#9 D:\project\invoice\system\CodeIgniter.php(404): CodeIgniter\CodeIgniter->runController(Object(App\Controllers\Dashboard))
#10 D:\project\invoice\system\CodeIgniter.php(312): CodeIgniter\CodeIgniter->handleRequest(NULL, Object(Config\Cache), false)
#11 D:\project\invoice\public\index.php(45): CodeIgniter\CodeIgniter->run()
#12 D:\project\invoice\system\Commands\Server\rewrite.php(34): require_once('D:\\project\\invo...')
#13 {main}
CRITICAL - 2020-08-17 19:45:22 --> Undefined variable: session
#0 D:\project\invoice\app\Views\template\navbar.php(201): CodeIgniter\Debug\Exceptions->errorHandler(8, 'Undefined varia...', 'D:\\project\\invo...', 201, Array)
#1 D:\project\invoice\system\View\View.php(246): include('D:\\project\\invo...')
#2 D:\project\invoice\system\View\View.php(525): CodeIgniter\View\View->render('template/navbar', NULL, true)
#3 D:\project\invoice\app\Views\template\base.php(106): CodeIgniter\View\View->include('template/navbar')
#4 D:\project\invoice\system\View\View.php(246): include('D:\\project\\invo...')
#5 D:\project\invoice\system\View\View.php(257): CodeIgniter\View\View->render('template/base', Array, true)
#6 D:\project\invoice\system\Common.php(1119): CodeIgniter\View\View->render('template/layer', Array, true)
#7 D:\project\invoice\app\Controllers\Dashboard.php(14): view('template/layer', Array)
#8 D:\project\invoice\system\CodeIgniter.php(918): App\Controllers\Dashboard->index()
#9 D:\project\invoice\system\CodeIgniter.php(404): CodeIgniter\CodeIgniter->runController(Object(App\Controllers\Dashboard))
#10 D:\project\invoice\system\CodeIgniter.php(312): CodeIgniter\CodeIgniter->handleRequest(NULL, Object(Config\Cache), false)
#11 D:\project\invoice\public\index.php(45): CodeIgniter\CodeIgniter->run()
#12 D:\project\invoice\system\Commands\Server\rewrite.php(34): require_once('D:\\project\\invo...')
#13 {main}
CRITICAL - 2020-08-17 19:45:24 --> Undefined variable: session
#0 D:\project\invoice\app\Views\template\navbar.php(201): CodeIgniter\Debug\Exceptions->errorHandler(8, 'Undefined varia...', 'D:\\project\\invo...', 201, Array)
#1 D:\project\invoice\system\View\View.php(246): include('D:\\project\\invo...')
#2 D:\project\invoice\system\View\View.php(525): CodeIgniter\View\View->render('template/navbar', NULL, true)
#3 D:\project\invoice\app\Views\template\base.php(106): CodeIgniter\View\View->include('template/navbar')
#4 D:\project\invoice\system\View\View.php(246): include('D:\\project\\invo...')
#5 D:\project\invoice\system\View\View.php(257): CodeIgniter\View\View->render('template/base', Array, true)
#6 D:\project\invoice\system\Common.php(1119): CodeIgniter\View\View->render('template/layer', Array, true)
#7 D:\project\invoice\app\Controllers\Dashboard.php(14): view('template/layer', Array)
#8 D:\project\invoice\system\CodeIgniter.php(918): App\Controllers\Dashboard->index()
#9 D:\project\invoice\system\CodeIgniter.php(404): CodeIgniter\CodeIgniter->runController(Object(App\Controllers\Dashboard))
#10 D:\project\invoice\system\CodeIgniter.php(312): CodeIgniter\CodeIgniter->handleRequest(NULL, Object(Config\Cache), false)
#11 D:\project\invoice\public\index.php(45): CodeIgniter\CodeIgniter->run()
#12 D:\project\invoice\system\Commands\Server\rewrite.php(34): require_once('D:\\project\\invo...')
#13 {main}
CRITICAL - 2020-08-17 19:45:25 --> Undefined variable: session
#0 D:\project\invoice\app\Views\template\navbar.php(201): CodeIgniter\Debug\Exceptions->errorHandler(8, 'Undefined varia...', 'D:\\project\\invo...', 201, Array)
#1 D:\project\invoice\system\View\View.php(246): include('D:\\project\\invo...')
#2 D:\project\invoice\system\View\View.php(525): CodeIgniter\View\View->render('template/navbar', NULL, true)
#3 D:\project\invoice\app\Views\template\base.php(106): CodeIgniter\View\View->include('template/navbar')
#4 D:\project\invoice\system\View\View.php(246): include('D:\\project\\invo...')
#5 D:\project\invoice\system\View\View.php(257): CodeIgniter\View\View->render('template/base', Array, true)
#6 D:\project\invoice\system\Common.php(1119): CodeIgniter\View\View->render('template/layer', Array, true)
#7 D:\project\invoice\app\Controllers\Dashboard.php(14): view('template/layer', Array)
#8 D:\project\invoice\system\CodeIgniter.php(918): App\Controllers\Dashboard->index()
#9 D:\project\invoice\system\CodeIgniter.php(404): CodeIgniter\CodeIgniter->runController(Object(App\Controllers\Dashboard))
#10 D:\project\invoice\system\CodeIgniter.php(312): CodeIgniter\CodeIgniter->handleRequest(NULL, Object(Config\Cache), false)
#11 D:\project\invoice\public\index.php(45): CodeIgniter\CodeIgniter->run()
#12 D:\project\invoice\system\Commands\Server\rewrite.php(34): require_once('D:\\project\\invo...')
#13 {main}
CRITICAL - 2020-08-17 19:45:59 --> Undefined variable: session
#0 D:\project\invoice\app\Views\template\navbar.php(201): CodeIgniter\Debug\Exceptions->errorHandler(8, 'Undefined varia...', 'D:\\project\\invo...', 201, Array)
#1 D:\project\invoice\system\View\View.php(246): include('D:\\project\\invo...')
#2 D:\project\invoice\system\View\View.php(525): CodeIgniter\View\View->render('template/navbar', NULL, true)
#3 D:\project\invoice\app\Views\template\base.php(106): CodeIgniter\View\View->include('template/navbar')
#4 D:\project\invoice\system\View\View.php(246): include('D:\\project\\invo...')
#5 D:\project\invoice\system\View\View.php(257): CodeIgniter\View\View->render('template/base', Array, true)
#6 D:\project\invoice\system\Common.php(1119): CodeIgniter\View\View->render('template/layer', Array, true)
#7 D:\project\invoice\app\Controllers\Dashboard.php(14): view('template/layer', Array)
#8 D:\project\invoice\system\CodeIgniter.php(918): App\Controllers\Dashboard->index()
#9 D:\project\invoice\system\CodeIgniter.php(404): CodeIgniter\CodeIgniter->runController(Object(App\Controllers\Dashboard))
#10 D:\project\invoice\system\CodeIgniter.php(312): CodeIgniter\CodeIgniter->handleRequest(NULL, Object(Config\Cache), false)
#11 D:\project\invoice\public\index.php(45): CodeIgniter\CodeIgniter->run()
#12 D:\project\invoice\system\Commands\Server\rewrite.php(34): require_once('D:\\project\\invo...')
#13 {main}
CRITICAL - 2020-08-17 19:46:00 --> Undefined variable: session
#0 D:\project\invoice\app\Views\template\navbar.php(201): CodeIgniter\Debug\Exceptions->errorHandler(8, 'Undefined varia...', 'D:\\project\\invo...', 201, Array)
#1 D:\project\invoice\system\View\View.php(246): include('D:\\project\\invo...')
#2 D:\project\invoice\system\View\View.php(525): CodeIgniter\View\View->render('template/navbar', NULL, true)
#3 D:\project\invoice\app\Views\template\base.php(106): CodeIgniter\View\View->include('template/navbar')
#4 D:\project\invoice\system\View\View.php(246): include('D:\\project\\invo...')
#5 D:\project\invoice\system\View\View.php(257): CodeIgniter\View\View->render('template/base', Array, true)
#6 D:\project\invoice\system\Common.php(1119): CodeIgniter\View\View->render('template/layer', Array, true)
#7 D:\project\invoice\app\Controllers\Dashboard.php(14): view('template/layer', Array)
#8 D:\project\invoice\system\CodeIgniter.php(918): App\Controllers\Dashboard->index()
#9 D:\project\invoice\system\CodeIgniter.php(404): CodeIgniter\CodeIgniter->runController(Object(App\Controllers\Dashboard))
#10 D:\project\invoice\system\CodeIgniter.php(312): CodeIgniter\CodeIgniter->handleRequest(NULL, Object(Config\Cache), false)
#11 D:\project\invoice\public\index.php(45): CodeIgniter\CodeIgniter->run()
#12 D:\project\invoice\system\Commands\Server\rewrite.php(34): require_once('D:\\project\\invo...')
#13 {main}
CRITICAL - 2020-08-17 19:46:12 --> Undefined variable: session
#0 D:\project\invoice\app\Views\template\navbar.php(201): CodeIgniter\Debug\Exceptions->errorHandler(8, 'Undefined varia...', 'D:\\project\\invo...', 201, Array)
#1 D:\project\invoice\system\View\View.php(246): include('D:\\project\\invo...')
#2 D:\project\invoice\system\View\View.php(525): CodeIgniter\View\View->render('template/navbar', NULL, true)
#3 D:\project\invoice\app\Views\template\base.php(106): CodeIgniter\View\View->include('template/navbar')
#4 D:\project\invoice\system\View\View.php(246): include('D:\\project\\invo...')
#5 D:\project\invoice\system\View\View.php(257): CodeIgniter\View\View->render('template/base', Array, true)
#6 D:\project\invoice\system\Common.php(1119): CodeIgniter\View\View->render('template/layer', Array, true)
#7 D:\project\invoice\app\Controllers\Dashboard.php(14): view('template/layer', Array)
#8 D:\project\invoice\system\CodeIgniter.php(918): App\Controllers\Dashboard->index()
#9 D:\project\invoice\system\CodeIgniter.php(404): CodeIgniter\CodeIgniter->runController(Object(App\Controllers\Dashboard))
#10 D:\project\invoice\system\CodeIgniter.php(312): CodeIgniter\CodeIgniter->handleRequest(NULL, Object(Config\Cache), false)
#11 D:\project\invoice\public\index.php(45): CodeIgniter\CodeIgniter->run()
#12 D:\project\invoice\system\Commands\Server\rewrite.php(34): require_once('D:\\project\\invo...')
#13 {main}
CRITICAL - 2020-08-17 20:17:20 --> Undefined variable: act
#0 D:\project\invoice\app\Views\template\sidebar.php(11): CodeIgniter\Debug\Exceptions->errorHandler(8, 'Undefined varia...', 'D:\\project\\invo...', 11, Array)
#1 D:\project\invoice\system\View\View.php(246): include('D:\\project\\invo...')
#2 D:\project\invoice\system\View\View.php(525): CodeIgniter\View\View->render('template/sideba...', NULL, true)
#3 D:\project\invoice\app\Views\template\base.php(106): CodeIgniter\View\View->include('template/sideba...')
#4 D:\project\invoice\system\View\View.php(246): include('D:\\project\\invo...')
#5 D:\project\invoice\system\View\View.php(257): CodeIgniter\View\View->render('template/base', Array, true)
#6 D:\project\invoice\system\Common.php(1119): CodeIgniter\View\View->render('template/layer', Array, true)
#7 D:\project\invoice\app\Controllers\Dashboard.php(14): view('template/layer', Array)
#8 D:\project\invoice\system\CodeIgniter.php(918): App\Controllers\Dashboard->index()
#9 D:\project\invoice\system\CodeIgniter.php(404): CodeIgniter\CodeIgniter->runController(Object(App\Controllers\Dashboard))
#10 D:\project\invoice\system\CodeIgniter.php(312): CodeIgniter\CodeIgniter->handleRequest(NULL, Object(Config\Cache), false)
#11 D:\project\invoice\public\index.php(45): CodeIgniter\CodeIgniter->run()
#12 D:\project\invoice\system\Commands\Server\rewrite.php(34): require_once('D:\\project\\invo...')
#13 {main}
CRITICAL - 2020-08-17 20:17:31 --> Undefined variable: act
#0 D:\project\invoice\app\Views\template\sidebar.php(11): CodeIgniter\Debug\Exceptions->errorHandler(8, 'Undefined varia...', 'D:\\project\\invo...', 11, Array)
#1 D:\project\invoice\system\View\View.php(246): include('D:\\project\\invo...')
#2 D:\project\invoice\system\View\View.php(525): CodeIgniter\View\View->render('template/sideba...', NULL, true)
#3 D:\project\invoice\app\Views\template\base.php(106): CodeIgniter\View\View->include('template/sideba...')
#4 D:\project\invoice\system\View\View.php(246): include('D:\\project\\invo...')
#5 D:\project\invoice\system\View\View.php(257): CodeIgniter\View\View->render('template/base', Array, true)
#6 D:\project\invoice\system\Common.php(1119): CodeIgniter\View\View->render('template/layer', Array, true)
#7 D:\project\invoice\app\Controllers\Dashboard.php(14): view('template/layer', Array)
#8 D:\project\invoice\system\CodeIgniter.php(918): App\Controllers\Dashboard->index()
#9 D:\project\invoice\system\CodeIgniter.php(404): CodeIgniter\CodeIgniter->runController(Object(App\Controllers\Dashboard))
#10 D:\project\invoice\system\CodeIgniter.php(312): CodeIgniter\CodeIgniter->handleRequest(NULL, Object(Config\Cache), false)
#11 D:\project\invoice\public\index.php(45): CodeIgniter\CodeIgniter->run()
#12 D:\project\invoice\system\Commands\Server\rewrite.php(34): require_once('D:\\project\\invo...')
#13 {main}
CRITICAL - 2020-08-17 20:17:38 --> Undefined variable: act
#0 D:\project\invoice\app\Views\template\sidebar.php(11): CodeIgniter\Debug\Exceptions->errorHandler(8, 'Undefined varia...', 'D:\\project\\invo...', 11, Array)
#1 D:\project\invoice\system\View\View.php(246): include('D:\\project\\invo...')
#2 D:\project\invoice\system\View\View.php(525): CodeIgniter\View\View->render('template/sideba...', NULL, true)
#3 D:\project\invoice\app\Views\template\base.php(106): CodeIgniter\View\View->include('template/sideba...')
#4 D:\project\invoice\system\View\View.php(246): include('D:\\project\\invo...')
#5 D:\project\invoice\system\View\View.php(257): CodeIgniter\View\View->render('template/base', Array, true)
#6 D:\project\invoice\system\Common.php(1119): CodeIgniter\View\View->render('template/layer', Array, true)
#7 D:\project\invoice\app\Controllers\Dashboard.php(14): view('template/layer', Array)
#8 D:\project\invoice\system\CodeIgniter.php(918): App\Controllers\Dashboard->index()
#9 D:\project\invoice\system\CodeIgniter.php(404): CodeIgniter\CodeIgniter->runController(Object(App\Controllers\Dashboard))
#10 D:\project\invoice\system\CodeIgniter.php(312): CodeIgniter\CodeIgniter->handleRequest(NULL, Object(Config\Cache), false)
#11 D:\project\invoice\public\index.php(45): CodeIgniter\CodeIgniter->run()
#12 D:\project\invoice\system\Commands\Server\rewrite.php(34): require_once('D:\\project\\invo...')
#13 {main}
CRITICAL - 2020-08-17 21:46:22 --> Undefined property: App\Controllers\Dashboard::$uri
#0 D:\project\invoice\app\Controllers\Dashboard.php(21): CodeIgniter\Debug\Exceptions->errorHandler(8, 'Undefined prope...', 'D:\\project\\invo...', 21, Array)
#1 D:\project\invoice\system\CodeIgniter.php(918): App\Controllers\Dashboard->user('dalan')
#2 D:\project\invoice\system\CodeIgniter.php(404): CodeIgniter\CodeIgniter->runController(Object(App\Controllers\Dashboard))
#3 D:\project\invoice\system\CodeIgniter.php(312): CodeIgniter\CodeIgniter->handleRequest(NULL, Object(Config\Cache), false)
#4 D:\project\invoice\public\index.php(45): CodeIgniter\CodeIgniter->run()
#5 D:\project\invoice\system\Commands\Server\rewrite.php(34): require_once('D:\\project\\invo...')
#6 {main}
CRITICAL - 2020-08-17 21:48:19 --> Request URI segment is out of range: 2
#0 D:\project\invoice\system\HTTP\URI.php(515): CodeIgniter\HTTP\Exceptions\HTTPException::forURISegmentOutOfRange(2)
#1 D:\project\invoice\app\Controllers\Dashboard.php(24): CodeIgniter\HTTP\URI->getSegment(2)
#2 D:\project\invoice\system\CodeIgniter.php(914): App\Controllers\Dashboard->_remap('index')
#3 D:\project\invoice\system\CodeIgniter.php(404): CodeIgniter\CodeIgniter->runController(Object(App\Controllers\Dashboard))
#4 D:\project\invoice\system\CodeIgniter.php(312): CodeIgniter\CodeIgniter->handleRequest(NULL, Object(Config\Cache), false)
#5 D:\project\invoice\public\index.php(45): CodeIgniter\CodeIgniter->run()
#6 D:\project\invoice\system\Commands\Server\rewrite.php(34): require_once('D:\\project\\invo...')
#7 {main}
CRITICAL - 2020-08-17 21:48:44 --> Request URI segment is out of range: 2
#0 D:\project\invoice\system\HTTP\URI.php(515): CodeIgniter\HTTP\Exceptions\HTTPException::forURISegmentOutOfRange(2)
#1 D:\project\invoice\app\Controllers\Dashboard.php(24): CodeIgniter\HTTP\URI->getSegment(2)
#2 D:\project\invoice\system\CodeIgniter.php(914): App\Controllers\Dashboard->_remap('index')
#3 D:\project\invoice\system\CodeIgniter.php(404): CodeIgniter\CodeIgniter->runController(Object(App\Controllers\Dashboard))
#4 D:\project\invoice\system\CodeIgniter.php(312): CodeIgniter\CodeIgniter->handleRequest(NULL, Object(Config\Cache), false)
#5 D:\project\invoice\public\index.php(45): CodeIgniter\CodeIgniter->run()
#6 D:\project\invoice\system\Commands\Server\rewrite.php(34): require_once('D:\\project\\invo...')
#7 {main}
CRITICAL - 2020-08-17 21:49:03 --> Request URI segment is out of range: 2
#0 D:\project\invoice\system\HTTP\URI.php(515): CodeIgniter\HTTP\Exceptions\HTTPException::forURISegmentOutOfRange(2)
#1 D:\project\invoice\app\Controllers\Dashboard.php(24): CodeIgniter\HTTP\URI->getSegment(2)
#2 D:\project\invoice\system\CodeIgniter.php(914): App\Controllers\Dashboard->_remap('index')
#3 D:\project\invoice\system\CodeIgniter.php(404): CodeIgniter\CodeIgniter->runController(Object(App\Controllers\Dashboard))
#4 D:\project\invoice\system\CodeIgniter.php(312): CodeIgniter\CodeIgniter->handleRequest(NULL, Object(Config\Cache), false)
#5 D:\project\invoice\public\index.php(45): CodeIgniter\CodeIgniter->run()
#6 D:\project\invoice\system\Commands\Server\rewrite.php(34): require_once('D:\\project\\invo...')
#7 {main}
CRITICAL - 2020-08-17 21:49:13 --> Request URI segment is out of range: 2
#0 D:\project\invoice\system\HTTP\URI.php(515): CodeIgniter\HTTP\Exceptions\HTTPException::forURISegmentOutOfRange(2)
#1 D:\project\invoice\app\Controllers\Dashboard.php(24): CodeIgniter\HTTP\URI->getSegment(2)
#2 D:\project\invoice\system\CodeIgniter.php(914): App\Controllers\Dashboard->_remap('index')
#3 D:\project\invoice\system\CodeIgniter.php(404): CodeIgniter\CodeIgniter->runController(Object(App\Controllers\Dashboard))
#4 D:\project\invoice\system\CodeIgniter.php(312): CodeIgniter\CodeIgniter->handleRequest(NULL, Object(Config\Cache), false)
#5 D:\project\invoice\public\index.php(45): CodeIgniter\CodeIgniter->run()
#6 D:\project\invoice\system\Commands\Server\rewrite.php(34): require_once('D:\\project\\invo...')
#7 {main}
CRITICAL - 2020-08-17 21:51:41 --> Request URI segment is out of range: 2
#0 D:\project\invoice\system\HTTP\URI.php(515): CodeIgniter\HTTP\Exceptions\HTTPException::forURISegmentOutOfRange(2)
#1 D:\project\invoice\app\Controllers\Dashboard.php(24): CodeIgniter\HTTP\URI->getSegment(2)
#2 D:\project\invoice\system\CodeIgniter.php(914): App\Controllers\Dashboard->_remap('index')
#3 D:\project\invoice\system\CodeIgniter.php(404): CodeIgniter\CodeIgniter->runController(Object(App\Controllers\Dashboard))
#4 D:\project\invoice\system\CodeIgniter.php(312): CodeIgniter\CodeIgniter->handleRequest(NULL, Object(Config\Cache), false)
#5 D:\project\invoice\public\index.php(45): CodeIgniter\CodeIgniter->run()
#6 D:\project\invoice\system\Commands\Server\rewrite.php(34): require_once('D:\\project\\invo...')
#7 {main}
CRITICAL - 2020-08-17 21:51:58 --> Request URI segment is out of range: 2
#0 D:\project\invoice\system\HTTP\URI.php(515): CodeIgniter\HTTP\Exceptions\HTTPException::forURISegmentOutOfRange(2)
#1 D:\project\invoice\app\Controllers\Dashboard.php(24): CodeIgniter\HTTP\URI->getSegment(2)
#2 D:\project\invoice\system\CodeIgniter.php(914): App\Controllers\Dashboard->_remap('index')
#3 D:\project\invoice\system\CodeIgniter.php(404): CodeIgniter\CodeIgniter->runController(Object(App\Controllers\Dashboard))
#4 D:\project\invoice\system\CodeIgniter.php(312): CodeIgniter\CodeIgniter->handleRequest(NULL, Object(Config\Cache), false)
#5 D:\project\invoice\public\index.php(45): CodeIgniter\CodeIgniter->run()
#6 D:\project\invoice\system\Commands\Server\rewrite.php(34): require_once('D:\\project\\invo...')
#7 {main}
CRITICAL - 2020-08-17 21:53:30 --> Request URI segment is out of range: 2
#0 D:\project\invoice\system\HTTP\URI.php(515): CodeIgniter\HTTP\Exceptions\HTTPException::forURISegmentOutOfRange(2)
#1 D:\project\invoice\app\Controllers\Dashboard.php(24): CodeIgniter\HTTP\URI->getSegment(2)
#2 D:\project\invoice\system\CodeIgniter.php(914): App\Controllers\Dashboard->_remap('index')
#3 D:\project\invoice\system\CodeIgniter.php(404): CodeIgniter\CodeIgniter->runController(Object(App\Controllers\Dashboard))
#4 D:\project\invoice\system\CodeIgniter.php(312): CodeIgniter\CodeIgniter->handleRequest(NULL, Object(Config\Cache), false)
#5 D:\project\invoice\public\index.php(45): CodeIgniter\CodeIgniter->run()
#6 D:\project\invoice\system\Commands\Server\rewrite.php(34): require_once('D:\\project\\invo...')
#7 {main}
CRITICAL - 2020-08-17 21:54:10 --> Request URI segment is out of range: 2
#0 D:\project\invoice\system\HTTP\URI.php(515): CodeIgniter\HTTP\Exceptions\HTTPException::forURISegmentOutOfRange(2)
#1 D:\project\invoice\app\Controllers\Dashboard.php(24): CodeIgniter\HTTP\URI->getSegment(2)
#2 D:\project\invoice\system\CodeIgniter.php(914): App\Controllers\Dashboard->_remap('index')
#3 D:\project\invoice\system\CodeIgniter.php(404): CodeIgniter\CodeIgniter->runController(Object(App\Controllers\Dashboard))
#4 D:\project\invoice\system\CodeIgniter.php(312): CodeIgniter\CodeIgniter->handleRequest(NULL, Object(Config\Cache), false)
#5 D:\project\invoice\public\index.php(45): CodeIgniter\CodeIgniter->run()
#6 D:\project\invoice\system\Commands\Server\rewrite.php(34): require_once('D:\\project\\invo...')
#7 {main}
CRITICAL - 2020-08-17 21:57:45 --> Call to undefined function App\Controllers\show_404()
#0 D:\project\invoice\system\CodeIgniter.php(918): App\Controllers\Dashboard->user('sales')
#1 D:\project\invoice\system\CodeIgniter.php(404): CodeIgniter\CodeIgniter->runController(Object(App\Controllers\Dashboard))
#2 D:\project\invoice\system\CodeIgniter.php(312): CodeIgniter\CodeIgniter->handleRequest(NULL, Object(Config\Cache), false)
#3 D:\project\invoice\public\index.php(45): CodeIgniter\CodeIgniter->run()
#4 D:\project\invoice\system\Commands\Server\rewrite.php(34): require_once('D:\\project\\invo...')
#5 {main}
CRITICAL - 2020-08-17 22:04:24 --> Class 'App\Errors' not found
#0 D:\project\invoice\system\CodeIgniter.php(953): CodeIgniter\CodeIgniter->createController()
#1 D:\project\invoice\system\CodeIgniter.php(328): CodeIgniter\CodeIgniter->display404errors(Object(CodeIgniter\Exceptions\PageNotFoundException))
#2 D:\project\invoice\public\index.php(45): CodeIgniter\CodeIgniter->run()
#3 D:\project\invoice\system\Commands\Server\rewrite.php(34): require_once('D:\\project\\invo...')
#4 {main}
CRITICAL - 2020-08-17 22:06:44 --> Undefined variable: routes
#0 D:\project\invoice\app\Controllers\Dashboard.php(33): CodeIgniter\Debug\Exceptions->errorHandler(8, 'Undefined varia...', 'D:\\project\\invo...', 33, Array)
#1 D:\project\invoice\system\CodeIgniter.php(918): App\Controllers\Dashboard->user('data')
#2 D:\project\invoice\system\CodeIgniter.php(404): CodeIgniter\CodeIgniter->runController(Object(App\Controllers\Dashboard))
#3 D:\project\invoice\system\CodeIgniter.php(312): CodeIgniter\CodeIgniter->handleRequest(NULL, Object(Config\Cache), false)
#4 D:\project\invoice\public\index.php(45): CodeIgniter\CodeIgniter->run()
#5 D:\project\invoice\system\Commands\Server\rewrite.php(34): require_once('D:\\project\\invo...')
#6 {main}
CRITICAL - 2020-08-17 22:09:09 --> Invalid file: 404.php
#0 D:\project\invoice\system\View\View.php(228): CodeIgniter\Exceptions\FrameworkException::forInvalidFile('404.php')
#1 D:\project\invoice\system\Common.php(1119): CodeIgniter\View\View->render('404', Array, true)
#2 D:\project\invoice\app\Controllers\Dashboard.php(33): view('404')
#3 D:\project\invoice\system\CodeIgniter.php(918): App\Controllers\Dashboard->user('data')
#4 D:\project\invoice\system\CodeIgniter.php(404): CodeIgniter\CodeIgniter->runController(Object(App\Controllers\Dashboard))
#5 D:\project\invoice\system\CodeIgniter.php(312): CodeIgniter\CodeIgniter->handleRequest(NULL, Object(Config\Cache), false)
#6 D:\project\invoice\public\index.php(45): CodeIgniter\CodeIgniter->run()
#7 D:\project\invoice\system\Commands\Server\rewrite.php(34): require_once('D:\\project\\invo...')
#8 {main}
CRITICAL - 2020-08-17 22:09:26 --> Invalid file: 404.php
#0 D:\project\invoice\system\View\View.php(228): CodeIgniter\Exceptions\FrameworkException::forInvalidFile('404.php')
#1 D:\project\invoice\system\Common.php(1119): CodeIgniter\View\View->render('404', Array, true)
#2 D:\project\invoice\app\Controllers\Dashboard.php(33): view('404')
#3 D:\project\invoice\system\CodeIgniter.php(918): App\Controllers\Dashboard->user('data')
#4 D:\project\invoice\system\CodeIgniter.php(404): CodeIgniter\CodeIgniter->runController(Object(App\Controllers\Dashboard))
#5 D:\project\invoice\system\CodeIgniter.php(312): CodeIgniter\CodeIgniter->handleRequest(NULL, Object(Config\Cache), false)
#6 D:\project\invoice\public\index.php(45): CodeIgniter\CodeIgniter->run()
#7 D:\project\invoice\system\Commands\Server\rewrite.php(34): require_once('D:\\project\\invo...')
#8 {main}
