CRITICAL - 2020-12-11 00:18:52 --> syntax error, unexpected ')', expecting identifier (T_STRING) or variable (T_VARIABLE) or '{' or '$'
#0 D:\laragon\www\bkk\system\View\View.php(525): CodeIgniter\View\View->render('frontend/page', NULL, true)
#1 D:\laragon\www\bkk\app\Views\frontend\layer.php(5): CodeIgniter\View\View->include('frontend/page')
#2 D:\laragon\www\bkk\system\View\View.php(246): include('D:\\laragon\\www\\...')
#3 D:\laragon\www\bkk\system\Common.php(1087): CodeIgniter\View\View->render('frontend/layer', Array, true)
#4 D:\laragon\www\bkk\app\Controllers\Home.php(65): view('frontend/layer', Array)
#5 D:\laragon\www\bkk\system\CodeIgniter.php(914): App\Controllers\Home->loker('lokers')
#6 D:\laragon\www\bkk\system\CodeIgniter.php(400): CodeIgniter\CodeIgniter->runController(Object(App\Controllers\Home))
#7 D:\laragon\www\bkk\system\CodeIgniter.php(308): CodeIgniter\CodeIgniter->handleRequest(NULL, Object(Config\Cache), false)
#8 D:\laragon\www\bkk\public\index.php(45): CodeIgniter\CodeIgniter->run()
#9 D:\laragon\www\bkk\system\Commands\Server\rewrite.php(34): require_once('D:\\laragon\\www\\...')
#10 {main}
CRITICAL - 2020-12-11 01:04:16 --> Undefined property: stdClass::$loker_name
#0 D:\laragon\www\bkk\app\Views\frontend\info.php(7): CodeIgniter\Debug\Exceptions->errorHandler(8, 'Undefined prope...', 'D:\\laragon\\www\\...', 7, Array)
#1 D:\laragon\www\bkk\system\View\View.php(246): include('D:\\laragon\\www\\...')
#2 D:\laragon\www\bkk\system\View\View.php(525): CodeIgniter\View\View->render('frontend/info', NULL, true)
#3 D:\laragon\www\bkk\app\Views\frontend\layer.php(5): CodeIgniter\View\View->include('frontend/info')
#4 D:\laragon\www\bkk\system\View\View.php(246): include('D:\\laragon\\www\\...')
#5 D:\laragon\www\bkk\system\Common.php(1087): CodeIgniter\View\View->render('frontend/layer', Array, true)
#6 D:\laragon\www\bkk\app\Controllers\Home.php(64): view('frontend/layer', Array)
#7 D:\laragon\www\bkk\system\CodeIgniter.php(914): App\Controllers\Home->info('loker-pt-smj')
#8 D:\laragon\www\bkk\system\CodeIgniter.php(400): CodeIgniter\CodeIgniter->runController(Object(App\Controllers\Home))
#9 D:\laragon\www\bkk\system\CodeIgniter.php(308): CodeIgniter\CodeIgniter->handleRequest(NULL, Object(Config\Cache), false)
#10 D:\laragon\www\bkk\public\index.php(45): CodeIgniter\CodeIgniter->run()
#11 D:\laragon\www\bkk\system\Commands\Server\rewrite.php(34): require_once('D:\\laragon\\www\\...')
#12 {main}
CRITICAL - 2020-12-11 01:06:34 --> Undefined property: stdClass::$loker_date
#0 D:\laragon\www\bkk\app\Views\frontend\info.php(10): CodeIgniter\Debug\Exceptions->errorHandler(8, 'Undefined prope...', 'D:\\laragon\\www\\...', 10, Array)
#1 D:\laragon\www\bkk\system\View\View.php(246): include('D:\\laragon\\www\\...')
#2 D:\laragon\www\bkk\system\View\View.php(525): CodeIgniter\View\View->render('frontend/info', NULL, true)
#3 D:\laragon\www\bkk\app\Views\frontend\layer.php(5): CodeIgniter\View\View->include('frontend/info')
#4 D:\laragon\www\bkk\system\View\View.php(246): include('D:\\laragon\\www\\...')
#5 D:\laragon\www\bkk\system\Common.php(1087): CodeIgniter\View\View->render('frontend/layer', Array, true)
#6 D:\laragon\www\bkk\app\Controllers\Home.php(64): view('frontend/layer', Array)
#7 D:\laragon\www\bkk\system\CodeIgniter.php(914): App\Controllers\Home->info('loker-pt-smj')
#8 D:\laragon\www\bkk\system\CodeIgniter.php(400): CodeIgniter\CodeIgniter->runController(Object(App\Controllers\Home))
#9 D:\laragon\www\bkk\system\CodeIgniter.php(308): CodeIgniter\CodeIgniter->handleRequest(NULL, Object(Config\Cache), false)
#10 D:\laragon\www\bkk\public\index.php(45): CodeIgniter\CodeIgniter->run()
#11 D:\laragon\www\bkk\system\Commands\Server\rewrite.php(34): require_once('D:\\laragon\\www\\...')
#12 {main}
CRITICAL - 2020-12-11 01:12:40 --> Undefined property: stdClass::$loker_asset
#0 D:\laragon\www\bkk\app\Controllers\Dashboard.php(859): CodeIgniter\Debug\Exceptions->errorHandler(8, 'Undefined prope...', 'D:\\laragon\\www\\...', 859, Array)
#1 D:\laragon\www\bkk\system\CodeIgniter.php(914): App\Controllers\Dashboard->act_pos()
#2 D:\laragon\www\bkk\system\CodeIgniter.php(400): CodeIgniter\CodeIgniter->runController(Object(App\Controllers\Dashboard))
#3 D:\laragon\www\bkk\system\CodeIgniter.php(308): CodeIgniter\CodeIgniter->handleRequest(NULL, Object(Config\Cache), false)
#4 D:\laragon\www\bkk\public\index.php(45): CodeIgniter\CodeIgniter->run()
#5 D:\laragon\www\bkk\system\Commands\Server\rewrite.php(34): require_once('D:\\laragon\\www\\...')
#6 {main}
CRITICAL - 2020-12-11 01:12:42 --> Undefined property: stdClass::$loker_asset
#0 D:\laragon\www\bkk\app\Controllers\Dashboard.php(859): CodeIgniter\Debug\Exceptions->errorHandler(8, 'Undefined prope...', 'D:\\laragon\\www\\...', 859, Array)
#1 D:\laragon\www\bkk\system\CodeIgniter.php(914): App\Controllers\Dashboard->act_pos()
#2 D:\laragon\www\bkk\system\CodeIgniter.php(400): CodeIgniter\CodeIgniter->runController(Object(App\Controllers\Dashboard))
#3 D:\laragon\www\bkk\system\CodeIgniter.php(308): CodeIgniter\CodeIgniter->handleRequest(NULL, Object(Config\Cache), false)
#4 D:\laragon\www\bkk\public\index.php(45): CodeIgniter\CodeIgniter->run()
#5 D:\laragon\www\bkk\system\Commands\Server\rewrite.php(34): require_once('D:\\laragon\\www\\...')
#6 {main}
CRITICAL - 2020-12-11 01:12:45 --> Undefined property: stdClass::$loker_asset
#0 D:\laragon\www\bkk\app\Controllers\Dashboard.php(859): CodeIgniter\Debug\Exceptions->errorHandler(8, 'Undefined prope...', 'D:\\laragon\\www\\...', 859, Array)
#1 D:\laragon\www\bkk\system\CodeIgniter.php(914): App\Controllers\Dashboard->act_pos()
#2 D:\laragon\www\bkk\system\CodeIgniter.php(400): CodeIgniter\CodeIgniter->runController(Object(App\Controllers\Dashboard))
#3 D:\laragon\www\bkk\system\CodeIgniter.php(308): CodeIgniter\CodeIgniter->handleRequest(NULL, Object(Config\Cache), false)
#4 D:\laragon\www\bkk\public\index.php(45): CodeIgniter\CodeIgniter->run()
#5 D:\laragon\www\bkk\system\Commands\Server\rewrite.php(34): require_once('D:\\laragon\\www\\...')
#6 {main}
CRITICAL - 2020-12-11 11:49:01 --> Berkas tidak valid: es/side.php
#0 D:\laragon\www\bkk\system\View\View.php(228): CodeIgniter\Exceptions\FrameworkException::forInvalidFile('es/side.php')
#1 D:\laragon\www\bkk\system\View\View.php(525): CodeIgniter\View\View->render('es/side', NULL, true)
#2 D:\laragon\www\bkk\app\Views\frontend\dash.php(5): CodeIgniter\View\View->include('es/side')
#3 D:\laragon\www\bkk\system\View\View.php(246): include('D:\\laragon\\www\\...')
#4 D:\laragon\www\bkk\system\View\View.php(525): CodeIgniter\View\View->render('frontend/dash', NULL, true)
#5 D:\laragon\www\bkk\app\Views\frontend\layer.php(5): CodeIgniter\View\View->include('frontend/dash')
#6 D:\laragon\www\bkk\system\View\View.php(246): include('D:\\laragon\\www\\...')
#7 D:\laragon\www\bkk\system\Common.php(1087): CodeIgniter\View\View->render('frontend/layer', Array, true)
#8 D:\laragon\www\bkk\app\Controllers\Home.php(43): view('frontend/layer', Array)
#9 D:\laragon\www\bkk\system\CodeIgniter.php(914): App\Controllers\Home->dashboard()
#10 D:\laragon\www\bkk\system\CodeIgniter.php(400): CodeIgniter\CodeIgniter->runController(Object(App\Controllers\Home))
#11 D:\laragon\www\bkk\system\CodeIgniter.php(308): CodeIgniter\CodeIgniter->handleRequest(NULL, Object(Config\Cache), false)
#12 D:\laragon\www\bkk\public\index.php(45): CodeIgniter\CodeIgniter->run()
#13 D:\laragon\www\bkk\system\Commands\Server\rewrite.php(34): require_once('D:\\laragon\\www\\...')
#14 {main}
