CRITICAL - 2020-08-23 00:38:52 --> Undefined variable: session
#0 D:\project\invoice\app\Views\template\base.php(44): CodeIgniter\Debug\Exceptions->errorHandler(8, 'Undefined varia...', 'D:\\project\\invo...', 44, Array)
#1 D:\project\invoice\system\View\View.php(246): include('D:\\project\\invo...')
#2 D:\project\invoice\system\View\View.php(257): CodeIgniter\View\View->render('template/base', Array, true)
#3 D:\project\invoice\system\Common.php(1087): CodeIgniter\View\View->render('template/layer', Array, true)
#4 D:\project\invoice\app\Controllers\Admin.php(238): view('template/layer', Array)
#5 D:\project\invoice\app\Controllers\Admin.php(88): App\Controllers\Admin->_client()
#6 D:\project\invoice\system\CodeIgniter.php(914): App\Controllers\Admin->user('client')
#7 D:\project\invoice\system\CodeIgniter.php(400): CodeIgniter\CodeIgniter->runController(Object(App\Controllers\Admin))
#8 D:\project\invoice\system\CodeIgniter.php(308): CodeIgniter\CodeIgniter->handleRequest(NULL, Object(Config\Cache), false)
#9 D:\project\invoice\public\index.php(45): CodeIgniter\CodeIgniter->run()
#10 D:\project\invoice\system\Commands\Server\rewrite.php(34): require_once('D:\\project\\invo...')
#11 {main}
CRITICAL - 2020-08-23 00:39:29 --> Berkas tidak valid: template/side.php
#0 D:\project\invoice\system\View\View.php(228): CodeIgniter\Exceptions\FrameworkException::forInvalidFile('template/side.p...')
#1 D:\project\invoice\system\View\View.php(525): CodeIgniter\View\View->render('template/side', NULL, true)
#2 D:\project\invoice\app\Views\template\base.php(45): CodeIgniter\View\View->include('template/side')
#3 D:\project\invoice\system\View\View.php(246): include('D:\\project\\invo...')
#4 D:\project\invoice\system\View\View.php(257): CodeIgniter\View\View->render('template/base', Array, true)
#5 D:\project\invoice\system\Common.php(1087): CodeIgniter\View\View->render('template/layer', Array, true)
#6 D:\project\invoice\app\Controllers\Admin.php(238): view('template/layer', Array)
#7 D:\project\invoice\app\Controllers\Admin.php(88): App\Controllers\Admin->_client()
#8 D:\project\invoice\system\CodeIgniter.php(914): App\Controllers\Admin->user('client')
#9 D:\project\invoice\system\CodeIgniter.php(400): CodeIgniter\CodeIgniter->runController(Object(App\Controllers\Admin))
#10 D:\project\invoice\system\CodeIgniter.php(308): CodeIgniter\CodeIgniter->handleRequest(NULL, Object(Config\Cache), false)
#11 D:\project\invoice\public\index.php(45): CodeIgniter\CodeIgniter->run()
#12 D:\project\invoice\system\Commands\Server\rewrite.php(34): require_once('D:\\project\\invo...')
#13 {main}
CRITICAL - 2020-08-23 01:18:03 --> Call to undefined function App\Controllers\cv()
#0 D:\project\invoice\system\CodeIgniter.php(914): App\Controllers\Dashboard->data_paket()
#1 D:\project\invoice\system\CodeIgniter.php(400): CodeIgniter\CodeIgniter->runController(Object(App\Controllers\Dashboard))
#2 D:\project\invoice\system\CodeIgniter.php(308): CodeIgniter\CodeIgniter->handleRequest(NULL, Object(Config\Cache), false)
#3 D:\project\invoice\public\index.php(45): CodeIgniter\CodeIgniter->run()
#4 D:\project\invoice\system\Commands\Server\rewrite.php(34): require_once('D:\\project\\invo...')
#5 {main}
CRITICAL - 2020-08-23 01:18:14 --> Call to undefined function App\Controllers\cv()
#0 D:\project\invoice\system\CodeIgniter.php(914): App\Controllers\Dashboard->data_paket()
#1 D:\project\invoice\system\CodeIgniter.php(400): CodeIgniter\CodeIgniter->runController(Object(App\Controllers\Dashboard))
#2 D:\project\invoice\system\CodeIgniter.php(308): CodeIgniter\CodeIgniter->handleRequest(NULL, Object(Config\Cache), false)
#3 D:\project\invoice\public\index.php(45): CodeIgniter\CodeIgniter->run()
#4 D:\project\invoice\system\Commands\Server\rewrite.php(34): require_once('D:\\project\\invo...')
#5 {main}
CRITICAL - 2020-08-23 01:20:52 --> Unknown column 'service_sales' in 'field list'
#0 D:\project\invoice\system\Database\MySQLi\Connection.php(331): mysqli->query('INSERT INTO `tb...')
#1 D:\project\invoice\system\Database\BaseConnection.php(738): CodeIgniter\Database\MySQLi\Connection->execute('INSERT INTO `tb...')
#2 D:\project\invoice\system\Database\BaseConnection.php(666): CodeIgniter\Database\BaseConnection->simpleQuery('INSERT INTO `tb...')
#3 D:\project\invoice\system\Database\BaseBuilder.php(2234): CodeIgniter\Database\BaseConnection->query('INSERT INTO `tb...', Array, false)
#4 D:\project\invoice\app\Models\Mdata.php(16): CodeIgniter\Database\BaseBuilder->insert(Array)
#5 D:\project\invoice\app\Controllers\Dashboard.php(490): App\Models\Mdata->safe(Array, 'tb_service')
#6 D:\project\invoice\system\CodeIgniter.php(914): App\Controllers\Dashboard->act_paket()
#7 D:\project\invoice\system\CodeIgniter.php(400): CodeIgniter\CodeIgniter->runController(Object(App\Controllers\Dashboard))
#8 D:\project\invoice\system\CodeIgniter.php(308): CodeIgniter\CodeIgniter->handleRequest(NULL, Object(Config\Cache), false)
#9 D:\project\invoice\public\index.php(45): CodeIgniter\CodeIgniter->run()
#10 D:\project\invoice\system\Commands\Server\rewrite.php(34): require_once('D:\\project\\invo...')
#11 {main}
CRITICAL - 2020-08-23 01:20:58 --> Unknown column 'service_sales' in 'field list'
#0 D:\project\invoice\system\Database\MySQLi\Connection.php(331): mysqli->query('INSERT INTO `tb...')
#1 D:\project\invoice\system\Database\BaseConnection.php(738): CodeIgniter\Database\MySQLi\Connection->execute('INSERT INTO `tb...')
#2 D:\project\invoice\system\Database\BaseConnection.php(666): CodeIgniter\Database\BaseConnection->simpleQuery('INSERT INTO `tb...')
#3 D:\project\invoice\system\Database\BaseBuilder.php(2234): CodeIgniter\Database\BaseConnection->query('INSERT INTO `tb...', Array, false)
#4 D:\project\invoice\app\Models\Mdata.php(16): CodeIgniter\Database\BaseBuilder->insert(Array)
#5 D:\project\invoice\app\Controllers\Dashboard.php(490): App\Models\Mdata->safe(Array, 'tb_service')
#6 D:\project\invoice\system\CodeIgniter.php(914): App\Controllers\Dashboard->act_paket()
#7 D:\project\invoice\system\CodeIgniter.php(400): CodeIgniter\CodeIgniter->runController(Object(App\Controllers\Dashboard))
#8 D:\project\invoice\system\CodeIgniter.php(308): CodeIgniter\CodeIgniter->handleRequest(NULL, Object(Config\Cache), false)
#9 D:\project\invoice\public\index.php(45): CodeIgniter\CodeIgniter->run()
#10 D:\project\invoice\system\Commands\Server\rewrite.php(34): require_once('D:\\project\\invo...')
#11 {main}
CRITICAL - 2020-08-23 01:58:04 --> syntax error, unexpected 'else' (T_ELSE)
#0 D:\project\invoice\system\Router\Router.php(192): CodeIgniter\Router\Router->autoRoute('dashboard/user/...')
#1 D:\project\invoice\system\CodeIgniter.php(789): CodeIgniter\Router\Router->handle('dashboard/user/...')
#2 D:\project\invoice\system\CodeIgniter.php(360): CodeIgniter\CodeIgniter->tryToRouteIt(Object(CodeIgniter\Router\RouteCollection))
#3 D:\project\invoice\system\CodeIgniter.php(308): CodeIgniter\CodeIgniter->handleRequest(NULL, Object(Config\Cache), false)
#4 D:\project\invoice\public\index.php(45): CodeIgniter\CodeIgniter->run()
#5 D:\project\invoice\system\Commands\Server\rewrite.php(34): require_once('D:\\project\\invo...')
#6 {main}
CRITICAL - 2020-08-23 01:58:27 --> count(): Parameter must be an array or an object that implements Countable
#0 [internal function]: CodeIgniter\Debug\Exceptions->errorHandler(2, 'count(): Parame...', 'D:\\project\\invo...', 844, Array)
#1 D:\project\invoice\app\Controllers\Dashboard.php(844): count(Object(CodeIgniter\HTTP\Files\UploadedFile))
#2 D:\project\invoice\system\CodeIgniter.php(914): App\Controllers\Dashboard->csv()
#3 D:\project\invoice\system\CodeIgniter.php(400): CodeIgniter\CodeIgniter->runController(Object(App\Controllers\Dashboard))
#4 D:\project\invoice\system\CodeIgniter.php(308): CodeIgniter\CodeIgniter->handleRequest(NULL, Object(Config\Cache), false)
#5 D:\project\invoice\public\index.php(45): CodeIgniter\CodeIgniter->run()
#6 D:\project\invoice\system\Commands\Server\rewrite.php(34): require_once('D:\\project\\invo...')
#7 {main}
CRITICAL - 2020-08-23 01:58:28 --> count(): Parameter must be an array or an object that implements Countable
#0 [internal function]: CodeIgniter\Debug\Exceptions->errorHandler(2, 'count(): Parame...', 'D:\\project\\invo...', 844, Array)
#1 D:\project\invoice\app\Controllers\Dashboard.php(844): count(Object(CodeIgniter\HTTP\Files\UploadedFile))
#2 D:\project\invoice\system\CodeIgniter.php(914): App\Controllers\Dashboard->csv()
#3 D:\project\invoice\system\CodeIgniter.php(400): CodeIgniter\CodeIgniter->runController(Object(App\Controllers\Dashboard))
#4 D:\project\invoice\system\CodeIgniter.php(308): CodeIgniter\CodeIgniter->handleRequest(NULL, Object(Config\Cache), false)
#5 D:\project\invoice\public\index.php(45): CodeIgniter\CodeIgniter->run()
#6 D:\project\invoice\system\Commands\Server\rewrite.php(34): require_once('D:\\project\\invo...')
#7 {main}
CRITICAL - 2020-08-23 01:58:34 --> count(): Parameter must be an array or an object that implements Countable
#0 [internal function]: CodeIgniter\Debug\Exceptions->errorHandler(2, 'count(): Parame...', 'D:\\project\\invo...', 844, Array)
#1 D:\project\invoice\app\Controllers\Dashboard.php(844): count(Object(CodeIgniter\HTTP\Files\UploadedFile))
#2 D:\project\invoice\system\CodeIgniter.php(914): App\Controllers\Dashboard->csv()
#3 D:\project\invoice\system\CodeIgniter.php(400): CodeIgniter\CodeIgniter->runController(Object(App\Controllers\Dashboard))
#4 D:\project\invoice\system\CodeIgniter.php(308): CodeIgniter\CodeIgniter->handleRequest(NULL, Object(Config\Cache), false)
#5 D:\project\invoice\public\index.php(45): CodeIgniter\CodeIgniter->run()
#6 D:\project\invoice\system\Commands\Server\rewrite.php(34): require_once('D:\\project\\invo...')
#7 {main}
CRITICAL - 2020-08-23 01:59:31 --> array_combine(): Both parameters should have an equal number of elements
#0 [internal function]: CodeIgniter\Debug\Exceptions->errorHandler(2, 'array_combine()...', 'D:\\project\\invo...', 853, Array)
#1 D:\project\invoice\app\Controllers\Dashboard.php(853): array_combine(Array, Array)
#2 D:\project\invoice\system\CodeIgniter.php(914): App\Controllers\Dashboard->csv()
#3 D:\project\invoice\system\CodeIgniter.php(400): CodeIgniter\CodeIgniter->runController(Object(App\Controllers\Dashboard))
#4 D:\project\invoice\system\CodeIgniter.php(308): CodeIgniter\CodeIgniter->handleRequest(NULL, Object(Config\Cache), false)
#5 D:\project\invoice\public\index.php(45): CodeIgniter\CodeIgniter->run()
#6 D:\project\invoice\system\Commands\Server\rewrite.php(34): require_once('D:\\project\\invo...')
#7 {main}
CRITICAL - 2020-08-23 01:59:37 --> array_combine(): Both parameters should have an equal number of elements
#0 [internal function]: CodeIgniter\Debug\Exceptions->errorHandler(2, 'array_combine()...', 'D:\\project\\invo...', 853, Array)
#1 D:\project\invoice\app\Controllers\Dashboard.php(853): array_combine(Array, Array)
#2 D:\project\invoice\system\CodeIgniter.php(914): App\Controllers\Dashboard->csv()
#3 D:\project\invoice\system\CodeIgniter.php(400): CodeIgniter\CodeIgniter->runController(Object(App\Controllers\Dashboard))
#4 D:\project\invoice\system\CodeIgniter.php(308): CodeIgniter\CodeIgniter->handleRequest(NULL, Object(Config\Cache), false)
#5 D:\project\invoice\public\index.php(45): CodeIgniter\CodeIgniter->run()
#6 D:\project\invoice\system\Commands\Server\rewrite.php(34): require_once('D:\\project\\invo...')
#7 {main}
CRITICAL - 2020-08-23 01:59:39 --> array_combine(): Both parameters should have an equal number of elements
#0 [internal function]: CodeIgniter\Debug\Exceptions->errorHandler(2, 'array_combine()...', 'D:\\project\\invo...', 853, Array)
#1 D:\project\invoice\app\Controllers\Dashboard.php(853): array_combine(Array, Array)
#2 D:\project\invoice\system\CodeIgniter.php(914): App\Controllers\Dashboard->csv()
#3 D:\project\invoice\system\CodeIgniter.php(400): CodeIgniter\CodeIgniter->runController(Object(App\Controllers\Dashboard))
#4 D:\project\invoice\system\CodeIgniter.php(308): CodeIgniter\CodeIgniter->handleRequest(NULL, Object(Config\Cache), false)
#5 D:\project\invoice\public\index.php(45): CodeIgniter\CodeIgniter->run()
#6 D:\project\invoice\system\Commands\Server\rewrite.php(34): require_once('D:\\project\\invo...')
#7 {main}
CRITICAL - 2020-08-23 01:59:39 --> array_combine(): Both parameters should have an equal number of elements
#0 [internal function]: CodeIgniter\Debug\Exceptions->errorHandler(2, 'array_combine()...', 'D:\\project\\invo...', 853, Array)
#1 D:\project\invoice\app\Controllers\Dashboard.php(853): array_combine(Array, Array)
#2 D:\project\invoice\system\CodeIgniter.php(914): App\Controllers\Dashboard->csv()
#3 D:\project\invoice\system\CodeIgniter.php(400): CodeIgniter\CodeIgniter->runController(Object(App\Controllers\Dashboard))
#4 D:\project\invoice\system\CodeIgniter.php(308): CodeIgniter\CodeIgniter->handleRequest(NULL, Object(Config\Cache), false)
#5 D:\project\invoice\public\index.php(45): CodeIgniter\CodeIgniter->run()
#6 D:\project\invoice\system\Commands\Server\rewrite.php(34): require_once('D:\\project\\invo...')
#7 {main}
CRITICAL - 2020-08-23 02:00:48 --> array_combine(): Both parameters should have an equal number of elements
#0 [internal function]: CodeIgniter\Debug\Exceptions->errorHandler(2, 'array_combine()...', 'D:\\project\\invo...', 853, Array)
#1 D:\project\invoice\app\Controllers\Dashboard.php(853): array_combine(Array, Array)
#2 D:\project\invoice\system\CodeIgniter.php(914): App\Controllers\Dashboard->csv()
#3 D:\project\invoice\system\CodeIgniter.php(400): CodeIgniter\CodeIgniter->runController(Object(App\Controllers\Dashboard))
#4 D:\project\invoice\system\CodeIgniter.php(308): CodeIgniter\CodeIgniter->handleRequest(NULL, Object(Config\Cache), false)
#5 D:\project\invoice\public\index.php(45): CodeIgniter\CodeIgniter->run()
#6 D:\project\invoice\system\Commands\Server\rewrite.php(34): require_once('D:\\project\\invo...')
#7 {main}
CRITICAL - 2020-08-23 02:01:43 --> array_combine(): Both parameters should have an equal number of elements
#0 [internal function]: CodeIgniter\Debug\Exceptions->errorHandler(2, 'array_combine()...', 'D:\\project\\invo...', 855, Array)
#1 D:\project\invoice\app\Controllers\Dashboard.php(855): array_combine(Array, Array)
#2 D:\project\invoice\system\CodeIgniter.php(914): App\Controllers\Dashboard->csv()
#3 D:\project\invoice\system\CodeIgniter.php(400): CodeIgniter\CodeIgniter->runController(Object(App\Controllers\Dashboard))
#4 D:\project\invoice\system\CodeIgniter.php(308): CodeIgniter\CodeIgniter->handleRequest(NULL, Object(Config\Cache), false)
#5 D:\project\invoice\public\index.php(45): CodeIgniter\CodeIgniter->run()
#6 D:\project\invoice\system\Commands\Server\rewrite.php(34): require_once('D:\\project\\invo...')
#7 {main}
CRITICAL - 2020-08-23 22:17:09 --> Unknown column 'sales_id' in 'where clause'
#0 D:\project\invoice\system\Database\MySQLi\Connection.php(331): mysqli->query('SELECT *\nFROM `...')
#1 D:\project\invoice\system\Database\BaseConnection.php(738): CodeIgniter\Database\MySQLi\Connection->execute('SELECT *\nFROM `...')
#2 D:\project\invoice\system\Database\BaseConnection.php(666): CodeIgniter\Database\BaseConnection->simpleQuery('SELECT *\nFROM `...')
#3 D:\project\invoice\system\Database\BaseBuilder.php(1845): CodeIgniter\Database\BaseConnection->query('SELECT *\nFROM `...', Array, false)
#4 D:\project\invoice\app\Models\Mdata.php(73): CodeIgniter\Database\BaseBuilder->get()
#5 D:\project\invoice\app\Controllers\Dashboard.php(569): App\Models\Mdata->cv(Array, 'tb_service_sale...')
#6 D:\project\invoice\system\CodeIgniter.php(914): App\Controllers\Dashboard->reg_client()
#7 D:\project\invoice\system\CodeIgniter.php(400): CodeIgniter\CodeIgniter->runController(Object(App\Controllers\Dashboard))
#8 D:\project\invoice\system\CodeIgniter.php(308): CodeIgniter\CodeIgniter->handleRequest(NULL, Object(Config\Cache), false)
#9 D:\project\invoice\public\index.php(45): CodeIgniter\CodeIgniter->run()
#10 D:\project\invoice\system\Commands\Server\rewrite.php(34): require_once('D:\\project\\invo...')
#11 {main}
CRITICAL - 2020-08-23 22:17:39 --> Undefined variable: ur
#0 D:\project\invoice\app\Views\layanan\wizard.php(22): CodeIgniter\Debug\Exceptions->errorHandler(8, 'Undefined varia...', 'D:\\project\\invo...', 22, Array)
#1 D:\project\invoice\system\View\View.php(246): include('D:\\project\\invo...')
#2 D:\project\invoice\system\View\View.php(525): CodeIgniter\View\View->render('layanan/wizard', NULL, true)
#3 D:\project\invoice\app\Views\template\layer.php(5): CodeIgniter\View\View->include('layanan/wizard')
#4 D:\project\invoice\system\View\View.php(246): include('D:\\project\\invo...')
#5 D:\project\invoice\system\Common.php(1087): CodeIgniter\View\View->render('template/layer', Array, true)
#6 D:\project\invoice\app\Controllers\Dashboard.php(578): view('template/layer', Array)
#7 D:\project\invoice\system\CodeIgniter.php(914): App\Controllers\Dashboard->reg_client()
#8 D:\project\invoice\system\CodeIgniter.php(400): CodeIgniter\CodeIgniter->runController(Object(App\Controllers\Dashboard))
#9 D:\project\invoice\system\CodeIgniter.php(308): CodeIgniter\CodeIgniter->handleRequest(NULL, Object(Config\Cache), false)
#10 D:\project\invoice\public\index.php(45): CodeIgniter\CodeIgniter->run()
#11 D:\project\invoice\system\Commands\Server\rewrite.php(34): require_once('D:\\project\\invo...')
#12 {main}
CRITICAL - 2020-08-23 22:17:56 --> Undefined variable: ur
#0 D:\project\invoice\app\Views\layanan\wizard.php(22): CodeIgniter\Debug\Exceptions->errorHandler(8, 'Undefined varia...', 'D:\\project\\invo...', 22, Array)
#1 D:\project\invoice\system\View\View.php(246): include('D:\\project\\invo...')
#2 D:\project\invoice\system\View\View.php(525): CodeIgniter\View\View->render('layanan/wizard', NULL, true)
#3 D:\project\invoice\app\Views\template\layer.php(5): CodeIgniter\View\View->include('layanan/wizard')
#4 D:\project\invoice\system\View\View.php(246): include('D:\\project\\invo...')
#5 D:\project\invoice\system\Common.php(1087): CodeIgniter\View\View->render('template/layer', Array, true)
#6 D:\project\invoice\app\Controllers\Dashboard.php(578): view('template/layer', Array)
#7 D:\project\invoice\system\CodeIgniter.php(914): App\Controllers\Dashboard->reg_client()
#8 D:\project\invoice\system\CodeIgniter.php(400): CodeIgniter\CodeIgniter->runController(Object(App\Controllers\Dashboard))
#9 D:\project\invoice\system\CodeIgniter.php(308): CodeIgniter\CodeIgniter->handleRequest(NULL, Object(Config\Cache), false)
#10 D:\project\invoice\public\index.php(45): CodeIgniter\CodeIgniter->run()
#11 D:\project\invoice\system\Commands\Server\rewrite.php(34): require_once('D:\\project\\invo...')
#12 {main}
CRITICAL - 2020-08-23 22:17:59 --> Undefined variable: ur
#0 D:\project\invoice\app\Views\layanan\wizard.php(22): CodeIgniter\Debug\Exceptions->errorHandler(8, 'Undefined varia...', 'D:\\project\\invo...', 22, Array)
#1 D:\project\invoice\system\View\View.php(246): include('D:\\project\\invo...')
#2 D:\project\invoice\system\View\View.php(525): CodeIgniter\View\View->render('layanan/wizard', NULL, true)
#3 D:\project\invoice\app\Views\template\layer.php(5): CodeIgniter\View\View->include('layanan/wizard')
#4 D:\project\invoice\system\View\View.php(246): include('D:\\project\\invo...')
#5 D:\project\invoice\system\Common.php(1087): CodeIgniter\View\View->render('template/layer', Array, true)
#6 D:\project\invoice\app\Controllers\Dashboard.php(578): view('template/layer', Array)
#7 D:\project\invoice\system\CodeIgniter.php(914): App\Controllers\Dashboard->reg_client()
#8 D:\project\invoice\system\CodeIgniter.php(400): CodeIgniter\CodeIgniter->runController(Object(App\Controllers\Dashboard))
#9 D:\project\invoice\system\CodeIgniter.php(308): CodeIgniter\CodeIgniter->handleRequest(NULL, Object(Config\Cache), false)
#10 D:\project\invoice\public\index.php(45): CodeIgniter\CodeIgniter->run()
#11 D:\project\invoice\system\Commands\Server\rewrite.php(34): require_once('D:\\project\\invo...')
#12 {main}
