CRITICAL - 2020-08-28 00:52:59 --> Table 'fahmiff1_life.tb_service' doesn't exist
#0 /home/fahmiff1/life.andropick.com/system/Database/MySQLi/Connection.php(331): mysqli->query('SELECT *\nFROM `...')
#1 /home/fahmiff1/life.andropick.com/system/Database/BaseConnection.php(738): CodeIgniter\Database\MySQLi\Connection->execute('SELECT *\nFROM `...')
#2 /home/fahmiff1/life.andropick.com/system/Database/BaseConnection.php(666): CodeIgniter\Database\BaseConnection->simpleQuery('SELECT *\nFROM `...')
#3 /home/fahmiff1/life.andropick.com/system/Database/BaseBuilder.php(1845): CodeIgniter\Database\BaseConnection->query('SELECT *\nFROM `...', Array, false)
#4 /home/fahmiff1/life.andropick.com/app/Models/Mdata.php(106): CodeIgniter\Database\BaseBuilder->get()
#5 /home/fahmiff1/life.andropick.com/app/Controllers/Dashboard.php(41): App\Models\Mdata->dc(Array, 'tb_service')
#6 /home/fahmiff1/life.andropick.com/system/CodeIgniter.php(914): App\Controllers\Dashboard->dcommon()
#7 /home/fahmiff1/life.andropick.com/system/CodeIgniter.php(400): CodeIgniter\CodeIgniter->runController(Object(App\Controllers\Dashboard))
#8 /home/fahmiff1/life.andropick.com/system/CodeIgniter.php(308): CodeIgniter\CodeIgniter->handleRequest(NULL, Object(Config\Cache), false)
#9 /home/fahmiff1/life.andropick.com/public/index.php(45): CodeIgniter\CodeIgniter->run()
#10 {main}
CRITICAL - 2020-08-28 00:54:29 --> Table 'fahmiff1_life.tb_service' doesn't exist
#0 /home/fahmiff1/life.andropick.com/system/Database/MySQLi/Connection.php(331): mysqli->query('SELECT *\nFROM `...')
#1 /home/fahmiff1/life.andropick.com/system/Database/BaseConnection.php(738): CodeIgniter\Database\MySQLi\Connection->execute('SELECT *\nFROM `...')
#2 /home/fahmiff1/life.andropick.com/system/Database/BaseConnection.php(666): CodeIgniter\Database\BaseConnection->simpleQuery('SELECT *\nFROM `...')
#3 /home/fahmiff1/life.andropick.com/system/Database/BaseBuilder.php(1845): CodeIgniter\Database\BaseConnection->query('SELECT *\nFROM `...', Array, false)
#4 /home/fahmiff1/life.andropick.com/app/Models/Mdata.php(106): CodeIgniter\Database\BaseBuilder->get()
#5 /home/fahmiff1/life.andropick.com/app/Controllers/Dashboard.php(41): App\Models\Mdata->dc(Array, 'tb_service')
#6 /home/fahmiff1/life.andropick.com/system/CodeIgniter.php(914): App\Controllers\Dashboard->dcommon()
#7 /home/fahmiff1/life.andropick.com/system/CodeIgniter.php(400): CodeIgniter\CodeIgniter->runController(Object(App\Controllers\Dashboard))
#8 /home/fahmiff1/life.andropick.com/system/CodeIgniter.php(308): CodeIgniter\CodeIgniter->handleRequest(NULL, Object(Config\Cache), false)
#9 /home/fahmiff1/life.andropick.com/public/index.php(45): CodeIgniter\CodeIgniter->run()
#10 {main}
CRITICAL - 2020-08-28 00:55:22 --> Undefined property: stdClass::$services_id
#0 /home/fahmiff1/life.andropick.com/app/Views/add/paket.php(15): CodeIgniter\Debug\Exceptions->errorHandler(8, 'Undefined prope...', '/home/fahmiff1/...', 15, Array)
#1 /home/fahmiff1/life.andropick.com/system/View/View.php(246): include('/home/fahmiff1/...')
#2 /home/fahmiff1/life.andropick.com/system/View/View.php(525): CodeIgniter\View\View->render('add/paket', NULL, true)
#3 /home/fahmiff1/life.andropick.com/app/Views/template/layer.php(5): CodeIgniter\View\View->include('add/paket')
#4 /home/fahmiff1/life.andropick.com/system/View/View.php(246): include('/home/fahmiff1/...')
#5 /home/fahmiff1/life.andropick.com/system/Common.php(1087): CodeIgniter\View\View->render('template/layer', Array, true)
#6 /home/fahmiff1/life.andropick.com/app/Controllers/Dashboard.php(449): view('template/layer', Array)
#7 /home/fahmiff1/life.andropick.com/system/CodeIgniter.php(914): App\Controllers\Dashboard->edit_paket('2103')
#8 /home/fahmiff1/life.andropick.com/system/CodeIgniter.php(400): CodeIgniter\CodeIgniter->runController(Object(App\Controllers\Dashboard))
#9 /home/fahmiff1/life.andropick.com/system/CodeIgniter.php(308): CodeIgniter\CodeIgniter->handleRequest(NULL, Object(Config\Cache), false)
#10 /home/fahmiff1/life.andropick.com/public/index.php(45): CodeIgniter\CodeIgniter->run()
#11 {main}
CRITICAL - 2020-08-28 00:55:52 --> Undefined property: stdClass::$services_id
#0 /home/fahmiff1/life.andropick.com/app/Views/add/paket.php(15): CodeIgniter\Debug\Exceptions->errorHandler(8, 'Undefined prope...', '/home/fahmiff1/...', 15, Array)
#1 /home/fahmiff1/life.andropick.com/system/View/View.php(246): include('/home/fahmiff1/...')
#2 /home/fahmiff1/life.andropick.com/system/View/View.php(525): CodeIgniter\View\View->render('add/paket', NULL, true)
#3 /home/fahmiff1/life.andropick.com/app/Views/template/layer.php(5): CodeIgniter\View\View->include('add/paket')
#4 /home/fahmiff1/life.andropick.com/system/View/View.php(246): include('/home/fahmiff1/...')
#5 /home/fahmiff1/life.andropick.com/system/Common.php(1087): CodeIgniter\View\View->render('template/layer', Array, true)
#6 /home/fahmiff1/life.andropick.com/app/Controllers/Dashboard.php(449): view('template/layer', Array)
#7 /home/fahmiff1/life.andropick.com/system/CodeIgniter.php(914): App\Controllers\Dashboard->edit_paket('6927')
#8 /home/fahmiff1/life.andropick.com/system/CodeIgniter.php(400): CodeIgniter\CodeIgniter->runController(Object(App\Controllers\Dashboard))
#9 /home/fahmiff1/life.andropick.com/system/CodeIgniter.php(308): CodeIgniter\CodeIgniter->handleRequest(NULL, Object(Config\Cache), false)
#10 /home/fahmiff1/life.andropick.com/public/index.php(45): CodeIgniter\CodeIgniter->run()
#11 {main}
CRITICAL - 2020-08-28 02:16:17 --> Table 'fahmiff1_life.tb_service' doesn't exist
#0 /home/fahmiff1/life.andropick.com/system/Database/MySQLi/Connection.php(331): mysqli->query('SELECT *\nFROM `...')
#1 /home/fahmiff1/life.andropick.com/system/Database/BaseConnection.php(738): CodeIgniter\Database\MySQLi\Connection->execute('SELECT *\nFROM `...')
#2 /home/fahmiff1/life.andropick.com/system/Database/BaseConnection.php(666): CodeIgniter\Database\BaseConnection->simpleQuery('SELECT *\nFROM `...')
#3 /home/fahmiff1/life.andropick.com/system/Database/BaseBuilder.php(1845): CodeIgniter\Database\BaseConnection->query('SELECT *\nFROM `...', Array, false)
#4 /home/fahmiff1/life.andropick.com/app/Models/Mdata.php(147): CodeIgniter\Database\BaseBuilder->get()
#5 /home/fahmiff1/life.andropick.com/app/Controllers/Dashboard.php(861): App\Models\Mdata->join(Array, Array, Array)
#6 /home/fahmiff1/life.andropick.com/app/Controllers/Dashboard.php(838): App\Controllers\Dashboard->_profile()
#7 /home/fahmiff1/life.andropick.com/system/CodeIgniter.php(914): App\Controllers\Dashboard->setting('profile')
#8 /home/fahmiff1/life.andropick.com/system/CodeIgniter.php(400): CodeIgniter\CodeIgniter->runController(Object(App\Controllers\Dashboard))
#9 /home/fahmiff1/life.andropick.com/system/CodeIgniter.php(308): CodeIgniter\CodeIgniter->handleRequest(NULL, Object(Config\Cache), false)
#10 /home/fahmiff1/life.andropick.com/public/index.php(45): CodeIgniter\CodeIgniter->run()
#11 {main}
CRITICAL - 2020-08-28 05:20:11 --> Table 'fahmiff1_life.tb_service' doesn't exist
#0 /home/fahmiff1/life.andropick.com/system/Database/MySQLi/Connection.php(331): mysqli->query('SELECT *\nFROM `...')
#1 /home/fahmiff1/life.andropick.com/system/Database/BaseConnection.php(738): CodeIgniter\Database\MySQLi\Connection->execute('SELECT *\nFROM `...')
#2 /home/fahmiff1/life.andropick.com/system/Database/BaseConnection.php(666): CodeIgniter\Database\BaseConnection->simpleQuery('SELECT *\nFROM `...')
#3 /home/fahmiff1/life.andropick.com/system/Database/BaseBuilder.php(1845): CodeIgniter\Database\BaseConnection->query('SELECT *\nFROM `...', Array, false)
#4 /home/fahmiff1/life.andropick.com/app/Models/Mdata.php(147): CodeIgniter\Database\BaseBuilder->get()
#5 /home/fahmiff1/life.andropick.com/app/Controllers/Dashboard.php(861): App\Models\Mdata->join(Array, Array, Array)
#6 /home/fahmiff1/life.andropick.com/app/Controllers/Dashboard.php(838): App\Controllers\Dashboard->_profile()
#7 /home/fahmiff1/life.andropick.com/system/CodeIgniter.php(914): App\Controllers\Dashboard->setting('profile')
#8 /home/fahmiff1/life.andropick.com/system/CodeIgniter.php(400): CodeIgniter\CodeIgniter->runController(Object(App\Controllers\Dashboard))
#9 /home/fahmiff1/life.andropick.com/system/CodeIgniter.php(308): CodeIgniter\CodeIgniter->handleRequest(NULL, Object(Config\Cache), false)
#10 /home/fahmiff1/life.andropick.com/public/index.php(45): CodeIgniter\CodeIgniter->run()
#11 {main}
CRITICAL - 2020-08-28 05:22:05 --> Table 'fahmiff1_life.tb_service' doesn't exist
#0 /home/fahmiff1/life.andropick.com/system/Database/MySQLi/Connection.php(331): mysqli->query('SELECT *\nFROM `...')
#1 /home/fahmiff1/life.andropick.com/system/Database/BaseConnection.php(738): CodeIgniter\Database\MySQLi\Connection->execute('SELECT *\nFROM `...')
#2 /home/fahmiff1/life.andropick.com/system/Database/BaseConnection.php(666): CodeIgniter\Database\BaseConnection->simpleQuery('SELECT *\nFROM `...')
#3 /home/fahmiff1/life.andropick.com/system/Database/BaseBuilder.php(1845): CodeIgniter\Database\BaseConnection->query('SELECT *\nFROM `...', Array, false)
#4 /home/fahmiff1/life.andropick.com/app/Models/Mdata.php(147): CodeIgniter\Database\BaseBuilder->get()
#5 /home/fahmiff1/life.andropick.com/app/Controllers/Dashboard.php(861): App\Models\Mdata->join(Array, Array, Array)
#6 /home/fahmiff1/life.andropick.com/app/Controllers/Dashboard.php(838): App\Controllers\Dashboard->_profile()
#7 /home/fahmiff1/life.andropick.com/system/CodeIgniter.php(914): App\Controllers\Dashboard->setting('profile')
#8 /home/fahmiff1/life.andropick.com/system/CodeIgniter.php(400): CodeIgniter\CodeIgniter->runController(Object(App\Controllers\Dashboard))
#9 /home/fahmiff1/life.andropick.com/system/CodeIgniter.php(308): CodeIgniter\CodeIgniter->handleRequest(NULL, Object(Config\Cache), false)
#10 /home/fahmiff1/life.andropick.com/public/index.php(45): CodeIgniter\CodeIgniter->run()
#11 {main}
CRITICAL - 2020-08-28 05:30:17 --> Table 'fahmiff1_life.tb_service' doesn't exist
#0 /home/fahmiff1/life.andropick.com/system/Database/MySQLi/Connection.php(331): mysqli->query('SELECT *\nFROM `...')
#1 /home/fahmiff1/life.andropick.com/system/Database/BaseConnection.php(738): CodeIgniter\Database\MySQLi\Connection->execute('SELECT *\nFROM `...')
#2 /home/fahmiff1/life.andropick.com/system/Database/BaseConnection.php(666): CodeIgniter\Database\BaseConnection->simpleQuery('SELECT *\nFROM `...')
#3 /home/fahmiff1/life.andropick.com/system/Database/BaseBuilder.php(1845): CodeIgniter\Database\BaseConnection->query('SELECT *\nFROM `...', Array, false)
#4 /home/fahmiff1/life.andropick.com/app/Models/Mdata.php(147): CodeIgniter\Database\BaseBuilder->get()
#5 /home/fahmiff1/life.andropick.com/app/Controllers/Dashboard.php(861): App\Models\Mdata->join(Array, Array, Array)
#6 /home/fahmiff1/life.andropick.com/app/Controllers/Dashboard.php(838): App\Controllers\Dashboard->_profile()
#7 /home/fahmiff1/life.andropick.com/system/CodeIgniter.php(914): App\Controllers\Dashboard->setting('profile')
#8 /home/fahmiff1/life.andropick.com/system/CodeIgniter.php(400): CodeIgniter\CodeIgniter->runController(Object(App\Controllers\Dashboard))
#9 /home/fahmiff1/life.andropick.com/system/CodeIgniter.php(308): CodeIgniter\CodeIgniter->handleRequest(NULL, Object(Config\Cache), false)
#10 /home/fahmiff1/life.andropick.com/public/index.php(45): CodeIgniter\CodeIgniter->run()
#11 {main}
CRITICAL - 2020-08-28 06:58:19 --> Undefined variable: n
#0 /home/fahmiff1/life.andropick.com/app/Views/laporan/income.php(38): CodeIgniter\Debug\Exceptions->errorHandler(8, 'Undefined varia...', '/home/fahmiff1/...', 38, Array)
#1 /home/fahmiff1/life.andropick.com/system/View/View.php(246): include('/home/fahmiff1/...')
#2 /home/fahmiff1/life.andropick.com/system/View/View.php(525): CodeIgniter\View\View->render('laporan/income', NULL, true)
#3 /home/fahmiff1/life.andropick.com/app/Views/template/layer.php(5): CodeIgniter\View\View->include('laporan/income')
#4 /home/fahmiff1/life.andropick.com/system/View/View.php(246): include('/home/fahmiff1/...')
#5 /home/fahmiff1/life.andropick.com/system/Common.php(1087): CodeIgniter\View\View->render('template/layer', Array, true)
#6 /home/fahmiff1/life.andropick.com/app/Controllers/Dashboard.php(759): view('template/layer', Array)
#7 /home/fahmiff1/life.andropick.com/app/Controllers/Dashboard.php(722): App\Controllers\Dashboard->_income()
#8 /home/fahmiff1/life.andropick.com/system/CodeIgniter.php(914): App\Controllers\Dashboard->laporan('income')
#9 /home/fahmiff1/life.andropick.com/system/CodeIgniter.php(400): CodeIgniter\CodeIgniter->runController(Object(App\Controllers\Dashboard))
#10 /home/fahmiff1/life.andropick.com/system/CodeIgniter.php(308): CodeIgniter\CodeIgniter->handleRequest(NULL, Object(Config\Cache), false)
#11 /home/fahmiff1/life.andropick.com/public/index.php(45): CodeIgniter\CodeIgniter->run()
#12 {main}
CRITICAL - 2020-08-28 06:58:42 --> Undefined variable: n
#0 /home/fahmiff1/life.andropick.com/app/Views/laporan/income.php(38): CodeIgniter\Debug\Exceptions->errorHandler(8, 'Undefined varia...', '/home/fahmiff1/...', 38, Array)
#1 /home/fahmiff1/life.andropick.com/system/View/View.php(246): include('/home/fahmiff1/...')
#2 /home/fahmiff1/life.andropick.com/system/View/View.php(525): CodeIgniter\View\View->render('laporan/income', NULL, true)
#3 /home/fahmiff1/life.andropick.com/app/Views/template/layer.php(5): CodeIgniter\View\View->include('laporan/income')
#4 /home/fahmiff1/life.andropick.com/system/View/View.php(246): include('/home/fahmiff1/...')
#5 /home/fahmiff1/life.andropick.com/system/Common.php(1087): CodeIgniter\View\View->render('template/layer', Array, true)
#6 /home/fahmiff1/life.andropick.com/app/Controllers/Dashboard.php(759): view('template/layer', Array)
#7 /home/fahmiff1/life.andropick.com/app/Controllers/Dashboard.php(722): App\Controllers\Dashboard->_income()
#8 /home/fahmiff1/life.andropick.com/system/CodeIgniter.php(914): App\Controllers\Dashboard->laporan('income')
#9 /home/fahmiff1/life.andropick.com/system/CodeIgniter.php(400): CodeIgniter\CodeIgniter->runController(Object(App\Controllers\Dashboard))
#10 /home/fahmiff1/life.andropick.com/system/CodeIgniter.php(308): CodeIgniter\CodeIgniter->handleRequest(NULL, Object(Config\Cache), false)
#11 /home/fahmiff1/life.andropick.com/public/index.php(45): CodeIgniter\CodeIgniter->run()
#12 {main}
CRITICAL - 2020-08-28 06:59:10 --> Undefined variable: n
#0 /home/fahmiff1/life.andropick.com/app/Views/laporan/income.php(38): CodeIgniter\Debug\Exceptions->errorHandler(8, 'Undefined varia...', '/home/fahmiff1/...', 38, Array)
#1 /home/fahmiff1/life.andropick.com/system/View/View.php(246): include('/home/fahmiff1/...')
#2 /home/fahmiff1/life.andropick.com/system/View/View.php(525): CodeIgniter\View\View->render('laporan/income', NULL, true)
#3 /home/fahmiff1/life.andropick.com/app/Views/template/layer.php(5): CodeIgniter\View\View->include('laporan/income')
#4 /home/fahmiff1/life.andropick.com/system/View/View.php(246): include('/home/fahmiff1/...')
#5 /home/fahmiff1/life.andropick.com/system/Common.php(1087): CodeIgniter\View\View->render('template/layer', Array, true)
#6 /home/fahmiff1/life.andropick.com/app/Controllers/Dashboard.php(759): view('template/layer', Array)
#7 /home/fahmiff1/life.andropick.com/app/Controllers/Dashboard.php(722): App\Controllers\Dashboard->_income()
#8 /home/fahmiff1/life.andropick.com/system/CodeIgniter.php(914): App\Controllers\Dashboard->laporan('income')
#9 /home/fahmiff1/life.andropick.com/system/CodeIgniter.php(400): CodeIgniter\CodeIgniter->runController(Object(App\Controllers\Dashboard))
#10 /home/fahmiff1/life.andropick.com/system/CodeIgniter.php(308): CodeIgniter\CodeIgniter->handleRequest(NULL, Object(Config\Cache), false)
#11 /home/fahmiff1/life.andropick.com/public/index.php(45): CodeIgniter\CodeIgniter->run()
#12 {main}
CRITICAL - 2020-08-28 06:59:11 --> Undefined variable: n
#0 /home/fahmiff1/life.andropick.com/app/Views/laporan/income.php(38): CodeIgniter\Debug\Exceptions->errorHandler(8, 'Undefined varia...', '/home/fahmiff1/...', 38, Array)
#1 /home/fahmiff1/life.andropick.com/system/View/View.php(246): include('/home/fahmiff1/...')
#2 /home/fahmiff1/life.andropick.com/system/View/View.php(525): CodeIgniter\View\View->render('laporan/income', NULL, true)
#3 /home/fahmiff1/life.andropick.com/app/Views/template/layer.php(5): CodeIgniter\View\View->include('laporan/income')
#4 /home/fahmiff1/life.andropick.com/system/View/View.php(246): include('/home/fahmiff1/...')
#5 /home/fahmiff1/life.andropick.com/system/Common.php(1087): CodeIgniter\View\View->render('template/layer', Array, true)
#6 /home/fahmiff1/life.andropick.com/app/Controllers/Dashboard.php(759): view('template/layer', Array)
#7 /home/fahmiff1/life.andropick.com/app/Controllers/Dashboard.php(722): App\Controllers\Dashboard->_income()
#8 /home/fahmiff1/life.andropick.com/system/CodeIgniter.php(914): App\Controllers\Dashboard->laporan('income')
#9 /home/fahmiff1/life.andropick.com/system/CodeIgniter.php(400): CodeIgniter\CodeIgniter->runController(Object(App\Controllers\Dashboard))
#10 /home/fahmiff1/life.andropick.com/system/CodeIgniter.php(308): CodeIgniter\CodeIgniter->handleRequest(NULL, Object(Config\Cache), false)
#11 /home/fahmiff1/life.andropick.com/public/index.php(45): CodeIgniter\CodeIgniter->run()
#12 {main}
CRITICAL - 2020-08-28 07:39:50 --> Undefined property: stdClass::$sales_id
#0 /home/fahmiff1/life.andropick.com/app/Views/add/sales.php(15): CodeIgniter\Debug\Exceptions->errorHandler(8, 'Undefined prope...', '/home/fahmiff1/...', 15, Array)
#1 /home/fahmiff1/life.andropick.com/system/View/View.php(246): include('/home/fahmiff1/...')
#2 /home/fahmiff1/life.andropick.com/system/View/View.php(525): CodeIgniter\View\View->render('add/sales', NULL, true)
#3 /home/fahmiff1/life.andropick.com/app/Views/template/layer.php(5): CodeIgniter\View\View->include('add/sales')
#4 /home/fahmiff1/life.andropick.com/system/View/View.php(246): include('/home/fahmiff1/...')
#5 /home/fahmiff1/life.andropick.com/system/Common.php(1087): CodeIgniter\View\View->render('template/layer', Array, true)
#6 /home/fahmiff1/life.andropick.com/app/Controllers/Admin.php(188): view('template/layer', Array)
#7 /home/fahmiff1/life.andropick.com/system/CodeIgniter.php(914): App\Controllers\Admin->add_sales()
#8 /home/fahmiff1/life.andropick.com/system/CodeIgniter.php(400): CodeIgniter\CodeIgniter->runController(Object(App\Controllers\Admin))
#9 /home/fahmiff1/life.andropick.com/system/CodeIgniter.php(308): CodeIgniter\CodeIgniter->handleRequest(NULL, Object(Config\Cache), false)
#10 /home/fahmiff1/life.andropick.com/public/index.php(45): CodeIgniter\CodeIgniter->run()
#11 {main}
CRITICAL - 2020-08-28 07:39:54 --> Undefined property: stdClass::$sales_id
#0 /home/fahmiff1/life.andropick.com/app/Views/add/sales.php(15): CodeIgniter\Debug\Exceptions->errorHandler(8, 'Undefined prope...', '/home/fahmiff1/...', 15, Array)
#1 /home/fahmiff1/life.andropick.com/system/View/View.php(246): include('/home/fahmiff1/...')
#2 /home/fahmiff1/life.andropick.com/system/View/View.php(525): CodeIgniter\View\View->render('add/sales', NULL, true)
#3 /home/fahmiff1/life.andropick.com/app/Views/template/layer.php(5): CodeIgniter\View\View->include('add/sales')
#4 /home/fahmiff1/life.andropick.com/system/View/View.php(246): include('/home/fahmiff1/...')
#5 /home/fahmiff1/life.andropick.com/system/Common.php(1087): CodeIgniter\View\View->render('template/layer', Array, true)
#6 /home/fahmiff1/life.andropick.com/app/Controllers/Admin.php(188): view('template/layer', Array)
#7 /home/fahmiff1/life.andropick.com/system/CodeIgniter.php(914): App\Controllers\Admin->add_sales()
#8 /home/fahmiff1/life.andropick.com/system/CodeIgniter.php(400): CodeIgniter\CodeIgniter->runController(Object(App\Controllers\Admin))
#9 /home/fahmiff1/life.andropick.com/system/CodeIgniter.php(308): CodeIgniter\CodeIgniter->handleRequest(NULL, Object(Config\Cache), false)
#10 /home/fahmiff1/life.andropick.com/public/index.php(45): CodeIgniter\CodeIgniter->run()
#11 {main}
CRITICAL - 2020-08-28 08:43:45 --> Undefined variable: ad
#0 /home/fahmiff1/life.andropick.com/app/Views/add/sales.php(51): CodeIgniter\Debug\Exceptions->errorHandler(8, 'Undefined varia...', '/home/fahmiff1/...', 51, Array)
#1 /home/fahmiff1/life.andropick.com/system/View/View.php(246): include('/home/fahmiff1/...')
#2 /home/fahmiff1/life.andropick.com/system/View/View.php(525): CodeIgniter\View\View->render('add/sales', NULL, true)
#3 /home/fahmiff1/life.andropick.com/app/Views/template/layer.php(5): CodeIgniter\View\View->include('add/sales')
#4 /home/fahmiff1/life.andropick.com/system/View/View.php(246): include('/home/fahmiff1/...')
#5 /home/fahmiff1/life.andropick.com/system/Common.php(1087): CodeIgniter\View\View->render('template/layer', Array, true)
#6 /home/fahmiff1/life.andropick.com/app/Controllers/Admin.php(202): view('template/layer', Array)
#7 /home/fahmiff1/life.andropick.com/system/CodeIgniter.php(914): App\Controllers\Admin->edit_sales('S142')
#8 /home/fahmiff1/life.andropick.com/system/CodeIgniter.php(400): CodeIgniter\CodeIgniter->runController(Object(App\Controllers\Admin))
#9 /home/fahmiff1/life.andropick.com/system/CodeIgniter.php(308): CodeIgniter\CodeIgniter->handleRequest(NULL, Object(Config\Cache), false)
#10 /home/fahmiff1/life.andropick.com/public/index.php(45): CodeIgniter\CodeIgniter->run()
#11 {main}
CRITICAL - 2020-08-28 08:43:55 --> Undefined variable: ad
#0 /home/fahmiff1/life.andropick.com/app/Views/add/sales.php(51): CodeIgniter\Debug\Exceptions->errorHandler(8, 'Undefined varia...', '/home/fahmiff1/...', 51, Array)
#1 /home/fahmiff1/life.andropick.com/system/View/View.php(246): include('/home/fahmiff1/...')
#2 /home/fahmiff1/life.andropick.com/system/View/View.php(525): CodeIgniter\View\View->render('add/sales', NULL, true)
#3 /home/fahmiff1/life.andropick.com/app/Views/template/layer.php(5): CodeIgniter\View\View->include('add/sales')
#4 /home/fahmiff1/life.andropick.com/system/View/View.php(246): include('/home/fahmiff1/...')
#5 /home/fahmiff1/life.andropick.com/system/Common.php(1087): CodeIgniter\View\View->render('template/layer', Array, true)
#6 /home/fahmiff1/life.andropick.com/app/Controllers/Admin.php(202): view('template/layer', Array)
#7 /home/fahmiff1/life.andropick.com/system/CodeIgniter.php(914): App\Controllers\Admin->edit_sales('S293')
#8 /home/fahmiff1/life.andropick.com/system/CodeIgniter.php(400): CodeIgniter\CodeIgniter->runController(Object(App\Controllers\Admin))
#9 /home/fahmiff1/life.andropick.com/system/CodeIgniter.php(308): CodeIgniter\CodeIgniter->handleRequest(NULL, Object(Config\Cache), false)
#10 /home/fahmiff1/life.andropick.com/public/index.php(45): CodeIgniter\CodeIgniter->run()
#11 {main}
CRITICAL - 2020-08-28 08:44:15 --> Undefined variable: ad
#0 /home/fahmiff1/life.andropick.com/app/Views/add/sales.php(51): CodeIgniter\Debug\Exceptions->errorHandler(8, 'Undefined varia...', '/home/fahmiff1/...', 51, Array)
#1 /home/fahmiff1/life.andropick.com/system/View/View.php(246): include('/home/fahmiff1/...')
#2 /home/fahmiff1/life.andropick.com/system/View/View.php(525): CodeIgniter\View\View->render('add/sales', NULL, true)
#3 /home/fahmiff1/life.andropick.com/app/Views/template/layer.php(5): CodeIgniter\View\View->include('add/sales')
#4 /home/fahmiff1/life.andropick.com/system/View/View.php(246): include('/home/fahmiff1/...')
#5 /home/fahmiff1/life.andropick.com/system/Common.php(1087): CodeIgniter\View\View->render('template/layer', Array, true)
#6 /home/fahmiff1/life.andropick.com/app/Controllers/Admin.php(202): view('template/layer', Array)
#7 /home/fahmiff1/life.andropick.com/system/CodeIgniter.php(914): App\Controllers\Admin->edit_sales('S042')
#8 /home/fahmiff1/life.andropick.com/system/CodeIgniter.php(400): CodeIgniter\CodeIgniter->runController(Object(App\Controllers\Admin))
#9 /home/fahmiff1/life.andropick.com/system/CodeIgniter.php(308): CodeIgniter\CodeIgniter->handleRequest(NULL, Object(Config\Cache), false)
#10 /home/fahmiff1/life.andropick.com/public/index.php(45): CodeIgniter\CodeIgniter->run()
#11 {main}
CRITICAL - 2020-08-28 08:45:16 --> Undefined variable: ad
#0 /home/fahmiff1/life.andropick.com/app/Views/add/sales.php(51): CodeIgniter\Debug\Exceptions->errorHandler(8, 'Undefined varia...', '/home/fahmiff1/...', 51, Array)
#1 /home/fahmiff1/life.andropick.com/system/View/View.php(246): include('/home/fahmiff1/...')
#2 /home/fahmiff1/life.andropick.com/system/View/View.php(525): CodeIgniter\View\View->render('add/sales', NULL, true)
#3 /home/fahmiff1/life.andropick.com/app/Views/template/layer.php(5): CodeIgniter\View\View->include('add/sales')
#4 /home/fahmiff1/life.andropick.com/system/View/View.php(246): include('/home/fahmiff1/...')
#5 /home/fahmiff1/life.andropick.com/system/Common.php(1087): CodeIgniter\View\View->render('template/layer', Array, true)
#6 /home/fahmiff1/life.andropick.com/app/Controllers/Admin.php(202): view('template/layer', Array)
#7 /home/fahmiff1/life.andropick.com/system/CodeIgniter.php(914): App\Controllers\Admin->edit_sales('S042')
#8 /home/fahmiff1/life.andropick.com/system/CodeIgniter.php(400): CodeIgniter\CodeIgniter->runController(Object(App\Controllers\Admin))
#9 /home/fahmiff1/life.andropick.com/system/CodeIgniter.php(308): CodeIgniter\CodeIgniter->handleRequest(NULL, Object(Config\Cache), false)
#10 /home/fahmiff1/life.andropick.com/public/index.php(45): CodeIgniter\CodeIgniter->run()
#11 {main}
CRITICAL - 2020-08-28 09:05:57 --> Undefined variable: ad
#0 D:\project\invoice\app\Views\add\sales.php(51): CodeIgniter\Debug\Exceptions->errorHandler(8, 'Undefined varia...', 'D:\\project\\invo...', 51, Array)
#1 D:\project\invoice\system\View\View.php(246): include('D:\\project\\invo...')
#2 D:\project\invoice\system\View\View.php(525): CodeIgniter\View\View->render('add/sales', NULL, true)
#3 D:\project\invoice\app\Views\template\layer.php(5): CodeIgniter\View\View->include('add/sales')
#4 D:\project\invoice\system\View\View.php(246): include('D:\\project\\invo...')
#5 D:\project\invoice\system\Common.php(1087): CodeIgniter\View\View->render('template/layer', Array, true)
#6 D:\project\invoice\app\Controllers\Admin.php(202): view('template/layer', Array)
#7 D:\project\invoice\system\CodeIgniter.php(914): App\Controllers\Admin->edit_sales('S418')
#8 D:\project\invoice\system\CodeIgniter.php(400): CodeIgniter\CodeIgniter->runController(Object(App\Controllers\Admin))
#9 D:\project\invoice\system\CodeIgniter.php(308): CodeIgniter\CodeIgniter->handleRequest(NULL, Object(Config\Cache), false)
#10 D:\project\invoice\public\index.php(45): CodeIgniter\CodeIgniter->run()
#11 D:\project\invoice\system\Commands\Server\rewrite.php(34): require_once('D:\\project\\invo...')
#12 {main}
CRITICAL - 2020-08-28 09:50:31 --> Duplicate entry 'S814' for key 'PRIMARY'
#0 D:\project\invoice\system\Database\MySQLi\Connection.php(331): mysqli->query('INSERT INTO `tb...')
#1 D:\project\invoice\system\Database\BaseConnection.php(738): CodeIgniter\Database\MySQLi\Connection->execute('INSERT INTO `tb...')
#2 D:\project\invoice\system\Database\BaseConnection.php(666): CodeIgniter\Database\BaseConnection->simpleQuery('INSERT INTO `tb...')
#3 D:\project\invoice\system\Database\BaseBuilder.php(2234): CodeIgniter\Database\BaseConnection->query('INSERT INTO `tb...', Array, false)
#4 D:\project\invoice\app\Models\Mdata.php(18): CodeIgniter\Database\BaseBuilder->insert(Array)
#5 D:\project\invoice\app\Controllers\Admin.php(285): App\Models\Mdata->safe(Array, 'tb_account')
#6 D:\project\invoice\system\CodeIgniter.php(914): App\Controllers\Admin->act_sales()
#7 D:\project\invoice\system\CodeIgniter.php(400): CodeIgniter\CodeIgniter->runController(Object(App\Controllers\Admin))
#8 D:\project\invoice\system\CodeIgniter.php(308): CodeIgniter\CodeIgniter->handleRequest(NULL, Object(Config\Cache), false)
#9 D:\project\invoice\public\index.php(45): CodeIgniter\CodeIgniter->run()
#10 D:\project\invoice\system\Commands\Server\rewrite.php(34): require_once('D:\\project\\invo...')
#11 {main}
CRITICAL - 2020-08-28 18:38:19 --> Trying to get property 'reg_id' of non-object
#0 D:\project\invoice\app\Controllers\Admin.php(40): CodeIgniter\Debug\Exceptions->errorHandler(8, 'Trying to get p...', 'D:\\project\\invo...', 40, Array)
#1 D:\project\invoice\system\CodeIgniter.php(914): App\Controllers\Admin->dcommon()
#2 D:\project\invoice\system\CodeIgniter.php(400): CodeIgniter\CodeIgniter->runController(Object(App\Controllers\Admin))
#3 D:\project\invoice\system\CodeIgniter.php(308): CodeIgniter\CodeIgniter->handleRequest(NULL, Object(Config\Cache), false)
#4 D:\project\invoice\public\index.php(45): CodeIgniter\CodeIgniter->run()
#5 D:\project\invoice\system\Commands\Server\rewrite.php(34): require_once('D:\\project\\invo...')
#6 {main}
CRITICAL - 2020-08-28 18:58:01 --> Undefined variable: ad
#0 D:\project\invoice\app\Views\add\sales.php(51): CodeIgniter\Debug\Exceptions->errorHandler(8, 'Undefined varia...', 'D:\\project\\invo...', 51, Array)
#1 D:\project\invoice\system\View\View.php(246): include('D:\\project\\invo...')
#2 D:\project\invoice\system\View\View.php(525): CodeIgniter\View\View->render('add/sales', NULL, true)
#3 D:\project\invoice\app\Views\template\layer.php(5): CodeIgniter\View\View->include('add/sales')
#4 D:\project\invoice\system\View\View.php(246): include('D:\\project\\invo...')
#5 D:\project\invoice\system\Common.php(1087): CodeIgniter\View\View->render('template/layer', Array, true)
#6 D:\project\invoice\app\Controllers\Admin.php(223): view('template/layer', Array)
#7 D:\project\invoice\system\CodeIgniter.php(914): App\Controllers\Admin->edit_sales('S53987')
#8 D:\project\invoice\system\CodeIgniter.php(400): CodeIgniter\CodeIgniter->runController(Object(App\Controllers\Admin))
#9 D:\project\invoice\system\CodeIgniter.php(308): CodeIgniter\CodeIgniter->handleRequest(NULL, Object(Config\Cache), false)
#10 D:\project\invoice\public\index.php(45): CodeIgniter\CodeIgniter->run()
#11 D:\project\invoice\system\Commands\Server\rewrite.php(34): require_once('D:\\project\\invo...')
#12 {main}
CRITICAL - 2020-08-28 19:03:51 --> Undefined property: stdClass::$services_id
#0 D:\project\invoice\app\Views\add\sales.php(52): CodeIgniter\Debug\Exceptions->errorHandler(8, 'Undefined prope...', 'D:\\project\\invo...', 52, Array)
#1 D:\project\invoice\system\View\View.php(246): include('D:\\project\\invo...')
#2 D:\project\invoice\system\View\View.php(525): CodeIgniter\View\View->render('add/sales', NULL, true)
#3 D:\project\invoice\app\Views\template\layer.php(5): CodeIgniter\View\View->include('add/sales')
#4 D:\project\invoice\system\View\View.php(246): include('D:\\project\\invo...')
#5 D:\project\invoice\system\Common.php(1087): CodeIgniter\View\View->render('template/layer', Array, true)
#6 D:\project\invoice\app\Controllers\Admin.php(228): view('template/layer', Array)
#7 D:\project\invoice\system\CodeIgniter.php(914): App\Controllers\Admin->edit_sales('S53987')
#8 D:\project\invoice\system\CodeIgniter.php(400): CodeIgniter\CodeIgniter->runController(Object(App\Controllers\Admin))
#9 D:\project\invoice\system\CodeIgniter.php(308): CodeIgniter\CodeIgniter->handleRequest(NULL, Object(Config\Cache), false)
#10 D:\project\invoice\public\index.php(45): CodeIgniter\CodeIgniter->run()
#11 D:\project\invoice\system\Commands\Server\rewrite.php(34): require_once('D:\\project\\invo...')
#12 {main}
CRITICAL - 2020-08-28 19:21:56 --> Undefined variable: c
#0 D:\project\invoice\app\Controllers\Dashboard.php(968): CodeIgniter\Debug\Exceptions->errorHandler(8, 'Undefined varia...', 'D:\\project\\invo...', 968, Array)
#1 D:\project\invoice\system\CodeIgniter.php(914): App\Controllers\Dashboard->csv()
#2 D:\project\invoice\system\CodeIgniter.php(400): CodeIgniter\CodeIgniter->runController(Object(App\Controllers\Dashboard))
#3 D:\project\invoice\system\CodeIgniter.php(308): CodeIgniter\CodeIgniter->handleRequest(NULL, Object(Config\Cache), false)
#4 D:\project\invoice\public\index.php(45): CodeIgniter\CodeIgniter->run()
#5 D:\project\invoice\system\Commands\Server\rewrite.php(34): require_once('D:\\project\\invo...')
#6 {main}
CRITICAL - 2020-08-28 19:21:56 --> Undefined variable: c
#0 D:\project\invoice\app\Controllers\Dashboard.php(968): CodeIgniter\Debug\Exceptions->errorHandler(8, 'Undefined varia...', 'D:\\project\\invo...', 968, Array)
#1 D:\project\invoice\system\CodeIgniter.php(914): App\Controllers\Dashboard->csv()
#2 D:\project\invoice\system\CodeIgniter.php(400): CodeIgniter\CodeIgniter->runController(Object(App\Controllers\Dashboard))
#3 D:\project\invoice\system\CodeIgniter.php(308): CodeIgniter\CodeIgniter->handleRequest(NULL, Object(Config\Cache), false)
#4 D:\project\invoice\public\index.php(45): CodeIgniter\CodeIgniter->run()
#5 D:\project\invoice\system\Commands\Server\rewrite.php(34): require_once('D:\\project\\invo...')
#6 {main}
CRITICAL - 2020-08-28 19:21:58 --> Undefined variable: c
#0 D:\project\invoice\app\Controllers\Dashboard.php(968): CodeIgniter\Debug\Exceptions->errorHandler(8, 'Undefined varia...', 'D:\\project\\invo...', 968, Array)
#1 D:\project\invoice\system\CodeIgniter.php(914): App\Controllers\Dashboard->csv()
#2 D:\project\invoice\system\CodeIgniter.php(400): CodeIgniter\CodeIgniter->runController(Object(App\Controllers\Dashboard))
#3 D:\project\invoice\system\CodeIgniter.php(308): CodeIgniter\CodeIgniter->handleRequest(NULL, Object(Config\Cache), false)
#4 D:\project\invoice\public\index.php(45): CodeIgniter\CodeIgniter->run()
#5 D:\project\invoice\system\Commands\Server\rewrite.php(34): require_once('D:\\project\\invo...')
#6 {main}
CRITICAL - 2020-08-28 19:22:02 --> Undefined variable: c
#0 D:\project\invoice\app\Controllers\Dashboard.php(968): CodeIgniter\Debug\Exceptions->errorHandler(8, 'Undefined varia...', 'D:\\project\\invo...', 968, Array)
#1 D:\project\invoice\system\CodeIgniter.php(914): App\Controllers\Dashboard->csv()
#2 D:\project\invoice\system\CodeIgniter.php(400): CodeIgniter\CodeIgniter->runController(Object(App\Controllers\Dashboard))
#3 D:\project\invoice\system\CodeIgniter.php(308): CodeIgniter\CodeIgniter->handleRequest(NULL, Object(Config\Cache), false)
#4 D:\project\invoice\public\index.php(45): CodeIgniter\CodeIgniter->run()
#5 D:\project\invoice\system\Commands\Server\rewrite.php(34): require_once('D:\\project\\invo...')
#6 {main}
CRITICAL - 2020-08-28 19:22:28 --> Undefined variable: c
#0 D:\project\invoice\app\Controllers\Dashboard.php(968): CodeIgniter\Debug\Exceptions->errorHandler(8, 'Undefined varia...', 'D:\\project\\invo...', 968, Array)
#1 D:\project\invoice\system\CodeIgniter.php(914): App\Controllers\Dashboard->csv()
#2 D:\project\invoice\system\CodeIgniter.php(400): CodeIgniter\CodeIgniter->runController(Object(App\Controllers\Dashboard))
#3 D:\project\invoice\system\CodeIgniter.php(308): CodeIgniter\CodeIgniter->handleRequest(NULL, Object(Config\Cache), false)
#4 D:\project\invoice\public\index.php(45): CodeIgniter\CodeIgniter->run()
#5 D:\project\invoice\system\Commands\Server\rewrite.php(34): require_once('D:\\project\\invo...')
#6 {main}
CRITICAL - 2020-08-28 19:22:34 --> Undefined variable: c
#0 D:\project\invoice\app\Controllers\Dashboard.php(968): CodeIgniter\Debug\Exceptions->errorHandler(8, 'Undefined varia...', 'D:\\project\\invo...', 968, Array)
#1 D:\project\invoice\system\CodeIgniter.php(914): App\Controllers\Dashboard->csv()
#2 D:\project\invoice\system\CodeIgniter.php(400): CodeIgniter\CodeIgniter->runController(Object(App\Controllers\Dashboard))
#3 D:\project\invoice\system\CodeIgniter.php(308): CodeIgniter\CodeIgniter->handleRequest(NULL, Object(Config\Cache), false)
#4 D:\project\invoice\public\index.php(45): CodeIgniter\CodeIgniter->run()
#5 D:\project\invoice\system\Commands\Server\rewrite.php(34): require_once('D:\\project\\invo...')
#6 {main}
CRITICAL - 2020-08-28 19:23:14 --> Undefined variable: c
#0 D:\project\invoice\app\Controllers\Dashboard.php(968): CodeIgniter\Debug\Exceptions->errorHandler(8, 'Undefined varia...', 'D:\\project\\invo...', 968, Array)
#1 D:\project\invoice\system\CodeIgniter.php(914): App\Controllers\Dashboard->csv()
#2 D:\project\invoice\system\CodeIgniter.php(400): CodeIgniter\CodeIgniter->runController(Object(App\Controllers\Dashboard))
#3 D:\project\invoice\system\CodeIgniter.php(308): CodeIgniter\CodeIgniter->handleRequest(NULL, Object(Config\Cache), false)
#4 D:\project\invoice\public\index.php(45): CodeIgniter\CodeIgniter->run()
#5 D:\project\invoice\system\Commands\Server\rewrite.php(34): require_once('D:\\project\\invo...')
#6 {main}
CRITICAL - 2020-08-28 19:37:42 --> Array to string conversion
#0 [internal function]: CodeIgniter\Debug\Exceptions->errorHandler(8, 'Array to string...', 'D:\\project\\invo...', 956, Array)
#1 D:\project\invoice\app\Controllers\Dashboard.php(956): array_diff(Array, Array)
#2 D:\project\invoice\system\CodeIgniter.php(914): App\Controllers\Dashboard->csv()
#3 D:\project\invoice\system\CodeIgniter.php(400): CodeIgniter\CodeIgniter->runController(Object(App\Controllers\Dashboard))
#4 D:\project\invoice\system\CodeIgniter.php(308): CodeIgniter\CodeIgniter->handleRequest(NULL, Object(Config\Cache), false)
#5 D:\project\invoice\public\index.php(45): CodeIgniter\CodeIgniter->run()
#6 D:\project\invoice\system\Commands\Server\rewrite.php(34): require_once('D:\\project\\invo...')
#7 {main}
CRITICAL - 2020-08-28 19:58:04 --> Cannot access protected property CodeIgniter\Database\MySQLi\Builder::$db
#0 D:\project\invoice\app\Controllers\Dashboard.php(970): App\Models\Mdata->inbatch(Array, 'tb_client')
#1 D:\project\invoice\system\CodeIgniter.php(914): App\Controllers\Dashboard->csv()
#2 D:\project\invoice\system\CodeIgniter.php(400): CodeIgniter\CodeIgniter->runController(Object(App\Controllers\Dashboard))
#3 D:\project\invoice\system\CodeIgniter.php(308): CodeIgniter\CodeIgniter->handleRequest(NULL, Object(Config\Cache), false)
#4 D:\project\invoice\public\index.php(45): CodeIgniter\CodeIgniter->run()
#5 D:\project\invoice\system\Commands\Server\rewrite.php(34): require_once('D:\\project\\invo...')
#6 {main}
CRITICAL - 2020-08-28 19:58:20 --> Cannot access protected property CodeIgniter\Database\MySQLi\Builder::$db
#0 D:\project\invoice\app\Controllers\Dashboard.php(970): App\Models\Mdata->inbatch(Array, 'tb_client')
#1 D:\project\invoice\system\CodeIgniter.php(914): App\Controllers\Dashboard->csv()
#2 D:\project\invoice\system\CodeIgniter.php(400): CodeIgniter\CodeIgniter->runController(Object(App\Controllers\Dashboard))
#3 D:\project\invoice\system\CodeIgniter.php(308): CodeIgniter\CodeIgniter->handleRequest(NULL, Object(Config\Cache), false)
#4 D:\project\invoice\public\index.php(45): CodeIgniter\CodeIgniter->run()
#5 D:\project\invoice\system\Commands\Server\rewrite.php(34): require_once('D:\\project\\invo...')
#6 {main}
CRITICAL - 2020-08-28 20:41:40 --> Duplicate entry '0' for key 'client_hp'
#0 D:\project\invoice\system\Database\MySQLi\Connection.php(331): mysqli->query('INSERT INTO `tb...')
#1 D:\project\invoice\system\Database\BaseConnection.php(738): CodeIgniter\Database\MySQLi\Connection->execute('INSERT INTO `tb...')
#2 D:\project\invoice\system\Database\BaseConnection.php(666): CodeIgniter\Database\BaseConnection->simpleQuery('INSERT INTO `tb...')
#3 D:\project\invoice\system\Database\BaseBuilder.php(2076): CodeIgniter\Database\BaseConnection->query('INSERT INTO `tb...', Array, false)
#4 D:\project\invoice\app\Models\Mdata.php(49): CodeIgniter\Database\BaseBuilder->insertBatch(Array)
#5 D:\project\invoice\app\Controllers\Dashboard.php(974): App\Models\Mdata->inbatch(Array, 'tb_client')
#6 D:\project\invoice\system\CodeIgniter.php(914): App\Controllers\Dashboard->csv()
#7 D:\project\invoice\system\CodeIgniter.php(400): CodeIgniter\CodeIgniter->runController(Object(App\Controllers\Dashboard))
#8 D:\project\invoice\system\CodeIgniter.php(308): CodeIgniter\CodeIgniter->handleRequest(NULL, Object(Config\Cache), false)
#9 D:\project\invoice\public\index.php(45): CodeIgniter\CodeIgniter->run()
#10 D:\project\invoice\system\Commands\Server\rewrite.php(34): require_once('D:\\project\\invo...')
#11 {main}
CRITICAL - 2020-08-28 20:46:05 --> Duplicate entry '0' for key 'client_hp'
#0 D:\project\invoice\system\Database\MySQLi\Connection.php(331): mysqli->query('INSERT INTO `tb...')
#1 D:\project\invoice\system\Database\BaseConnection.php(738): CodeIgniter\Database\MySQLi\Connection->execute('INSERT INTO `tb...')
#2 D:\project\invoice\system\Database\BaseConnection.php(666): CodeIgniter\Database\BaseConnection->simpleQuery('INSERT INTO `tb...')
#3 D:\project\invoice\system\Database\BaseBuilder.php(2076): CodeIgniter\Database\BaseConnection->query('INSERT INTO `tb...', Array, false)
#4 D:\project\invoice\app\Models\Mdata.php(49): CodeIgniter\Database\BaseBuilder->insertBatch(Array)
#5 D:\project\invoice\app\Controllers\Dashboard.php(972): App\Models\Mdata->inbatch(Array, 'tb_client')
#6 D:\project\invoice\system\CodeIgniter.php(914): App\Controllers\Dashboard->csv()
#7 D:\project\invoice\system\CodeIgniter.php(400): CodeIgniter\CodeIgniter->runController(Object(App\Controllers\Dashboard))
#8 D:\project\invoice\system\CodeIgniter.php(308): CodeIgniter\CodeIgniter->handleRequest(NULL, Object(Config\Cache), false)
#9 D:\project\invoice\public\index.php(45): CodeIgniter\CodeIgniter->run()
#10 D:\project\invoice\system\Commands\Server\rewrite.php(34): require_once('D:\\project\\invo...')
#11 {main}
CRITICAL - 2020-08-28 20:49:25 --> Duplicate entry '0' for key 'client_hp'
#0 D:\project\invoice\system\Database\MySQLi\Connection.php(331): mysqli->query('INSERT INTO `tb...')
#1 D:\project\invoice\system\Database\BaseConnection.php(738): CodeIgniter\Database\MySQLi\Connection->execute('INSERT INTO `tb...')
#2 D:\project\invoice\system\Database\BaseConnection.php(666): CodeIgniter\Database\BaseConnection->simpleQuery('INSERT INTO `tb...')
#3 D:\project\invoice\system\Database\BaseBuilder.php(2076): CodeIgniter\Database\BaseConnection->query('INSERT INTO `tb...', Array, false)
#4 D:\project\invoice\app\Models\Mdata.php(49): CodeIgniter\Database\BaseBuilder->insertBatch(Array)
#5 D:\project\invoice\app\Controllers\Dashboard.php(972): App\Models\Mdata->inbatch(Array, 'tb_client')
#6 D:\project\invoice\system\CodeIgniter.php(914): App\Controllers\Dashboard->csv()
#7 D:\project\invoice\system\CodeIgniter.php(400): CodeIgniter\CodeIgniter->runController(Object(App\Controllers\Dashboard))
#8 D:\project\invoice\system\CodeIgniter.php(308): CodeIgniter\CodeIgniter->handleRequest(NULL, Object(Config\Cache), false)
#9 D:\project\invoice\public\index.php(45): CodeIgniter\CodeIgniter->run()
#10 D:\project\invoice\system\Commands\Server\rewrite.php(34): require_once('D:\\project\\invo...')
#11 {main}
