CRITICAL - 2020-12-28 00:59:00 --> Trying to get property 'al_name' of non-object
#0 D:\laragon\www\bkk\app\Views\profile.php(27): CodeIgniter\Debug\Exceptions->errorHandler(8, 'Trying to get p...', 'D:\\laragon\\www\\...', 27, Array)
#1 D:\laragon\www\bkk\system\View\View.php(246): include('D:\\laragon\\www\\...')
#2 D:\laragon\www\bkk\system\View\View.php(525): CodeIgniter\View\View->render('profile', NULL, true)
#3 D:\laragon\www\bkk\app\Views\template\layer.php(5): CodeIgniter\View\View->include('profile')
#4 D:\laragon\www\bkk\system\View\View.php(246): include('D:\\laragon\\www\\...')
#5 D:\laragon\www\bkk\system\Common.php(1087): CodeIgniter\View\View->render('template/layer', Array, true)
#6 D:\laragon\www\bkk\app\Controllers\Dashboard.php(106): view('template/layer', Array)
#7 D:\laragon\www\bkk\system\CodeIgniter.php(914): App\Controllers\Dashboard->alumni('tono')
#8 D:\laragon\www\bkk\system\CodeIgniter.php(400): CodeIgniter\CodeIgniter->runController(Object(App\Controllers\Dashboard))
#9 D:\laragon\www\bkk\system\CodeIgniter.php(308): CodeIgniter\CodeIgniter->handleRequest(NULL, Object(Config\Cache), false)
#10 D:\laragon\www\bkk\public\index.php(45): CodeIgniter\CodeIgniter->run()
#11 D:\laragon\www\bkk\system\Commands\Server\rewrite.php(34): require_once('D:\\laragon\\www\\...')
#12 {main}
CRITICAL - 2020-12-28 01:13:38 --> number_format() expects parameter 1 to be float, string given
#0 [internal function]: CodeIgniter\Debug\Exceptions->errorHandler(2, 'number_format()...', 'D:\\laragon\\www\\...', 142, Array)
#1 D:\laragon\www\bkk\app\Helpers\libdata_helper.php(142): number_format('', 0, ',', '.')
#2 D:\laragon\www\bkk\app\Controllers\Dashboard.php(124): format_rp('')
#3 D:\laragon\www\bkk\system\CodeIgniter.php(914): App\Controllers\Dashboard->data_work('11201')
#4 D:\laragon\www\bkk\system\CodeIgniter.php(400): CodeIgniter\CodeIgniter->runController(Object(App\Controllers\Dashboard))
#5 D:\laragon\www\bkk\system\CodeIgniter.php(308): CodeIgniter\CodeIgniter->handleRequest(NULL, Object(Config\Cache), false)
#6 D:\laragon\www\bkk\public\index.php(45): CodeIgniter\CodeIgniter->run()
#7 D:\laragon\www\bkk\system\Commands\Server\rewrite.php(34): require_once('D:\\laragon\\www\\...')
#8 {main}
CRITICAL - 2020-12-28 01:13:46 --> number_format() expects parameter 1 to be float, string given
#0 [internal function]: CodeIgniter\Debug\Exceptions->errorHandler(2, 'number_format()...', 'D:\\laragon\\www\\...', 142, Array)
#1 D:\laragon\www\bkk\app\Helpers\libdata_helper.php(142): number_format('', 0, ',', '.')
#2 D:\laragon\www\bkk\app\Controllers\Dashboard.php(124): format_rp('')
#3 D:\laragon\www\bkk\system\CodeIgniter.php(914): App\Controllers\Dashboard->data_work('11201')
#4 D:\laragon\www\bkk\system\CodeIgniter.php(400): CodeIgniter\CodeIgniter->runController(Object(App\Controllers\Dashboard))
#5 D:\laragon\www\bkk\system\CodeIgniter.php(308): CodeIgniter\CodeIgniter->handleRequest(NULL, Object(Config\Cache), false)
#6 D:\laragon\www\bkk\public\index.php(45): CodeIgniter\CodeIgniter->run()
#7 D:\laragon\www\bkk\system\Commands\Server\rewrite.php(34): require_once('D:\\laragon\\www\\...')
#8 {main}
CRITICAL - 2020-12-28 01:15:41 --> number_format() expects parameter 1 to be float, string given
#0 [internal function]: CodeIgniter\Debug\Exceptions->errorHandler(2, 'number_format()...', 'D:\\laragon\\www\\...', 142, Array)
#1 D:\laragon\www\bkk\app\Helpers\libdata_helper.php(142): number_format('', 0, ',', '.')
#2 D:\laragon\www\bkk\app\Controllers\Dashboard.php(124): format_rp('')
#3 D:\laragon\www\bkk\system\CodeIgniter.php(914): App\Controllers\Dashboard->data_work('11201')
#4 D:\laragon\www\bkk\system\CodeIgniter.php(400): CodeIgniter\CodeIgniter->runController(Object(App\Controllers\Dashboard))
#5 D:\laragon\www\bkk\system\CodeIgniter.php(308): CodeIgniter\CodeIgniter->handleRequest(NULL, Object(Config\Cache), false)
#6 D:\laragon\www\bkk\public\index.php(45): CodeIgniter\CodeIgniter->run()
#7 D:\laragon\www\bkk\system\Commands\Server\rewrite.php(34): require_once('D:\\laragon\\www\\...')
#8 {main}
CRITICAL - 2020-12-28 01:16:15 --> number_format() expects parameter 1 to be float, string given
#0 [internal function]: CodeIgniter\Debug\Exceptions->errorHandler(2, 'number_format()...', 'D:\\laragon\\www\\...', 142, Array)
#1 D:\laragon\www\bkk\app\Helpers\libdata_helper.php(142): number_format('', 0, ',', '.')
#2 D:\laragon\www\bkk\app\Controllers\Dashboard.php(126): format_rp('')
#3 D:\laragon\www\bkk\system\CodeIgniter.php(914): App\Controllers\Dashboard->data_work('11201')
#4 D:\laragon\www\bkk\system\CodeIgniter.php(400): CodeIgniter\CodeIgniter->runController(Object(App\Controllers\Dashboard))
#5 D:\laragon\www\bkk\system\CodeIgniter.php(308): CodeIgniter\CodeIgniter->handleRequest(NULL, Object(Config\Cache), false)
#6 D:\laragon\www\bkk\public\index.php(45): CodeIgniter\CodeIgniter->run()
#7 D:\laragon\www\bkk\system\Commands\Server\rewrite.php(34): require_once('D:\\laragon\\www\\...')
#8 {main}
CRITICAL - 2020-12-28 01:16:17 --> number_format() expects parameter 1 to be float, string given
#0 [internal function]: CodeIgniter\Debug\Exceptions->errorHandler(2, 'number_format()...', 'D:\\laragon\\www\\...', 142, Array)
#1 D:\laragon\www\bkk\app\Helpers\libdata_helper.php(142): number_format('', 0, ',', '.')
#2 D:\laragon\www\bkk\app\Controllers\Dashboard.php(126): format_rp('')
#3 D:\laragon\www\bkk\system\CodeIgniter.php(914): App\Controllers\Dashboard->data_work('11201')
#4 D:\laragon\www\bkk\system\CodeIgniter.php(400): CodeIgniter\CodeIgniter->runController(Object(App\Controllers\Dashboard))
#5 D:\laragon\www\bkk\system\CodeIgniter.php(308): CodeIgniter\CodeIgniter->handleRequest(NULL, Object(Config\Cache), false)
#6 D:\laragon\www\bkk\public\index.php(45): CodeIgniter\CodeIgniter->run()
#7 D:\laragon\www\bkk\system\Commands\Server\rewrite.php(34): require_once('D:\\laragon\\www\\...')
#8 {main}
CRITICAL - 2020-12-28 01:16:18 --> number_format() expects parameter 1 to be float, string given
#0 [internal function]: CodeIgniter\Debug\Exceptions->errorHandler(2, 'number_format()...', 'D:\\laragon\\www\\...', 142, Array)
#1 D:\laragon\www\bkk\app\Helpers\libdata_helper.php(142): number_format('', 0, ',', '.')
#2 D:\laragon\www\bkk\app\Controllers\Dashboard.php(126): format_rp('')
#3 D:\laragon\www\bkk\system\CodeIgniter.php(914): App\Controllers\Dashboard->data_work('11201')
#4 D:\laragon\www\bkk\system\CodeIgniter.php(400): CodeIgniter\CodeIgniter->runController(Object(App\Controllers\Dashboard))
#5 D:\laragon\www\bkk\system\CodeIgniter.php(308): CodeIgniter\CodeIgniter->handleRequest(NULL, Object(Config\Cache), false)
#6 D:\laragon\www\bkk\public\index.php(45): CodeIgniter\CodeIgniter->run()
#7 D:\laragon\www\bkk\system\Commands\Server\rewrite.php(34): require_once('D:\\laragon\\www\\...')
#8 {main}
CRITICAL - 2020-12-28 01:17:02 --> number_format() expects parameter 1 to be float, string given
#0 [internal function]: CodeIgniter\Debug\Exceptions->errorHandler(2, 'number_format()...', 'D:\\laragon\\www\\...', 142, Array)
#1 D:\laragon\www\bkk\app\Helpers\libdata_helper.php(142): number_format('', 0, ',', '.')
#2 D:\laragon\www\bkk\app\Controllers\Dashboard.php(126): format_rp('')
#3 D:\laragon\www\bkk\system\CodeIgniter.php(914): App\Controllers\Dashboard->data_work('11201')
#4 D:\laragon\www\bkk\system\CodeIgniter.php(400): CodeIgniter\CodeIgniter->runController(Object(App\Controllers\Dashboard))
#5 D:\laragon\www\bkk\system\CodeIgniter.php(308): CodeIgniter\CodeIgniter->handleRequest(NULL, Object(Config\Cache), false)
#6 D:\laragon\www\bkk\public\index.php(45): CodeIgniter\CodeIgniter->run()
#7 D:\laragon\www\bkk\system\Commands\Server\rewrite.php(34): require_once('D:\\laragon\\www\\...')
#8 {main}
CRITICAL - 2020-12-28 01:17:03 --> number_format() expects parameter 1 to be float, string given
#0 [internal function]: CodeIgniter\Debug\Exceptions->errorHandler(2, 'number_format()...', 'D:\\laragon\\www\\...', 142, Array)
#1 D:\laragon\www\bkk\app\Helpers\libdata_helper.php(142): number_format('', 0, ',', '.')
#2 D:\laragon\www\bkk\app\Controllers\Dashboard.php(126): format_rp('')
#3 D:\laragon\www\bkk\system\CodeIgniter.php(914): App\Controllers\Dashboard->data_work('11201')
#4 D:\laragon\www\bkk\system\CodeIgniter.php(400): CodeIgniter\CodeIgniter->runController(Object(App\Controllers\Dashboard))
#5 D:\laragon\www\bkk\system\CodeIgniter.php(308): CodeIgniter\CodeIgniter->handleRequest(NULL, Object(Config\Cache), false)
#6 D:\laragon\www\bkk\public\index.php(45): CodeIgniter\CodeIgniter->run()
#7 D:\laragon\www\bkk\system\Commands\Server\rewrite.php(34): require_once('D:\\laragon\\www\\...')
#8 {main}
CRITICAL - 2020-12-28 01:17:04 --> number_format() expects parameter 1 to be float, string given
#0 [internal function]: CodeIgniter\Debug\Exceptions->errorHandler(2, 'number_format()...', 'D:\\laragon\\www\\...', 142, Array)
#1 D:\laragon\www\bkk\app\Helpers\libdata_helper.php(142): number_format('', 0, ',', '.')
#2 D:\laragon\www\bkk\app\Controllers\Dashboard.php(126): format_rp('')
#3 D:\laragon\www\bkk\system\CodeIgniter.php(914): App\Controllers\Dashboard->data_work('11201')
#4 D:\laragon\www\bkk\system\CodeIgniter.php(400): CodeIgniter\CodeIgniter->runController(Object(App\Controllers\Dashboard))
#5 D:\laragon\www\bkk\system\CodeIgniter.php(308): CodeIgniter\CodeIgniter->handleRequest(NULL, Object(Config\Cache), false)
#6 D:\laragon\www\bkk\public\index.php(45): CodeIgniter\CodeIgniter->run()
#7 D:\laragon\www\bkk\system\Commands\Server\rewrite.php(34): require_once('D:\\laragon\\www\\...')
#8 {main}
CRITICAL - 2020-12-28 01:17:04 --> number_format() expects parameter 1 to be float, string given
#0 [internal function]: CodeIgniter\Debug\Exceptions->errorHandler(2, 'number_format()...', 'D:\\laragon\\www\\...', 142, Array)
#1 D:\laragon\www\bkk\app\Helpers\libdata_helper.php(142): number_format('', 0, ',', '.')
#2 D:\laragon\www\bkk\app\Controllers\Dashboard.php(126): format_rp('')
#3 D:\laragon\www\bkk\system\CodeIgniter.php(914): App\Controllers\Dashboard->data_work('11201')
#4 D:\laragon\www\bkk\system\CodeIgniter.php(400): CodeIgniter\CodeIgniter->runController(Object(App\Controllers\Dashboard))
#5 D:\laragon\www\bkk\system\CodeIgniter.php(308): CodeIgniter\CodeIgniter->handleRequest(NULL, Object(Config\Cache), false)
#6 D:\laragon\www\bkk\public\index.php(45): CodeIgniter\CodeIgniter->run()
#7 D:\laragon\www\bkk\system\Commands\Server\rewrite.php(34): require_once('D:\\laragon\\www\\...')
#8 {main}
CRITICAL - 2020-12-28 01:17:05 --> number_format() expects parameter 1 to be float, string given
#0 [internal function]: CodeIgniter\Debug\Exceptions->errorHandler(2, 'number_format()...', 'D:\\laragon\\www\\...', 142, Array)
#1 D:\laragon\www\bkk\app\Helpers\libdata_helper.php(142): number_format('', 0, ',', '.')
#2 D:\laragon\www\bkk\app\Controllers\Dashboard.php(126): format_rp('')
#3 D:\laragon\www\bkk\system\CodeIgniter.php(914): App\Controllers\Dashboard->data_work('11201')
#4 D:\laragon\www\bkk\system\CodeIgniter.php(400): CodeIgniter\CodeIgniter->runController(Object(App\Controllers\Dashboard))
#5 D:\laragon\www\bkk\system\CodeIgniter.php(308): CodeIgniter\CodeIgniter->handleRequest(NULL, Object(Config\Cache), false)
#6 D:\laragon\www\bkk\public\index.php(45): CodeIgniter\CodeIgniter->run()
#7 D:\laragon\www\bkk\system\Commands\Server\rewrite.php(34): require_once('D:\\laragon\\www\\...')
#8 {main}
CRITICAL - 2020-12-28 01:17:05 --> number_format() expects parameter 1 to be float, string given
#0 [internal function]: CodeIgniter\Debug\Exceptions->errorHandler(2, 'number_format()...', 'D:\\laragon\\www\\...', 142, Array)
#1 D:\laragon\www\bkk\app\Helpers\libdata_helper.php(142): number_format('', 0, ',', '.')
#2 D:\laragon\www\bkk\app\Controllers\Dashboard.php(126): format_rp('')
#3 D:\laragon\www\bkk\system\CodeIgniter.php(914): App\Controllers\Dashboard->data_work('11201')
#4 D:\laragon\www\bkk\system\CodeIgniter.php(400): CodeIgniter\CodeIgniter->runController(Object(App\Controllers\Dashboard))
#5 D:\laragon\www\bkk\system\CodeIgniter.php(308): CodeIgniter\CodeIgniter->handleRequest(NULL, Object(Config\Cache), false)
#6 D:\laragon\www\bkk\public\index.php(45): CodeIgniter\CodeIgniter->run()
#7 D:\laragon\www\bkk\system\Commands\Server\rewrite.php(34): require_once('D:\\laragon\\www\\...')
#8 {main}
CRITICAL - 2020-12-28 01:25:24 --> Argument 1 passed to CodeIgniter\HTTP\RedirectResponse::to() must be of the type string, null given, called in D:\laragon\www\bkk\app\Controllers\Home.php on line 914
#0 D:\laragon\www\bkk\app\Controllers\Home.php(914): CodeIgniter\HTTP\RedirectResponse->to(NULL)
#1 D:\laragon\www\bkk\system\CodeIgniter.php(914): App\Controllers\Home->pdf('11201')
#2 D:\laragon\www\bkk\system\CodeIgniter.php(400): CodeIgniter\CodeIgniter->runController(Object(App\Controllers\Home))
#3 D:\laragon\www\bkk\system\CodeIgniter.php(308): CodeIgniter\CodeIgniter->handleRequest(NULL, Object(Config\Cache), false)
#4 D:\laragon\www\bkk\public\index.php(45): CodeIgniter\CodeIgniter->run()
#5 D:\laragon\www\bkk\system\Commands\Server\rewrite.php(34): require_once('D:\\laragon\\www\\...')
#6 {main}
CRITICAL - 2020-12-28 01:26:33 --> Undefined property: stdClass::$al_work
#0 D:\laragon\www\bkk\app\Views\frontend\al.php(44): CodeIgniter\Debug\Exceptions->errorHandler(8, 'Undefined prope...', 'D:\\laragon\\www\\...', 44, Array)
#1 D:\laragon\www\bkk\system\View\View.php(246): include('D:\\laragon\\www\\...')
#2 D:\laragon\www\bkk\system\View\View.php(525): CodeIgniter\View\View->render('frontend/al', NULL, true)
#3 D:\laragon\www\bkk\app\Views\frontend\layer.php(5): CodeIgniter\View\View->include('frontend/al')
#4 D:\laragon\www\bkk\system\View\View.php(246): include('D:\\laragon\\www\\...')
#5 D:\laragon\www\bkk\system\Common.php(1087): CodeIgniter\View\View->render('frontend/layer', Array, true)
#6 D:\laragon\www\bkk\app\Controllers\Home.php(82): view('frontend/layer', Array)
#7 D:\laragon\www\bkk\app\Controllers\Home.php(45): App\Controllers\Home->_data_alumni()
#8 D:\laragon\www\bkk\system\CodeIgniter.php(914): App\Controllers\Home->dashboard('$1')
#9 D:\laragon\www\bkk\system\CodeIgniter.php(400): CodeIgniter\CodeIgniter->runController(Object(App\Controllers\Home))
#10 D:\laragon\www\bkk\system\CodeIgniter.php(308): CodeIgniter\CodeIgniter->handleRequest(NULL, Object(Config\Cache), false)
#11 D:\laragon\www\bkk\public\index.php(45): CodeIgniter\CodeIgniter->run()
#12 D:\laragon\www\bkk\system\Commands\Server\rewrite.php(34): require_once('D:\\laragon\\www\\...')
#13 {main}
CRITICAL - 2020-12-28 01:53:23 --> Undefined property: stdClass::$al_work
#0 D:\laragon\www\bkk\app\Views\frontend\al.php(44): CodeIgniter\Debug\Exceptions->errorHandler(8, 'Undefined prope...', 'D:\\laragon\\www\\...', 44, Array)
#1 D:\laragon\www\bkk\system\View\View.php(246): include('D:\\laragon\\www\\...')
#2 D:\laragon\www\bkk\system\View\View.php(525): CodeIgniter\View\View->render('frontend/al', NULL, true)
#3 D:\laragon\www\bkk\app\Views\frontend\layer.php(5): CodeIgniter\View\View->include('frontend/al')
#4 D:\laragon\www\bkk\system\View\View.php(246): include('D:\\laragon\\www\\...')
#5 D:\laragon\www\bkk\system\Common.php(1087): CodeIgniter\View\View->render('frontend/layer', Array, true)
#6 D:\laragon\www\bkk\app\Controllers\Home.php(82): view('frontend/layer', Array)
#7 D:\laragon\www\bkk\app\Controllers\Home.php(45): App\Controllers\Home->_data_alumni()
#8 D:\laragon\www\bkk\system\CodeIgniter.php(914): App\Controllers\Home->dashboard('$1')
#9 D:\laragon\www\bkk\system\CodeIgniter.php(400): CodeIgniter\CodeIgniter->runController(Object(App\Controllers\Home))
#10 D:\laragon\www\bkk\system\CodeIgniter.php(308): CodeIgniter\CodeIgniter->handleRequest(NULL, Object(Config\Cache), false)
#11 D:\laragon\www\bkk\public\index.php(45): CodeIgniter\CodeIgniter->run()
#12 D:\laragon\www\bkk\system\Commands\Server\rewrite.php(34): require_once('D:\\laragon\\www\\...')
#13 {main}
CRITICAL - 2020-12-28 01:56:54 --> Undefined property: stdClass::$al_work
#0 D:\laragon\www\bkk\app\Views\frontend\al.php(44): CodeIgniter\Debug\Exceptions->errorHandler(8, 'Undefined prope...', 'D:\\laragon\\www\\...', 44, Array)
#1 D:\laragon\www\bkk\system\View\View.php(246): include('D:\\laragon\\www\\...')
#2 D:\laragon\www\bkk\system\View\View.php(525): CodeIgniter\View\View->render('frontend/al', NULL, true)
#3 D:\laragon\www\bkk\app\Views\frontend\layer.php(5): CodeIgniter\View\View->include('frontend/al')
#4 D:\laragon\www\bkk\system\View\View.php(246): include('D:\\laragon\\www\\...')
#5 D:\laragon\www\bkk\system\Common.php(1087): CodeIgniter\View\View->render('frontend/layer', Array, true)
#6 D:\laragon\www\bkk\app\Controllers\Home.php(87): view('frontend/layer', Array)
#7 D:\laragon\www\bkk\app\Controllers\Home.php(45): App\Controllers\Home->_data_alumni()
#8 D:\laragon\www\bkk\system\CodeIgniter.php(914): App\Controllers\Home->dashboard('$1')
#9 D:\laragon\www\bkk\system\CodeIgniter.php(400): CodeIgniter\CodeIgniter->runController(Object(App\Controllers\Home))
#10 D:\laragon\www\bkk\system\CodeIgniter.php(308): CodeIgniter\CodeIgniter->handleRequest(NULL, Object(Config\Cache), false)
#11 D:\laragon\www\bkk\public\index.php(45): CodeIgniter\CodeIgniter->run()
#12 D:\laragon\www\bkk\system\Commands\Server\rewrite.php(34): require_once('D:\\laragon\\www\\...')
#13 {main}
CRITICAL - 2020-12-28 01:57:36 --> Undefined property: stdClass::$work_name
#0 D:\laragon\www\bkk\app\Views\frontend\al.php(44): CodeIgniter\Debug\Exceptions->errorHandler(8, 'Undefined prope...', 'D:\\laragon\\www\\...', 44, Array)
#1 D:\laragon\www\bkk\system\View\View.php(246): include('D:\\laragon\\www\\...')
#2 D:\laragon\www\bkk\system\View\View.php(525): CodeIgniter\View\View->render('frontend/al', NULL, true)
#3 D:\laragon\www\bkk\app\Views\frontend\layer.php(5): CodeIgniter\View\View->include('frontend/al')
#4 D:\laragon\www\bkk\system\View\View.php(246): include('D:\\laragon\\www\\...')
#5 D:\laragon\www\bkk\system\Common.php(1087): CodeIgniter\View\View->render('frontend/layer', Array, true)
#6 D:\laragon\www\bkk\app\Controllers\Home.php(87): view('frontend/layer', Array)
#7 D:\laragon\www\bkk\app\Controllers\Home.php(45): App\Controllers\Home->_data_alumni()
#8 D:\laragon\www\bkk\system\CodeIgniter.php(914): App\Controllers\Home->dashboard('$1')
#9 D:\laragon\www\bkk\system\CodeIgniter.php(400): CodeIgniter\CodeIgniter->runController(Object(App\Controllers\Home))
#10 D:\laragon\www\bkk\system\CodeIgniter.php(308): CodeIgniter\CodeIgniter->handleRequest(NULL, Object(Config\Cache), false)
#11 D:\laragon\www\bkk\public\index.php(45): CodeIgniter\CodeIgniter->run()
#12 D:\laragon\www\bkk\system\Commands\Server\rewrite.php(34): require_once('D:\\laragon\\www\\...')
#13 {main}
CRITICAL - 2020-12-28 01:57:37 --> Undefined property: stdClass::$work_name
#0 D:\laragon\www\bkk\app\Views\frontend\al.php(44): CodeIgniter\Debug\Exceptions->errorHandler(8, 'Undefined prope...', 'D:\\laragon\\www\\...', 44, Array)
#1 D:\laragon\www\bkk\system\View\View.php(246): include('D:\\laragon\\www\\...')
#2 D:\laragon\www\bkk\system\View\View.php(525): CodeIgniter\View\View->render('frontend/al', NULL, true)
#3 D:\laragon\www\bkk\app\Views\frontend\layer.php(5): CodeIgniter\View\View->include('frontend/al')
#4 D:\laragon\www\bkk\system\View\View.php(246): include('D:\\laragon\\www\\...')
#5 D:\laragon\www\bkk\system\Common.php(1087): CodeIgniter\View\View->render('frontend/layer', Array, true)
#6 D:\laragon\www\bkk\app\Controllers\Home.php(87): view('frontend/layer', Array)
#7 D:\laragon\www\bkk\app\Controllers\Home.php(45): App\Controllers\Home->_data_alumni()
#8 D:\laragon\www\bkk\system\CodeIgniter.php(914): App\Controllers\Home->dashboard('$1')
#9 D:\laragon\www\bkk\system\CodeIgniter.php(400): CodeIgniter\CodeIgniter->runController(Object(App\Controllers\Home))
#10 D:\laragon\www\bkk\system\CodeIgniter.php(308): CodeIgniter\CodeIgniter->handleRequest(NULL, Object(Config\Cache), false)
#11 D:\laragon\www\bkk\public\index.php(45): CodeIgniter\CodeIgniter->run()
#12 D:\laragon\www\bkk\system\Commands\Server\rewrite.php(34): require_once('D:\\laragon\\www\\...')
#13 {main}
CRITICAL - 2020-12-28 01:57:38 --> Undefined property: stdClass::$work_name
#0 D:\laragon\www\bkk\app\Views\frontend\al.php(44): CodeIgniter\Debug\Exceptions->errorHandler(8, 'Undefined prope...', 'D:\\laragon\\www\\...', 44, Array)
#1 D:\laragon\www\bkk\system\View\View.php(246): include('D:\\laragon\\www\\...')
#2 D:\laragon\www\bkk\system\View\View.php(525): CodeIgniter\View\View->render('frontend/al', NULL, true)
#3 D:\laragon\www\bkk\app\Views\frontend\layer.php(5): CodeIgniter\View\View->include('frontend/al')
#4 D:\laragon\www\bkk\system\View\View.php(246): include('D:\\laragon\\www\\...')
#5 D:\laragon\www\bkk\system\Common.php(1087): CodeIgniter\View\View->render('frontend/layer', Array, true)
#6 D:\laragon\www\bkk\app\Controllers\Home.php(87): view('frontend/layer', Array)
#7 D:\laragon\www\bkk\app\Controllers\Home.php(45): App\Controllers\Home->_data_alumni()
#8 D:\laragon\www\bkk\system\CodeIgniter.php(914): App\Controllers\Home->dashboard('$1')
#9 D:\laragon\www\bkk\system\CodeIgniter.php(400): CodeIgniter\CodeIgniter->runController(Object(App\Controllers\Home))
#10 D:\laragon\www\bkk\system\CodeIgniter.php(308): CodeIgniter\CodeIgniter->handleRequest(NULL, Object(Config\Cache), false)
#11 D:\laragon\www\bkk\public\index.php(45): CodeIgniter\CodeIgniter->run()
#12 D:\laragon\www\bkk\system\Commands\Server\rewrite.php(34): require_once('D:\\laragon\\www\\...')
#13 {main}
CRITICAL - 2020-12-28 01:57:52 --> Trying to access array offset on value of type null
#0 D:\laragon\www\bkk\app\Views\frontend\al.php(34): CodeIgniter\Debug\Exceptions->errorHandler(8, 'Trying to acces...', 'D:\\laragon\\www\\...', 34, Array)
#1 D:\laragon\www\bkk\system\View\View.php(246): include('D:\\laragon\\www\\...')
#2 D:\laragon\www\bkk\system\View\View.php(525): CodeIgniter\View\View->render('frontend/al', NULL, true)
#3 D:\laragon\www\bkk\app\Views\frontend\layer.php(5): CodeIgniter\View\View->include('frontend/al')
#4 D:\laragon\www\bkk\system\View\View.php(246): include('D:\\laragon\\www\\...')
#5 D:\laragon\www\bkk\system\Common.php(1087): CodeIgniter\View\View->render('frontend/layer', Array, true)
#6 D:\laragon\www\bkk\app\Controllers\Home.php(87): view('frontend/layer', Array)
#7 D:\laragon\www\bkk\app\Controllers\Home.php(45): App\Controllers\Home->_data_alumni()
#8 D:\laragon\www\bkk\system\CodeIgniter.php(914): App\Controllers\Home->dashboard('$1')
#9 D:\laragon\www\bkk\system\CodeIgniter.php(400): CodeIgniter\CodeIgniter->runController(Object(App\Controllers\Home))
#10 D:\laragon\www\bkk\system\CodeIgniter.php(308): CodeIgniter\CodeIgniter->handleRequest(NULL, Object(Config\Cache), false)
#11 D:\laragon\www\bkk\public\index.php(45): CodeIgniter\CodeIgniter->run()
#12 D:\laragon\www\bkk\system\Commands\Server\rewrite.php(34): require_once('D:\\laragon\\www\\...')
#13 {main}
CRITICAL - 2020-12-28 01:58:48 --> Undefined offset: 0
#0 D:\laragon\www\bkk\app\Views\frontend\al.php(34): CodeIgniter\Debug\Exceptions->errorHandler(8, 'Undefined offse...', 'D:\\laragon\\www\\...', 34, Array)
#1 D:\laragon\www\bkk\system\View\View.php(246): include('D:\\laragon\\www\\...')
#2 D:\laragon\www\bkk\system\View\View.php(525): CodeIgniter\View\View->render('frontend/al', NULL, true)
#3 D:\laragon\www\bkk\app\Views\frontend\layer.php(5): CodeIgniter\View\View->include('frontend/al')
#4 D:\laragon\www\bkk\system\View\View.php(246): include('D:\\laragon\\www\\...')
#5 D:\laragon\www\bkk\system\Common.php(1087): CodeIgniter\View\View->render('frontend/layer', Array, true)
#6 D:\laragon\www\bkk\app\Controllers\Home.php(87): view('frontend/layer', Array)
#7 D:\laragon\www\bkk\app\Controllers\Home.php(45): App\Controllers\Home->_data_alumni()
#8 D:\laragon\www\bkk\system\CodeIgniter.php(914): App\Controllers\Home->dashboard('$1')
#9 D:\laragon\www\bkk\system\CodeIgniter.php(400): CodeIgniter\CodeIgniter->runController(Object(App\Controllers\Home))
#10 D:\laragon\www\bkk\system\CodeIgniter.php(308): CodeIgniter\CodeIgniter->handleRequest(NULL, Object(Config\Cache), false)
#11 D:\laragon\www\bkk\public\index.php(45): CodeIgniter\CodeIgniter->run()
#12 D:\laragon\www\bkk\system\Commands\Server\rewrite.php(34): require_once('D:\\laragon\\www\\...')
#13 {main}
CRITICAL - 2020-12-28 02:38:48 --> Unknown column 'al_work' in 'field list'
#0 D:\laragon\www\bkk\system\Database\MySQLi\Connection.php(331): mysqli->query('UPDATE `tb_al` ...')
#1 D:\laragon\www\bkk\system\Database\BaseConnection.php(738): CodeIgniter\Database\MySQLi\Connection->execute('UPDATE `tb_al` ...')
#2 D:\laragon\www\bkk\system\Database\BaseConnection.php(666): CodeIgniter\Database\BaseConnection->simpleQuery('UPDATE `tb_al` ...')
#3 D:\laragon\www\bkk\system\Database\BaseBuilder.php(2441): CodeIgniter\Database\BaseConnection->query('UPDATE `tb_al` ...', Array, false)
#4 D:\laragon\www\bkk\app\Models\Mdata.php(191): CodeIgniter\Database\BaseBuilder->update(Array, Array)
#5 D:\laragon\www\bkk\app\Controllers\Home.php(526): App\Models\Mdata->ud(Array, 'tb_al', Array)
#6 D:\laragon\www\bkk\system\CodeIgniter.php(914): App\Controllers\Home->act_al()
#7 D:\laragon\www\bkk\system\CodeIgniter.php(400): CodeIgniter\CodeIgniter->runController(Object(App\Controllers\Home))
#8 D:\laragon\www\bkk\system\CodeIgniter.php(308): CodeIgniter\CodeIgniter->handleRequest(NULL, Object(Config\Cache), false)
#9 D:\laragon\www\bkk\public\index.php(45): CodeIgniter\CodeIgniter->run()
#10 D:\laragon\www\bkk\system\Commands\Server\rewrite.php(34): require_once('D:\\laragon\\www\\...')
#11 {main}
CRITICAL - 2020-12-28 02:39:00 --> Unknown column 'al_work' in 'field list'
#0 D:\laragon\www\bkk\system\Database\MySQLi\Connection.php(331): mysqli->query('UPDATE `tb_al` ...')
#1 D:\laragon\www\bkk\system\Database\BaseConnection.php(738): CodeIgniter\Database\MySQLi\Connection->execute('UPDATE `tb_al` ...')
#2 D:\laragon\www\bkk\system\Database\BaseConnection.php(666): CodeIgniter\Database\BaseConnection->simpleQuery('UPDATE `tb_al` ...')
#3 D:\laragon\www\bkk\system\Database\BaseBuilder.php(2441): CodeIgniter\Database\BaseConnection->query('UPDATE `tb_al` ...', Array, false)
#4 D:\laragon\www\bkk\app\Models\Mdata.php(191): CodeIgniter\Database\BaseBuilder->update(Array, Array)
#5 D:\laragon\www\bkk\app\Controllers\Home.php(526): App\Models\Mdata->ud(Array, 'tb_al', Array)
#6 D:\laragon\www\bkk\system\CodeIgniter.php(914): App\Controllers\Home->act_al()
#7 D:\laragon\www\bkk\system\CodeIgniter.php(400): CodeIgniter\CodeIgniter->runController(Object(App\Controllers\Home))
#8 D:\laragon\www\bkk\system\CodeIgniter.php(308): CodeIgniter\CodeIgniter->handleRequest(NULL, Object(Config\Cache), false)
#9 D:\laragon\www\bkk\public\index.php(45): CodeIgniter\CodeIgniter->run()
#10 D:\laragon\www\bkk\system\Commands\Server\rewrite.php(34): require_once('D:\\laragon\\www\\...')
#11 {main}
