CRITICAL - 2020-11-26 11:08:36 --> No connection could be made because the target machine actively refused it.

#0 D:\laragon\www\bkk\system\Database\BaseConnection.php(377): CodeIgniter\Database\MySQLi\Connection->connect(false)
#1 D:\laragon\www\bkk\system\Database\BaseConnection.php(643): CodeIgniter\Database\BaseConnection->initialize()
#2 D:\laragon\www\bkk\system\Database\BaseBuilder.php(1845): CodeIgniter\Database\BaseConnection->query('SELECT *, SUM(`...', Array, false)
#3 D:\laragon\www\bkk\app\Models\Mdata.php(42): CodeIgniter\Database\BaseBuilder->get()
#4 D:\laragon\www\bkk\app\Helpers\libdata_helper.php(29): App\Models\Mdata->join_sum(Array, Array, Array, Array)
#5 D:\laragon\www\bkk\app\Views\template\base.php(12): jum(1, 0)
#6 D:\laragon\www\bkk\system\View\View.php(246): include('D:\\laragon\\www\\...')
#7 D:\laragon\www\bkk\system\View\View.php(257): CodeIgniter\View\View->render('template/base', Array, true)
#8 D:\laragon\www\bkk\system\Common.php(1087): CodeIgniter\View\View->render('template/layer', Array, true)
#9 D:\laragon\www\bkk\app\Controllers\Home.php(23): view('template/layer', Array)
#10 D:\laragon\www\bkk\system\CodeIgniter.php(914): App\Controllers\Home->index()
#11 D:\laragon\www\bkk\system\CodeIgniter.php(400): CodeIgniter\CodeIgniter->runController(Object(App\Controllers\Home))
#12 D:\laragon\www\bkk\system\CodeIgniter.php(308): CodeIgniter\CodeIgniter->handleRequest(NULL, Object(Config\Cache), false)
#13 D:\laragon\www\bkk\public\index.php(45): CodeIgniter\CodeIgniter->run()
#14 D:\laragon\www\bkk\system\Commands\Server\rewrite.php(34): require_once('D:\\laragon\\www\\...')
#15 {main}
CRITICAL - 2020-11-26 21:27:21 --> No connection could be made because the target machine actively refused it.

#0 D:\laragon\www\bkk\system\Database\BaseConnection.php(377): CodeIgniter\Database\MySQLi\Connection->connect(false)
#1 D:\laragon\www\bkk\system\Database\BaseConnection.php(643): CodeIgniter\Database\BaseConnection->initialize()
#2 D:\laragon\www\bkk\system\Database\BaseBuilder.php(1845): CodeIgniter\Database\BaseConnection->query('SELECT *, SUM(`...', Array, false)
#3 D:\laragon\www\bkk\app\Models\Mdata.php(42): CodeIgniter\Database\BaseBuilder->get()
#4 D:\laragon\www\bkk\app\Helpers\libdata_helper.php(29): App\Models\Mdata->join_sum(Array, Array, Array, Array)
#5 D:\laragon\www\bkk\app\Views\template\base.php(12): jum(1, 0)
#6 D:\laragon\www\bkk\system\View\View.php(246): include('D:\\laragon\\www\\...')
#7 D:\laragon\www\bkk\system\View\View.php(257): CodeIgniter\View\View->render('template/base', Array, true)
#8 D:\laragon\www\bkk\system\Common.php(1087): CodeIgniter\View\View->render('template/layer', Array, true)
#9 D:\laragon\www\bkk\app\Controllers\Home.php(23): view('template/layer', Array)
#10 D:\laragon\www\bkk\system\CodeIgniter.php(914): App\Controllers\Home->index()
#11 D:\laragon\www\bkk\system\CodeIgniter.php(400): CodeIgniter\CodeIgniter->runController(Object(App\Controllers\Home))
#12 D:\laragon\www\bkk\system\CodeIgniter.php(308): CodeIgniter\CodeIgniter->handleRequest(NULL, Object(Config\Cache), false)
#13 D:\laragon\www\bkk\public\index.php(45): CodeIgniter\CodeIgniter->run()
#14 D:\laragon\www\bkk\system\Commands\Server\rewrite.php(34): require_once('D:\\laragon\\www\\...')
#15 {main}
CRITICAL - 2020-11-26 21:27:26 --> No connection could be made because the target machine actively refused it.

#0 D:\laragon\www\bkk\system\Database\BaseConnection.php(377): CodeIgniter\Database\MySQLi\Connection->connect(false)
#1 D:\laragon\www\bkk\system\Database\BaseConnection.php(643): CodeIgniter\Database\BaseConnection->initialize()
#2 D:\laragon\www\bkk\system\Database\BaseBuilder.php(1845): CodeIgniter\Database\BaseConnection->query('SELECT *, SUM(`...', Array, false)
#3 D:\laragon\www\bkk\app\Models\Mdata.php(42): CodeIgniter\Database\BaseBuilder->get()
#4 D:\laragon\www\bkk\app\Helpers\libdata_helper.php(29): App\Models\Mdata->join_sum(Array, Array, Array, Array)
#5 D:\laragon\www\bkk\app\Views\template\base.php(12): jum(1, 0)
#6 D:\laragon\www\bkk\system\View\View.php(246): include('D:\\laragon\\www\\...')
#7 D:\laragon\www\bkk\system\View\View.php(257): CodeIgniter\View\View->render('template/base', Array, true)
#8 D:\laragon\www\bkk\system\Common.php(1087): CodeIgniter\View\View->render('template/layer', Array, true)
#9 D:\laragon\www\bkk\app\Controllers\Home.php(23): view('template/layer', Array)
#10 D:\laragon\www\bkk\system\CodeIgniter.php(914): App\Controllers\Home->index()
#11 D:\laragon\www\bkk\system\CodeIgniter.php(400): CodeIgniter\CodeIgniter->runController(Object(App\Controllers\Home))
#12 D:\laragon\www\bkk\system\CodeIgniter.php(308): CodeIgniter\CodeIgniter->handleRequest(NULL, Object(Config\Cache), false)
#13 D:\laragon\www\bkk\public\index.php(45): CodeIgniter\CodeIgniter->run()
#14 D:\laragon\www\bkk\system\Commands\Server\rewrite.php(34): require_once('D:\\laragon\\www\\...')
#15 {main}
CRITICAL - 2020-11-26 22:38:42 --> Undefined variable: session
#0 D:\laragon\www\bkk\app\Views\data\alumni.php(14): CodeIgniter\Debug\Exceptions->errorHandler(8, 'Undefined varia...', 'D:\\laragon\\www\\...', 14, Array)
#1 D:\laragon\www\bkk\system\View\View.php(246): include('D:\\laragon\\www\\...')
#2 D:\laragon\www\bkk\system\View\View.php(525): CodeIgniter\View\View->render('data/alumni', NULL, true)
#3 D:\laragon\www\bkk\app\Views\template\layer.php(5): CodeIgniter\View\View->include('data/alumni')
#4 D:\laragon\www\bkk\system\View\View.php(246): include('D:\\laragon\\www\\...')
#5 D:\laragon\www\bkk\system\Common.php(1087): CodeIgniter\View\View->render('template/layer', Array, true)
#6 D:\laragon\www\bkk\app\Controllers\Dashboard.php(136): view('template/layer', Array)
#7 D:\laragon\www\bkk\app\Controllers\Dashboard.php(116): App\Controllers\Dashboard->_alumni()
#8 D:\laragon\www\bkk\system\CodeIgniter.php(914): App\Controllers\Dashboard->data('alumni')
#9 D:\laragon\www\bkk\system\CodeIgniter.php(400): CodeIgniter\CodeIgniter->runController(Object(App\Controllers\Dashboard))
#10 D:\laragon\www\bkk\system\CodeIgniter.php(308): CodeIgniter\CodeIgniter->handleRequest(NULL, Object(Config\Cache), false)
#11 D:\laragon\www\bkk\public\index.php(45): CodeIgniter\CodeIgniter->run()
#12 D:\laragon\www\bkk\system\Commands\Server\rewrite.php(34): require_once('D:\\laragon\\www\\...')
#13 {main}
CRITICAL - 2020-11-26 22:44:40 --> Call to undefined method CodeIgniter\Session\Session::set_flashdata()
#0 D:\laragon\www\bkk\system\CodeIgniter.php(914): App\Controllers\Dashboard->csv()
#1 D:\laragon\www\bkk\system\CodeIgniter.php(400): CodeIgniter\CodeIgniter->runController(Object(App\Controllers\Dashboard))
#2 D:\laragon\www\bkk\system\CodeIgniter.php(308): CodeIgniter\CodeIgniter->handleRequest(NULL, Object(Config\Cache), false)
#3 D:\laragon\www\bkk\public\index.php(45): CodeIgniter\CodeIgniter->run()
#4 D:\laragon\www\bkk\system\Commands\Server\rewrite.php(34): require_once('D:\\laragon\\www\\...')
#5 {main}
CRITICAL - 2020-11-26 22:44:41 --> Call to undefined method CodeIgniter\Session\Session::set_flashdata()
#0 D:\laragon\www\bkk\system\CodeIgniter.php(914): App\Controllers\Dashboard->csv()
#1 D:\laragon\www\bkk\system\CodeIgniter.php(400): CodeIgniter\CodeIgniter->runController(Object(App\Controllers\Dashboard))
#2 D:\laragon\www\bkk\system\CodeIgniter.php(308): CodeIgniter\CodeIgniter->handleRequest(NULL, Object(Config\Cache), false)
#3 D:\laragon\www\bkk\public\index.php(45): CodeIgniter\CodeIgniter->run()
#4 D:\laragon\www\bkk\system\Commands\Server\rewrite.php(34): require_once('D:\\laragon\\www\\...')
#5 {main}
CRITICAL - 2020-11-26 22:44:46 --> Call to undefined method CodeIgniter\Session\Session::set_flashdata()
#0 D:\laragon\www\bkk\system\CodeIgniter.php(914): App\Controllers\Dashboard->csv()
#1 D:\laragon\www\bkk\system\CodeIgniter.php(400): CodeIgniter\CodeIgniter->runController(Object(App\Controllers\Dashboard))
#2 D:\laragon\www\bkk\system\CodeIgniter.php(308): CodeIgniter\CodeIgniter->handleRequest(NULL, Object(Config\Cache), false)
#3 D:\laragon\www\bkk\public\index.php(45): CodeIgniter\CodeIgniter->run()
#4 D:\laragon\www\bkk\system\Commands\Server\rewrite.php(34): require_once('D:\\laragon\\www\\...')
#5 {main}
CRITICAL - 2020-11-26 22:47:54 --> Undefined property: App\Controllers\Dashboard::$session
#0 D:\laragon\www\bkk\app\Controllers\Dashboard.php(1450): CodeIgniter\Debug\Exceptions->errorHandler(8, 'Undefined prope...', 'D:\\laragon\\www\\...', 1450, Array)
#1 D:\laragon\www\bkk\system\CodeIgniter.php(914): App\Controllers\Dashboard->csv()
#2 D:\laragon\www\bkk\system\CodeIgniter.php(400): CodeIgniter\CodeIgniter->runController(Object(App\Controllers\Dashboard))
#3 D:\laragon\www\bkk\system\CodeIgniter.php(308): CodeIgniter\CodeIgniter->handleRequest(NULL, Object(Config\Cache), false)
#4 D:\laragon\www\bkk\public\index.php(45): CodeIgniter\CodeIgniter->run()
#5 D:\laragon\www\bkk\system\Commands\Server\rewrite.php(34): require_once('D:\\laragon\\www\\...')
#6 {main}
CRITICAL - 2020-11-26 22:47:56 --> Undefined property: App\Controllers\Dashboard::$session
#0 D:\laragon\www\bkk\app\Controllers\Dashboard.php(1450): CodeIgniter\Debug\Exceptions->errorHandler(8, 'Undefined prope...', 'D:\\laragon\\www\\...', 1450, Array)
#1 D:\laragon\www\bkk\system\CodeIgniter.php(914): App\Controllers\Dashboard->csv()
#2 D:\laragon\www\bkk\system\CodeIgniter.php(400): CodeIgniter\CodeIgniter->runController(Object(App\Controllers\Dashboard))
#3 D:\laragon\www\bkk\system\CodeIgniter.php(308): CodeIgniter\CodeIgniter->handleRequest(NULL, Object(Config\Cache), false)
#4 D:\laragon\www\bkk\public\index.php(45): CodeIgniter\CodeIgniter->run()
#5 D:\laragon\www\bkk\system\Commands\Server\rewrite.php(34): require_once('D:\\laragon\\www\\...')
#6 {main}
CRITICAL - 2020-11-26 22:47:56 --> Undefined property: App\Controllers\Dashboard::$session
#0 D:\laragon\www\bkk\app\Controllers\Dashboard.php(1450): CodeIgniter\Debug\Exceptions->errorHandler(8, 'Undefined prope...', 'D:\\laragon\\www\\...', 1450, Array)
#1 D:\laragon\www\bkk\system\CodeIgniter.php(914): App\Controllers\Dashboard->csv()
#2 D:\laragon\www\bkk\system\CodeIgniter.php(400): CodeIgniter\CodeIgniter->runController(Object(App\Controllers\Dashboard))
#3 D:\laragon\www\bkk\system\CodeIgniter.php(308): CodeIgniter\CodeIgniter->handleRequest(NULL, Object(Config\Cache), false)
#4 D:\laragon\www\bkk\public\index.php(45): CodeIgniter\CodeIgniter->run()
#5 D:\laragon\www\bkk\system\Commands\Server\rewrite.php(34): require_once('D:\\laragon\\www\\...')
#6 {main}
CRITICAL - 2020-11-26 22:47:56 --> Undefined property: App\Controllers\Dashboard::$session
#0 D:\laragon\www\bkk\app\Controllers\Dashboard.php(1450): CodeIgniter\Debug\Exceptions->errorHandler(8, 'Undefined prope...', 'D:\\laragon\\www\\...', 1450, Array)
#1 D:\laragon\www\bkk\system\CodeIgniter.php(914): App\Controllers\Dashboard->csv()
#2 D:\laragon\www\bkk\system\CodeIgniter.php(400): CodeIgniter\CodeIgniter->runController(Object(App\Controllers\Dashboard))
#3 D:\laragon\www\bkk\system\CodeIgniter.php(308): CodeIgniter\CodeIgniter->handleRequest(NULL, Object(Config\Cache), false)
#4 D:\laragon\www\bkk\public\index.php(45): CodeIgniter\CodeIgniter->run()
#5 D:\laragon\www\bkk\system\Commands\Server\rewrite.php(34): require_once('D:\\laragon\\www\\...')
#6 {main}
CRITICAL - 2020-11-26 22:48:00 --> Undefined property: App\Controllers\Dashboard::$session
#0 D:\laragon\www\bkk\app\Controllers\Dashboard.php(1450): CodeIgniter\Debug\Exceptions->errorHandler(8, 'Undefined prope...', 'D:\\laragon\\www\\...', 1450, Array)
#1 D:\laragon\www\bkk\system\CodeIgniter.php(914): App\Controllers\Dashboard->csv()
#2 D:\laragon\www\bkk\system\CodeIgniter.php(400): CodeIgniter\CodeIgniter->runController(Object(App\Controllers\Dashboard))
#3 D:\laragon\www\bkk\system\CodeIgniter.php(308): CodeIgniter\CodeIgniter->handleRequest(NULL, Object(Config\Cache), false)
#4 D:\laragon\www\bkk\public\index.php(45): CodeIgniter\CodeIgniter->run()
#5 D:\laragon\www\bkk\system\Commands\Server\rewrite.php(34): require_once('D:\\laragon\\www\\...')
#6 {main}
CRITICAL - 2020-11-26 23:55:13 --> 
#0 D:\laragon\www\bkk\system\HTTP\RedirectResponse.php(92): CodeIgniter\HTTP\Exceptions\HTTPException::forInvalidRedirectRoute('')
#1 D:\laragon\www\bkk\system\Common.php(813): CodeIgniter\HTTP\RedirectResponse->route(false)
#2 D:\laragon\www\bkk\app\Controllers\Dashboard.php(1463): redirect('/dashboard/data...')
#3 D:\laragon\www\bkk\system\CodeIgniter.php(914): App\Controllers\Dashboard->csv()
#4 D:\laragon\www\bkk\system\CodeIgniter.php(400): CodeIgniter\CodeIgniter->runController(Object(App\Controllers\Dashboard))
#5 D:\laragon\www\bkk\system\CodeIgniter.php(308): CodeIgniter\CodeIgniter->handleRequest(NULL, Object(Config\Cache), false)
#6 D:\laragon\www\bkk\public\index.php(45): CodeIgniter\CodeIgniter->run()
#7 D:\laragon\www\bkk\system\Commands\Server\rewrite.php(34): require_once('D:\\laragon\\www\\...')
#8 {main}
CRITICAL - 2020-11-26 23:55:14 --> 
#0 D:\laragon\www\bkk\system\HTTP\RedirectResponse.php(92): CodeIgniter\HTTP\Exceptions\HTTPException::forInvalidRedirectRoute('')
#1 D:\laragon\www\bkk\system\Common.php(813): CodeIgniter\HTTP\RedirectResponse->route(false)
#2 D:\laragon\www\bkk\app\Controllers\Dashboard.php(1463): redirect('/dashboard/data...')
#3 D:\laragon\www\bkk\system\CodeIgniter.php(914): App\Controllers\Dashboard->csv()
#4 D:\laragon\www\bkk\system\CodeIgniter.php(400): CodeIgniter\CodeIgniter->runController(Object(App\Controllers\Dashboard))
#5 D:\laragon\www\bkk\system\CodeIgniter.php(308): CodeIgniter\CodeIgniter->handleRequest(NULL, Object(Config\Cache), false)
#6 D:\laragon\www\bkk\public\index.php(45): CodeIgniter\CodeIgniter->run()
#7 D:\laragon\www\bkk\system\Commands\Server\rewrite.php(34): require_once('D:\\laragon\\www\\...')
#8 {main}
CRITICAL - 2020-11-26 23:55:14 --> 
#0 D:\laragon\www\bkk\system\HTTP\RedirectResponse.php(92): CodeIgniter\HTTP\Exceptions\HTTPException::forInvalidRedirectRoute('')
#1 D:\laragon\www\bkk\system\Common.php(813): CodeIgniter\HTTP\RedirectResponse->route(false)
#2 D:\laragon\www\bkk\app\Controllers\Dashboard.php(1463): redirect('/dashboard/data...')
#3 D:\laragon\www\bkk\system\CodeIgniter.php(914): App\Controllers\Dashboard->csv()
#4 D:\laragon\www\bkk\system\CodeIgniter.php(400): CodeIgniter\CodeIgniter->runController(Object(App\Controllers\Dashboard))
#5 D:\laragon\www\bkk\system\CodeIgniter.php(308): CodeIgniter\CodeIgniter->handleRequest(NULL, Object(Config\Cache), false)
#6 D:\laragon\www\bkk\public\index.php(45): CodeIgniter\CodeIgniter->run()
#7 D:\laragon\www\bkk\system\Commands\Server\rewrite.php(34): require_once('D:\\laragon\\www\\...')
#8 {main}
CRITICAL - 2020-11-26 23:55:19 --> 
#0 D:\laragon\www\bkk\system\HTTP\RedirectResponse.php(92): CodeIgniter\HTTP\Exceptions\HTTPException::forInvalidRedirectRoute('')
#1 D:\laragon\www\bkk\system\Common.php(813): CodeIgniter\HTTP\RedirectResponse->route(false)
#2 D:\laragon\www\bkk\app\Controllers\Dashboard.php(1463): redirect('/dashboard/data...')
#3 D:\laragon\www\bkk\system\CodeIgniter.php(914): App\Controllers\Dashboard->csv()
#4 D:\laragon\www\bkk\system\CodeIgniter.php(400): CodeIgniter\CodeIgniter->runController(Object(App\Controllers\Dashboard))
#5 D:\laragon\www\bkk\system\CodeIgniter.php(308): CodeIgniter\CodeIgniter->handleRequest(NULL, Object(Config\Cache), false)
#6 D:\laragon\www\bkk\public\index.php(45): CodeIgniter\CodeIgniter->run()
#7 D:\laragon\www\bkk\system\Commands\Server\rewrite.php(34): require_once('D:\\laragon\\www\\...')
#8 {main}
CRITICAL - 2020-11-26 23:59:50 --> 
#0 D:\laragon\www\bkk\system\HTTP\RedirectResponse.php(92): CodeIgniter\HTTP\Exceptions\HTTPException::forInvalidRedirectRoute('')
#1 D:\laragon\www\bkk\system\Common.php(813): CodeIgniter\HTTP\RedirectResponse->route(false)
#2 D:\laragon\www\bkk\app\Controllers\Dashboard.php(1463): redirect('/dashboard/data...')
#3 D:\laragon\www\bkk\system\CodeIgniter.php(914): App\Controllers\Dashboard->csv()
#4 D:\laragon\www\bkk\system\CodeIgniter.php(400): CodeIgniter\CodeIgniter->runController(Object(App\Controllers\Dashboard))
#5 D:\laragon\www\bkk\system\CodeIgniter.php(308): CodeIgniter\CodeIgniter->handleRequest(NULL, Object(Config\Cache), false)
#6 D:\laragon\www\bkk\public\index.php(45): CodeIgniter\CodeIgniter->run()
#7 D:\laragon\www\bkk\system\Commands\Server\rewrite.php(34): require_once('D:\\laragon\\www\\...')
#8 {main}
