CRITICAL - 2020-11-27 00:04:32 --> array_combine(): Both parameters should have an equal number of elements
#0 [internal function]: CodeIgniter\Debug\Exceptions->errorHandler(2, 'array_combine()...', 'D:\\laragon\\www\\...', 1435, Array)
#1 D:\laragon\www\bkk\app\Controllers\Dashboard.php(1435): array_combine(Array, Array)
#2 D:\laragon\www\bkk\system\CodeIgniter.php(914): App\Controllers\Dashboard->csv()
#3 D:\laragon\www\bkk\system\CodeIgniter.php(400): CodeIgniter\CodeIgniter->runController(Object(App\Controllers\Dashboard))
#4 D:\laragon\www\bkk\system\CodeIgniter.php(308): CodeIgniter\CodeIgniter->handleRequest(NULL, Object(Config\Cache), false)
#5 D:\laragon\www\bkk\public\index.php(45): CodeIgniter\CodeIgniter->run()
#6 D:\laragon\www\bkk\system\Commands\Server\rewrite.php(34): require_once('D:\\laragon\\www\\...')
#7 {main}
CRITICAL - 2020-11-27 00:04:33 --> array_combine(): Both parameters should have an equal number of elements
#0 [internal function]: CodeIgniter\Debug\Exceptions->errorHandler(2, 'array_combine()...', 'D:\\laragon\\www\\...', 1435, Array)
#1 D:\laragon\www\bkk\app\Controllers\Dashboard.php(1435): array_combine(Array, Array)
#2 D:\laragon\www\bkk\system\CodeIgniter.php(914): App\Controllers\Dashboard->csv()
#3 D:\laragon\www\bkk\system\CodeIgniter.php(400): CodeIgniter\CodeIgniter->runController(Object(App\Controllers\Dashboard))
#4 D:\laragon\www\bkk\system\CodeIgniter.php(308): CodeIgniter\CodeIgniter->handleRequest(NULL, Object(Config\Cache), false)
#5 D:\laragon\www\bkk\public\index.php(45): CodeIgniter\CodeIgniter->run()
#6 D:\laragon\www\bkk\system\Commands\Server\rewrite.php(34): require_once('D:\\laragon\\www\\...')
#7 {main}
CRITICAL - 2020-11-27 00:04:34 --> array_combine(): Both parameters should have an equal number of elements
#0 [internal function]: CodeIgniter\Debug\Exceptions->errorHandler(2, 'array_combine()...', 'D:\\laragon\\www\\...', 1435, Array)
#1 D:\laragon\www\bkk\app\Controllers\Dashboard.php(1435): array_combine(Array, Array)
#2 D:\laragon\www\bkk\system\CodeIgniter.php(914): App\Controllers\Dashboard->csv()
#3 D:\laragon\www\bkk\system\CodeIgniter.php(400): CodeIgniter\CodeIgniter->runController(Object(App\Controllers\Dashboard))
#4 D:\laragon\www\bkk\system\CodeIgniter.php(308): CodeIgniter\CodeIgniter->handleRequest(NULL, Object(Config\Cache), false)
#5 D:\laragon\www\bkk\public\index.php(45): CodeIgniter\CodeIgniter->run()
#6 D:\laragon\www\bkk\system\Commands\Server\rewrite.php(34): require_once('D:\\laragon\\www\\...')
#7 {main}
CRITICAL - 2020-11-27 00:04:34 --> array_combine(): Both parameters should have an equal number of elements
#0 [internal function]: CodeIgniter\Debug\Exceptions->errorHandler(2, 'array_combine()...', 'D:\\laragon\\www\\...', 1435, Array)
#1 D:\laragon\www\bkk\app\Controllers\Dashboard.php(1435): array_combine(Array, Array)
#2 D:\laragon\www\bkk\system\CodeIgniter.php(914): App\Controllers\Dashboard->csv()
#3 D:\laragon\www\bkk\system\CodeIgniter.php(400): CodeIgniter\CodeIgniter->runController(Object(App\Controllers\Dashboard))
#4 D:\laragon\www\bkk\system\CodeIgniter.php(308): CodeIgniter\CodeIgniter->handleRequest(NULL, Object(Config\Cache), false)
#5 D:\laragon\www\bkk\public\index.php(45): CodeIgniter\CodeIgniter->run()
#6 D:\laragon\www\bkk\system\Commands\Server\rewrite.php(34): require_once('D:\\laragon\\www\\...')
#7 {main}
CRITICAL - 2020-11-27 00:04:38 --> array_combine(): Both parameters should have an equal number of elements
#0 [internal function]: CodeIgniter\Debug\Exceptions->errorHandler(2, 'array_combine()...', 'D:\\laragon\\www\\...', 1435, Array)
#1 D:\laragon\www\bkk\app\Controllers\Dashboard.php(1435): array_combine(Array, Array)
#2 D:\laragon\www\bkk\system\CodeIgniter.php(914): App\Controllers\Dashboard->csv()
#3 D:\laragon\www\bkk\system\CodeIgniter.php(400): CodeIgniter\CodeIgniter->runController(Object(App\Controllers\Dashboard))
#4 D:\laragon\www\bkk\system\CodeIgniter.php(308): CodeIgniter\CodeIgniter->handleRequest(NULL, Object(Config\Cache), false)
#5 D:\laragon\www\bkk\public\index.php(45): CodeIgniter\CodeIgniter->run()
#6 D:\laragon\www\bkk\system\Commands\Server\rewrite.php(34): require_once('D:\\laragon\\www\\...')
#7 {main}
CRITICAL - 2020-11-27 00:26:34 --> Table 'bkk.tb_q' doesn't exist
#0 D:\laragon\www\bkk\system\Database\MySQLi\Connection.php(331): mysqli->query('SELECT *\nFROM `...')
#1 D:\laragon\www\bkk\system\Database\BaseConnection.php(738): CodeIgniter\Database\MySQLi\Connection->execute('SELECT *\nFROM `...')
#2 D:\laragon\www\bkk\system\Database\BaseConnection.php(666): CodeIgniter\Database\BaseConnection->simpleQuery('SELECT *\nFROM `...')
#3 D:\laragon\www\bkk\system\Database\BaseBuilder.php(1845): CodeIgniter\Database\BaseConnection->query('SELECT *\nFROM `...', Array, false)
#4 D:\laragon\www\bkk\app\Models\Mdata.php(57): CodeIgniter\Database\BaseBuilder->get()
#5 D:\laragon\www\bkk\app\Controllers\Dashboard.php(266): App\Models\Mdata->view('tb_q')
#6 D:\laragon\www\bkk\system\CodeIgniter.php(914): App\Controllers\Dashboard->data_question()
#7 D:\laragon\www\bkk\system\CodeIgniter.php(400): CodeIgniter\CodeIgniter->runController(Object(App\Controllers\Dashboard))
#8 D:\laragon\www\bkk\system\CodeIgniter.php(308): CodeIgniter\CodeIgniter->handleRequest(NULL, Object(Config\Cache), false)
#9 D:\laragon\www\bkk\public\index.php(45): CodeIgniter\CodeIgniter->run()
#10 D:\laragon\www\bkk\system\Commands\Server\rewrite.php(34): require_once('D:\\laragon\\www\\...')
#11 {main}
CRITICAL - 2020-11-27 00:26:43 --> Table 'bkk.tb_q' doesn't exist
#0 D:\laragon\www\bkk\system\Database\MySQLi\Connection.php(331): mysqli->query('SELECT *\nFROM `...')
#1 D:\laragon\www\bkk\system\Database\BaseConnection.php(738): CodeIgniter\Database\MySQLi\Connection->execute('SELECT *\nFROM `...')
#2 D:\laragon\www\bkk\system\Database\BaseConnection.php(666): CodeIgniter\Database\BaseConnection->simpleQuery('SELECT *\nFROM `...')
#3 D:\laragon\www\bkk\system\Database\BaseBuilder.php(1845): CodeIgniter\Database\BaseConnection->query('SELECT *\nFROM `...', Array, false)
#4 D:\laragon\www\bkk\app\Models\Mdata.php(57): CodeIgniter\Database\BaseBuilder->get()
#5 D:\laragon\www\bkk\app\Controllers\Dashboard.php(266): App\Models\Mdata->view('tb_q')
#6 D:\laragon\www\bkk\system\CodeIgniter.php(914): App\Controllers\Dashboard->data_question()
#7 D:\laragon\www\bkk\system\CodeIgniter.php(400): CodeIgniter\CodeIgniter->runController(Object(App\Controllers\Dashboard))
#8 D:\laragon\www\bkk\system\CodeIgniter.php(308): CodeIgniter\CodeIgniter->handleRequest(NULL, Object(Config\Cache), false)
#9 D:\laragon\www\bkk\public\index.php(45): CodeIgniter\CodeIgniter->run()
#10 D:\laragon\www\bkk\system\Commands\Server\rewrite.php(34): require_once('D:\\laragon\\www\\...')
#11 {main}
CRITICAL - 2020-11-27 01:58:35 --> Undefined property: App\Validation\MyRules::$mdata
#0 D:\laragon\www\bkk\app\Validation\MyRules.php(13): CodeIgniter\Debug\Exceptions->errorHandler(8, 'Undefined prope...', 'D:\\laragon\\www\\...', 13, Array)
#1 D:\laragon\www\bkk\system\Validation\Validation.php(294): App\Validation\MyRules->nis('', NULL)
#2 D:\laragon\www\bkk\system\Validation\Validation.php(189): CodeIgniter\Validation\Validation->processRules('nis', 'NIS', '', Array, Array)
#3 D:\laragon\www\bkk\app\Controllers\Home.php(113): CodeIgniter\Validation\Validation->run()
#4 D:\laragon\www\bkk\system\CodeIgniter.php(914): App\Controllers\Home->reg()
#5 D:\laragon\www\bkk\system\CodeIgniter.php(400): CodeIgniter\CodeIgniter->runController(Object(App\Controllers\Home))
#6 D:\laragon\www\bkk\system\CodeIgniter.php(308): CodeIgniter\CodeIgniter->handleRequest(NULL, Object(Config\Cache), false)
#7 D:\laragon\www\bkk\public\index.php(45): CodeIgniter\CodeIgniter->run()
#8 D:\laragon\www\bkk\system\Commands\Server\rewrite.php(34): require_once('D:\\laragon\\www\\...')
#9 {main}
CRITICAL - 2020-11-27 01:58:36 --> Undefined property: App\Validation\MyRules::$mdata
#0 D:\laragon\www\bkk\app\Validation\MyRules.php(13): CodeIgniter\Debug\Exceptions->errorHandler(8, 'Undefined prope...', 'D:\\laragon\\www\\...', 13, Array)
#1 D:\laragon\www\bkk\system\Validation\Validation.php(294): App\Validation\MyRules->nis('', NULL)
#2 D:\laragon\www\bkk\system\Validation\Validation.php(189): CodeIgniter\Validation\Validation->processRules('nis', 'NIS', '', Array, Array)
#3 D:\laragon\www\bkk\app\Controllers\Home.php(113): CodeIgniter\Validation\Validation->run()
#4 D:\laragon\www\bkk\system\CodeIgniter.php(914): App\Controllers\Home->reg()
#5 D:\laragon\www\bkk\system\CodeIgniter.php(400): CodeIgniter\CodeIgniter->runController(Object(App\Controllers\Home))
#6 D:\laragon\www\bkk\system\CodeIgniter.php(308): CodeIgniter\CodeIgniter->handleRequest(NULL, Object(Config\Cache), false)
#7 D:\laragon\www\bkk\public\index.php(45): CodeIgniter\CodeIgniter->run()
#8 D:\laragon\www\bkk\system\Commands\Server\rewrite.php(34): require_once('D:\\laragon\\www\\...')
#9 {main}
CRITICAL - 2020-11-27 01:58:37 --> Undefined property: App\Validation\MyRules::$mdata
#0 D:\laragon\www\bkk\app\Validation\MyRules.php(13): CodeIgniter\Debug\Exceptions->errorHandler(8, 'Undefined prope...', 'D:\\laragon\\www\\...', 13, Array)
#1 D:\laragon\www\bkk\system\Validation\Validation.php(294): App\Validation\MyRules->nis('', NULL)
#2 D:\laragon\www\bkk\system\Validation\Validation.php(189): CodeIgniter\Validation\Validation->processRules('nis', 'NIS', '', Array, Array)
#3 D:\laragon\www\bkk\app\Controllers\Home.php(113): CodeIgniter\Validation\Validation->run()
#4 D:\laragon\www\bkk\system\CodeIgniter.php(914): App\Controllers\Home->reg()
#5 D:\laragon\www\bkk\system\CodeIgniter.php(400): CodeIgniter\CodeIgniter->runController(Object(App\Controllers\Home))
#6 D:\laragon\www\bkk\system\CodeIgniter.php(308): CodeIgniter\CodeIgniter->handleRequest(NULL, Object(Config\Cache), false)
#7 D:\laragon\www\bkk\public\index.php(45): CodeIgniter\CodeIgniter->run()
#8 D:\laragon\www\bkk\system\Commands\Server\rewrite.php(34): require_once('D:\\laragon\\www\\...')
#9 {main}
CRITICAL - 2020-11-27 01:58:38 --> Undefined property: App\Validation\MyRules::$mdata
#0 D:\laragon\www\bkk\app\Validation\MyRules.php(13): CodeIgniter\Debug\Exceptions->errorHandler(8, 'Undefined prope...', 'D:\\laragon\\www\\...', 13, Array)
#1 D:\laragon\www\bkk\system\Validation\Validation.php(294): App\Validation\MyRules->nis('', NULL)
#2 D:\laragon\www\bkk\system\Validation\Validation.php(189): CodeIgniter\Validation\Validation->processRules('nis', 'NIS', '', Array, Array)
#3 D:\laragon\www\bkk\app\Controllers\Home.php(113): CodeIgniter\Validation\Validation->run()
#4 D:\laragon\www\bkk\system\CodeIgniter.php(914): App\Controllers\Home->reg()
#5 D:\laragon\www\bkk\system\CodeIgniter.php(400): CodeIgniter\CodeIgniter->runController(Object(App\Controllers\Home))
#6 D:\laragon\www\bkk\system\CodeIgniter.php(308): CodeIgniter\CodeIgniter->handleRequest(NULL, Object(Config\Cache), false)
#7 D:\laragon\www\bkk\public\index.php(45): CodeIgniter\CodeIgniter->run()
#8 D:\laragon\www\bkk\system\Commands\Server\rewrite.php(34): require_once('D:\\laragon\\www\\...')
#9 {main}
CRITICAL - 2020-11-27 01:58:38 --> Undefined property: App\Validation\MyRules::$mdata
#0 D:\laragon\www\bkk\app\Validation\MyRules.php(13): CodeIgniter\Debug\Exceptions->errorHandler(8, 'Undefined prope...', 'D:\\laragon\\www\\...', 13, Array)
#1 D:\laragon\www\bkk\system\Validation\Validation.php(294): App\Validation\MyRules->nis('', NULL)
#2 D:\laragon\www\bkk\system\Validation\Validation.php(189): CodeIgniter\Validation\Validation->processRules('nis', 'NIS', '', Array, Array)
#3 D:\laragon\www\bkk\app\Controllers\Home.php(113): CodeIgniter\Validation\Validation->run()
#4 D:\laragon\www\bkk\system\CodeIgniter.php(914): App\Controllers\Home->reg()
#5 D:\laragon\www\bkk\system\CodeIgniter.php(400): CodeIgniter\CodeIgniter->runController(Object(App\Controllers\Home))
#6 D:\laragon\www\bkk\system\CodeIgniter.php(308): CodeIgniter\CodeIgniter->handleRequest(NULL, Object(Config\Cache), false)
#7 D:\laragon\www\bkk\public\index.php(45): CodeIgniter\CodeIgniter->run()
#8 D:\laragon\www\bkk\system\Commands\Server\rewrite.php(34): require_once('D:\\laragon\\www\\...')
#9 {main}
CRITICAL - 2020-11-27 02:03:26 --> Return value of App\Validation\MyRules::nis() must be of the type bool, none returned
#0 D:\laragon\www\bkk\system\Validation\Validation.php(294): App\Validation\MyRules->nis(' 11201', ' 11201')
#1 D:\laragon\www\bkk\system\Validation\Validation.php(189): CodeIgniter\Validation\Validation->processRules('nis', 'NIS', ' 11201', Array, Array)
#2 D:\laragon\www\bkk\app\Controllers\Home.php(113): CodeIgniter\Validation\Validation->run()
#3 D:\laragon\www\bkk\system\CodeIgniter.php(914): App\Controllers\Home->reg()
#4 D:\laragon\www\bkk\system\CodeIgniter.php(400): CodeIgniter\CodeIgniter->runController(Object(App\Controllers\Home))
#5 D:\laragon\www\bkk\system\CodeIgniter.php(308): CodeIgniter\CodeIgniter->handleRequest(NULL, Object(Config\Cache), false)
#6 D:\laragon\www\bkk\public\index.php(45): CodeIgniter\CodeIgniter->run()
#7 D:\laragon\www\bkk\system\Commands\Server\rewrite.php(34): require_once('D:\\laragon\\www\\...')
#8 {main}
CRITICAL - 2020-11-27 02:03:27 --> Return value of App\Validation\MyRules::nis() must be of the type bool, none returned
#0 D:\laragon\www\bkk\system\Validation\Validation.php(294): App\Validation\MyRules->nis(' 11201', ' 11201')
#1 D:\laragon\www\bkk\system\Validation\Validation.php(189): CodeIgniter\Validation\Validation->processRules('nis', 'NIS', ' 11201', Array, Array)
#2 D:\laragon\www\bkk\app\Controllers\Home.php(113): CodeIgniter\Validation\Validation->run()
#3 D:\laragon\www\bkk\system\CodeIgniter.php(914): App\Controllers\Home->reg()
#4 D:\laragon\www\bkk\system\CodeIgniter.php(400): CodeIgniter\CodeIgniter->runController(Object(App\Controllers\Home))
#5 D:\laragon\www\bkk\system\CodeIgniter.php(308): CodeIgniter\CodeIgniter->handleRequest(NULL, Object(Config\Cache), false)
#6 D:\laragon\www\bkk\public\index.php(45): CodeIgniter\CodeIgniter->run()
#7 D:\laragon\www\bkk\system\Commands\Server\rewrite.php(34): require_once('D:\\laragon\\www\\...')
#8 {main}
CRITICAL - 2020-11-27 02:03:27 --> Return value of App\Validation\MyRules::nis() must be of the type bool, none returned
#0 D:\laragon\www\bkk\system\Validation\Validation.php(294): App\Validation\MyRules->nis(' 11201', ' 11201')
#1 D:\laragon\www\bkk\system\Validation\Validation.php(189): CodeIgniter\Validation\Validation->processRules('nis', 'NIS', ' 11201', Array, Array)
#2 D:\laragon\www\bkk\app\Controllers\Home.php(113): CodeIgniter\Validation\Validation->run()
#3 D:\laragon\www\bkk\system\CodeIgniter.php(914): App\Controllers\Home->reg()
#4 D:\laragon\www\bkk\system\CodeIgniter.php(400): CodeIgniter\CodeIgniter->runController(Object(App\Controllers\Home))
#5 D:\laragon\www\bkk\system\CodeIgniter.php(308): CodeIgniter\CodeIgniter->handleRequest(NULL, Object(Config\Cache), false)
#6 D:\laragon\www\bkk\public\index.php(45): CodeIgniter\CodeIgniter->run()
#7 D:\laragon\www\bkk\system\Commands\Server\rewrite.php(34): require_once('D:\\laragon\\www\\...')
#8 {main}
CRITICAL - 2020-11-27 02:03:31 --> Return value of App\Validation\MyRules::nis() must be of the type bool, none returned
#0 D:\laragon\www\bkk\system\Validation\Validation.php(294): App\Validation\MyRules->nis('', '')
#1 D:\laragon\www\bkk\system\Validation\Validation.php(189): CodeIgniter\Validation\Validation->processRules('nis', 'NIS', '', Array, Array)
#2 D:\laragon\www\bkk\app\Controllers\Home.php(113): CodeIgniter\Validation\Validation->run()
#3 D:\laragon\www\bkk\system\CodeIgniter.php(914): App\Controllers\Home->reg()
#4 D:\laragon\www\bkk\system\CodeIgniter.php(400): CodeIgniter\CodeIgniter->runController(Object(App\Controllers\Home))
#5 D:\laragon\www\bkk\system\CodeIgniter.php(308): CodeIgniter\CodeIgniter->handleRequest(NULL, Object(Config\Cache), false)
#6 D:\laragon\www\bkk\public\index.php(45): CodeIgniter\CodeIgniter->run()
#7 D:\laragon\www\bkk\system\Commands\Server\rewrite.php(34): require_once('D:\\laragon\\www\\...')
#8 {main}
CRITICAL - 2020-11-27 02:03:32 --> Return value of App\Validation\MyRules::nis() must be of the type bool, none returned
#0 D:\laragon\www\bkk\system\Validation\Validation.php(294): App\Validation\MyRules->nis('', '')
#1 D:\laragon\www\bkk\system\Validation\Validation.php(189): CodeIgniter\Validation\Validation->processRules('nis', 'NIS', '', Array, Array)
#2 D:\laragon\www\bkk\app\Controllers\Home.php(113): CodeIgniter\Validation\Validation->run()
#3 D:\laragon\www\bkk\system\CodeIgniter.php(914): App\Controllers\Home->reg()
#4 D:\laragon\www\bkk\system\CodeIgniter.php(400): CodeIgniter\CodeIgniter->runController(Object(App\Controllers\Home))
#5 D:\laragon\www\bkk\system\CodeIgniter.php(308): CodeIgniter\CodeIgniter->handleRequest(NULL, Object(Config\Cache), false)
#6 D:\laragon\www\bkk\public\index.php(45): CodeIgniter\CodeIgniter->run()
#7 D:\laragon\www\bkk\system\Commands\Server\rewrite.php(34): require_once('D:\\laragon\\www\\...')
#8 {main}
CRITICAL - 2020-11-27 02:03:33 --> Return value of App\Validation\MyRules::nis() must be of the type bool, none returned
#0 D:\laragon\www\bkk\system\Validation\Validation.php(294): App\Validation\MyRules->nis('', '')
#1 D:\laragon\www\bkk\system\Validation\Validation.php(189): CodeIgniter\Validation\Validation->processRules('nis', 'NIS', '', Array, Array)
#2 D:\laragon\www\bkk\app\Controllers\Home.php(113): CodeIgniter\Validation\Validation->run()
#3 D:\laragon\www\bkk\system\CodeIgniter.php(914): App\Controllers\Home->reg()
#4 D:\laragon\www\bkk\system\CodeIgniter.php(400): CodeIgniter\CodeIgniter->runController(Object(App\Controllers\Home))
#5 D:\laragon\www\bkk\system\CodeIgniter.php(308): CodeIgniter\CodeIgniter->handleRequest(NULL, Object(Config\Cache), false)
#6 D:\laragon\www\bkk\public\index.php(45): CodeIgniter\CodeIgniter->run()
#7 D:\laragon\www\bkk\system\Commands\Server\rewrite.php(34): require_once('D:\\laragon\\www\\...')
#8 {main}
CRITICAL - 2020-11-27 02:03:33 --> Return value of App\Validation\MyRules::nis() must be of the type bool, none returned
#0 D:\laragon\www\bkk\system\Validation\Validation.php(294): App\Validation\MyRules->nis('', '')
#1 D:\laragon\www\bkk\system\Validation\Validation.php(189): CodeIgniter\Validation\Validation->processRules('nis', 'NIS', '', Array, Array)
#2 D:\laragon\www\bkk\app\Controllers\Home.php(113): CodeIgniter\Validation\Validation->run()
#3 D:\laragon\www\bkk\system\CodeIgniter.php(914): App\Controllers\Home->reg()
#4 D:\laragon\www\bkk\system\CodeIgniter.php(400): CodeIgniter\CodeIgniter->runController(Object(App\Controllers\Home))
#5 D:\laragon\www\bkk\system\CodeIgniter.php(308): CodeIgniter\CodeIgniter->handleRequest(NULL, Object(Config\Cache), false)
#6 D:\laragon\www\bkk\public\index.php(45): CodeIgniter\CodeIgniter->run()
#7 D:\laragon\www\bkk\system\Commands\Server\rewrite.php(34): require_once('D:\\laragon\\www\\...')
#8 {main}
CRITICAL - 2020-11-27 02:03:33 --> Return value of App\Validation\MyRules::nis() must be of the type bool, none returned
#0 D:\laragon\www\bkk\system\Validation\Validation.php(294): App\Validation\MyRules->nis('', '')
#1 D:\laragon\www\bkk\system\Validation\Validation.php(189): CodeIgniter\Validation\Validation->processRules('nis', 'NIS', '', Array, Array)
#2 D:\laragon\www\bkk\app\Controllers\Home.php(113): CodeIgniter\Validation\Validation->run()
#3 D:\laragon\www\bkk\system\CodeIgniter.php(914): App\Controllers\Home->reg()
#4 D:\laragon\www\bkk\system\CodeIgniter.php(400): CodeIgniter\CodeIgniter->runController(Object(App\Controllers\Home))
#5 D:\laragon\www\bkk\system\CodeIgniter.php(308): CodeIgniter\CodeIgniter->handleRequest(NULL, Object(Config\Cache), false)
#6 D:\laragon\www\bkk\public\index.php(45): CodeIgniter\CodeIgniter->run()
#7 D:\laragon\www\bkk\system\Commands\Server\rewrite.php(34): require_once('D:\\laragon\\www\\...')
#8 {main}
CRITICAL - 2020-11-27 02:03:40 --> Return value of App\Validation\MyRules::nis() must be of the type bool, none returned
#0 D:\laragon\www\bkk\system\Validation\Validation.php(294): App\Validation\MyRules->nis(' 112091', ' 112091')
#1 D:\laragon\www\bkk\system\Validation\Validation.php(189): CodeIgniter\Validation\Validation->processRules('nis', 'NIS', ' 112091', Array, Array)
#2 D:\laragon\www\bkk\app\Controllers\Home.php(113): CodeIgniter\Validation\Validation->run()
#3 D:\laragon\www\bkk\system\CodeIgniter.php(914): App\Controllers\Home->reg()
#4 D:\laragon\www\bkk\system\CodeIgniter.php(400): CodeIgniter\CodeIgniter->runController(Object(App\Controllers\Home))
#5 D:\laragon\www\bkk\system\CodeIgniter.php(308): CodeIgniter\CodeIgniter->handleRequest(NULL, Object(Config\Cache), false)
#6 D:\laragon\www\bkk\public\index.php(45): CodeIgniter\CodeIgniter->run()
#7 D:\laragon\www\bkk\system\Commands\Server\rewrite.php(34): require_once('D:\\laragon\\www\\...')
#8 {main}
CRITICAL - 2020-11-27 02:03:41 --> Return value of App\Validation\MyRules::nis() must be of the type bool, none returned
#0 D:\laragon\www\bkk\system\Validation\Validation.php(294): App\Validation\MyRules->nis(' 112091', ' 112091')
#1 D:\laragon\www\bkk\system\Validation\Validation.php(189): CodeIgniter\Validation\Validation->processRules('nis', 'NIS', ' 112091', Array, Array)
#2 D:\laragon\www\bkk\app\Controllers\Home.php(113): CodeIgniter\Validation\Validation->run()
#3 D:\laragon\www\bkk\system\CodeIgniter.php(914): App\Controllers\Home->reg()
#4 D:\laragon\www\bkk\system\CodeIgniter.php(400): CodeIgniter\CodeIgniter->runController(Object(App\Controllers\Home))
#5 D:\laragon\www\bkk\system\CodeIgniter.php(308): CodeIgniter\CodeIgniter->handleRequest(NULL, Object(Config\Cache), false)
#6 D:\laragon\www\bkk\public\index.php(45): CodeIgniter\CodeIgniter->run()
#7 D:\laragon\www\bkk\system\Commands\Server\rewrite.php(34): require_once('D:\\laragon\\www\\...')
#8 {main}
CRITICAL - 2020-11-27 02:03:41 --> Return value of App\Validation\MyRules::nis() must be of the type bool, none returned
#0 D:\laragon\www\bkk\system\Validation\Validation.php(294): App\Validation\MyRules->nis(' 112091', ' 112091')
#1 D:\laragon\www\bkk\system\Validation\Validation.php(189): CodeIgniter\Validation\Validation->processRules('nis', 'NIS', ' 112091', Array, Array)
#2 D:\laragon\www\bkk\app\Controllers\Home.php(113): CodeIgniter\Validation\Validation->run()
#3 D:\laragon\www\bkk\system\CodeIgniter.php(914): App\Controllers\Home->reg()
#4 D:\laragon\www\bkk\system\CodeIgniter.php(400): CodeIgniter\CodeIgniter->runController(Object(App\Controllers\Home))
#5 D:\laragon\www\bkk\system\CodeIgniter.php(308): CodeIgniter\CodeIgniter->handleRequest(NULL, Object(Config\Cache), false)
#6 D:\laragon\www\bkk\public\index.php(45): CodeIgniter\CodeIgniter->run()
#7 D:\laragon\www\bkk\system\Commands\Server\rewrite.php(34): require_once('D:\\laragon\\www\\...')
#8 {main}
CRITICAL - 2020-11-27 02:03:56 --> Return value of App\Validation\MyRules::nis() must be of the type bool, none returned
#0 D:\laragon\www\bkk\system\Validation\Validation.php(294): App\Validation\MyRules->nis(' 112091', ' 112091')
#1 D:\laragon\www\bkk\system\Validation\Validation.php(189): CodeIgniter\Validation\Validation->processRules('nis', 'NIS', ' 112091', Array, Array)
#2 D:\laragon\www\bkk\app\Controllers\Home.php(113): CodeIgniter\Validation\Validation->run()
#3 D:\laragon\www\bkk\system\CodeIgniter.php(914): App\Controllers\Home->reg()
#4 D:\laragon\www\bkk\system\CodeIgniter.php(400): CodeIgniter\CodeIgniter->runController(Object(App\Controllers\Home))
#5 D:\laragon\www\bkk\system\CodeIgniter.php(308): CodeIgniter\CodeIgniter->handleRequest(NULL, Object(Config\Cache), false)
#6 D:\laragon\www\bkk\public\index.php(45): CodeIgniter\CodeIgniter->run()
#7 D:\laragon\www\bkk\system\Commands\Server\rewrite.php(34): require_once('D:\\laragon\\www\\...')
#8 {main}
CRITICAL - 2020-11-27 02:05:28 --> Undefined property: App\Validation\MyRules::$mdata
#0 D:\laragon\www\bkk\app\Validation\MyRules.php(53): CodeIgniter\Debug\Exceptions->errorHandler(8, 'Undefined prope...', 'D:\\laragon\\www\\...', 53, Array)
#1 D:\laragon\www\bkk\system\Validation\Validation.php(294): App\Validation\MyRules->nis(' 112091', NULL)
#2 D:\laragon\www\bkk\system\Validation\Validation.php(189): CodeIgniter\Validation\Validation->processRules('nis', 'NIS', ' 112091', Array, Array)
#3 D:\laragon\www\bkk\app\Controllers\Home.php(113): CodeIgniter\Validation\Validation->run()
#4 D:\laragon\www\bkk\system\CodeIgniter.php(914): App\Controllers\Home->reg()
#5 D:\laragon\www\bkk\system\CodeIgniter.php(400): CodeIgniter\CodeIgniter->runController(Object(App\Controllers\Home))
#6 D:\laragon\www\bkk\system\CodeIgniter.php(308): CodeIgniter\CodeIgniter->handleRequest(NULL, Object(Config\Cache), false)
#7 D:\laragon\www\bkk\public\index.php(45): CodeIgniter\CodeIgniter->run()
#8 D:\laragon\www\bkk\system\Commands\Server\rewrite.php(34): require_once('D:\\laragon\\www\\...')
#9 {main}
CRITICAL - 2020-11-27 02:05:29 --> Undefined property: App\Validation\MyRules::$mdata
#0 D:\laragon\www\bkk\app\Validation\MyRules.php(53): CodeIgniter\Debug\Exceptions->errorHandler(8, 'Undefined prope...', 'D:\\laragon\\www\\...', 53, Array)
#1 D:\laragon\www\bkk\system\Validation\Validation.php(294): App\Validation\MyRules->nis(' 112091', NULL)
#2 D:\laragon\www\bkk\system\Validation\Validation.php(189): CodeIgniter\Validation\Validation->processRules('nis', 'NIS', ' 112091', Array, Array)
#3 D:\laragon\www\bkk\app\Controllers\Home.php(113): CodeIgniter\Validation\Validation->run()
#4 D:\laragon\www\bkk\system\CodeIgniter.php(914): App\Controllers\Home->reg()
#5 D:\laragon\www\bkk\system\CodeIgniter.php(400): CodeIgniter\CodeIgniter->runController(Object(App\Controllers\Home))
#6 D:\laragon\www\bkk\system\CodeIgniter.php(308): CodeIgniter\CodeIgniter->handleRequest(NULL, Object(Config\Cache), false)
#7 D:\laragon\www\bkk\public\index.php(45): CodeIgniter\CodeIgniter->run()
#8 D:\laragon\www\bkk\system\Commands\Server\rewrite.php(34): require_once('D:\\laragon\\www\\...')
#9 {main}
CRITICAL - 2020-11-27 02:09:45 --> Trying to access array offset on value of type bool
#0 D:\laragon\www\bkk\app\Validation\MyRules.php(59): CodeIgniter\Debug\Exceptions->errorHandler(8, 'Trying to acces...', 'D:\\laragon\\www\\...', 59, Array)
#1 D:\laragon\www\bkk\system\Validation\Validation.php(294): App\Validation\MyRules->nis(' 11201', NULL)
#2 D:\laragon\www\bkk\system\Validation\Validation.php(189): CodeIgniter\Validation\Validation->processRules('nis', 'NIS', ' 11201', Array, Array)
#3 D:\laragon\www\bkk\app\Controllers\Home.php(113): CodeIgniter\Validation\Validation->run()
#4 D:\laragon\www\bkk\system\CodeIgniter.php(914): App\Controllers\Home->reg()
#5 D:\laragon\www\bkk\system\CodeIgniter.php(400): CodeIgniter\CodeIgniter->runController(Object(App\Controllers\Home))
#6 D:\laragon\www\bkk\system\CodeIgniter.php(308): CodeIgniter\CodeIgniter->handleRequest(NULL, Object(Config\Cache), false)
#7 D:\laragon\www\bkk\public\index.php(45): CodeIgniter\CodeIgniter->run()
#8 D:\laragon\www\bkk\system\Commands\Server\rewrite.php(34): require_once('D:\\laragon\\www\\...')
#9 {main}
CRITICAL - 2020-11-27 02:09:46 --> Trying to access array offset on value of type bool
#0 D:\laragon\www\bkk\app\Validation\MyRules.php(59): CodeIgniter\Debug\Exceptions->errorHandler(8, 'Trying to acces...', 'D:\\laragon\\www\\...', 59, Array)
#1 D:\laragon\www\bkk\system\Validation\Validation.php(294): App\Validation\MyRules->nis(' 11201', NULL)
#2 D:\laragon\www\bkk\system\Validation\Validation.php(189): CodeIgniter\Validation\Validation->processRules('nis', 'NIS', ' 11201', Array, Array)
#3 D:\laragon\www\bkk\app\Controllers\Home.php(113): CodeIgniter\Validation\Validation->run()
#4 D:\laragon\www\bkk\system\CodeIgniter.php(914): App\Controllers\Home->reg()
#5 D:\laragon\www\bkk\system\CodeIgniter.php(400): CodeIgniter\CodeIgniter->runController(Object(App\Controllers\Home))
#6 D:\laragon\www\bkk\system\CodeIgniter.php(308): CodeIgniter\CodeIgniter->handleRequest(NULL, Object(Config\Cache), false)
#7 D:\laragon\www\bkk\public\index.php(45): CodeIgniter\CodeIgniter->run()
#8 D:\laragon\www\bkk\system\Commands\Server\rewrite.php(34): require_once('D:\\laragon\\www\\...')
#9 {main}
CRITICAL - 2020-11-27 02:09:47 --> Trying to access array offset on value of type bool
#0 D:\laragon\www\bkk\app\Validation\MyRules.php(59): CodeIgniter\Debug\Exceptions->errorHandler(8, 'Trying to acces...', 'D:\\laragon\\www\\...', 59, Array)
#1 D:\laragon\www\bkk\system\Validation\Validation.php(294): App\Validation\MyRules->nis(' 11201', NULL)
#2 D:\laragon\www\bkk\system\Validation\Validation.php(189): CodeIgniter\Validation\Validation->processRules('nis', 'NIS', ' 11201', Array, Array)
#3 D:\laragon\www\bkk\app\Controllers\Home.php(113): CodeIgniter\Validation\Validation->run()
#4 D:\laragon\www\bkk\system\CodeIgniter.php(914): App\Controllers\Home->reg()
#5 D:\laragon\www\bkk\system\CodeIgniter.php(400): CodeIgniter\CodeIgniter->runController(Object(App\Controllers\Home))
#6 D:\laragon\www\bkk\system\CodeIgniter.php(308): CodeIgniter\CodeIgniter->handleRequest(NULL, Object(Config\Cache), false)
#7 D:\laragon\www\bkk\public\index.php(45): CodeIgniter\CodeIgniter->run()
#8 D:\laragon\www\bkk\system\Commands\Server\rewrite.php(34): require_once('D:\\laragon\\www\\...')
#9 {main}
CRITICAL - 2020-11-27 03:23:36 --> Return value of App\Validation\MyRules::nis() must be of the type bool, none returned
#0 D:\laragon\www\bkk\system\Validation\Validation.php(294): App\Validation\MyRules->nis(' 11201', NULL)
#1 D:\laragon\www\bkk\system\Validation\Validation.php(189): CodeIgniter\Validation\Validation->processRules('nis', 'NIS', ' 11201', Array, Array)
#2 D:\laragon\www\bkk\app\Controllers\Home.php(113): CodeIgniter\Validation\Validation->run()
#3 D:\laragon\www\bkk\system\CodeIgniter.php(914): App\Controllers\Home->reg()
#4 D:\laragon\www\bkk\system\CodeIgniter.php(400): CodeIgniter\CodeIgniter->runController(Object(App\Controllers\Home))
#5 D:\laragon\www\bkk\system\CodeIgniter.php(308): CodeIgniter\CodeIgniter->handleRequest(NULL, Object(Config\Cache), false)
#6 D:\laragon\www\bkk\public\index.php(45): CodeIgniter\CodeIgniter->run()
#7 D:\laragon\www\bkk\system\Commands\Server\rewrite.php(34): require_once('D:\\laragon\\www\\...')
#8 {main}
CRITICAL - 2020-11-27 03:23:38 --> Return value of App\Validation\MyRules::nis() must be of the type bool, none returned
#0 D:\laragon\www\bkk\system\Validation\Validation.php(294): App\Validation\MyRules->nis(' 11201', NULL)
#1 D:\laragon\www\bkk\system\Validation\Validation.php(189): CodeIgniter\Validation\Validation->processRules('nis', 'NIS', ' 11201', Array, Array)
#2 D:\laragon\www\bkk\app\Controllers\Home.php(113): CodeIgniter\Validation\Validation->run()
#3 D:\laragon\www\bkk\system\CodeIgniter.php(914): App\Controllers\Home->reg()
#4 D:\laragon\www\bkk\system\CodeIgniter.php(400): CodeIgniter\CodeIgniter->runController(Object(App\Controllers\Home))
#5 D:\laragon\www\bkk\system\CodeIgniter.php(308): CodeIgniter\CodeIgniter->handleRequest(NULL, Object(Config\Cache), false)
#6 D:\laragon\www\bkk\public\index.php(45): CodeIgniter\CodeIgniter->run()
#7 D:\laragon\www\bkk\system\Commands\Server\rewrite.php(34): require_once('D:\\laragon\\www\\...')
#8 {main}
CRITICAL - 2020-11-27 03:23:38 --> Return value of App\Validation\MyRules::nis() must be of the type bool, none returned
#0 D:\laragon\www\bkk\system\Validation\Validation.php(294): App\Validation\MyRules->nis(' 11201', NULL)
#1 D:\laragon\www\bkk\system\Validation\Validation.php(189): CodeIgniter\Validation\Validation->processRules('nis', 'NIS', ' 11201', Array, Array)
#2 D:\laragon\www\bkk\app\Controllers\Home.php(113): CodeIgniter\Validation\Validation->run()
#3 D:\laragon\www\bkk\system\CodeIgniter.php(914): App\Controllers\Home->reg()
#4 D:\laragon\www\bkk\system\CodeIgniter.php(400): CodeIgniter\CodeIgniter->runController(Object(App\Controllers\Home))
#5 D:\laragon\www\bkk\system\CodeIgniter.php(308): CodeIgniter\CodeIgniter->handleRequest(NULL, Object(Config\Cache), false)
#6 D:\laragon\www\bkk\public\index.php(45): CodeIgniter\CodeIgniter->run()
#7 D:\laragon\www\bkk\system\Commands\Server\rewrite.php(34): require_once('D:\\laragon\\www\\...')
#8 {main}
CRITICAL - 2020-11-27 03:29:55 --> count(): Parameter must be an array or an object that implements Countable
#0 [internal function]: CodeIgniter\Debug\Exceptions->errorHandler(2, 'count(): Parame...', 'D:\\laragon\\www\\...', 18, Array)
#1 D:\laragon\www\bkk\app\Validation\MyRules.php(18): count(false)
#2 D:\laragon\www\bkk\system\Validation\Validation.php(294): App\Validation\MyRules->nis(' 11201', NULL)
#3 D:\laragon\www\bkk\system\Validation\Validation.php(189): CodeIgniter\Validation\Validation->processRules('nis', 'NIS', ' 11201', Array, Array)
#4 D:\laragon\www\bkk\app\Controllers\Home.php(113): CodeIgniter\Validation\Validation->run()
#5 D:\laragon\www\bkk\system\CodeIgniter.php(914): App\Controllers\Home->reg()
#6 D:\laragon\www\bkk\system\CodeIgniter.php(400): CodeIgniter\CodeIgniter->runController(Object(App\Controllers\Home))
#7 D:\laragon\www\bkk\system\CodeIgniter.php(308): CodeIgniter\CodeIgniter->handleRequest(NULL, Object(Config\Cache), false)
#8 D:\laragon\www\bkk\public\index.php(45): CodeIgniter\CodeIgniter->run()
#9 D:\laragon\www\bkk\system\Commands\Server\rewrite.php(34): require_once('D:\\laragon\\www\\...')
#10 {main}
CRITICAL - 2020-11-27 03:29:57 --> count(): Parameter must be an array or an object that implements Countable
#0 [internal function]: CodeIgniter\Debug\Exceptions->errorHandler(2, 'count(): Parame...', 'D:\\laragon\\www\\...', 18, Array)
#1 D:\laragon\www\bkk\app\Validation\MyRules.php(18): count(false)
#2 D:\laragon\www\bkk\system\Validation\Validation.php(294): App\Validation\MyRules->nis(' 11201', NULL)
#3 D:\laragon\www\bkk\system\Validation\Validation.php(189): CodeIgniter\Validation\Validation->processRules('nis', 'NIS', ' 11201', Array, Array)
#4 D:\laragon\www\bkk\app\Controllers\Home.php(113): CodeIgniter\Validation\Validation->run()
#5 D:\laragon\www\bkk\system\CodeIgniter.php(914): App\Controllers\Home->reg()
#6 D:\laragon\www\bkk\system\CodeIgniter.php(400): CodeIgniter\CodeIgniter->runController(Object(App\Controllers\Home))
#7 D:\laragon\www\bkk\system\CodeIgniter.php(308): CodeIgniter\CodeIgniter->handleRequest(NULL, Object(Config\Cache), false)
#8 D:\laragon\www\bkk\public\index.php(45): CodeIgniter\CodeIgniter->run()
#9 D:\laragon\www\bkk\system\Commands\Server\rewrite.php(34): require_once('D:\\laragon\\www\\...')
#10 {main}
CRITICAL - 2020-11-27 03:29:57 --> count(): Parameter must be an array or an object that implements Countable
#0 [internal function]: CodeIgniter\Debug\Exceptions->errorHandler(2, 'count(): Parame...', 'D:\\laragon\\www\\...', 18, Array)
#1 D:\laragon\www\bkk\app\Validation\MyRules.php(18): count(false)
#2 D:\laragon\www\bkk\system\Validation\Validation.php(294): App\Validation\MyRules->nis(' 11201', NULL)
#3 D:\laragon\www\bkk\system\Validation\Validation.php(189): CodeIgniter\Validation\Validation->processRules('nis', 'NIS', ' 11201', Array, Array)
#4 D:\laragon\www\bkk\app\Controllers\Home.php(113): CodeIgniter\Validation\Validation->run()
#5 D:\laragon\www\bkk\system\CodeIgniter.php(914): App\Controllers\Home->reg()
#6 D:\laragon\www\bkk\system\CodeIgniter.php(400): CodeIgniter\CodeIgniter->runController(Object(App\Controllers\Home))
#7 D:\laragon\www\bkk\system\CodeIgniter.php(308): CodeIgniter\CodeIgniter->handleRequest(NULL, Object(Config\Cache), false)
#8 D:\laragon\www\bkk\public\index.php(45): CodeIgniter\CodeIgniter->run()
#9 D:\laragon\www\bkk\system\Commands\Server\rewrite.php(34): require_once('D:\\laragon\\www\\...')
#10 {main}
CRITICAL - 2020-11-27 03:32:40 --> count(): Parameter must be an array or an object that implements Countable
#0 [internal function]: CodeIgniter\Debug\Exceptions->errorHandler(2, 'count(): Parame...', 'D:\\laragon\\www\\...', 18, Array)
#1 D:\laragon\www\bkk\app\Validation\MyRules.php(18): count(false)
#2 D:\laragon\www\bkk\system\Validation\Validation.php(294): App\Validation\MyRules->nis(' 11201', NULL)
#3 D:\laragon\www\bkk\system\Validation\Validation.php(189): CodeIgniter\Validation\Validation->processRules('nis', 'NIS', ' 11201', Array, Array)
#4 D:\laragon\www\bkk\app\Controllers\Home.php(113): CodeIgniter\Validation\Validation->run()
#5 D:\laragon\www\bkk\system\CodeIgniter.php(914): App\Controllers\Home->reg()
#6 D:\laragon\www\bkk\system\CodeIgniter.php(400): CodeIgniter\CodeIgniter->runController(Object(App\Controllers\Home))
#7 D:\laragon\www\bkk\system\CodeIgniter.php(308): CodeIgniter\CodeIgniter->handleRequest(NULL, Object(Config\Cache), false)
#8 D:\laragon\www\bkk\public\index.php(45): CodeIgniter\CodeIgniter->run()
#9 D:\laragon\www\bkk\system\Commands\Server\rewrite.php(34): require_once('D:\\laragon\\www\\...')
#10 {main}
CRITICAL - 2020-11-27 03:32:41 --> count(): Parameter must be an array or an object that implements Countable
#0 [internal function]: CodeIgniter\Debug\Exceptions->errorHandler(2, 'count(): Parame...', 'D:\\laragon\\www\\...', 18, Array)
#1 D:\laragon\www\bkk\app\Validation\MyRules.php(18): count(false)
#2 D:\laragon\www\bkk\system\Validation\Validation.php(294): App\Validation\MyRules->nis(' 11201', NULL)
#3 D:\laragon\www\bkk\system\Validation\Validation.php(189): CodeIgniter\Validation\Validation->processRules('nis', 'NIS', ' 11201', Array, Array)
#4 D:\laragon\www\bkk\app\Controllers\Home.php(113): CodeIgniter\Validation\Validation->run()
#5 D:\laragon\www\bkk\system\CodeIgniter.php(914): App\Controllers\Home->reg()
#6 D:\laragon\www\bkk\system\CodeIgniter.php(400): CodeIgniter\CodeIgniter->runController(Object(App\Controllers\Home))
#7 D:\laragon\www\bkk\system\CodeIgniter.php(308): CodeIgniter\CodeIgniter->handleRequest(NULL, Object(Config\Cache), false)
#8 D:\laragon\www\bkk\public\index.php(45): CodeIgniter\CodeIgniter->run()
#9 D:\laragon\www\bkk\system\Commands\Server\rewrite.php(34): require_once('D:\\laragon\\www\\...')
#10 {main}
CRITICAL - 2020-11-27 03:32:42 --> count(): Parameter must be an array or an object that implements Countable
#0 [internal function]: CodeIgniter\Debug\Exceptions->errorHandler(2, 'count(): Parame...', 'D:\\laragon\\www\\...', 18, Array)
#1 D:\laragon\www\bkk\app\Validation\MyRules.php(18): count(false)
#2 D:\laragon\www\bkk\system\Validation\Validation.php(294): App\Validation\MyRules->nis(' 11201', NULL)
#3 D:\laragon\www\bkk\system\Validation\Validation.php(189): CodeIgniter\Validation\Validation->processRules('nis', 'NIS', ' 11201', Array, Array)
#4 D:\laragon\www\bkk\app\Controllers\Home.php(113): CodeIgniter\Validation\Validation->run()
#5 D:\laragon\www\bkk\system\CodeIgniter.php(914): App\Controllers\Home->reg()
#6 D:\laragon\www\bkk\system\CodeIgniter.php(400): CodeIgniter\CodeIgniter->runController(Object(App\Controllers\Home))
#7 D:\laragon\www\bkk\system\CodeIgniter.php(308): CodeIgniter\CodeIgniter->handleRequest(NULL, Object(Config\Cache), false)
#8 D:\laragon\www\bkk\public\index.php(45): CodeIgniter\CodeIgniter->run()
#9 D:\laragon\www\bkk\system\Commands\Server\rewrite.php(34): require_once('D:\\laragon\\www\\...')
#10 {main}
CRITICAL - 2020-11-27 03:32:42 --> count(): Parameter must be an array or an object that implements Countable
#0 [internal function]: CodeIgniter\Debug\Exceptions->errorHandler(2, 'count(): Parame...', 'D:\\laragon\\www\\...', 18, Array)
#1 D:\laragon\www\bkk\app\Validation\MyRules.php(18): count(false)
#2 D:\laragon\www\bkk\system\Validation\Validation.php(294): App\Validation\MyRules->nis(' 11201', NULL)
#3 D:\laragon\www\bkk\system\Validation\Validation.php(189): CodeIgniter\Validation\Validation->processRules('nis', 'NIS', ' 11201', Array, Array)
#4 D:\laragon\www\bkk\app\Controllers\Home.php(113): CodeIgniter\Validation\Validation->run()
#5 D:\laragon\www\bkk\system\CodeIgniter.php(914): App\Controllers\Home->reg()
#6 D:\laragon\www\bkk\system\CodeIgniter.php(400): CodeIgniter\CodeIgniter->runController(Object(App\Controllers\Home))
#7 D:\laragon\www\bkk\system\CodeIgniter.php(308): CodeIgniter\CodeIgniter->handleRequest(NULL, Object(Config\Cache), false)
#8 D:\laragon\www\bkk\public\index.php(45): CodeIgniter\CodeIgniter->run()
#9 D:\laragon\www\bkk\system\Commands\Server\rewrite.php(34): require_once('D:\\laragon\\www\\...')
#10 {main}
CRITICAL - 2020-11-27 03:32:42 --> count(): Parameter must be an array or an object that implements Countable
#0 [internal function]: CodeIgniter\Debug\Exceptions->errorHandler(2, 'count(): Parame...', 'D:\\laragon\\www\\...', 18, Array)
#1 D:\laragon\www\bkk\app\Validation\MyRules.php(18): count(false)
#2 D:\laragon\www\bkk\system\Validation\Validation.php(294): App\Validation\MyRules->nis(' 11201', NULL)
#3 D:\laragon\www\bkk\system\Validation\Validation.php(189): CodeIgniter\Validation\Validation->processRules('nis', 'NIS', ' 11201', Array, Array)
#4 D:\laragon\www\bkk\app\Controllers\Home.php(113): CodeIgniter\Validation\Validation->run()
#5 D:\laragon\www\bkk\system\CodeIgniter.php(914): App\Controllers\Home->reg()
#6 D:\laragon\www\bkk\system\CodeIgniter.php(400): CodeIgniter\CodeIgniter->runController(Object(App\Controllers\Home))
#7 D:\laragon\www\bkk\system\CodeIgniter.php(308): CodeIgniter\CodeIgniter->handleRequest(NULL, Object(Config\Cache), false)
#8 D:\laragon\www\bkk\public\index.php(45): CodeIgniter\CodeIgniter->run()
#9 D:\laragon\www\bkk\system\Commands\Server\rewrite.php(34): require_once('D:\\laragon\\www\\...')
#10 {main}
CRITICAL - 2020-11-27 03:33:10 --> count(): Parameter must be an array or an object that implements Countable
#0 [internal function]: CodeIgniter\Debug\Exceptions->errorHandler(2, 'count(): Parame...', 'D:\\laragon\\www\\...', 18, Array)
#1 D:\laragon\www\bkk\app\Validation\MyRules.php(18): count(false)
#2 D:\laragon\www\bkk\system\Validation\Validation.php(294): App\Validation\MyRules->nis(' 11201', NULL)
#3 D:\laragon\www\bkk\system\Validation\Validation.php(189): CodeIgniter\Validation\Validation->processRules('nis', 'NIS', ' 11201', Array, Array)
#4 D:\laragon\www\bkk\app\Controllers\Home.php(113): CodeIgniter\Validation\Validation->run()
#5 D:\laragon\www\bkk\system\CodeIgniter.php(914): App\Controllers\Home->reg()
#6 D:\laragon\www\bkk\system\CodeIgniter.php(400): CodeIgniter\CodeIgniter->runController(Object(App\Controllers\Home))
#7 D:\laragon\www\bkk\system\CodeIgniter.php(308): CodeIgniter\CodeIgniter->handleRequest(NULL, Object(Config\Cache), false)
#8 D:\laragon\www\bkk\public\index.php(45): CodeIgniter\CodeIgniter->run()
#9 D:\laragon\www\bkk\system\Commands\Server\rewrite.php(34): require_once('D:\\laragon\\www\\...')
#10 {main}
CRITICAL - 2020-11-27 03:33:11 --> count(): Parameter must be an array or an object that implements Countable
#0 [internal function]: CodeIgniter\Debug\Exceptions->errorHandler(2, 'count(): Parame...', 'D:\\laragon\\www\\...', 18, Array)
#1 D:\laragon\www\bkk\app\Validation\MyRules.php(18): count(false)
#2 D:\laragon\www\bkk\system\Validation\Validation.php(294): App\Validation\MyRules->nis(' 11201', NULL)
#3 D:\laragon\www\bkk\system\Validation\Validation.php(189): CodeIgniter\Validation\Validation->processRules('nis', 'NIS', ' 11201', Array, Array)
#4 D:\laragon\www\bkk\app\Controllers\Home.php(113): CodeIgniter\Validation\Validation->run()
#5 D:\laragon\www\bkk\system\CodeIgniter.php(914): App\Controllers\Home->reg()
#6 D:\laragon\www\bkk\system\CodeIgniter.php(400): CodeIgniter\CodeIgniter->runController(Object(App\Controllers\Home))
#7 D:\laragon\www\bkk\system\CodeIgniter.php(308): CodeIgniter\CodeIgniter->handleRequest(NULL, Object(Config\Cache), false)
#8 D:\laragon\www\bkk\public\index.php(45): CodeIgniter\CodeIgniter->run()
#9 D:\laragon\www\bkk\system\Commands\Server\rewrite.php(34): require_once('D:\\laragon\\www\\...')
#10 {main}
CRITICAL - 2020-11-27 03:39:54 --> Too few arguments to function App\Models\Mdata::cc(), 1 passed in D:\laragon\www\bkk\app\Validation\MyRules.php on line 21 and exactly 2 expected
#0 D:\laragon\www\bkk\app\Validation\MyRules.php(21): App\Models\Mdata->cc(Array)
#1 D:\laragon\www\bkk\system\Validation\Validation.php(294): App\Validation\MyRules->nis('', NULL)
#2 D:\laragon\www\bkk\system\Validation\Validation.php(189): CodeIgniter\Validation\Validation->processRules('nis', 'NIS', '', Array, Array)
#3 D:\laragon\www\bkk\app\Controllers\Home.php(115): CodeIgniter\Validation\Validation->run()
#4 D:\laragon\www\bkk\system\CodeIgniter.php(914): App\Controllers\Home->reg()
#5 D:\laragon\www\bkk\system\CodeIgniter.php(400): CodeIgniter\CodeIgniter->runController(Object(App\Controllers\Home))
#6 D:\laragon\www\bkk\system\CodeIgniter.php(308): CodeIgniter\CodeIgniter->handleRequest(NULL, Object(Config\Cache), false)
#7 D:\laragon\www\bkk\public\index.php(45): CodeIgniter\CodeIgniter->run()
#8 D:\laragon\www\bkk\system\Commands\Server\rewrite.php(34): require_once('D:\\laragon\\www\\...')
#9 {main}
CRITICAL - 2020-11-27 03:39:55 --> Too few arguments to function App\Models\Mdata::cc(), 1 passed in D:\laragon\www\bkk\app\Validation\MyRules.php on line 21 and exactly 2 expected
#0 D:\laragon\www\bkk\app\Validation\MyRules.php(21): App\Models\Mdata->cc(Array)
#1 D:\laragon\www\bkk\system\Validation\Validation.php(294): App\Validation\MyRules->nis('', NULL)
#2 D:\laragon\www\bkk\system\Validation\Validation.php(189): CodeIgniter\Validation\Validation->processRules('nis', 'NIS', '', Array, Array)
#3 D:\laragon\www\bkk\app\Controllers\Home.php(115): CodeIgniter\Validation\Validation->run()
#4 D:\laragon\www\bkk\system\CodeIgniter.php(914): App\Controllers\Home->reg()
#5 D:\laragon\www\bkk\system\CodeIgniter.php(400): CodeIgniter\CodeIgniter->runController(Object(App\Controllers\Home))
#6 D:\laragon\www\bkk\system\CodeIgniter.php(308): CodeIgniter\CodeIgniter->handleRequest(NULL, Object(Config\Cache), false)
#7 D:\laragon\www\bkk\public\index.php(45): CodeIgniter\CodeIgniter->run()
#8 D:\laragon\www\bkk\system\Commands\Server\rewrite.php(34): require_once('D:\\laragon\\www\\...')
#9 {main}
CRITICAL - 2020-11-27 03:39:55 --> Too few arguments to function App\Models\Mdata::cc(), 1 passed in D:\laragon\www\bkk\app\Validation\MyRules.php on line 21 and exactly 2 expected
#0 D:\laragon\www\bkk\app\Validation\MyRules.php(21): App\Models\Mdata->cc(Array)
#1 D:\laragon\www\bkk\system\Validation\Validation.php(294): App\Validation\MyRules->nis('', NULL)
#2 D:\laragon\www\bkk\system\Validation\Validation.php(189): CodeIgniter\Validation\Validation->processRules('nis', 'NIS', '', Array, Array)
#3 D:\laragon\www\bkk\app\Controllers\Home.php(115): CodeIgniter\Validation\Validation->run()
#4 D:\laragon\www\bkk\system\CodeIgniter.php(914): App\Controllers\Home->reg()
#5 D:\laragon\www\bkk\system\CodeIgniter.php(400): CodeIgniter\CodeIgniter->runController(Object(App\Controllers\Home))
#6 D:\laragon\www\bkk\system\CodeIgniter.php(308): CodeIgniter\CodeIgniter->handleRequest(NULL, Object(Config\Cache), false)
#7 D:\laragon\www\bkk\public\index.php(45): CodeIgniter\CodeIgniter->run()
#8 D:\laragon\www\bkk\system\Commands\Server\rewrite.php(34): require_once('D:\\laragon\\www\\...')
#9 {main}
CRITICAL - 2020-11-27 03:39:59 --> Too few arguments to function App\Models\Mdata::cc(), 1 passed in D:\laragon\www\bkk\app\Validation\MyRules.php on line 21 and exactly 2 expected
#0 D:\laragon\www\bkk\app\Validation\MyRules.php(21): App\Models\Mdata->cc(Array)
#1 D:\laragon\www\bkk\system\Validation\Validation.php(294): App\Validation\MyRules->nis('', NULL)
#2 D:\laragon\www\bkk\system\Validation\Validation.php(189): CodeIgniter\Validation\Validation->processRules('nis', 'NIS', '', Array, Array)
#3 D:\laragon\www\bkk\app\Controllers\Home.php(115): CodeIgniter\Validation\Validation->run()
#4 D:\laragon\www\bkk\system\CodeIgniter.php(914): App\Controllers\Home->reg()
#5 D:\laragon\www\bkk\system\CodeIgniter.php(400): CodeIgniter\CodeIgniter->runController(Object(App\Controllers\Home))
#6 D:\laragon\www\bkk\system\CodeIgniter.php(308): CodeIgniter\CodeIgniter->handleRequest(NULL, Object(Config\Cache), false)
#7 D:\laragon\www\bkk\public\index.php(45): CodeIgniter\CodeIgniter->run()
#8 D:\laragon\www\bkk\system\Commands\Server\rewrite.php(34): require_once('D:\\laragon\\www\\...')
#9 {main}
CRITICAL - 2020-11-27 04:14:20 --> Argument 1 passed to App\Validation\MyRules::nis() must be of the type string, null given, called in D:\laragon\www\bkk\system\Validation\Validation.php on line 294
#0 D:\laragon\www\bkk\system\Validation\Validation.php(294): App\Validation\MyRules->nis(NULL, NULL)
#1 D:\laragon\www\bkk\system\Validation\Validation.php(189): CodeIgniter\Validation\Validation->processRules('nam', 'Nama', NULL, Array, Array)
#2 D:\laragon\www\bkk\app\Controllers\Home.php(127): CodeIgniter\Validation\Validation->run()
#3 D:\laragon\www\bkk\system\CodeIgniter.php(914): App\Controllers\Home->reg()
#4 D:\laragon\www\bkk\system\CodeIgniter.php(400): CodeIgniter\CodeIgniter->runController(Object(App\Controllers\Home))
#5 D:\laragon\www\bkk\system\CodeIgniter.php(308): CodeIgniter\CodeIgniter->handleRequest(NULL, Object(Config\Cache), false)
#6 D:\laragon\www\bkk\public\index.php(45): CodeIgniter\CodeIgniter->run()
#7 D:\laragon\www\bkk\system\Commands\Server\rewrite.php(34): require_once('D:\\laragon\\www\\...')
#8 {main}
CRITICAL - 2020-11-27 04:33:44 --> Argument 1 passed to App\Validation\MyRules::nis() must be of the type string, null given, called in D:\laragon\www\bkk\system\Validation\Validation.php on line 294
#0 D:\laragon\www\bkk\system\Validation\Validation.php(294): App\Validation\MyRules->nis(NULL, NULL)
#1 D:\laragon\www\bkk\system\Validation\Validation.php(189): CodeIgniter\Validation\Validation->processRules('nam', 'Nama', NULL, Array, Array)
#2 D:\laragon\www\bkk\app\Controllers\Home.php(127): CodeIgniter\Validation\Validation->run()
#3 D:\laragon\www\bkk\system\CodeIgniter.php(914): App\Controllers\Home->reg()
#4 D:\laragon\www\bkk\system\CodeIgniter.php(400): CodeIgniter\CodeIgniter->runController(Object(App\Controllers\Home))
#5 D:\laragon\www\bkk\system\CodeIgniter.php(308): CodeIgniter\CodeIgniter->handleRequest(NULL, Object(Config\Cache), false)
#6 D:\laragon\www\bkk\public\index.php(45): CodeIgniter\CodeIgniter->run()
#7 D:\laragon\www\bkk\system\Commands\Server\rewrite.php(34): require_once('D:\\laragon\\www\\...')
#8 {main}
CRITICAL - 2020-11-27 04:33:45 --> Argument 1 passed to App\Validation\MyRules::nis() must be of the type string, null given, called in D:\laragon\www\bkk\system\Validation\Validation.php on line 294
#0 D:\laragon\www\bkk\system\Validation\Validation.php(294): App\Validation\MyRules->nis(NULL, NULL)
#1 D:\laragon\www\bkk\system\Validation\Validation.php(189): CodeIgniter\Validation\Validation->processRules('nam', 'Nama', NULL, Array, Array)
#2 D:\laragon\www\bkk\app\Controllers\Home.php(127): CodeIgniter\Validation\Validation->run()
#3 D:\laragon\www\bkk\system\CodeIgniter.php(914): App\Controllers\Home->reg()
#4 D:\laragon\www\bkk\system\CodeIgniter.php(400): CodeIgniter\CodeIgniter->runController(Object(App\Controllers\Home))
#5 D:\laragon\www\bkk\system\CodeIgniter.php(308): CodeIgniter\CodeIgniter->handleRequest(NULL, Object(Config\Cache), false)
#6 D:\laragon\www\bkk\public\index.php(45): CodeIgniter\CodeIgniter->run()
#7 D:\laragon\www\bkk\system\Commands\Server\rewrite.php(34): require_once('D:\\laragon\\www\\...')
#8 {main}
CRITICAL - 2020-11-27 04:33:46 --> Argument 1 passed to App\Validation\MyRules::nis() must be of the type string, null given, called in D:\laragon\www\bkk\system\Validation\Validation.php on line 294
#0 D:\laragon\www\bkk\system\Validation\Validation.php(294): App\Validation\MyRules->nis(NULL, NULL)
#1 D:\laragon\www\bkk\system\Validation\Validation.php(189): CodeIgniter\Validation\Validation->processRules('nam', 'Nama', NULL, Array, Array)
#2 D:\laragon\www\bkk\app\Controllers\Home.php(127): CodeIgniter\Validation\Validation->run()
#3 D:\laragon\www\bkk\system\CodeIgniter.php(914): App\Controllers\Home->reg()
#4 D:\laragon\www\bkk\system\CodeIgniter.php(400): CodeIgniter\CodeIgniter->runController(Object(App\Controllers\Home))
#5 D:\laragon\www\bkk\system\CodeIgniter.php(308): CodeIgniter\CodeIgniter->handleRequest(NULL, Object(Config\Cache), false)
#6 D:\laragon\www\bkk\public\index.php(45): CodeIgniter\CodeIgniter->run()
#7 D:\laragon\www\bkk\system\Commands\Server\rewrite.php(34): require_once('D:\\laragon\\www\\...')
#8 {main}
CRITICAL - 2020-11-27 04:33:58 --> Argument 1 passed to App\Validation\MyRules::nis() must be of the type string, null given, called in D:\laragon\www\bkk\system\Validation\Validation.php on line 294
#0 D:\laragon\www\bkk\system\Validation\Validation.php(294): App\Validation\MyRules->nis(NULL, NULL)
#1 D:\laragon\www\bkk\system\Validation\Validation.php(189): CodeIgniter\Validation\Validation->processRules('nam', 'Nama', NULL, Array, Array)
#2 D:\laragon\www\bkk\app\Controllers\Home.php(127): CodeIgniter\Validation\Validation->run()
#3 D:\laragon\www\bkk\system\CodeIgniter.php(914): App\Controllers\Home->reg()
#4 D:\laragon\www\bkk\system\CodeIgniter.php(400): CodeIgniter\CodeIgniter->runController(Object(App\Controllers\Home))
#5 D:\laragon\www\bkk\system\CodeIgniter.php(308): CodeIgniter\CodeIgniter->handleRequest(NULL, Object(Config\Cache), false)
#6 D:\laragon\www\bkk\public\index.php(45): CodeIgniter\CodeIgniter->run()
#7 D:\laragon\www\bkk\system\Commands\Server\rewrite.php(34): require_once('D:\\laragon\\www\\...')
#8 {main}
CRITICAL - 2020-11-27 04:44:03 --> 
#0 D:\laragon\www\bkk\system\HTTP\RedirectResponse.php(92): CodeIgniter\HTTP\Exceptions\HTTPException::forInvalidRedirectRoute('')
#1 D:\laragon\www\bkk\system\Common.php(813): CodeIgniter\HTTP\RedirectResponse->route(false)
#2 D:\laragon\www\bkk\app\Controllers\Home.php(51): redirect('registerasi')
#3 D:\laragon\www\bkk\system\CodeIgniter.php(914): App\Controllers\Home->step_1()
#4 D:\laragon\www\bkk\system\CodeIgniter.php(400): CodeIgniter\CodeIgniter->runController(Object(App\Controllers\Home))
#5 D:\laragon\www\bkk\system\CodeIgniter.php(308): CodeIgniter\CodeIgniter->handleRequest(NULL, Object(Config\Cache), false)
#6 D:\laragon\www\bkk\public\index.php(45): CodeIgniter\CodeIgniter->run()
#7 D:\laragon\www\bkk\system\Commands\Server\rewrite.php(34): require_once('D:\\laragon\\www\\...')
#8 {main}
CRITICAL - 2020-11-27 13:01:35 --> Duplicate entry '' for key 'PRIMARY'
#0 D:\laragon\www\bkk\system\Database\MySQLi\Connection.php(331): mysqli->query('INSERT INTO `tb...')
#1 D:\laragon\www\bkk\system\Database\BaseConnection.php(738): CodeIgniter\Database\MySQLi\Connection->execute('INSERT INTO `tb...')
#2 D:\laragon\www\bkk\system\Database\BaseConnection.php(666): CodeIgniter\Database\BaseConnection->simpleQuery('INSERT INTO `tb...')
#3 D:\laragon\www\bkk\system\Database\BaseBuilder.php(2076): CodeIgniter\Database\BaseConnection->query('INSERT INTO `tb...', Array, false)
#4 D:\laragon\www\bkk\app\Models\Mdata.php(47): CodeIgniter\Database\BaseBuilder->insertBatch(Array)
#5 D:\laragon\www\bkk\app\Controllers\Home.php(97): App\Models\Mdata->inbatch(Array, 'tb_an')
#6 D:\laragon\www\bkk\system\CodeIgniter.php(914): App\Controllers\Home->act_step1()
#7 D:\laragon\www\bkk\system\CodeIgniter.php(400): CodeIgniter\CodeIgniter->runController(Object(App\Controllers\Home))
#8 D:\laragon\www\bkk\system\CodeIgniter.php(308): CodeIgniter\CodeIgniter->handleRequest(NULL, Object(Config\Cache), false)
#9 D:\laragon\www\bkk\public\index.php(45): CodeIgniter\CodeIgniter->run()
#10 D:\laragon\www\bkk\system\Commands\Server\rewrite.php(34): require_once('D:\\laragon\\www\\...')
#11 {main}
