CRITICAL - 2020-08-25 01:30:45 --> Undefined property: stdClass::$bil_uniq
#0 D:\project\invoice\app\Controllers\Dashboard.php(757): CodeIgniter\Debug\Exceptions->errorHandler(8, 'Undefined prope...', 'D:\\project\\invo...', 757, Array)
#1 D:\project\invoice\system\CodeIgniter.php(914): App\Controllers\Dashboard->data_bil()
#2 D:\project\invoice\system\CodeIgniter.php(400): CodeIgniter\CodeIgniter->runController(Object(App\Controllers\Dashboard))
#3 D:\project\invoice\system\CodeIgniter.php(308): CodeIgniter\CodeIgniter->handleRequest(NULL, Object(Config\Cache), false)
#4 D:\project\invoice\public\index.php(45): CodeIgniter\CodeIgniter->run()
#5 D:\project\invoice\system\Commands\Server\rewrite.php(34): require_once('D:\\project\\invo...')
#6 {main}
CRITICAL - 2020-08-25 01:32:03 --> Unknown column 'tb_bil.bil_id' in 'on clause'
#0 D:\project\invoice\system\Database\MySQLi\Connection.php(331): mysqli->query('SELECT *\nFROM `...')
#1 D:\project\invoice\system\Database\BaseConnection.php(738): CodeIgniter\Database\MySQLi\Connection->execute('SELECT *\nFROM `...')
#2 D:\project\invoice\system\Database\BaseConnection.php(666): CodeIgniter\Database\BaseConnection->simpleQuery('SELECT *\nFROM `...')
#3 D:\project\invoice\system\Database\BaseBuilder.php(1845): CodeIgniter\Database\BaseConnection->query('SELECT *\nFROM `...', Array, false)
#4 D:\project\invoice\app\Models\Mdata.php(122): CodeIgniter\Database\BaseBuilder->get()
#5 D:\project\invoice\app\Controllers\Dashboard.php(748): App\Models\Mdata->join(Array, Array, Array)
#6 D:\project\invoice\system\CodeIgniter.php(914): App\Controllers\Dashboard->data_bil()
#7 D:\project\invoice\system\CodeIgniter.php(400): CodeIgniter\CodeIgniter->runController(Object(App\Controllers\Dashboard))
#8 D:\project\invoice\system\CodeIgniter.php(308): CodeIgniter\CodeIgniter->handleRequest(NULL, Object(Config\Cache), false)
#9 D:\project\invoice\public\index.php(45): CodeIgniter\CodeIgniter->run()
#10 D:\project\invoice\system\Commands\Server\rewrite.php(34): require_once('D:\\project\\invo...')
#11 {main}
CRITICAL - 2020-08-25 01:49:09 --> Access denied for user '****'@'localhost' (using password: YES)
#0 /home/fahmiff1/life.andropick.com/system/Database/BaseConnection.php(377): CodeIgniter\Database\MySQLi\Connection->connect(false)
#1 /home/fahmiff1/life.andropick.com/system/Database/BaseConnection.php(643): CodeIgniter\Database\BaseConnection->initialize()
#2 /home/fahmiff1/life.andropick.com/system/Database/BaseBuilder.php(2004): CodeIgniter\Database\BaseConnection->query('SELECT *\nFROM `...', Array, false)
#3 /home/fahmiff1/life.andropick.com/app/Models/Mdata.php(39): CodeIgniter\Database\BaseBuilder->getWhere(Array)
#4 /home/fahmiff1/life.andropick.com/app/Filters/Authf.php(18): App\Models\Mdata->cc(Array, 'tb_account')
#5 /home/fahmiff1/life.andropick.com/system/Filters/Filters.php(173): App\Filters\Authf->before(Object(CodeIgniter\HTTP\IncomingRequest), NULL)
#6 /home/fahmiff1/life.andropick.com/system/CodeIgniter.php(378): CodeIgniter\Filters\Filters->run('dashboard/user/...', 'before')
#7 /home/fahmiff1/life.andropick.com/system/CodeIgniter.php(308): CodeIgniter\CodeIgniter->handleRequest(NULL, Object(Config\Cache), false)
#8 /home/fahmiff1/life.andropick.com/public/index.php(45): CodeIgniter\CodeIgniter->run()
#9 {main}
CRITICAL - 2020-08-25 01:49:15 --> Access denied for user '****'@'localhost' (using password: YES)
#0 /home/fahmiff1/life.andropick.com/system/Database/BaseConnection.php(377): CodeIgniter\Database\MySQLi\Connection->connect(false)
#1 /home/fahmiff1/life.andropick.com/system/Database/BaseConnection.php(643): CodeIgniter\Database\BaseConnection->initialize()
#2 /home/fahmiff1/life.andropick.com/system/Database/BaseBuilder.php(2004): CodeIgniter\Database\BaseConnection->query('SELECT *\nFROM `...', Array, false)
#3 /home/fahmiff1/life.andropick.com/app/Models/Mdata.php(39): CodeIgniter\Database\BaseBuilder->getWhere(Array)
#4 /home/fahmiff1/life.andropick.com/app/Filters/Authf.php(18): App\Models\Mdata->cc(Array, 'tb_account')
#5 /home/fahmiff1/life.andropick.com/system/Filters/Filters.php(173): App\Filters\Authf->before(Object(CodeIgniter\HTTP\IncomingRequest), NULL)
#6 /home/fahmiff1/life.andropick.com/system/CodeIgniter.php(378): CodeIgniter\Filters\Filters->run('dashboard/user/...', 'before')
#7 /home/fahmiff1/life.andropick.com/system/CodeIgniter.php(308): CodeIgniter\CodeIgniter->handleRequest(NULL, Object(Config\Cache), false)
#8 /home/fahmiff1/life.andropick.com/public/index.php(45): CodeIgniter\CodeIgniter->run()
#9 {main}
CRITICAL - 2020-08-25 01:49:54 --> Access denied for user '****'@'localhost' (using password: YES)
#0 /home/fahmiff1/life.andropick.com/system/Database/BaseConnection.php(377): CodeIgniter\Database\MySQLi\Connection->connect(false)
#1 /home/fahmiff1/life.andropick.com/system/Database/BaseConnection.php(643): CodeIgniter\Database\BaseConnection->initialize()
#2 /home/fahmiff1/life.andropick.com/system/Database/BaseBuilder.php(2004): CodeIgniter\Database\BaseConnection->query('SELECT *\nFROM `...', Array, false)
#3 /home/fahmiff1/life.andropick.com/app/Models/Mdata.php(39): CodeIgniter\Database\BaseBuilder->getWhere(Array)
#4 /home/fahmiff1/life.andropick.com/app/Filters/Authf.php(18): App\Models\Mdata->cc(Array, 'tb_account')
#5 /home/fahmiff1/life.andropick.com/system/Filters/Filters.php(173): App\Filters\Authf->before(Object(CodeIgniter\HTTP\IncomingRequest), NULL)
#6 /home/fahmiff1/life.andropick.com/system/CodeIgniter.php(378): CodeIgniter\Filters\Filters->run('dashboard/info/...', 'before')
#7 /home/fahmiff1/life.andropick.com/system/CodeIgniter.php(308): CodeIgniter\CodeIgniter->handleRequest(NULL, Object(Config\Cache), false)
#8 /home/fahmiff1/life.andropick.com/public/index.php(45): CodeIgniter\CodeIgniter->run()
#9 {main}
CRITICAL - 2020-08-25 01:50:07 --> Access denied for user '****'@'localhost' (using password: YES)
#0 /home/fahmiff1/life.andropick.com/system/Database/BaseConnection.php(377): CodeIgniter\Database\MySQLi\Connection->connect(false)
#1 /home/fahmiff1/life.andropick.com/system/Database/BaseConnection.php(643): CodeIgniter\Database\BaseConnection->initialize()
#2 /home/fahmiff1/life.andropick.com/system/Database/BaseBuilder.php(2004): CodeIgniter\Database\BaseConnection->query('SELECT *\nFROM `...', Array, false)
#3 /home/fahmiff1/life.andropick.com/app/Models/Mdata.php(39): CodeIgniter\Database\BaseBuilder->getWhere(Array)
#4 /home/fahmiff1/life.andropick.com/app/Filters/Authf.php(18): App\Models\Mdata->cc(Array, 'tb_account')
#5 /home/fahmiff1/life.andropick.com/system/Filters/Filters.php(173): App\Filters\Authf->before(Object(CodeIgniter\HTTP\IncomingRequest), NULL)
#6 /home/fahmiff1/life.andropick.com/system/CodeIgniter.php(378): CodeIgniter\Filters\Filters->run('dashboard/data-...', 'before')
#7 /home/fahmiff1/life.andropick.com/system/CodeIgniter.php(308): CodeIgniter\CodeIgniter->handleRequest(NULL, Object(Config\Cache), false)
#8 /home/fahmiff1/life.andropick.com/public/index.php(45): CodeIgniter\CodeIgniter->run()
#9 {main}
CRITICAL - 2020-08-25 01:51:33 --> Undefined variable: da
#0 /home/fahmiff1/life.andropick.com/app/Views/laporan/tagihan.php(14): CodeIgniter\Debug\Exceptions->errorHandler(8, 'Undefined varia...', '/home/fahmiff1/...', 14, Array)
#1 /home/fahmiff1/life.andropick.com/system/View/View.php(246): include('/home/fahmiff1/...')
#2 /home/fahmiff1/life.andropick.com/system/View/View.php(525): CodeIgniter\View\View->render('laporan/tagihan', NULL, true)
#3 /home/fahmiff1/life.andropick.com/app/Views/template/layer.php(5): CodeIgniter\View\View->include('laporan/tagihan')
#4 /home/fahmiff1/life.andropick.com/system/View/View.php(246): include('/home/fahmiff1/...')
#5 /home/fahmiff1/life.andropick.com/system/Common.php(1087): CodeIgniter\View\View->render('template/layer', Array, true)
#6 /home/fahmiff1/life.andropick.com/app/Controllers/Admin.php(704): view('template/layer', Array)
#7 /home/fahmiff1/life.andropick.com/app/Controllers/Admin.php(687): App\Controllers\Admin->_tagihan()
#8 /home/fahmiff1/life.andropick.com/system/CodeIgniter.php(914): App\Controllers\Admin->laporan('tagihan')
#9 /home/fahmiff1/life.andropick.com/system/CodeIgniter.php(400): CodeIgniter\CodeIgniter->runController(Object(App\Controllers\Admin))
#10 /home/fahmiff1/life.andropick.com/system/CodeIgniter.php(308): CodeIgniter\CodeIgniter->handleRequest(NULL, Object(Config\Cache), false)
#11 /home/fahmiff1/life.andropick.com/public/index.php(45): CodeIgniter\CodeIgniter->run()
#12 {main}
CRITICAL - 2020-08-25 01:52:13 --> Undefined variable: da
#0 /home/fahmiff1/life.andropick.com/app/Views/laporan/tagihan.php(14): CodeIgniter\Debug\Exceptions->errorHandler(8, 'Undefined varia...', '/home/fahmiff1/...', 14, Array)
#1 /home/fahmiff1/life.andropick.com/system/View/View.php(246): include('/home/fahmiff1/...')
#2 /home/fahmiff1/life.andropick.com/system/View/View.php(525): CodeIgniter\View\View->render('laporan/tagihan', NULL, true)
#3 /home/fahmiff1/life.andropick.com/app/Views/template/layer.php(5): CodeIgniter\View\View->include('laporan/tagihan')
#4 /home/fahmiff1/life.andropick.com/system/View/View.php(246): include('/home/fahmiff1/...')
#5 /home/fahmiff1/life.andropick.com/system/Common.php(1087): CodeIgniter\View\View->render('template/layer', Array, true)
#6 /home/fahmiff1/life.andropick.com/app/Controllers/Admin.php(704): view('template/layer', Array)
#7 /home/fahmiff1/life.andropick.com/app/Controllers/Admin.php(687): App\Controllers\Admin->_tagihan()
#8 /home/fahmiff1/life.andropick.com/system/CodeIgniter.php(914): App\Controllers\Admin->laporan('tagihan')
#9 /home/fahmiff1/life.andropick.com/system/CodeIgniter.php(400): CodeIgniter\CodeIgniter->runController(Object(App\Controllers\Admin))
#10 /home/fahmiff1/life.andropick.com/system/CodeIgniter.php(308): CodeIgniter\CodeIgniter->handleRequest(NULL, Object(Config\Cache), false)
#11 /home/fahmiff1/life.andropick.com/public/index.php(45): CodeIgniter\CodeIgniter->run()
#12 {main}
CRITICAL - 2020-08-25 01:52:17 --> Undefined variable: da
#0 /home/fahmiff1/life.andropick.com/app/Views/laporan/tagihan.php(14): CodeIgniter\Debug\Exceptions->errorHandler(8, 'Undefined varia...', '/home/fahmiff1/...', 14, Array)
#1 /home/fahmiff1/life.andropick.com/system/View/View.php(246): include('/home/fahmiff1/...')
#2 /home/fahmiff1/life.andropick.com/system/View/View.php(525): CodeIgniter\View\View->render('laporan/tagihan', NULL, true)
#3 /home/fahmiff1/life.andropick.com/app/Views/template/layer.php(5): CodeIgniter\View\View->include('laporan/tagihan')
#4 /home/fahmiff1/life.andropick.com/system/View/View.php(246): include('/home/fahmiff1/...')
#5 /home/fahmiff1/life.andropick.com/system/Common.php(1087): CodeIgniter\View\View->render('template/layer', Array, true)
#6 /home/fahmiff1/life.andropick.com/app/Controllers/Admin.php(713): view('template/layer', Array)
#7 /home/fahmiff1/life.andropick.com/app/Controllers/Admin.php(690): App\Controllers\Admin->_income()
#8 /home/fahmiff1/life.andropick.com/system/CodeIgniter.php(914): App\Controllers\Admin->laporan('income')
#9 /home/fahmiff1/life.andropick.com/system/CodeIgniter.php(400): CodeIgniter\CodeIgniter->runController(Object(App\Controllers\Admin))
#10 /home/fahmiff1/life.andropick.com/system/CodeIgniter.php(308): CodeIgniter\CodeIgniter->handleRequest(NULL, Object(Config\Cache), false)
#11 /home/fahmiff1/life.andropick.com/public/index.php(45): CodeIgniter\CodeIgniter->run()
#12 {main}
CRITICAL - 2020-08-25 01:54:13 --> Undefined variable: da
#0 /home/fahmiff1/life.andropick.com/app/Views/laporan/tagihan.php(14): CodeIgniter\Debug\Exceptions->errorHandler(8, 'Undefined varia...', '/home/fahmiff1/...', 14, Array)
#1 /home/fahmiff1/life.andropick.com/system/View/View.php(246): include('/home/fahmiff1/...')
#2 /home/fahmiff1/life.andropick.com/system/View/View.php(525): CodeIgniter\View\View->render('laporan/tagihan', NULL, true)
#3 /home/fahmiff1/life.andropick.com/app/Views/template/layer.php(5): CodeIgniter\View\View->include('laporan/tagihan')
#4 /home/fahmiff1/life.andropick.com/system/View/View.php(246): include('/home/fahmiff1/...')
#5 /home/fahmiff1/life.andropick.com/system/Common.php(1087): CodeIgniter\View\View->render('template/layer', Array, true)
#6 /home/fahmiff1/life.andropick.com/app/Controllers/Admin.php(704): view('template/layer', Array)
#7 /home/fahmiff1/life.andropick.com/app/Controllers/Admin.php(687): App\Controllers\Admin->_tagihan()
#8 /home/fahmiff1/life.andropick.com/system/CodeIgniter.php(914): App\Controllers\Admin->laporan('tagihan')
#9 /home/fahmiff1/life.andropick.com/system/CodeIgniter.php(400): CodeIgniter\CodeIgniter->runController(Object(App\Controllers\Admin))
#10 /home/fahmiff1/life.andropick.com/system/CodeIgniter.php(308): CodeIgniter\CodeIgniter->handleRequest(NULL, Object(Config\Cache), false)
#11 /home/fahmiff1/life.andropick.com/public/index.php(45): CodeIgniter\CodeIgniter->run()
#12 {main}
CRITICAL - 2020-08-25 01:54:14 --> Undefined variable: da
#0 /home/fahmiff1/life.andropick.com/app/Views/laporan/tagihan.php(14): CodeIgniter\Debug\Exceptions->errorHandler(8, 'Undefined varia...', '/home/fahmiff1/...', 14, Array)
#1 /home/fahmiff1/life.andropick.com/system/View/View.php(246): include('/home/fahmiff1/...')
#2 /home/fahmiff1/life.andropick.com/system/View/View.php(525): CodeIgniter\View\View->render('laporan/tagihan', NULL, true)
#3 /home/fahmiff1/life.andropick.com/app/Views/template/layer.php(5): CodeIgniter\View\View->include('laporan/tagihan')
#4 /home/fahmiff1/life.andropick.com/system/View/View.php(246): include('/home/fahmiff1/...')
#5 /home/fahmiff1/life.andropick.com/system/Common.php(1087): CodeIgniter\View\View->render('template/layer', Array, true)
#6 /home/fahmiff1/life.andropick.com/app/Controllers/Admin.php(704): view('template/layer', Array)
#7 /home/fahmiff1/life.andropick.com/app/Controllers/Admin.php(687): App\Controllers\Admin->_tagihan()
#8 /home/fahmiff1/life.andropick.com/system/CodeIgniter.php(914): App\Controllers\Admin->laporan('tagihan')
#9 /home/fahmiff1/life.andropick.com/system/CodeIgniter.php(400): CodeIgniter\CodeIgniter->runController(Object(App\Controllers\Admin))
#10 /home/fahmiff1/life.andropick.com/system/CodeIgniter.php(308): CodeIgniter\CodeIgniter->handleRequest(NULL, Object(Config\Cache), false)
#11 /home/fahmiff1/life.andropick.com/public/index.php(45): CodeIgniter\CodeIgniter->run()
#12 {main}
CRITICAL - 2020-08-25 01:56:53 --> Undefined variable: da
#0 /home/fahmiff1/life.andropick.com/app/Views/laporan/tagihan.php(14): CodeIgniter\Debug\Exceptions->errorHandler(8, 'Undefined varia...', '/home/fahmiff1/...', 14, Array)
#1 /home/fahmiff1/life.andropick.com/system/View/View.php(246): include('/home/fahmiff1/...')
#2 /home/fahmiff1/life.andropick.com/system/View/View.php(525): CodeIgniter\View\View->render('laporan/tagihan', NULL, true)
#3 /home/fahmiff1/life.andropick.com/app/Views/template/layer.php(5): CodeIgniter\View\View->include('laporan/tagihan')
#4 /home/fahmiff1/life.andropick.com/system/View/View.php(246): include('/home/fahmiff1/...')
#5 /home/fahmiff1/life.andropick.com/system/Common.php(1087): CodeIgniter\View\View->render('template/layer', Array, true)
#6 /home/fahmiff1/life.andropick.com/app/Controllers/Admin.php(704): view('template/layer', Array)
#7 /home/fahmiff1/life.andropick.com/app/Controllers/Admin.php(687): App\Controllers\Admin->_tagihan()
#8 /home/fahmiff1/life.andropick.com/system/CodeIgniter.php(914): App\Controllers\Admin->laporan('tagihan')
#9 /home/fahmiff1/life.andropick.com/system/CodeIgniter.php(400): CodeIgniter\CodeIgniter->runController(Object(App\Controllers\Admin))
#10 /home/fahmiff1/life.andropick.com/system/CodeIgniter.php(308): CodeIgniter\CodeIgniter->handleRequest(NULL, Object(Config\Cache), false)
#11 /home/fahmiff1/life.andropick.com/public/index.php(45): CodeIgniter\CodeIgniter->run()
#12 {main}
CRITICAL - 2020-08-25 01:56:57 --> Undefined variable: da
#0 /home/fahmiff1/life.andropick.com/app/Views/laporan/tagihan.php(14): CodeIgniter\Debug\Exceptions->errorHandler(8, 'Undefined varia...', '/home/fahmiff1/...', 14, Array)
#1 /home/fahmiff1/life.andropick.com/system/View/View.php(246): include('/home/fahmiff1/...')
#2 /home/fahmiff1/life.andropick.com/system/View/View.php(525): CodeIgniter\View\View->render('laporan/tagihan', NULL, true)
#3 /home/fahmiff1/life.andropick.com/app/Views/template/layer.php(5): CodeIgniter\View\View->include('laporan/tagihan')
#4 /home/fahmiff1/life.andropick.com/system/View/View.php(246): include('/home/fahmiff1/...')
#5 /home/fahmiff1/life.andropick.com/system/Common.php(1087): CodeIgniter\View\View->render('template/layer', Array, true)
#6 /home/fahmiff1/life.andropick.com/app/Controllers/Admin.php(713): view('template/layer', Array)
#7 /home/fahmiff1/life.andropick.com/app/Controllers/Admin.php(690): App\Controllers\Admin->_income()
#8 /home/fahmiff1/life.andropick.com/system/CodeIgniter.php(914): App\Controllers\Admin->laporan('income')
#9 /home/fahmiff1/life.andropick.com/system/CodeIgniter.php(400): CodeIgniter\CodeIgniter->runController(Object(App\Controllers\Admin))
#10 /home/fahmiff1/life.andropick.com/system/CodeIgniter.php(308): CodeIgniter\CodeIgniter->handleRequest(NULL, Object(Config\Cache), false)
#11 /home/fahmiff1/life.andropick.com/public/index.php(45): CodeIgniter\CodeIgniter->run()
#12 {main}
CRITICAL - 2020-08-25 05:55:38 --> Undefined variable: da
#0 /home/fahmiff1/life.andropick.com/app/Views/laporan/tagihan.php(14): CodeIgniter\Debug\Exceptions->errorHandler(8, 'Undefined varia...', '/home/fahmiff1/...', 14, Array)
#1 /home/fahmiff1/life.andropick.com/system/View/View.php(246): include('/home/fahmiff1/...')
#2 /home/fahmiff1/life.andropick.com/system/View/View.php(525): CodeIgniter\View\View->render('laporan/tagihan', NULL, true)
#3 /home/fahmiff1/life.andropick.com/app/Views/template/layer.php(5): CodeIgniter\View\View->include('laporan/tagihan')
#4 /home/fahmiff1/life.andropick.com/system/View/View.php(246): include('/home/fahmiff1/...')
#5 /home/fahmiff1/life.andropick.com/system/Common.php(1087): CodeIgniter\View\View->render('template/layer', Array, true)
#6 /home/fahmiff1/life.andropick.com/app/Controllers/Admin.php(704): view('template/layer', Array)
#7 /home/fahmiff1/life.andropick.com/app/Controllers/Admin.php(687): App\Controllers\Admin->_tagihan()
#8 /home/fahmiff1/life.andropick.com/system/CodeIgniter.php(914): App\Controllers\Admin->laporan('tagihan')
#9 /home/fahmiff1/life.andropick.com/system/CodeIgniter.php(400): CodeIgniter\CodeIgniter->runController(Object(App\Controllers\Admin))
#10 /home/fahmiff1/life.andropick.com/system/CodeIgniter.php(308): CodeIgniter\CodeIgniter->handleRequest(NULL, Object(Config\Cache), false)
#11 /home/fahmiff1/life.andropick.com/public/index.php(45): CodeIgniter\CodeIgniter->run()
#12 {main}
CRITICAL - 2020-08-25 05:55:43 --> Undefined variable: da
#0 /home/fahmiff1/life.andropick.com/app/Views/laporan/tagihan.php(14): CodeIgniter\Debug\Exceptions->errorHandler(8, 'Undefined varia...', '/home/fahmiff1/...', 14, Array)
#1 /home/fahmiff1/life.andropick.com/system/View/View.php(246): include('/home/fahmiff1/...')
#2 /home/fahmiff1/life.andropick.com/system/View/View.php(525): CodeIgniter\View\View->render('laporan/tagihan', NULL, true)
#3 /home/fahmiff1/life.andropick.com/app/Views/template/layer.php(5): CodeIgniter\View\View->include('laporan/tagihan')
#4 /home/fahmiff1/life.andropick.com/system/View/View.php(246): include('/home/fahmiff1/...')
#5 /home/fahmiff1/life.andropick.com/system/Common.php(1087): CodeIgniter\View\View->render('template/layer', Array, true)
#6 /home/fahmiff1/life.andropick.com/app/Controllers/Admin.php(713): view('template/layer', Array)
#7 /home/fahmiff1/life.andropick.com/app/Controllers/Admin.php(690): App\Controllers\Admin->_income()
#8 /home/fahmiff1/life.andropick.com/system/CodeIgniter.php(914): App\Controllers\Admin->laporan('income')
#9 /home/fahmiff1/life.andropick.com/system/CodeIgniter.php(400): CodeIgniter\CodeIgniter->runController(Object(App\Controllers\Admin))
#10 /home/fahmiff1/life.andropick.com/system/CodeIgniter.php(308): CodeIgniter\CodeIgniter->handleRequest(NULL, Object(Config\Cache), false)
#11 /home/fahmiff1/life.andropick.com/public/index.php(45): CodeIgniter\CodeIgniter->run()
#12 {main}
CRITICAL - 2020-08-25 06:03:24 --> Undefined variable: da
#0 /home/fahmiff1/life.andropick.com/app/Views/laporan/tagihan.php(14): CodeIgniter\Debug\Exceptions->errorHandler(8, 'Undefined varia...', '/home/fahmiff1/...', 14, Array)
#1 /home/fahmiff1/life.andropick.com/system/View/View.php(246): include('/home/fahmiff1/...')
#2 /home/fahmiff1/life.andropick.com/system/View/View.php(525): CodeIgniter\View\View->render('laporan/tagihan', NULL, true)
#3 /home/fahmiff1/life.andropick.com/app/Views/template/layer.php(5): CodeIgniter\View\View->include('laporan/tagihan')
#4 /home/fahmiff1/life.andropick.com/system/View/View.php(246): include('/home/fahmiff1/...')
#5 /home/fahmiff1/life.andropick.com/system/Common.php(1087): CodeIgniter\View\View->render('template/layer', Array, true)
#6 /home/fahmiff1/life.andropick.com/app/Controllers/Admin.php(704): view('template/layer', Array)
#7 /home/fahmiff1/life.andropick.com/app/Controllers/Admin.php(687): App\Controllers\Admin->_tagihan()
#8 /home/fahmiff1/life.andropick.com/system/CodeIgniter.php(914): App\Controllers\Admin->laporan('tagihan')
#9 /home/fahmiff1/life.andropick.com/system/CodeIgniter.php(400): CodeIgniter\CodeIgniter->runController(Object(App\Controllers\Admin))
#10 /home/fahmiff1/life.andropick.com/system/CodeIgniter.php(308): CodeIgniter\CodeIgniter->handleRequest(NULL, Object(Config\Cache), false)
#11 /home/fahmiff1/life.andropick.com/public/index.php(45): CodeIgniter\CodeIgniter->run()
#12 {main}
CRITICAL - 2020-08-25 06:19:46 --> Undefined variable: da
#0 /home/fahmiff1/life.andropick.com/app/Views/laporan/tagihan.php(14): CodeIgniter\Debug\Exceptions->errorHandler(8, 'Undefined varia...', '/home/fahmiff1/...', 14, Array)
#1 /home/fahmiff1/life.andropick.com/system/View/View.php(246): include('/home/fahmiff1/...')
#2 /home/fahmiff1/life.andropick.com/system/View/View.php(525): CodeIgniter\View\View->render('laporan/tagihan', NULL, true)
#3 /home/fahmiff1/life.andropick.com/app/Views/template/layer.php(5): CodeIgniter\View\View->include('laporan/tagihan')
#4 /home/fahmiff1/life.andropick.com/system/View/View.php(246): include('/home/fahmiff1/...')
#5 /home/fahmiff1/life.andropick.com/system/Common.php(1087): CodeIgniter\View\View->render('template/layer', Array, true)
#6 /home/fahmiff1/life.andropick.com/app/Controllers/Admin.php(704): view('template/layer', Array)
#7 /home/fahmiff1/life.andropick.com/app/Controllers/Admin.php(687): App\Controllers\Admin->_tagihan()
#8 /home/fahmiff1/life.andropick.com/system/CodeIgniter.php(914): App\Controllers\Admin->laporan('tagihan')
#9 /home/fahmiff1/life.andropick.com/system/CodeIgniter.php(400): CodeIgniter\CodeIgniter->runController(Object(App\Controllers\Admin))
#10 /home/fahmiff1/life.andropick.com/system/CodeIgniter.php(308): CodeIgniter\CodeIgniter->handleRequest(NULL, Object(Config\Cache), false)
#11 /home/fahmiff1/life.andropick.com/public/index.php(45): CodeIgniter\CodeIgniter->run()
#12 {main}
CRITICAL - 2020-08-25 10:32:11 --> Undefined variable: da
#0 /home/fahmiff1/life.andropick.com/app/Views/laporan/tagihan.php(14): CodeIgniter\Debug\Exceptions->errorHandler(8, 'Undefined varia...', '/home/fahmiff1/...', 14, Array)
#1 /home/fahmiff1/life.andropick.com/system/View/View.php(246): include('/home/fahmiff1/...')
#2 /home/fahmiff1/life.andropick.com/system/View/View.php(525): CodeIgniter\View\View->render('laporan/tagihan', NULL, true)
#3 /home/fahmiff1/life.andropick.com/app/Views/template/layer.php(5): CodeIgniter\View\View->include('laporan/tagihan')
#4 /home/fahmiff1/life.andropick.com/system/View/View.php(246): include('/home/fahmiff1/...')
#5 /home/fahmiff1/life.andropick.com/system/Common.php(1087): CodeIgniter\View\View->render('template/layer', Array, true)
#6 /home/fahmiff1/life.andropick.com/app/Controllers/Admin.php(704): view('template/layer', Array)
#7 /home/fahmiff1/life.andropick.com/app/Controllers/Admin.php(687): App\Controllers\Admin->_tagihan()
#8 /home/fahmiff1/life.andropick.com/system/CodeIgniter.php(914): App\Controllers\Admin->laporan('tagihan')
#9 /home/fahmiff1/life.andropick.com/system/CodeIgniter.php(400): CodeIgniter\CodeIgniter->runController(Object(App\Controllers\Admin))
#10 /home/fahmiff1/life.andropick.com/system/CodeIgniter.php(308): CodeIgniter\CodeIgniter->handleRequest(NULL, Object(Config\Cache), false)
#11 /home/fahmiff1/life.andropick.com/public/index.php(45): CodeIgniter\CodeIgniter->run()
#12 {main}
CRITICAL - 2020-08-25 10:36:11 --> Undefined variable: da
#0 /home/fahmiff1/life.andropick.com/app/Views/laporan/tagihan.php(14): CodeIgniter\Debug\Exceptions->errorHandler(8, 'Undefined varia...', '/home/fahmiff1/...', 14, Array)
#1 /home/fahmiff1/life.andropick.com/system/View/View.php(246): include('/home/fahmiff1/...')
#2 /home/fahmiff1/life.andropick.com/system/View/View.php(525): CodeIgniter\View\View->render('laporan/tagihan', NULL, true)
#3 /home/fahmiff1/life.andropick.com/app/Views/template/layer.php(5): CodeIgniter\View\View->include('laporan/tagihan')
#4 /home/fahmiff1/life.andropick.com/system/View/View.php(246): include('/home/fahmiff1/...')
#5 /home/fahmiff1/life.andropick.com/system/Common.php(1087): CodeIgniter\View\View->render('template/layer', Array, true)
#6 /home/fahmiff1/life.andropick.com/app/Controllers/Admin.php(704): view('template/layer', Array)
#7 /home/fahmiff1/life.andropick.com/app/Controllers/Admin.php(687): App\Controllers\Admin->_tagihan()
#8 /home/fahmiff1/life.andropick.com/system/CodeIgniter.php(914): App\Controllers\Admin->laporan('tagihan')
#9 /home/fahmiff1/life.andropick.com/system/CodeIgniter.php(400): CodeIgniter\CodeIgniter->runController(Object(App\Controllers\Admin))
#10 /home/fahmiff1/life.andropick.com/system/CodeIgniter.php(308): CodeIgniter\CodeIgniter->handleRequest(NULL, Object(Config\Cache), false)
#11 /home/fahmiff1/life.andropick.com/public/index.php(45): CodeIgniter\CodeIgniter->run()
#12 {main}
CRITICAL - 2020-08-25 13:23:36 --> Undefined variable: payload_json_from_response
#0 /home/fahmiff1/life.andropick.com/app/Controllers/Home.php(109): CodeIgniter\Debug\Exceptions->errorHandler(8, 'Undefined varia...', '/home/fahmiff1/...', 109, Array)
#1 /home/fahmiff1/life.andropick.com/system/CodeIgniter.php(914): App\Controllers\Home->point('7VrDTRS4dRb')
#2 /home/fahmiff1/life.andropick.com/system/CodeIgniter.php(400): CodeIgniter\CodeIgniter->runController(Object(App\Controllers\Home))
#3 /home/fahmiff1/life.andropick.com/system/CodeIgniter.php(308): CodeIgniter\CodeIgniter->handleRequest(NULL, Object(Config\Cache), false)
#4 /home/fahmiff1/life.andropick.com/public/index.php(45): CodeIgniter\CodeIgniter->run()
#5 {main}
CRITICAL - 2020-08-25 13:27:06 --> Undefined variable: payload_json_from_response
#0 /home/fahmiff1/life.andropick.com/app/Controllers/Home.php(109): CodeIgniter\Debug\Exceptions->errorHandler(8, 'Undefined varia...', '/home/fahmiff1/...', 109, Array)
#1 /home/fahmiff1/life.andropick.com/system/CodeIgniter.php(914): App\Controllers\Home->point('7VrDTRS4dRb')
#2 /home/fahmiff1/life.andropick.com/system/CodeIgniter.php(400): CodeIgniter\CodeIgniter->runController(Object(App\Controllers\Home))
#3 /home/fahmiff1/life.andropick.com/system/CodeIgniter.php(308): CodeIgniter\CodeIgniter->handleRequest(NULL, Object(Config\Cache), false)
#4 /home/fahmiff1/life.andropick.com/public/index.php(45): CodeIgniter\CodeIgniter->run()
#5 {main}
CRITICAL - 2020-08-25 13:27:15 --> Undefined variable: payload_json_from_response
#0 /home/fahmiff1/life.andropick.com/app/Controllers/Home.php(109): CodeIgniter\Debug\Exceptions->errorHandler(8, 'Undefined varia...', '/home/fahmiff1/...', 109, Array)
#1 /home/fahmiff1/life.andropick.com/system/CodeIgniter.php(914): App\Controllers\Home->point('7VrDTRS4dRb')
#2 /home/fahmiff1/life.andropick.com/system/CodeIgniter.php(400): CodeIgniter\CodeIgniter->runController(Object(App\Controllers\Home))
#3 /home/fahmiff1/life.andropick.com/system/CodeIgniter.php(308): CodeIgniter\CodeIgniter->handleRequest(NULL, Object(Config\Cache), false)
#4 /home/fahmiff1/life.andropick.com/public/index.php(45): CodeIgniter\CodeIgniter->run()
#5 {main}
CRITICAL - 2020-08-25 22:50:26 --> Undefined variable: payload_json_from_response
#0 /home/fahmiff1/life.andropick.com/app/Controllers/Home.php(110): CodeIgniter\Debug\Exceptions->errorHandler(8, 'Undefined varia...', '/home/fahmiff1/...', 110, Array)
#1 /home/fahmiff1/life.andropick.com/system/CodeIgniter.php(914): App\Controllers\Home->point('op')
#2 /home/fahmiff1/life.andropick.com/system/CodeIgniter.php(400): CodeIgniter\CodeIgniter->runController(Object(App\Controllers\Home))
#3 /home/fahmiff1/life.andropick.com/system/CodeIgniter.php(308): CodeIgniter\CodeIgniter->handleRequest(NULL, Object(Config\Cache), false)
#4 /home/fahmiff1/life.andropick.com/public/index.php(45): CodeIgniter\CodeIgniter->run()
#5 {main}
CRITICAL - 2020-08-25 22:50:41 --> Undefined variable: payload_json_from_response
#0 /home/fahmiff1/life.andropick.com/app/Controllers/Home.php(110): CodeIgniter\Debug\Exceptions->errorHandler(8, 'Undefined varia...', '/home/fahmiff1/...', 110, Array)
#1 /home/fahmiff1/life.andropick.com/system/CodeIgniter.php(914): App\Controllers\Home->point('op')
#2 /home/fahmiff1/life.andropick.com/system/CodeIgniter.php(400): CodeIgniter\CodeIgniter->runController(Object(App\Controllers\Home))
#3 /home/fahmiff1/life.andropick.com/system/CodeIgniter.php(308): CodeIgniter\CodeIgniter->handleRequest(NULL, Object(Config\Cache), false)
#4 /home/fahmiff1/life.andropick.com/public/index.php(45): CodeIgniter\CodeIgniter->run()
#5 {main}
CRITICAL - 2020-08-25 22:50:46 --> Undefined variable: payload_json_from_response
#0 /home/fahmiff1/life.andropick.com/app/Controllers/Home.php(110): CodeIgniter\Debug\Exceptions->errorHandler(8, 'Undefined varia...', '/home/fahmiff1/...', 110, Array)
#1 /home/fahmiff1/life.andropick.com/system/CodeIgniter.php(914): App\Controllers\Home->point('op')
#2 /home/fahmiff1/life.andropick.com/system/CodeIgniter.php(400): CodeIgniter\CodeIgniter->runController(Object(App\Controllers\Home))
#3 /home/fahmiff1/life.andropick.com/system/CodeIgniter.php(308): CodeIgniter\CodeIgniter->handleRequest(NULL, Object(Config\Cache), false)
#4 /home/fahmiff1/life.andropick.com/public/index.php(45): CodeIgniter\CodeIgniter->run()
#5 {main}
CRITICAL - 2020-08-25 22:58:18 --> Undefined variable: payload_json_from_response
#0 /home/fahmiff1/life.andropick.com/app/Controllers/Home.php(110): CodeIgniter\Debug\Exceptions->errorHandler(8, 'Undefined varia...', '/home/fahmiff1/...', 110, Array)
#1 /home/fahmiff1/life.andropick.com/system/CodeIgniter.php(914): App\Controllers\Home->point('op')
#2 /home/fahmiff1/life.andropick.com/system/CodeIgniter.php(400): CodeIgniter\CodeIgniter->runController(Object(App\Controllers\Home))
#3 /home/fahmiff1/life.andropick.com/system/CodeIgniter.php(308): CodeIgniter\CodeIgniter->handleRequest(NULL, Object(Config\Cache), false)
#4 /home/fahmiff1/life.andropick.com/public/index.php(45): CodeIgniter\CodeIgniter->run()
#5 {main}
CRITICAL - 2020-08-25 23:52:49 --> Column 'tes' cannot be null
#0 /home/fahmiff1/life.andropick.com/system/Database/MySQLi/Connection.php(331): mysqli->query('INSERT INTO `tb...')
#1 /home/fahmiff1/life.andropick.com/system/Database/BaseConnection.php(738): CodeIgniter\Database\MySQLi\Connection->execute('INSERT INTO `tb...')
#2 /home/fahmiff1/life.andropick.com/system/Database/BaseConnection.php(666): CodeIgniter\Database\BaseConnection->simpleQuery('INSERT INTO `tb...')
#3 /home/fahmiff1/life.andropick.com/system/Database/BaseBuilder.php(2234): CodeIgniter\Database\BaseConnection->query('INSERT INTO `tb...', Array, false)
#4 /home/fahmiff1/life.andropick.com/app/Models/Mdata.php(18): CodeIgniter\Database\BaseBuilder->insert(Array)
#5 /home/fahmiff1/life.andropick.com/app/Controllers/Home.php(114): App\Models\Mdata->safe(Array, 'tb_tes')
#6 /home/fahmiff1/life.andropick.com/system/CodeIgniter.php(914): App\Controllers\Home->point('yono')
#7 /home/fahmiff1/life.andropick.com/system/CodeIgniter.php(400): CodeIgniter\CodeIgniter->runController(Object(App\Controllers\Home))
#8 /home/fahmiff1/life.andropick.com/system/CodeIgniter.php(308): CodeIgniter\CodeIgniter->handleRequest(NULL, Object(Config\Cache), false)
#9 /home/fahmiff1/life.andropick.com/public/index.php(45): CodeIgniter\CodeIgniter->run()
#10 {main}
CRITICAL - 2020-08-25 23:53:16 --> Column 'tes' cannot be null
#0 /home/fahmiff1/life.andropick.com/system/Database/MySQLi/Connection.php(331): mysqli->query('INSERT INTO `tb...')
#1 /home/fahmiff1/life.andropick.com/system/Database/BaseConnection.php(738): CodeIgniter\Database\MySQLi\Connection->execute('INSERT INTO `tb...')
#2 /home/fahmiff1/life.andropick.com/system/Database/BaseConnection.php(666): CodeIgniter\Database\BaseConnection->simpleQuery('INSERT INTO `tb...')
#3 /home/fahmiff1/life.andropick.com/system/Database/BaseBuilder.php(2234): CodeIgniter\Database\BaseConnection->query('INSERT INTO `tb...', Array, false)
#4 /home/fahmiff1/life.andropick.com/app/Models/Mdata.php(18): CodeIgniter\Database\BaseBuilder->insert(Array)
#5 /home/fahmiff1/life.andropick.com/app/Controllers/Home.php(114): App\Models\Mdata->safe(Array, 'tb_tes')
#6 /home/fahmiff1/life.andropick.com/system/CodeIgniter.php(914): App\Controllers\Home->point('yono')
#7 /home/fahmiff1/life.andropick.com/system/CodeIgniter.php(400): CodeIgniter\CodeIgniter->runController(Object(App\Controllers\Home))
#8 /home/fahmiff1/life.andropick.com/system/CodeIgniter.php(308): CodeIgniter\CodeIgniter->handleRequest(NULL, Object(Config\Cache), false)
#9 /home/fahmiff1/life.andropick.com/public/index.php(45): CodeIgniter\CodeIgniter->run()
#10 {main}
CRITICAL - 2020-08-25 23:53:48 --> Column 'tes' cannot be null
#0 /home/fahmiff1/life.andropick.com/system/Database/MySQLi/Connection.php(331): mysqli->query('INSERT INTO `tb...')
#1 /home/fahmiff1/life.andropick.com/system/Database/BaseConnection.php(738): CodeIgniter\Database\MySQLi\Connection->execute('INSERT INTO `tb...')
#2 /home/fahmiff1/life.andropick.com/system/Database/BaseConnection.php(666): CodeIgniter\Database\BaseConnection->simpleQuery('INSERT INTO `tb...')
#3 /home/fahmiff1/life.andropick.com/system/Database/BaseBuilder.php(2234): CodeIgniter\Database\BaseConnection->query('INSERT INTO `tb...', Array, false)
#4 /home/fahmiff1/life.andropick.com/app/Models/Mdata.php(18): CodeIgniter\Database\BaseBuilder->insert(Array)
#5 /home/fahmiff1/life.andropick.com/app/Controllers/Home.php(114): App\Models\Mdata->safe(Array, 'tb_tes')
#6 /home/fahmiff1/life.andropick.com/system/CodeIgniter.php(914): App\Controllers\Home->point('yono')
#7 /home/fahmiff1/life.andropick.com/system/CodeIgniter.php(400): CodeIgniter\CodeIgniter->runController(Object(App\Controllers\Home))
#8 /home/fahmiff1/life.andropick.com/system/CodeIgniter.php(308): CodeIgniter\CodeIgniter->handleRequest(NULL, Object(Config\Cache), false)
#9 /home/fahmiff1/life.andropick.com/public/index.php(45): CodeIgniter\CodeIgniter->run()
#10 {main}
CRITICAL - 2020-08-25 23:53:52 --> Column 'tes' cannot be null
#0 /home/fahmiff1/life.andropick.com/system/Database/MySQLi/Connection.php(331): mysqli->query('INSERT INTO `tb...')
#1 /home/fahmiff1/life.andropick.com/system/Database/BaseConnection.php(738): CodeIgniter\Database\MySQLi\Connection->execute('INSERT INTO `tb...')
#2 /home/fahmiff1/life.andropick.com/system/Database/BaseConnection.php(666): CodeIgniter\Database\BaseConnection->simpleQuery('INSERT INTO `tb...')
#3 /home/fahmiff1/life.andropick.com/system/Database/BaseBuilder.php(2234): CodeIgniter\Database\BaseConnection->query('INSERT INTO `tb...', Array, false)
#4 /home/fahmiff1/life.andropick.com/app/Models/Mdata.php(18): CodeIgniter\Database\BaseBuilder->insert(Array)
#5 /home/fahmiff1/life.andropick.com/app/Controllers/Home.php(114): App\Models\Mdata->safe(Array, 'tb_tes')
#6 /home/fahmiff1/life.andropick.com/system/CodeIgniter.php(914): App\Controllers\Home->point('yono')
#7 /home/fahmiff1/life.andropick.com/system/CodeIgniter.php(400): CodeIgniter\CodeIgniter->runController(Object(App\Controllers\Home))
#8 /home/fahmiff1/life.andropick.com/system/CodeIgniter.php(308): CodeIgniter\CodeIgniter->handleRequest(NULL, Object(Config\Cache), false)
#9 /home/fahmiff1/life.andropick.com/public/index.php(45): CodeIgniter\CodeIgniter->run()
#10 {main}
