CRITICAL - 2020-08-18 02:49:12 --> Request URI segment is out of range: 1
#0 D:\project\invoice\system\HTTP\URI.php(515): CodeIgniter\HTTP\Exceptions\HTTPException::forURISegmentOutOfRange(1)
#1 D:\project\invoice\app\Views\template\base.php(4): CodeIgniter\HTTP\URI->getSegment(1)
#2 D:\project\invoice\system\View\View.php(246): include('D:\\project\\invo...')
#3 D:\project\invoice\system\View\View.php(257): CodeIgniter\View\View->render('template/base', Array, true)
#4 D:\project\invoice\system\Common.php(1119): CodeIgniter\View\View->render('template/layer', Array, true)
#5 D:\project\invoice\app\Controllers\Home.php(19): view('template/layer', Array)
#6 D:\project\invoice\system\CodeIgniter.php(918): App\Controllers\Home->index()
#7 D:\project\invoice\system\CodeIgniter.php(404): CodeIgniter\CodeIgniter->runController(Object(App\Controllers\Home))
#8 D:\project\invoice\system\CodeIgniter.php(312): CodeIgniter\CodeIgniter->handleRequest(NULL, Object(Config\Cache), false)
#9 D:\project\invoice\public\index.php(45): CodeIgniter\CodeIgniter->run()
#10 D:\project\invoice\system\Commands\Server\rewrite.php(34): require_once('D:\\project\\invo...')
#11 {main}
CRITICAL - 2020-08-18 02:49:22 --> Request URI segment is out of range: 1
#0 D:\project\invoice\system\HTTP\URI.php(515): CodeIgniter\HTTP\Exceptions\HTTPException::forURISegmentOutOfRange(1)
#1 D:\project\invoice\app\Views\template\base.php(4): CodeIgniter\HTTP\URI->getSegment(1)
#2 D:\project\invoice\system\View\View.php(246): include('D:\\project\\invo...')
#3 D:\project\invoice\system\View\View.php(257): CodeIgniter\View\View->render('template/base', Array, true)
#4 D:\project\invoice\system\Common.php(1119): CodeIgniter\View\View->render('template/layer', Array, true)
#5 D:\project\invoice\app\Controllers\Home.php(19): view('template/layer', Array)
#6 D:\project\invoice\system\CodeIgniter.php(918): App\Controllers\Home->index()
#7 D:\project\invoice\system\CodeIgniter.php(404): CodeIgniter\CodeIgniter->runController(Object(App\Controllers\Home))
#8 D:\project\invoice\system\CodeIgniter.php(312): CodeIgniter\CodeIgniter->handleRequest(NULL, Object(Config\Cache), false)
#9 D:\project\invoice\public\index.php(45): CodeIgniter\CodeIgniter->run()
#10 D:\project\invoice\system\Commands\Server\rewrite.php(34): require_once('D:\\project\\invo...')
#11 {main}
CRITICAL - 2020-08-18 02:49:31 --> Request URI segment is out of range: 1
#0 D:\project\invoice\system\HTTP\URI.php(515): CodeIgniter\HTTP\Exceptions\HTTPException::forURISegmentOutOfRange(1)
#1 D:\project\invoice\app\Views\template\base.php(4): CodeIgniter\HTTP\URI->getSegment(1)
#2 D:\project\invoice\system\View\View.php(246): include('D:\\project\\invo...')
#3 D:\project\invoice\system\View\View.php(257): CodeIgniter\View\View->render('template/base', Array, true)
#4 D:\project\invoice\system\Common.php(1119): CodeIgniter\View\View->render('template/layer', Array, true)
#5 D:\project\invoice\app\Controllers\Home.php(19): view('template/layer', Array)
#6 D:\project\invoice\system\CodeIgniter.php(918): App\Controllers\Home->index()
#7 D:\project\invoice\system\CodeIgniter.php(404): CodeIgniter\CodeIgniter->runController(Object(App\Controllers\Home))
#8 D:\project\invoice\system\CodeIgniter.php(312): CodeIgniter\CodeIgniter->handleRequest(NULL, Object(Config\Cache), false)
#9 D:\project\invoice\public\index.php(45): CodeIgniter\CodeIgniter->run()
#10 D:\project\invoice\system\Commands\Server\rewrite.php(34): require_once('D:\\project\\invo...')
#11 {main}
CRITICAL - 2020-08-18 02:50:44 --> Request URI segment is out of range: 1
#0 D:\project\invoice\system\HTTP\URI.php(515): CodeIgniter\HTTP\Exceptions\HTTPException::forURISegmentOutOfRange(1)
#1 D:\project\invoice\app\Views\template\base.php(4): CodeIgniter\HTTP\URI->getSegment(1)
#2 D:\project\invoice\system\View\View.php(246): include('D:\\project\\invo...')
#3 D:\project\invoice\system\View\View.php(257): CodeIgniter\View\View->render('template/base', Array, true)
#4 D:\project\invoice\system\Common.php(1119): CodeIgniter\View\View->render('template/layer', Array, true)
#5 D:\project\invoice\app\Controllers\Home.php(19): view('template/layer', Array)
#6 D:\project\invoice\system\CodeIgniter.php(918): App\Controllers\Home->login()
#7 D:\project\invoice\system\CodeIgniter.php(404): CodeIgniter\CodeIgniter->runController(Object(App\Controllers\Home))
#8 D:\project\invoice\system\CodeIgniter.php(312): CodeIgniter\CodeIgniter->handleRequest(NULL, Object(Config\Cache), false)
#9 D:\project\invoice\public\index.php(45): CodeIgniter\CodeIgniter->run()
#10 D:\project\invoice\system\Commands\Server\rewrite.php(34): require_once('D:\\project\\invo...')
#11 {main}
CRITICAL - 2020-08-18 02:50:48 --> Request URI segment is out of range: 1
#0 D:\project\invoice\system\HTTP\URI.php(515): CodeIgniter\HTTP\Exceptions\HTTPException::forURISegmentOutOfRange(1)
#1 D:\project\invoice\app\Views\template\base.php(4): CodeIgniter\HTTP\URI->getSegment(1)
#2 D:\project\invoice\system\View\View.php(246): include('D:\\project\\invo...')
#3 D:\project\invoice\system\View\View.php(257): CodeIgniter\View\View->render('template/base', Array, true)
#4 D:\project\invoice\system\Common.php(1119): CodeIgniter\View\View->render('template/layer', Array, true)
#5 D:\project\invoice\app\Controllers\Home.php(19): view('template/layer', Array)
#6 D:\project\invoice\system\CodeIgniter.php(918): App\Controllers\Home->login()
#7 D:\project\invoice\system\CodeIgniter.php(404): CodeIgniter\CodeIgniter->runController(Object(App\Controllers\Home))
#8 D:\project\invoice\system\CodeIgniter.php(312): CodeIgniter\CodeIgniter->handleRequest(NULL, Object(Config\Cache), false)
#9 D:\project\invoice\public\index.php(45): CodeIgniter\CodeIgniter->run()
#10 D:\project\invoice\system\Commands\Server\rewrite.php(34): require_once('D:\\project\\invo...')
#11 {main}
CRITICAL - 2020-08-18 02:50:48 --> Request URI segment is out of range: 1
#0 D:\project\invoice\system\HTTP\URI.php(515): CodeIgniter\HTTP\Exceptions\HTTPException::forURISegmentOutOfRange(1)
#1 D:\project\invoice\app\Views\template\base.php(4): CodeIgniter\HTTP\URI->getSegment(1)
#2 D:\project\invoice\system\View\View.php(246): include('D:\\project\\invo...')
#3 D:\project\invoice\system\View\View.php(257): CodeIgniter\View\View->render('template/base', Array, true)
#4 D:\project\invoice\system\Common.php(1119): CodeIgniter\View\View->render('template/layer', Array, true)
#5 D:\project\invoice\app\Controllers\Home.php(19): view('template/layer', Array)
#6 D:\project\invoice\system\CodeIgniter.php(918): App\Controllers\Home->login()
#7 D:\project\invoice\system\CodeIgniter.php(404): CodeIgniter\CodeIgniter->runController(Object(App\Controllers\Home))
#8 D:\project\invoice\system\CodeIgniter.php(312): CodeIgniter\CodeIgniter->handleRequest(NULL, Object(Config\Cache), false)
#9 D:\project\invoice\public\index.php(45): CodeIgniter\CodeIgniter->run()
#10 D:\project\invoice\system\Commands\Server\rewrite.php(34): require_once('D:\\project\\invo...')
#11 {main}
CRITICAL - 2020-08-18 02:50:58 --> Request URI segment is out of range: 2
#0 D:\project\invoice\system\HTTP\URI.php(515): CodeIgniter\HTTP\Exceptions\HTTPException::forURISegmentOutOfRange(2)
#1 D:\project\invoice\app\Views\template\sidebar.php(14): CodeIgniter\HTTP\URI->getSegment(2)
#2 D:\project\invoice\system\View\View.php(246): include('D:\\project\\invo...')
#3 D:\project\invoice\system\View\View.php(525): CodeIgniter\View\View->render('template/sideba...', NULL, true)
#4 D:\project\invoice\app\Views\template\base.php(109): CodeIgniter\View\View->include('template/sideba...')
#5 D:\project\invoice\system\View\View.php(246): include('D:\\project\\invo...')
#6 D:\project\invoice\system\View\View.php(257): CodeIgniter\View\View->render('template/base', Array, true)
#7 D:\project\invoice\system\Common.php(1119): CodeIgniter\View\View->render('template/layer', Array, true)
#8 D:\project\invoice\app\Controllers\Dashboard.php(16): view('template/layer', Array)
#9 D:\project\invoice\system\CodeIgniter.php(918): App\Controllers\Dashboard->index()
#10 D:\project\invoice\system\CodeIgniter.php(404): CodeIgniter\CodeIgniter->runController(Object(App\Controllers\Dashboard))
#11 D:\project\invoice\system\CodeIgniter.php(312): CodeIgniter\CodeIgniter->handleRequest(NULL, Object(Config\Cache), false)
#12 D:\project\invoice\public\index.php(45): CodeIgniter\CodeIgniter->run()
#13 D:\project\invoice\system\Commands\Server\rewrite.php(34): require_once('D:\\project\\invo...')
#14 {main}
CRITICAL - 2020-08-18 02:51:09 --> Request URI segment is out of range: 2
#0 D:\project\invoice\system\HTTP\URI.php(515): CodeIgniter\HTTP\Exceptions\HTTPException::forURISegmentOutOfRange(2)
#1 D:\project\invoice\app\Views\template\sidebar.php(14): CodeIgniter\HTTP\URI->getSegment(2)
#2 D:\project\invoice\system\View\View.php(246): include('D:\\project\\invo...')
#3 D:\project\invoice\system\View\View.php(525): CodeIgniter\View\View->render('template/sideba...', NULL, true)
#4 D:\project\invoice\app\Views\template\base.php(109): CodeIgniter\View\View->include('template/sideba...')
#5 D:\project\invoice\system\View\View.php(246): include('D:\\project\\invo...')
#6 D:\project\invoice\system\View\View.php(257): CodeIgniter\View\View->render('template/base', Array, true)
#7 D:\project\invoice\system\Common.php(1119): CodeIgniter\View\View->render('template/layer', Array, true)
#8 D:\project\invoice\app\Controllers\Dashboard.php(16): view('template/layer', Array)
#9 D:\project\invoice\system\CodeIgniter.php(918): App\Controllers\Dashboard->index()
#10 D:\project\invoice\system\CodeIgniter.php(404): CodeIgniter\CodeIgniter->runController(Object(App\Controllers\Dashboard))
#11 D:\project\invoice\system\CodeIgniter.php(312): CodeIgniter\CodeIgniter->handleRequest(NULL, Object(Config\Cache), false)
#12 D:\project\invoice\public\index.php(45): CodeIgniter\CodeIgniter->run()
#13 D:\project\invoice\system\Commands\Server\rewrite.php(34): require_once('D:\\project\\invo...')
#14 {main}
CRITICAL - 2020-08-18 02:51:11 --> Request URI segment is out of range: 2
#0 D:\project\invoice\system\HTTP\URI.php(515): CodeIgniter\HTTP\Exceptions\HTTPException::forURISegmentOutOfRange(2)
#1 D:\project\invoice\app\Views\template\sidebar.php(14): CodeIgniter\HTTP\URI->getSegment(2)
#2 D:\project\invoice\system\View\View.php(246): include('D:\\project\\invo...')
#3 D:\project\invoice\system\View\View.php(525): CodeIgniter\View\View->render('template/sideba...', NULL, true)
#4 D:\project\invoice\app\Views\template\base.php(109): CodeIgniter\View\View->include('template/sideba...')
#5 D:\project\invoice\system\View\View.php(246): include('D:\\project\\invo...')
#6 D:\project\invoice\system\View\View.php(257): CodeIgniter\View\View->render('template/base', Array, true)
#7 D:\project\invoice\system\Common.php(1119): CodeIgniter\View\View->render('template/layer', Array, true)
#8 D:\project\invoice\app\Controllers\Dashboard.php(16): view('template/layer', Array)
#9 D:\project\invoice\system\CodeIgniter.php(918): App\Controllers\Dashboard->index()
#10 D:\project\invoice\system\CodeIgniter.php(404): CodeIgniter\CodeIgniter->runController(Object(App\Controllers\Dashboard))
#11 D:\project\invoice\system\CodeIgniter.php(312): CodeIgniter\CodeIgniter->handleRequest(NULL, Object(Config\Cache), false)
#12 D:\project\invoice\public\index.php(45): CodeIgniter\CodeIgniter->run()
#13 D:\project\invoice\system\Commands\Server\rewrite.php(34): require_once('D:\\project\\invo...')
#14 {main}
CRITICAL - 2020-08-18 02:51:59 --> Request URI segment is out of range: 2
#0 D:\project\invoice\system\HTTP\URI.php(515): CodeIgniter\HTTP\Exceptions\HTTPException::forURISegmentOutOfRange(2)
#1 D:\project\invoice\app\Views\template\sidebar.php(14): CodeIgniter\HTTP\URI->getSegment(2)
#2 D:\project\invoice\system\View\View.php(246): include('D:\\project\\invo...')
#3 D:\project\invoice\system\View\View.php(525): CodeIgniter\View\View->render('template/sideba...', NULL, true)
#4 D:\project\invoice\app\Views\template\base.php(109): CodeIgniter\View\View->include('template/sideba...')
#5 D:\project\invoice\system\View\View.php(246): include('D:\\project\\invo...')
#6 D:\project\invoice\system\View\View.php(257): CodeIgniter\View\View->render('template/base', Array, true)
#7 D:\project\invoice\system\Common.php(1119): CodeIgniter\View\View->render('template/layer', Array, true)
#8 D:\project\invoice\app\Controllers\Dashboard.php(16): view('template/layer', Array)
#9 D:\project\invoice\system\CodeIgniter.php(918): App\Controllers\Dashboard->index()
#10 D:\project\invoice\system\CodeIgniter.php(404): CodeIgniter\CodeIgniter->runController(Object(App\Controllers\Dashboard))
#11 D:\project\invoice\system\CodeIgniter.php(312): CodeIgniter\CodeIgniter->handleRequest(NULL, Object(Config\Cache), false)
#12 D:\project\invoice\public\index.php(45): CodeIgniter\CodeIgniter->run()
#13 D:\project\invoice\system\Commands\Server\rewrite.php(34): require_once('D:\\project\\invo...')
#14 {main}
CRITICAL - 2020-08-18 02:53:12 --> Request URI segment is out of range: 2
#0 D:\project\invoice\system\HTTP\URI.php(515): CodeIgniter\HTTP\Exceptions\HTTPException::forURISegmentOutOfRange(2)
#1 D:\project\invoice\app\Views\template\sidebar.php(14): CodeIgniter\HTTP\URI->getSegment(2)
#2 D:\project\invoice\system\View\View.php(246): include('D:\\project\\invo...')
#3 D:\project\invoice\system\View\View.php(525): CodeIgniter\View\View->render('template/sideba...', NULL, true)
#4 D:\project\invoice\app\Views\template\base.php(109): CodeIgniter\View\View->include('template/sideba...')
#5 D:\project\invoice\system\View\View.php(246): include('D:\\project\\invo...')
#6 D:\project\invoice\system\View\View.php(257): CodeIgniter\View\View->render('template/base', Array, true)
#7 D:\project\invoice\system\Common.php(1119): CodeIgniter\View\View->render('template/layer', Array, true)
#8 D:\project\invoice\app\Controllers\Dashboard.php(16): view('template/layer', Array)
#9 D:\project\invoice\system\CodeIgniter.php(918): App\Controllers\Dashboard->index()
#10 D:\project\invoice\system\CodeIgniter.php(404): CodeIgniter\CodeIgniter->runController(Object(App\Controllers\Dashboard))
#11 D:\project\invoice\system\CodeIgniter.php(312): CodeIgniter\CodeIgniter->handleRequest(NULL, Object(Config\Cache), false)
#12 D:\project\invoice\public\index.php(45): CodeIgniter\CodeIgniter->run()
#13 D:\project\invoice\system\Commands\Server\rewrite.php(34): require_once('D:\\project\\invo...')
#14 {main}
CRITICAL - 2020-08-18 02:54:15 --> Request URI segment is out of range: 2
#0 D:\project\invoice\system\HTTP\URI.php(515): CodeIgniter\HTTP\Exceptions\HTTPException::forURISegmentOutOfRange(2)
#1 D:\project\invoice\app\Views\template\sidebar.php(14): CodeIgniter\HTTP\URI->getSegment(2)
#2 D:\project\invoice\system\View\View.php(246): include('D:\\project\\invo...')
#3 D:\project\invoice\system\View\View.php(525): CodeIgniter\View\View->render('template/sideba...', NULL, true)
#4 D:\project\invoice\app\Views\template\base.php(109): CodeIgniter\View\View->include('template/sideba...')
#5 D:\project\invoice\system\View\View.php(246): include('D:\\project\\invo...')
#6 D:\project\invoice\system\View\View.php(257): CodeIgniter\View\View->render('template/base', Array, true)
#7 D:\project\invoice\system\Common.php(1119): CodeIgniter\View\View->render('template/layer', Array, true)
#8 D:\project\invoice\app\Controllers\Dashboard.php(16): view('template/layer', Array)
#9 D:\project\invoice\system\CodeIgniter.php(918): App\Controllers\Dashboard->index()
#10 D:\project\invoice\system\CodeIgniter.php(404): CodeIgniter\CodeIgniter->runController(Object(App\Controllers\Dashboard))
#11 D:\project\invoice\system\CodeIgniter.php(312): CodeIgniter\CodeIgniter->handleRequest(NULL, Object(Config\Cache), false)
#12 D:\project\invoice\public\index.php(45): CodeIgniter\CodeIgniter->run()
#13 D:\project\invoice\system\Commands\Server\rewrite.php(34): require_once('D:\\project\\invo...')
#14 {main}
CRITICAL - 2020-08-18 02:55:05 --> Request URI segment is out of range: 2
#0 D:\project\invoice\system\HTTP\URI.php(515): CodeIgniter\HTTP\Exceptions\HTTPException::forURISegmentOutOfRange(2)
#1 D:\project\invoice\app\Views\template\sidebar.php(14): CodeIgniter\HTTP\URI->getSegment(2)
#2 D:\project\invoice\system\View\View.php(246): include('D:\\project\\invo...')
#3 D:\project\invoice\system\View\View.php(525): CodeIgniter\View\View->render('template/sideba...', NULL, true)
#4 D:\project\invoice\app\Views\template\base.php(109): CodeIgniter\View\View->include('template/sideba...')
#5 D:\project\invoice\system\View\View.php(246): include('D:\\project\\invo...')
#6 D:\project\invoice\system\View\View.php(257): CodeIgniter\View\View->render('template/base', Array, true)
#7 D:\project\invoice\system\Common.php(1119): CodeIgniter\View\View->render('template/layer', Array, true)
#8 D:\project\invoice\app\Controllers\Dashboard.php(16): view('template/layer', Array)
#9 D:\project\invoice\system\CodeIgniter.php(918): App\Controllers\Dashboard->index()
#10 D:\project\invoice\system\CodeIgniter.php(404): CodeIgniter\CodeIgniter->runController(Object(App\Controllers\Dashboard))
#11 D:\project\invoice\system\CodeIgniter.php(312): CodeIgniter\CodeIgniter->handleRequest(NULL, Object(Config\Cache), false)
#12 D:\project\invoice\public\index.php(45): CodeIgniter\CodeIgniter->run()
#13 D:\project\invoice\system\Commands\Server\rewrite.php(34): require_once('D:\\project\\invo...')
#14 {main}
CRITICAL - 2020-08-18 02:55:33 --> Request URI segment is out of range: 2
#0 D:\project\invoice\system\HTTP\URI.php(515): CodeIgniter\HTTP\Exceptions\HTTPException::forURISegmentOutOfRange(2)
#1 D:\project\invoice\app\Views\template\sidebar.php(14): CodeIgniter\HTTP\URI->getSegment(2)
#2 D:\project\invoice\system\View\View.php(246): include('D:\\project\\invo...')
#3 D:\project\invoice\system\View\View.php(525): CodeIgniter\View\View->render('template/sideba...', NULL, true)
#4 D:\project\invoice\app\Views\template\base.php(109): CodeIgniter\View\View->include('template/sideba...')
#5 D:\project\invoice\system\View\View.php(246): include('D:\\project\\invo...')
#6 D:\project\invoice\system\View\View.php(257): CodeIgniter\View\View->render('template/base', Array, true)
#7 D:\project\invoice\system\Common.php(1119): CodeIgniter\View\View->render('template/layer', Array, true)
#8 D:\project\invoice\app\Controllers\Dashboard.php(16): view('template/layer', Array)
#9 D:\project\invoice\system\CodeIgniter.php(918): App\Controllers\Dashboard->index()
#10 D:\project\invoice\system\CodeIgniter.php(404): CodeIgniter\CodeIgniter->runController(Object(App\Controllers\Dashboard))
#11 D:\project\invoice\system\CodeIgniter.php(312): CodeIgniter\CodeIgniter->handleRequest(NULL, Object(Config\Cache), false)
#12 D:\project\invoice\public\index.php(45): CodeIgniter\CodeIgniter->run()
#13 D:\project\invoice\system\Commands\Server\rewrite.php(34): require_once('D:\\project\\invo...')
#14 {main}
CRITICAL - 2020-08-18 02:56:50 --> Request URI segment is out of range: 2
#0 D:\project\invoice\system\HTTP\URI.php(515): CodeIgniter\HTTP\Exceptions\HTTPException::forURISegmentOutOfRange(2)
#1 D:\project\invoice\app\Views\template\sidebar.php(14): CodeIgniter\HTTP\URI->getSegment(2)
#2 D:\project\invoice\system\View\View.php(246): include('D:\\project\\invo...')
#3 D:\project\invoice\system\View\View.php(525): CodeIgniter\View\View->render('template/sideba...', NULL, true)
#4 D:\project\invoice\app\Views\template\base.php(109): CodeIgniter\View\View->include('template/sideba...')
#5 D:\project\invoice\system\View\View.php(246): include('D:\\project\\invo...')
#6 D:\project\invoice\system\View\View.php(257): CodeIgniter\View\View->render('template/base', Array, true)
#7 D:\project\invoice\system\Common.php(1119): CodeIgniter\View\View->render('template/layer', Array, true)
#8 D:\project\invoice\app\Controllers\Dashboard.php(16): view('template/layer', Array)
#9 D:\project\invoice\system\CodeIgniter.php(918): App\Controllers\Dashboard->index()
#10 D:\project\invoice\system\CodeIgniter.php(404): CodeIgniter\CodeIgniter->runController(Object(App\Controllers\Dashboard))
#11 D:\project\invoice\system\CodeIgniter.php(312): CodeIgniter\CodeIgniter->handleRequest(NULL, Object(Config\Cache), false)
#12 D:\project\invoice\public\index.php(45): CodeIgniter\CodeIgniter->run()
#13 D:\project\invoice\system\Commands\Server\rewrite.php(34): require_once('D:\\project\\invo...')
#14 {main}
CRITICAL - 2020-08-18 02:58:26 --> Request URI segment is out of range: 2
#0 D:\project\invoice\system\HTTP\URI.php(515): CodeIgniter\HTTP\Exceptions\HTTPException::forURISegmentOutOfRange(2)
#1 D:\project\invoice\app\Views\template\sidebar.php(14): CodeIgniter\HTTP\URI->getSegment(2)
#2 D:\project\invoice\system\View\View.php(246): include('D:\\project\\invo...')
#3 D:\project\invoice\system\View\View.php(525): CodeIgniter\View\View->render('template/sideba...', NULL, true)
#4 D:\project\invoice\app\Views\template\base.php(109): CodeIgniter\View\View->include('template/sideba...')
#5 D:\project\invoice\system\View\View.php(246): include('D:\\project\\invo...')
#6 D:\project\invoice\system\View\View.php(257): CodeIgniter\View\View->render('template/base', Array, true)
#7 D:\project\invoice\system\Common.php(1119): CodeIgniter\View\View->render('template/layer', Array, true)
#8 D:\project\invoice\app\Controllers\Dashboard.php(16): view('template/layer', Array)
#9 D:\project\invoice\system\CodeIgniter.php(918): App\Controllers\Dashboard->index()
#10 D:\project\invoice\system\CodeIgniter.php(404): CodeIgniter\CodeIgniter->runController(Object(App\Controllers\Dashboard))
#11 D:\project\invoice\system\CodeIgniter.php(312): CodeIgniter\CodeIgniter->handleRequest(NULL, Object(Config\Cache), false)
#12 D:\project\invoice\public\index.php(45): CodeIgniter\CodeIgniter->run()
#13 D:\project\invoice\system\Commands\Server\rewrite.php(34): require_once('D:\\project\\invo...')
#14 {main}
CRITICAL - 2020-08-18 02:58:44 --> Request URI segment is out of range: 2
#0 D:\project\invoice\system\HTTP\URI.php(515): CodeIgniter\HTTP\Exceptions\HTTPException::forURISegmentOutOfRange(2)
#1 D:\project\invoice\app\Views\template\sidebar.php(14): CodeIgniter\HTTP\URI->getSegment(2)
#2 D:\project\invoice\system\View\View.php(246): include('D:\\project\\invo...')
#3 D:\project\invoice\system\View\View.php(525): CodeIgniter\View\View->render('template/sideba...', NULL, true)
#4 D:\project\invoice\app\Views\template\base.php(109): CodeIgniter\View\View->include('template/sideba...')
#5 D:\project\invoice\system\View\View.php(246): include('D:\\project\\invo...')
#6 D:\project\invoice\system\View\View.php(257): CodeIgniter\View\View->render('template/base', Array, true)
#7 D:\project\invoice\system\Common.php(1119): CodeIgniter\View\View->render('template/layer', Array, true)
#8 D:\project\invoice\app\Controllers\Dashboard.php(16): view('template/layer', Array)
#9 D:\project\invoice\system\CodeIgniter.php(918): App\Controllers\Dashboard->index()
#10 D:\project\invoice\system\CodeIgniter.php(404): CodeIgniter\CodeIgniter->runController(Object(App\Controllers\Dashboard))
#11 D:\project\invoice\system\CodeIgniter.php(312): CodeIgniter\CodeIgniter->handleRequest(NULL, Object(Config\Cache), false)
#12 D:\project\invoice\public\index.php(45): CodeIgniter\CodeIgniter->run()
#13 D:\project\invoice\system\Commands\Server\rewrite.php(34): require_once('D:\\project\\invo...')
#14 {main}
CRITICAL - 2020-08-18 02:58:55 --> Request URI segment is out of range: 2
#0 D:\project\invoice\system\HTTP\URI.php(515): CodeIgniter\HTTP\Exceptions\HTTPException::forURISegmentOutOfRange(2)
#1 D:\project\invoice\app\Views\template\sidebar.php(14): CodeIgniter\HTTP\URI->getSegment(2)
#2 D:\project\invoice\system\View\View.php(246): include('D:\\project\\invo...')
#3 D:\project\invoice\system\View\View.php(525): CodeIgniter\View\View->render('template/sideba...', NULL, true)
#4 D:\project\invoice\app\Views\template\base.php(109): CodeIgniter\View\View->include('template/sideba...')
#5 D:\project\invoice\system\View\View.php(246): include('D:\\project\\invo...')
#6 D:\project\invoice\system\View\View.php(257): CodeIgniter\View\View->render('template/base', Array, true)
#7 D:\project\invoice\system\Common.php(1119): CodeIgniter\View\View->render('template/layer', Array, true)
#8 D:\project\invoice\app\Controllers\Dashboard.php(16): view('template/layer', Array)
#9 D:\project\invoice\system\CodeIgniter.php(918): App\Controllers\Dashboard->index()
#10 D:\project\invoice\system\CodeIgniter.php(404): CodeIgniter\CodeIgniter->runController(Object(App\Controllers\Dashboard))
#11 D:\project\invoice\system\CodeIgniter.php(312): CodeIgniter\CodeIgniter->handleRequest(NULL, Object(Config\Cache), false)
#12 D:\project\invoice\public\index.php(45): CodeIgniter\CodeIgniter->run()
#13 D:\project\invoice\system\Commands\Server\rewrite.php(34): require_once('D:\\project\\invo...')
#14 {main}
CRITICAL - 2020-08-18 03:00:14 --> Request URI segment is out of range: 2
#0 D:\project\invoice\system\HTTP\URI.php(515): CodeIgniter\HTTP\Exceptions\HTTPException::forURISegmentOutOfRange(2)
#1 D:\project\invoice\app\Views\template\sidebar.php(14): CodeIgniter\HTTP\URI->getSegment(2)
#2 D:\project\invoice\system\View\View.php(246): include('D:\\project\\invo...')
#3 D:\project\invoice\system\View\View.php(525): CodeIgniter\View\View->render('template/sideba...', NULL, true)
#4 D:\project\invoice\app\Views\template\base.php(109): CodeIgniter\View\View->include('template/sideba...')
#5 D:\project\invoice\system\View\View.php(246): include('D:\\project\\invo...')
#6 D:\project\invoice\system\View\View.php(257): CodeIgniter\View\View->render('template/base', Array, true)
#7 D:\project\invoice\system\Common.php(1119): CodeIgniter\View\View->render('template/layer', Array, true)
#8 D:\project\invoice\app\Controllers\Dashboard.php(16): view('template/layer', Array)
#9 D:\project\invoice\system\CodeIgniter.php(918): App\Controllers\Dashboard->index()
#10 D:\project\invoice\system\CodeIgniter.php(404): CodeIgniter\CodeIgniter->runController(Object(App\Controllers\Dashboard))
#11 D:\project\invoice\system\CodeIgniter.php(312): CodeIgniter\CodeIgniter->handleRequest(NULL, Object(Config\Cache), false)
#12 D:\project\invoice\public\index.php(45): CodeIgniter\CodeIgniter->run()
#13 D:\project\invoice\system\Commands\Server\rewrite.php(34): require_once('D:\\project\\invo...')
#14 {main}
CRITICAL - 2020-08-18 09:19:36 --> Request URI segment is out of range: 1
#0 D:\project\invoice\system\HTTP\URI.php(515): CodeIgniter\HTTP\Exceptions\HTTPException::forURISegmentOutOfRange(1)
#1 D:\project\invoice\app\Views\template\base.php(4): CodeIgniter\HTTP\URI->getSegment(1)
#2 D:\project\invoice\system\View\View.php(246): include('D:\\project\\invo...')
#3 D:\project\invoice\system\View\View.php(257): CodeIgniter\View\View->render('template/base', Array, true)
#4 D:\project\invoice\system\Common.php(1119): CodeIgniter\View\View->render('template/layer', Array, true)
#5 D:\project\invoice\app\Controllers\Home.php(19): view('template/layer', Array)
#6 D:\project\invoice\system\CodeIgniter.php(918): App\Controllers\Home->index()
#7 D:\project\invoice\system\CodeIgniter.php(404): CodeIgniter\CodeIgniter->runController(Object(App\Controllers\Home))
#8 D:\project\invoice\system\CodeIgniter.php(312): CodeIgniter\CodeIgniter->handleRequest(NULL, Object(Config\Cache), false)
#9 D:\project\invoice\public\index.php(45): CodeIgniter\CodeIgniter->run()
#10 D:\project\invoice\system\Commands\Server\rewrite.php(34): require_once('D:\\project\\invo...')
#11 {main}
CRITICAL - 2020-08-18 09:19:45 --> Request URI segment is out of range: 2
#0 D:\project\invoice\system\HTTP\URI.php(515): CodeIgniter\HTTP\Exceptions\HTTPException::forURISegmentOutOfRange(2)
#1 D:\project\invoice\app\Views\template\sidebar.php(14): CodeIgniter\HTTP\URI->getSegment(2)
#2 D:\project\invoice\system\View\View.php(246): include('D:\\project\\invo...')
#3 D:\project\invoice\system\View\View.php(525): CodeIgniter\View\View->render('template/sideba...', NULL, true)
#4 D:\project\invoice\app\Views\template\base.php(109): CodeIgniter\View\View->include('template/sideba...')
#5 D:\project\invoice\system\View\View.php(246): include('D:\\project\\invo...')
#6 D:\project\invoice\system\View\View.php(257): CodeIgniter\View\View->render('template/base', Array, true)
#7 D:\project\invoice\system\Common.php(1119): CodeIgniter\View\View->render('template/layer', Array, true)
#8 D:\project\invoice\app\Controllers\Dashboard.php(16): view('template/layer', Array)
#9 D:\project\invoice\system\CodeIgniter.php(918): App\Controllers\Dashboard->index()
#10 D:\project\invoice\system\CodeIgniter.php(404): CodeIgniter\CodeIgniter->runController(Object(App\Controllers\Dashboard))
#11 D:\project\invoice\system\CodeIgniter.php(312): CodeIgniter\CodeIgniter->handleRequest(NULL, Object(Config\Cache), false)
#12 D:\project\invoice\public\index.php(45): CodeIgniter\CodeIgniter->run()
#13 D:\project\invoice\system\Commands\Server\rewrite.php(34): require_once('D:\\project\\invo...')
#14 {main}
CRITICAL - 2020-08-18 09:20:37 --> Request URI segment is out of range: 2
#0 D:\project\invoice\system\HTTP\URI.php(515): CodeIgniter\HTTP\Exceptions\HTTPException::forURISegmentOutOfRange(2)
#1 D:\project\invoice\app\Views\template\sidebar.php(14): CodeIgniter\HTTP\URI->getSegment(2)
#2 D:\project\invoice\system\View\View.php(246): include('D:\\project\\invo...')
#3 D:\project\invoice\system\View\View.php(525): CodeIgniter\View\View->render('template/sideba...', NULL, true)
#4 D:\project\invoice\app\Views\template\base.php(109): CodeIgniter\View\View->include('template/sideba...')
#5 D:\project\invoice\system\View\View.php(246): include('D:\\project\\invo...')
#6 D:\project\invoice\system\View\View.php(257): CodeIgniter\View\View->render('template/base', Array, true)
#7 D:\project\invoice\system\Common.php(1119): CodeIgniter\View\View->render('template/layer', Array, true)
#8 D:\project\invoice\app\Controllers\Dashboard.php(16): view('template/layer', Array)
#9 D:\project\invoice\system\CodeIgniter.php(918): App\Controllers\Dashboard->index()
#10 D:\project\invoice\system\CodeIgniter.php(404): CodeIgniter\CodeIgniter->runController(Object(App\Controllers\Dashboard))
#11 D:\project\invoice\system\CodeIgniter.php(312): CodeIgniter\CodeIgniter->handleRequest(NULL, Object(Config\Cache), false)
#12 D:\project\invoice\public\index.php(45): CodeIgniter\CodeIgniter->run()
#13 D:\project\invoice\system\Commands\Server\rewrite.php(34): require_once('D:\\project\\invo...')
#14 {main}
CRITICAL - 2020-08-18 09:25:20 --> Request URI segment is out of range: 2
#0 D:\project\invoice\system\HTTP\URI.php(515): CodeIgniter\HTTP\Exceptions\HTTPException::forURISegmentOutOfRange(2)
#1 D:\project\invoice\app\Views\template\sidebar.php(14): CodeIgniter\HTTP\URI->getSegment(2)
#2 D:\project\invoice\system\View\View.php(246): include('D:\\project\\invo...')
#3 D:\project\invoice\system\View\View.php(525): CodeIgniter\View\View->render('template/sideba...', NULL, true)
#4 D:\project\invoice\app\Views\template\base.php(110): CodeIgniter\View\View->include('template/sideba...')
#5 D:\project\invoice\system\View\View.php(246): include('D:\\project\\invo...')
#6 D:\project\invoice\system\View\View.php(257): CodeIgniter\View\View->render('template/base', Array, true)
#7 D:\project\invoice\system\Common.php(1119): CodeIgniter\View\View->render('template/layer', Array, true)
#8 D:\project\invoice\app\Controllers\Dashboard.php(16): view('template/layer', Array)
#9 D:\project\invoice\system\CodeIgniter.php(918): App\Controllers\Dashboard->index()
#10 D:\project\invoice\system\CodeIgniter.php(404): CodeIgniter\CodeIgniter->runController(Object(App\Controllers\Dashboard))
#11 D:\project\invoice\system\CodeIgniter.php(312): CodeIgniter\CodeIgniter->handleRequest(NULL, Object(Config\Cache), false)
#12 D:\project\invoice\public\index.php(45): CodeIgniter\CodeIgniter->run()
#13 D:\project\invoice\system\Commands\Server\rewrite.php(34): require_once('D:\\project\\invo...')
#14 {main}
CRITICAL - 2020-08-18 09:27:05 --> Request URI segment is out of range: 2
#0 D:\project\invoice\system\HTTP\URI.php(515): CodeIgniter\HTTP\Exceptions\HTTPException::forURISegmentOutOfRange(2)
#1 D:\project\invoice\app\Views\template\sidebar.php(14): CodeIgniter\HTTP\URI->getSegment(2)
#2 D:\project\invoice\system\View\View.php(246): include('D:\\project\\invo...')
#3 D:\project\invoice\system\View\View.php(525): CodeIgniter\View\View->render('template/sideba...', NULL, true)
#4 D:\project\invoice\app\Views\template\base.php(110): CodeIgniter\View\View->include('template/sideba...')
#5 D:\project\invoice\system\View\View.php(246): include('D:\\project\\invo...')
#6 D:\project\invoice\system\View\View.php(257): CodeIgniter\View\View->render('template/base', Array, true)
#7 D:\project\invoice\system\Common.php(1119): CodeIgniter\View\View->render('template/layer', Array, true)
#8 D:\project\invoice\app\Controllers\Dashboard.php(16): view('template/layer', Array)
#9 D:\project\invoice\system\CodeIgniter.php(918): App\Controllers\Dashboard->index()
#10 D:\project\invoice\system\CodeIgniter.php(404): CodeIgniter\CodeIgniter->runController(Object(App\Controllers\Dashboard))
#11 D:\project\invoice\system\CodeIgniter.php(312): CodeIgniter\CodeIgniter->handleRequest(NULL, Object(Config\Cache), false)
#12 D:\project\invoice\public\index.php(45): CodeIgniter\CodeIgniter->run()
#13 D:\project\invoice\system\Commands\Server\rewrite.php(34): require_once('D:\\project\\invo...')
#14 {main}
CRITICAL - 2020-08-18 09:27:47 --> Request URI segment is out of range: 2
#0 D:\project\invoice\system\HTTP\URI.php(515): CodeIgniter\HTTP\Exceptions\HTTPException::forURISegmentOutOfRange(2)
#1 D:\project\invoice\app\Views\template\sidebar.php(14): CodeIgniter\HTTP\URI->getSegment(2)
#2 D:\project\invoice\system\View\View.php(246): include('D:\\project\\invo...')
#3 D:\project\invoice\system\View\View.php(525): CodeIgniter\View\View->render('template/sideba...', NULL, true)
#4 D:\project\invoice\app\Views\template\base.php(110): CodeIgniter\View\View->include('template/sideba...')
#5 D:\project\invoice\system\View\View.php(246): include('D:\\project\\invo...')
#6 D:\project\invoice\system\View\View.php(257): CodeIgniter\View\View->render('template/base', Array, true)
#7 D:\project\invoice\system\Common.php(1119): CodeIgniter\View\View->render('template/layer', Array, true)
#8 D:\project\invoice\app\Controllers\Dashboard.php(16): view('template/layer', Array)
#9 D:\project\invoice\system\CodeIgniter.php(918): App\Controllers\Dashboard->index()
#10 D:\project\invoice\system\CodeIgniter.php(404): CodeIgniter\CodeIgniter->runController(Object(App\Controllers\Dashboard))
#11 D:\project\invoice\system\CodeIgniter.php(312): CodeIgniter\CodeIgniter->handleRequest(NULL, Object(Config\Cache), false)
#12 D:\project\invoice\public\index.php(45): CodeIgniter\CodeIgniter->run()
#13 D:\project\invoice\system\Commands\Server\rewrite.php(34): require_once('D:\\project\\invo...')
#14 {main}
CRITICAL - 2020-08-18 09:31:44 --> Undefined variable: uri
#0 D:\project\invoice\app\Views\template\base.php(5): CodeIgniter\Debug\Exceptions->errorHandler(8, 'Undefined varia...', 'D:\\project\\invo...', 5, Array)
#1 D:\project\invoice\system\View\View.php(246): include('D:\\project\\invo...')
#2 D:\project\invoice\system\View\View.php(257): CodeIgniter\View\View->render('template/base', Array, true)
#3 D:\project\invoice\system\Common.php(1119): CodeIgniter\View\View->render('template/layer', Array, true)
#4 D:\project\invoice\app\Controllers\Dashboard.php(16): view('template/layer', Array)
#5 D:\project\invoice\system\CodeIgniter.php(918): App\Controllers\Dashboard->index()
#6 D:\project\invoice\system\CodeIgniter.php(404): CodeIgniter\CodeIgniter->runController(Object(App\Controllers\Dashboard))
#7 D:\project\invoice\system\CodeIgniter.php(312): CodeIgniter\CodeIgniter->handleRequest(NULL, Object(Config\Cache), false)
#8 D:\project\invoice\public\index.php(45): CodeIgniter\CodeIgniter->run()
#9 D:\project\invoice\system\Commands\Server\rewrite.php(34): require_once('D:\\project\\invo...')
#10 {main}
CRITICAL - 2020-08-18 09:31:56 --> Undefined variable: uri
#0 D:\project\invoice\app\Views\template\base.php(5): CodeIgniter\Debug\Exceptions->errorHandler(8, 'Undefined varia...', 'D:\\project\\invo...', 5, Array)
#1 D:\project\invoice\system\View\View.php(246): include('D:\\project\\invo...')
#2 D:\project\invoice\system\View\View.php(257): CodeIgniter\View\View->render('template/base', Array, true)
#3 D:\project\invoice\system\Common.php(1119): CodeIgniter\View\View->render('template/layer', Array, true)
#4 D:\project\invoice\app\Controllers\Dashboard.php(16): view('template/layer', Array)
#5 D:\project\invoice\system\CodeIgniter.php(918): App\Controllers\Dashboard->index()
#6 D:\project\invoice\system\CodeIgniter.php(404): CodeIgniter\CodeIgniter->runController(Object(App\Controllers\Dashboard))
#7 D:\project\invoice\system\CodeIgniter.php(312): CodeIgniter\CodeIgniter->handleRequest(NULL, Object(Config\Cache), false)
#8 D:\project\invoice\public\index.php(45): CodeIgniter\CodeIgniter->run()
#9 D:\project\invoice\system\Commands\Server\rewrite.php(34): require_once('D:\\project\\invo...')
#10 {main}
CRITICAL - 2020-08-18 09:32:06 --> Array to string conversion
#0 D:\project\invoice\app\Views\template\base.php(5): CodeIgniter\Debug\Exceptions->errorHandler(8, 'Array to string...', 'D:\\project\\invo...', 5, Array)
#1 D:\project\invoice\system\View\View.php(246): include('D:\\project\\invo...')
#2 D:\project\invoice\system\View\View.php(257): CodeIgniter\View\View->render('template/base', Array, true)
#3 D:\project\invoice\system\Common.php(1119): CodeIgniter\View\View->render('template/layer', Array, true)
#4 D:\project\invoice\app\Controllers\Dashboard.php(16): view('template/layer', Array)
#5 D:\project\invoice\system\CodeIgniter.php(918): App\Controllers\Dashboard->index()
#6 D:\project\invoice\system\CodeIgniter.php(404): CodeIgniter\CodeIgniter->runController(Object(App\Controllers\Dashboard))
#7 D:\project\invoice\system\CodeIgniter.php(312): CodeIgniter\CodeIgniter->handleRequest(NULL, Object(Config\Cache), false)
#8 D:\project\invoice\public\index.php(45): CodeIgniter\CodeIgniter->run()
#9 D:\project\invoice\system\Commands\Server\rewrite.php(34): require_once('D:\\project\\invo...')
#10 {main}
CRITICAL - 2020-08-18 09:36:23 --> Undefined variable: seg2
#0 D:\project\invoice\app\Views\template\base.php(29): CodeIgniter\Debug\Exceptions->errorHandler(8, 'Undefined varia...', 'D:\\project\\invo...', 29, Array)
#1 D:\project\invoice\system\View\View.php(246): include('D:\\project\\invo...')
#2 D:\project\invoice\system\View\View.php(257): CodeIgniter\View\View->render('template/base', Array, true)
#3 D:\project\invoice\system\Common.php(1119): CodeIgniter\View\View->render('template/layer', Array, true)
#4 D:\project\invoice\app\Controllers\Dashboard.php(16): view('template/layer', Array)
#5 D:\project\invoice\system\CodeIgniter.php(918): App\Controllers\Dashboard->index()
#6 D:\project\invoice\system\CodeIgniter.php(404): CodeIgniter\CodeIgniter->runController(Object(App\Controllers\Dashboard))
#7 D:\project\invoice\system\CodeIgniter.php(312): CodeIgniter\CodeIgniter->handleRequest(NULL, Object(Config\Cache), false)
#8 D:\project\invoice\public\index.php(45): CodeIgniter\CodeIgniter->run()
#9 D:\project\invoice\system\Commands\Server\rewrite.php(34): require_once('D:\\project\\invo...')
#10 {main}
CRITICAL - 2020-08-18 09:42:36 --> Request URI segment is out of range: 2
#0 D:\project\invoice\system\HTTP\URI.php(515): CodeIgniter\HTTP\Exceptions\HTTPException::forURISegmentOutOfRange(2)
#1 D:\project\invoice\app\Controllers\Dashboard.php(24): CodeIgniter\HTTP\URI->getSegment(2)
#2 D:\project\invoice\system\CodeIgniter.php(918): App\Controllers\Dashboard->user('sales')
#3 D:\project\invoice\system\CodeIgniter.php(404): CodeIgniter\CodeIgniter->runController(Object(App\Controllers\Dashboard))
#4 D:\project\invoice\system\CodeIgniter.php(312): CodeIgniter\CodeIgniter->handleRequest(NULL, Object(Config\Cache), false)
#5 D:\project\invoice\public\index.php(45): CodeIgniter\CodeIgniter->run()
#6 D:\project\invoice\system\Commands\Server\rewrite.php(34): require_once('D:\\project\\invo...')
#7 {main}
CRITICAL - 2020-08-18 09:42:55 --> Request URI segment is out of range: 2
#0 D:\project\invoice\system\HTTP\URI.php(515): CodeIgniter\HTTP\Exceptions\HTTPException::forURISegmentOutOfRange(2)
#1 D:\project\invoice\app\Controllers\Dashboard.php(80): CodeIgniter\HTTP\URI->getSegment(2)
#2 D:\project\invoice\system\CodeIgniter.php(918): App\Controllers\Dashboard->laporan('tagihan')
#3 D:\project\invoice\system\CodeIgniter.php(404): CodeIgniter\CodeIgniter->runController(Object(App\Controllers\Dashboard))
#4 D:\project\invoice\system\CodeIgniter.php(312): CodeIgniter\CodeIgniter->handleRequest(NULL, Object(Config\Cache), false)
#5 D:\project\invoice\public\index.php(45): CodeIgniter\CodeIgniter->run()
#6 D:\project\invoice\system\Commands\Server\rewrite.php(34): require_once('D:\\project\\invo...')
#7 {main}
CRITICAL - 2020-08-18 09:45:42 --> Undefined property: CodeIgniter\View\View::$uri
#0 D:\project\invoice\app\Views\template\base.php(4): CodeIgniter\Debug\Exceptions->errorHandler(8, 'Undefined prope...', 'D:\\project\\invo...', 4, Array)
#1 D:\project\invoice\system\View\View.php(246): include('D:\\project\\invo...')
#2 D:\project\invoice\system\View\View.php(257): CodeIgniter\View\View->render('template/base', Array, true)
#3 D:\project\invoice\system\Common.php(1119): CodeIgniter\View\View->render('template/layer', Array, true)
#4 D:\project\invoice\app\Controllers\Dashboard.php(16): view('template/layer', Array)
#5 D:\project\invoice\system\CodeIgniter.php(918): App\Controllers\Dashboard->index()
#6 D:\project\invoice\system\CodeIgniter.php(404): CodeIgniter\CodeIgniter->runController(Object(App\Controllers\Dashboard))
#7 D:\project\invoice\system\CodeIgniter.php(312): CodeIgniter\CodeIgniter->handleRequest(NULL, Object(Config\Cache), false)
#8 D:\project\invoice\public\index.php(45): CodeIgniter\CodeIgniter->run()
#9 D:\project\invoice\system\Commands\Server\rewrite.php(34): require_once('D:\\project\\invo...')
#10 {main}
CRITICAL - 2020-08-18 09:45:45 --> Undefined property: CodeIgniter\View\View::$uri
#0 D:\project\invoice\app\Views\template\base.php(4): CodeIgniter\Debug\Exceptions->errorHandler(8, 'Undefined prope...', 'D:\\project\\invo...', 4, Array)
#1 D:\project\invoice\system\View\View.php(246): include('D:\\project\\invo...')
#2 D:\project\invoice\system\View\View.php(257): CodeIgniter\View\View->render('template/base', Array, true)
#3 D:\project\invoice\system\Common.php(1119): CodeIgniter\View\View->render('template/layer', Array, true)
#4 D:\project\invoice\app\Controllers\Dashboard.php(16): view('template/layer', Array)
#5 D:\project\invoice\system\CodeIgniter.php(918): App\Controllers\Dashboard->index()
#6 D:\project\invoice\system\CodeIgniter.php(404): CodeIgniter\CodeIgniter->runController(Object(App\Controllers\Dashboard))
#7 D:\project\invoice\system\CodeIgniter.php(312): CodeIgniter\CodeIgniter->handleRequest(NULL, Object(Config\Cache), false)
#8 D:\project\invoice\public\index.php(45): CodeIgniter\CodeIgniter->run()
#9 D:\project\invoice\system\Commands\Server\rewrite.php(34): require_once('D:\\project\\invo...')
#10 {main}
CRITICAL - 2020-08-18 09:46:45 --> Undefined property: CodeIgniter\View\View::$uri
#0 D:\project\invoice\app\Views\template\base.php(4): CodeIgniter\Debug\Exceptions->errorHandler(8, 'Undefined prope...', 'D:\\project\\invo...', 4, Array)
#1 D:\project\invoice\system\View\View.php(246): include('D:\\project\\invo...')
#2 D:\project\invoice\system\View\View.php(257): CodeIgniter\View\View->render('template/base', Array, true)
#3 D:\project\invoice\system\Common.php(1119): CodeIgniter\View\View->render('template/layer', Array, true)
#4 D:\project\invoice\app\Controllers\Dashboard.php(16): view('template/layer', Array)
#5 D:\project\invoice\system\CodeIgniter.php(918): App\Controllers\Dashboard->index()
#6 D:\project\invoice\system\CodeIgniter.php(404): CodeIgniter\CodeIgniter->runController(Object(App\Controllers\Dashboard))
#7 D:\project\invoice\system\CodeIgniter.php(312): CodeIgniter\CodeIgniter->handleRequest(NULL, Object(Config\Cache), false)
#8 D:\project\invoice\public\index.php(45): CodeIgniter\CodeIgniter->run()
#9 D:\project\invoice\system\Commands\Server\rewrite.php(34): require_once('D:\\project\\invo...')
#10 {main}
CRITICAL - 2020-08-18 09:46:51 --> Undefined property: CodeIgniter\View\View::$uri
#0 D:\project\invoice\app\Views\template\base.php(4): CodeIgniter\Debug\Exceptions->errorHandler(8, 'Undefined prope...', 'D:\\project\\invo...', 4, Array)
#1 D:\project\invoice\system\View\View.php(246): include('D:\\project\\invo...')
#2 D:\project\invoice\system\View\View.php(257): CodeIgniter\View\View->render('template/base', Array, true)
#3 D:\project\invoice\system\Common.php(1119): CodeIgniter\View\View->render('template/layer', Array, true)
#4 D:\project\invoice\app\Controllers\Dashboard.php(16): view('template/layer', Array)
#5 D:\project\invoice\system\CodeIgniter.php(918): App\Controllers\Dashboard->index()
#6 D:\project\invoice\system\CodeIgniter.php(404): CodeIgniter\CodeIgniter->runController(Object(App\Controllers\Dashboard))
#7 D:\project\invoice\system\CodeIgniter.php(312): CodeIgniter\CodeIgniter->handleRequest(NULL, Object(Config\Cache), false)
#8 D:\project\invoice\public\index.php(45): CodeIgniter\CodeIgniter->run()
#9 D:\project\invoice\system\Commands\Server\rewrite.php(34): require_once('D:\\project\\invo...')
#10 {main}
CRITICAL - 2020-08-18 09:46:56 --> Request URI segment is out of range: 2
#0 D:\project\invoice\system\HTTP\URI.php(515): CodeIgniter\HTTP\Exceptions\HTTPException::forURISegmentOutOfRange(2)
#1 D:\project\invoice\app\Controllers\Dashboard.php(24): CodeIgniter\HTTP\URI->getSegment(2)
#2 D:\project\invoice\system\CodeIgniter.php(918): App\Controllers\Dashboard->user('sales')
#3 D:\project\invoice\system\CodeIgniter.php(404): CodeIgniter\CodeIgniter->runController(Object(App\Controllers\Dashboard))
#4 D:\project\invoice\system\CodeIgniter.php(312): CodeIgniter\CodeIgniter->handleRequest(NULL, Object(Config\Cache), false)
#5 D:\project\invoice\public\index.php(45): CodeIgniter\CodeIgniter->run()
#6 D:\project\invoice\system\Commands\Server\rewrite.php(34): require_once('D:\\project\\invo...')
#7 {main}
CRITICAL - 2020-08-18 09:47:24 --> Request URI segment is out of range: 2
#0 D:\project\invoice\system\HTTP\URI.php(515): CodeIgniter\HTTP\Exceptions\HTTPException::forURISegmentOutOfRange(2)
#1 D:\project\invoice\app\Controllers\Dashboard.php(24): CodeIgniter\HTTP\URI->getSegment(2)
#2 D:\project\invoice\system\CodeIgniter.php(918): App\Controllers\Dashboard->user('sales')
#3 D:\project\invoice\system\CodeIgniter.php(404): CodeIgniter\CodeIgniter->runController(Object(App\Controllers\Dashboard))
#4 D:\project\invoice\system\CodeIgniter.php(312): CodeIgniter\CodeIgniter->handleRequest(NULL, Object(Config\Cache), false)
#5 D:\project\invoice\public\index.php(45): CodeIgniter\CodeIgniter->run()
#6 D:\project\invoice\system\Commands\Server\rewrite.php(34): require_once('D:\\project\\invo...')
#7 {main}
CRITICAL - 2020-08-18 09:47:25 --> Request URI segment is out of range: 2
#0 D:\project\invoice\system\HTTP\URI.php(515): CodeIgniter\HTTP\Exceptions\HTTPException::forURISegmentOutOfRange(2)
#1 D:\project\invoice\app\Controllers\Dashboard.php(24): CodeIgniter\HTTP\URI->getSegment(2)
#2 D:\project\invoice\system\CodeIgniter.php(918): App\Controllers\Dashboard->user('sales')
#3 D:\project\invoice\system\CodeIgniter.php(404): CodeIgniter\CodeIgniter->runController(Object(App\Controllers\Dashboard))
#4 D:\project\invoice\system\CodeIgniter.php(312): CodeIgniter\CodeIgniter->handleRequest(NULL, Object(Config\Cache), false)
#5 D:\project\invoice\public\index.php(45): CodeIgniter\CodeIgniter->run()
#6 D:\project\invoice\system\Commands\Server\rewrite.php(34): require_once('D:\\project\\invo...')
#7 {main}
CRITICAL - 2020-08-18 09:47:36 --> Request URI segment is out of range: 2
#0 D:\project\invoice\system\HTTP\URI.php(515): CodeIgniter\HTTP\Exceptions\HTTPException::forURISegmentOutOfRange(2)
#1 D:\project\invoice\app\Controllers\Dashboard.php(24): CodeIgniter\HTTP\URI->getSegment(2)
#2 D:\project\invoice\system\CodeIgniter.php(918): App\Controllers\Dashboard->user('sales')
#3 D:\project\invoice\system\CodeIgniter.php(404): CodeIgniter\CodeIgniter->runController(Object(App\Controllers\Dashboard))
#4 D:\project\invoice\system\CodeIgniter.php(312): CodeIgniter\CodeIgniter->handleRequest(NULL, Object(Config\Cache), false)
#5 D:\project\invoice\public\index.php(45): CodeIgniter\CodeIgniter->run()
#6 D:\project\invoice\system\Commands\Server\rewrite.php(34): require_once('D:\\project\\invo...')
#7 {main}
CRITICAL - 2020-08-18 09:49:15 --> Call to undefined method CodeIgniter\HTTP\IncomingRequest::getSegment()
#0 D:\project\invoice\system\CodeIgniter.php(918): App\Controllers\Dashboard->user('sales')
#1 D:\project\invoice\system\CodeIgniter.php(404): CodeIgniter\CodeIgniter->runController(Object(App\Controllers\Dashboard))
#2 D:\project\invoice\system\CodeIgniter.php(312): CodeIgniter\CodeIgniter->handleRequest(NULL, Object(Config\Cache), false)
#3 D:\project\invoice\public\index.php(45): CodeIgniter\CodeIgniter->run()
#4 D:\project\invoice\system\Commands\Server\rewrite.php(34): require_once('D:\\project\\invo...')
#5 {main}
CRITICAL - 2020-08-18 09:49:16 --> Call to undefined method CodeIgniter\HTTP\IncomingRequest::getSegment()
#0 D:\project\invoice\system\CodeIgniter.php(918): App\Controllers\Dashboard->user('sales')
#1 D:\project\invoice\system\CodeIgniter.php(404): CodeIgniter\CodeIgniter->runController(Object(App\Controllers\Dashboard))
#2 D:\project\invoice\system\CodeIgniter.php(312): CodeIgniter\CodeIgniter->handleRequest(NULL, Object(Config\Cache), false)
#3 D:\project\invoice\public\index.php(45): CodeIgniter\CodeIgniter->run()
#4 D:\project\invoice\system\Commands\Server\rewrite.php(34): require_once('D:\\project\\invo...')
#5 {main}
CRITICAL - 2020-08-18 13:05:54 --> Undefined property: App\Controllers\Dashboard::$mdata
#0 D:\project\invoice\app\Controllers\Dashboard.php(181): CodeIgniter\Debug\Exceptions->errorHandler(8, 'Undefined prope...', 'D:\\project\\invo...', 181, Array)
#1 D:\project\invoice\system\CodeIgniter.php(918): App\Controllers\Dashboard->act()
#2 D:\project\invoice\system\CodeIgniter.php(404): CodeIgniter\CodeIgniter->runController(Object(App\Controllers\Dashboard))
#3 D:\project\invoice\system\CodeIgniter.php(312): CodeIgniter\CodeIgniter->handleRequest(NULL, Object(Config\Cache), false)
#4 D:\project\invoice\public\index.php(45): CodeIgniter\CodeIgniter->run()
#5 D:\project\invoice\system\Commands\Server\rewrite.php(34): require_once('D:\\project\\invo...')
#6 {main}
CRITICAL - 2020-08-18 13:06:42 -->  route cannot be found while reverse-routing.
#0 D:\project\invoice\system\HTTP\RedirectResponse.php(92): CodeIgniter\HTTP\Exceptions\HTTPException::forInvalidRedirectRoute('')
#1 D:\project\invoice\system\Common.php(845): CodeIgniter\HTTP\RedirectResponse->route(false)
#2 D:\project\invoice\app\Controllers\Dashboard.php(191): redirect('dashboard/add')
#3 D:\project\invoice\system\CodeIgniter.php(918): App\Controllers\Dashboard->act()
#4 D:\project\invoice\system\CodeIgniter.php(404): CodeIgniter\CodeIgniter->runController(Object(App\Controllers\Dashboard))
#5 D:\project\invoice\system\CodeIgniter.php(312): CodeIgniter\CodeIgniter->handleRequest(NULL, Object(Config\Cache), false)
#6 D:\project\invoice\public\index.php(45): CodeIgniter\CodeIgniter->run()
#7 D:\project\invoice\system\Commands\Server\rewrite.php(34): require_once('D:\\project\\invo...')
#8 {main}
CRITICAL - 2020-08-18 13:10:02 -->  route cannot be found while reverse-routing.
#0 D:\project\invoice\system\HTTP\RedirectResponse.php(92): CodeIgniter\HTTP\Exceptions\HTTPException::forInvalidRedirectRoute('')
#1 D:\project\invoice\system\Common.php(845): CodeIgniter\HTTP\RedirectResponse->route(false)
#2 D:\project\invoice\app\Controllers\Dashboard.php(179): redirect('dashboard/add')
#3 D:\project\invoice\system\CodeIgniter.php(918): App\Controllers\Dashboard->act()
#4 D:\project\invoice\system\CodeIgniter.php(404): CodeIgniter\CodeIgniter->runController(Object(App\Controllers\Dashboard))
#5 D:\project\invoice\system\CodeIgniter.php(312): CodeIgniter\CodeIgniter->handleRequest(NULL, Object(Config\Cache), false)
#6 D:\project\invoice\public\index.php(45): CodeIgniter\CodeIgniter->run()
#7 D:\project\invoice\system\Commands\Server\rewrite.php(34): require_once('D:\\project\\invo...')
#8 {main}
CRITICAL - 2020-08-18 13:28:03 --> Too few arguments to function CodeIgniter\Validation\Validation::showError(), 0 passed in D:\project\invoice\app\Controllers\Dashboard.php on line 178 and at least 1 expected
#0 D:\project\invoice\app\Controllers\Dashboard.php(178): CodeIgniter\Validation\Validation->showError()
#1 D:\project\invoice\system\CodeIgniter.php(918): App\Controllers\Dashboard->act()
#2 D:\project\invoice\system\CodeIgniter.php(404): CodeIgniter\CodeIgniter->runController(Object(App\Controllers\Dashboard))
#3 D:\project\invoice\system\CodeIgniter.php(312): CodeIgniter\CodeIgniter->handleRequest(NULL, Object(Config\Cache), false)
#4 D:\project\invoice\public\index.php(45): CodeIgniter\CodeIgniter->run()
#5 D:\project\invoice\system\Commands\Server\rewrite.php(34): require_once('D:\\project\\invo...')
#6 {main}
CRITICAL - 2020-08-18 13:50:51 --> Argument 1 passed to CodeIgniter\Database\BaseBuilder::insert() must be of the type array or null, integer given, called in D:\project\invoice\app\Models\Mdata.php on line 16
#0 D:\project\invoice\app\Models\Mdata.php(16): CodeIgniter\Database\BaseBuilder->insert(2)
#1 D:\project\invoice\app\Controllers\Dashboard.php(187): App\Models\Mdata->safe(2, 'tb_sales')
#2 D:\project\invoice\system\CodeIgniter.php(918): App\Controllers\Dashboard->act()
#3 D:\project\invoice\system\CodeIgniter.php(404): CodeIgniter\CodeIgniter->runController(Object(App\Controllers\Dashboard))
#4 D:\project\invoice\system\CodeIgniter.php(312): CodeIgniter\CodeIgniter->handleRequest(NULL, Object(Config\Cache), false)
#5 D:\project\invoice\public\index.php(45): CodeIgniter\CodeIgniter->run()
#6 D:\project\invoice\system\Commands\Server\rewrite.php(34): require_once('D:\\project\\invo...')
#7 {main}
CRITICAL - 2020-08-18 13:50:57 --> Argument 1 passed to CodeIgniter\Database\BaseBuilder::insert() must be of the type array or null, integer given, called in D:\project\invoice\app\Models\Mdata.php on line 16
#0 D:\project\invoice\app\Models\Mdata.php(16): CodeIgniter\Database\BaseBuilder->insert(2)
#1 D:\project\invoice\app\Controllers\Dashboard.php(187): App\Models\Mdata->safe(2, 'tb_sales')
#2 D:\project\invoice\system\CodeIgniter.php(918): App\Controllers\Dashboard->act()
#3 D:\project\invoice\system\CodeIgniter.php(404): CodeIgniter\CodeIgniter->runController(Object(App\Controllers\Dashboard))
#4 D:\project\invoice\system\CodeIgniter.php(312): CodeIgniter\CodeIgniter->handleRequest(NULL, Object(Config\Cache), false)
#5 D:\project\invoice\public\index.php(45): CodeIgniter\CodeIgniter->run()
#6 D:\project\invoice\system\Commands\Server\rewrite.php(34): require_once('D:\\project\\invo...')
#7 {main}
CRITICAL - 2020-08-18 13:54:04 --> Duplicate entry '4527' for key 'PRIMARY'
#0 D:\project\invoice\system\Database\MySQLi\Connection.php(331): mysqli->query('INSERT INTO `tb...')
#1 D:\project\invoice\system\Database\BaseConnection.php(741): CodeIgniter\Database\MySQLi\Connection->execute('INSERT INTO `tb...')
#2 D:\project\invoice\system\Database\BaseConnection.php(669): CodeIgniter\Database\BaseConnection->simpleQuery('INSERT INTO `tb...')
#3 D:\project\invoice\system\Database\BaseBuilder.php(2249): CodeIgniter\Database\BaseConnection->query('INSERT INTO `tb...', Array, false)
#4 D:\project\invoice\app\Models\Mdata.php(16): CodeIgniter\Database\BaseBuilder->insert(Array)
#5 D:\project\invoice\app\Controllers\Dashboard.php(187): App\Models\Mdata->safe(Array, 'tb_sales')
#6 D:\project\invoice\system\CodeIgniter.php(918): App\Controllers\Dashboard->act()
#7 D:\project\invoice\system\CodeIgniter.php(404): CodeIgniter\CodeIgniter->runController(Object(App\Controllers\Dashboard))
#8 D:\project\invoice\system\CodeIgniter.php(312): CodeIgniter\CodeIgniter->handleRequest(NULL, Object(Config\Cache), false)
#9 D:\project\invoice\public\index.php(45): CodeIgniter\CodeIgniter->run()
#10 D:\project\invoice\system\Commands\Server\rewrite.php(34): require_once('D:\\project\\invo...')
#11 {main}
CRITICAL - 2020-08-18 14:30:46 --> Call to undefined method App\Libraries\Kunci::lockhas()
#0 D:\project\invoice\system\CodeIgniter.php(918): App\Controllers\Dashboard->act()
#1 D:\project\invoice\system\CodeIgniter.php(404): CodeIgniter\CodeIgniter->runController(Object(App\Controllers\Dashboard))
#2 D:\project\invoice\system\CodeIgniter.php(312): CodeIgniter\CodeIgniter->handleRequest(NULL, Object(Config\Cache), false)
#3 D:\project\invoice\public\index.php(45): CodeIgniter\CodeIgniter->run()
#4 D:\project\invoice\system\Commands\Server\rewrite.php(34): require_once('D:\\project\\invo...')
#5 {main}
CRITICAL - 2020-08-18 14:30:53 --> Call to undefined method App\Libraries\Kunci::lockhas()
#0 D:\project\invoice\system\CodeIgniter.php(918): App\Controllers\Dashboard->act()
#1 D:\project\invoice\system\CodeIgniter.php(404): CodeIgniter\CodeIgniter->runController(Object(App\Controllers\Dashboard))
#2 D:\project\invoice\system\CodeIgniter.php(312): CodeIgniter\CodeIgniter->handleRequest(NULL, Object(Config\Cache), false)
#3 D:\project\invoice\public\index.php(45): CodeIgniter\CodeIgniter->run()
#4 D:\project\invoice\system\Commands\Server\rewrite.php(34): require_once('D:\\project\\invo...')
#5 {main}
CRITICAL - 2020-08-18 14:31:42 --> Unknown column 'pass' in 'field list'
#0 D:\project\invoice\system\Database\MySQLi\Connection.php(331): mysqli->query('INSERT INTO `tb...')
#1 D:\project\invoice\system\Database\BaseConnection.php(741): CodeIgniter\Database\MySQLi\Connection->execute('INSERT INTO `tb...')
#2 D:\project\invoice\system\Database\BaseConnection.php(669): CodeIgniter\Database\BaseConnection->simpleQuery('INSERT INTO `tb...')
#3 D:\project\invoice\system\Database\BaseBuilder.php(2249): CodeIgniter\Database\BaseConnection->query('INSERT INTO `tb...', Array, false)
#4 D:\project\invoice\app\Models\Mdata.php(16): CodeIgniter\Database\BaseBuilder->insert(Array)
#5 D:\project\invoice\app\Controllers\Dashboard.php(189): App\Models\Mdata->safe(Array, 'tb_sales')
#6 D:\project\invoice\system\CodeIgniter.php(918): App\Controllers\Dashboard->act()
#7 D:\project\invoice\system\CodeIgniter.php(404): CodeIgniter\CodeIgniter->runController(Object(App\Controllers\Dashboard))
#8 D:\project\invoice\system\CodeIgniter.php(312): CodeIgniter\CodeIgniter->handleRequest(NULL, Object(Config\Cache), false)
#9 D:\project\invoice\public\index.php(45): CodeIgniter\CodeIgniter->run()
#10 D:\project\invoice\system\Commands\Server\rewrite.php(34): require_once('D:\\project\\invo...')
#11 {main}
CRITICAL - 2020-08-18 15:39:13 --> Cannot redeclare stat()
#0 [internal function]: CodeIgniter\Debug\Exceptions->shutdownHandler()
#1 {main}
CRITICAL - 2020-08-18 16:43:49 --> Unknown column 'ignore' in 'where clause'
#0 D:\project\invoice\system\Database\MySQLi\Connection.php(331): mysqli->query('SELECT 1\nFROM `...')
#1 D:\project\invoice\system\Database\BaseConnection.php(741): CodeIgniter\Database\MySQLi\Connection->execute('SELECT 1\nFROM `...')
#2 D:\project\invoice\system\Database\BaseConnection.php(669): CodeIgniter\Database\BaseConnection->simpleQuery('SELECT 1\nFROM `...')
#3 D:\project\invoice\system\Database\BaseBuilder.php(1860): CodeIgniter\Database\BaseConnection->query('SELECT 1\nFROM `...', Array, false)
#4 D:\project\invoice\system\Validation\Rules.php(240): CodeIgniter\Database\BaseBuilder->get()
#5 D:\project\invoice\system\Validation\Validation.php(325): CodeIgniter\Validation\Rules->is_unique('tes@gmail.com', 'ignore', Array, NULL)
#6 D:\project\invoice\system\Validation\Validation.php(189): CodeIgniter\Validation\Validation->processRules('email', 'Email', 'tes@gmail.com', Array, Array)
#7 D:\project\invoice\app\Controllers\Dashboard.php(118): CodeIgniter\Validation\Validation->run()
#8 D:\project\invoice\system\CodeIgniter.php(918): App\Controllers\Dashboard->act_sales()
#9 D:\project\invoice\system\CodeIgniter.php(404): CodeIgniter\CodeIgniter->runController(Object(App\Controllers\Dashboard))
#10 D:\project\invoice\system\CodeIgniter.php(312): CodeIgniter\CodeIgniter->handleRequest(NULL, Object(Config\Cache), false)
#11 D:\project\invoice\public\index.php(45): CodeIgniter\CodeIgniter->run()
#12 D:\project\invoice\system\Commands\Server\rewrite.php(34): require_once('D:\\project\\invo...')
#13 {main}
CRITICAL - 2020-08-18 16:43:50 --> Unknown column 'ignore' in 'where clause'
#0 D:\project\invoice\system\Database\MySQLi\Connection.php(331): mysqli->query('SELECT 1\nFROM `...')
#1 D:\project\invoice\system\Database\BaseConnection.php(741): CodeIgniter\Database\MySQLi\Connection->execute('SELECT 1\nFROM `...')
#2 D:\project\invoice\system\Database\BaseConnection.php(669): CodeIgniter\Database\BaseConnection->simpleQuery('SELECT 1\nFROM `...')
#3 D:\project\invoice\system\Database\BaseBuilder.php(1860): CodeIgniter\Database\BaseConnection->query('SELECT 1\nFROM `...', Array, false)
#4 D:\project\invoice\system\Validation\Rules.php(240): CodeIgniter\Database\BaseBuilder->get()
#5 D:\project\invoice\system\Validation\Validation.php(325): CodeIgniter\Validation\Rules->is_unique('tes@gmail.com', 'ignore', Array, NULL)
#6 D:\project\invoice\system\Validation\Validation.php(189): CodeIgniter\Validation\Validation->processRules('email', 'Email', 'tes@gmail.com', Array, Array)
#7 D:\project\invoice\app\Controllers\Dashboard.php(118): CodeIgniter\Validation\Validation->run()
#8 D:\project\invoice\system\CodeIgniter.php(918): App\Controllers\Dashboard->act_sales()
#9 D:\project\invoice\system\CodeIgniter.php(404): CodeIgniter\CodeIgniter->runController(Object(App\Controllers\Dashboard))
#10 D:\project\invoice\system\CodeIgniter.php(312): CodeIgniter\CodeIgniter->handleRequest(NULL, Object(Config\Cache), false)
#11 D:\project\invoice\public\index.php(45): CodeIgniter\CodeIgniter->run()
#12 D:\project\invoice\system\Commands\Server\rewrite.php(34): require_once('D:\\project\\invo...')
#13 {main}
CRITICAL - 2020-08-18 16:43:51 --> Unknown column 'ignore' in 'where clause'
#0 D:\project\invoice\system\Database\MySQLi\Connection.php(331): mysqli->query('SELECT 1\nFROM `...')
#1 D:\project\invoice\system\Database\BaseConnection.php(741): CodeIgniter\Database\MySQLi\Connection->execute('SELECT 1\nFROM `...')
#2 D:\project\invoice\system\Database\BaseConnection.php(669): CodeIgniter\Database\BaseConnection->simpleQuery('SELECT 1\nFROM `...')
#3 D:\project\invoice\system\Database\BaseBuilder.php(1860): CodeIgniter\Database\BaseConnection->query('SELECT 1\nFROM `...', Array, false)
#4 D:\project\invoice\system\Validation\Rules.php(240): CodeIgniter\Database\BaseBuilder->get()
#5 D:\project\invoice\system\Validation\Validation.php(325): CodeIgniter\Validation\Rules->is_unique('tes@gmail.com', 'ignore', Array, NULL)
#6 D:\project\invoice\system\Validation\Validation.php(189): CodeIgniter\Validation\Validation->processRules('email', 'Email', 'tes@gmail.com', Array, Array)
#7 D:\project\invoice\app\Controllers\Dashboard.php(118): CodeIgniter\Validation\Validation->run()
#8 D:\project\invoice\system\CodeIgniter.php(918): App\Controllers\Dashboard->act_sales()
#9 D:\project\invoice\system\CodeIgniter.php(404): CodeIgniter\CodeIgniter->runController(Object(App\Controllers\Dashboard))
#10 D:\project\invoice\system\CodeIgniter.php(312): CodeIgniter\CodeIgniter->handleRequest(NULL, Object(Config\Cache), false)
#11 D:\project\invoice\public\index.php(45): CodeIgniter\CodeIgniter->run()
#12 D:\project\invoice\system\Commands\Server\rewrite.php(34): require_once('D:\\project\\invo...')
#13 {main}
CRITICAL - 2020-08-18 16:44:01 --> Unknown column 'ignore' in 'where clause'
#0 D:\project\invoice\system\Database\MySQLi\Connection.php(331): mysqli->query('SELECT 1\nFROM `...')
#1 D:\project\invoice\system\Database\BaseConnection.php(741): CodeIgniter\Database\MySQLi\Connection->execute('SELECT 1\nFROM `...')
#2 D:\project\invoice\system\Database\BaseConnection.php(669): CodeIgniter\Database\BaseConnection->simpleQuery('SELECT 1\nFROM `...')
#3 D:\project\invoice\system\Database\BaseBuilder.php(1860): CodeIgniter\Database\BaseConnection->query('SELECT 1\nFROM `...', Array, false)
#4 D:\project\invoice\system\Validation\Rules.php(240): CodeIgniter\Database\BaseBuilder->get()
#5 D:\project\invoice\system\Validation\Validation.php(325): CodeIgniter\Validation\Rules->is_unique('tes@gmail.com', 'ignore', Array, NULL)
#6 D:\project\invoice\system\Validation\Validation.php(189): CodeIgniter\Validation\Validation->processRules('email', 'Email', 'tes@gmail.com', Array, Array)
#7 D:\project\invoice\app\Controllers\Dashboard.php(118): CodeIgniter\Validation\Validation->run()
#8 D:\project\invoice\system\CodeIgniter.php(918): App\Controllers\Dashboard->act_sales()
#9 D:\project\invoice\system\CodeIgniter.php(404): CodeIgniter\CodeIgniter->runController(Object(App\Controllers\Dashboard))
#10 D:\project\invoice\system\CodeIgniter.php(312): CodeIgniter\CodeIgniter->handleRequest(NULL, Object(Config\Cache), false)
#11 D:\project\invoice\public\index.php(45): CodeIgniter\CodeIgniter->run()
#12 D:\project\invoice\system\Commands\Server\rewrite.php(34): require_once('D:\\project\\invo...')
#13 {main}
CRITICAL - 2020-08-18 16:44:02 --> Unknown column 'ignore' in 'where clause'
#0 D:\project\invoice\system\Database\MySQLi\Connection.php(331): mysqli->query('SELECT 1\nFROM `...')
#1 D:\project\invoice\system\Database\BaseConnection.php(741): CodeIgniter\Database\MySQLi\Connection->execute('SELECT 1\nFROM `...')
#2 D:\project\invoice\system\Database\BaseConnection.php(669): CodeIgniter\Database\BaseConnection->simpleQuery('SELECT 1\nFROM `...')
#3 D:\project\invoice\system\Database\BaseBuilder.php(1860): CodeIgniter\Database\BaseConnection->query('SELECT 1\nFROM `...', Array, false)
#4 D:\project\invoice\system\Validation\Rules.php(240): CodeIgniter\Database\BaseBuilder->get()
#5 D:\project\invoice\system\Validation\Validation.php(325): CodeIgniter\Validation\Rules->is_unique('tes@gmail.com', 'ignore', Array, NULL)
#6 D:\project\invoice\system\Validation\Validation.php(189): CodeIgniter\Validation\Validation->processRules('email', 'Email', 'tes@gmail.com', Array, Array)
#7 D:\project\invoice\app\Controllers\Dashboard.php(118): CodeIgniter\Validation\Validation->run()
#8 D:\project\invoice\system\CodeIgniter.php(918): App\Controllers\Dashboard->act_sales()
#9 D:\project\invoice\system\CodeIgniter.php(404): CodeIgniter\CodeIgniter->runController(Object(App\Controllers\Dashboard))
#10 D:\project\invoice\system\CodeIgniter.php(312): CodeIgniter\CodeIgniter->handleRequest(NULL, Object(Config\Cache), false)
#11 D:\project\invoice\public\index.php(45): CodeIgniter\CodeIgniter->run()
#12 D:\project\invoice\system\Commands\Server\rewrite.php(34): require_once('D:\\project\\invo...')
#13 {main}
CRITICAL - 2020-08-18 16:44:02 --> Unknown column 'ignore' in 'where clause'
#0 D:\project\invoice\system\Database\MySQLi\Connection.php(331): mysqli->query('SELECT 1\nFROM `...')
#1 D:\project\invoice\system\Database\BaseConnection.php(741): CodeIgniter\Database\MySQLi\Connection->execute('SELECT 1\nFROM `...')
#2 D:\project\invoice\system\Database\BaseConnection.php(669): CodeIgniter\Database\BaseConnection->simpleQuery('SELECT 1\nFROM `...')
#3 D:\project\invoice\system\Database\BaseBuilder.php(1860): CodeIgniter\Database\BaseConnection->query('SELECT 1\nFROM `...', Array, false)
#4 D:\project\invoice\system\Validation\Rules.php(240): CodeIgniter\Database\BaseBuilder->get()
#5 D:\project\invoice\system\Validation\Validation.php(325): CodeIgniter\Validation\Rules->is_unique('tes@gmail.com', 'ignore', Array, NULL)
#6 D:\project\invoice\system\Validation\Validation.php(189): CodeIgniter\Validation\Validation->processRules('email', 'Email', 'tes@gmail.com', Array, Array)
#7 D:\project\invoice\app\Controllers\Dashboard.php(118): CodeIgniter\Validation\Validation->run()
#8 D:\project\invoice\system\CodeIgniter.php(918): App\Controllers\Dashboard->act_sales()
#9 D:\project\invoice\system\CodeIgniter.php(404): CodeIgniter\CodeIgniter->runController(Object(App\Controllers\Dashboard))
#10 D:\project\invoice\system\CodeIgniter.php(312): CodeIgniter\CodeIgniter->handleRequest(NULL, Object(Config\Cache), false)
#11 D:\project\invoice\public\index.php(45): CodeIgniter\CodeIgniter->run()
#12 D:\project\invoice\system\Commands\Server\rewrite.php(34): require_once('D:\\project\\invo...')
#13 {main}
CRITICAL - 2020-08-18 16:44:03 --> Unknown column 'ignore' in 'where clause'
#0 D:\project\invoice\system\Database\MySQLi\Connection.php(331): mysqli->query('SELECT 1\nFROM `...')
#1 D:\project\invoice\system\Database\BaseConnection.php(741): CodeIgniter\Database\MySQLi\Connection->execute('SELECT 1\nFROM `...')
#2 D:\project\invoice\system\Database\BaseConnection.php(669): CodeIgniter\Database\BaseConnection->simpleQuery('SELECT 1\nFROM `...')
#3 D:\project\invoice\system\Database\BaseBuilder.php(1860): CodeIgniter\Database\BaseConnection->query('SELECT 1\nFROM `...', Array, false)
#4 D:\project\invoice\system\Validation\Rules.php(240): CodeIgniter\Database\BaseBuilder->get()
#5 D:\project\invoice\system\Validation\Validation.php(325): CodeIgniter\Validation\Rules->is_unique('tes@gmail.com', 'ignore', Array, NULL)
#6 D:\project\invoice\system\Validation\Validation.php(189): CodeIgniter\Validation\Validation->processRules('email', 'Email', 'tes@gmail.com', Array, Array)
#7 D:\project\invoice\app\Controllers\Dashboard.php(118): CodeIgniter\Validation\Validation->run()
#8 D:\project\invoice\system\CodeIgniter.php(918): App\Controllers\Dashboard->act_sales()
#9 D:\project\invoice\system\CodeIgniter.php(404): CodeIgniter\CodeIgniter->runController(Object(App\Controllers\Dashboard))
#10 D:\project\invoice\system\CodeIgniter.php(312): CodeIgniter\CodeIgniter->handleRequest(NULL, Object(Config\Cache), false)
#11 D:\project\invoice\public\index.php(45): CodeIgniter\CodeIgniter->run()
#12 D:\project\invoice\system\Commands\Server\rewrite.php(34): require_once('D:\\project\\invo...')
#13 {main}
CRITICAL - 2020-08-18 16:44:03 --> Unknown column 'ignore' in 'where clause'
#0 D:\project\invoice\system\Database\MySQLi\Connection.php(331): mysqli->query('SELECT 1\nFROM `...')
#1 D:\project\invoice\system\Database\BaseConnection.php(741): CodeIgniter\Database\MySQLi\Connection->execute('SELECT 1\nFROM `...')
#2 D:\project\invoice\system\Database\BaseConnection.php(669): CodeIgniter\Database\BaseConnection->simpleQuery('SELECT 1\nFROM `...')
#3 D:\project\invoice\system\Database\BaseBuilder.php(1860): CodeIgniter\Database\BaseConnection->query('SELECT 1\nFROM `...', Array, false)
#4 D:\project\invoice\system\Validation\Rules.php(240): CodeIgniter\Database\BaseBuilder->get()
#5 D:\project\invoice\system\Validation\Validation.php(325): CodeIgniter\Validation\Rules->is_unique('tes@gmail.com', 'ignore', Array, NULL)
#6 D:\project\invoice\system\Validation\Validation.php(189): CodeIgniter\Validation\Validation->processRules('email', 'Email', 'tes@gmail.com', Array, Array)
#7 D:\project\invoice\app\Controllers\Dashboard.php(118): CodeIgniter\Validation\Validation->run()
#8 D:\project\invoice\system\CodeIgniter.php(918): App\Controllers\Dashboard->act_sales()
#9 D:\project\invoice\system\CodeIgniter.php(404): CodeIgniter\CodeIgniter->runController(Object(App\Controllers\Dashboard))
#10 D:\project\invoice\system\CodeIgniter.php(312): CodeIgniter\CodeIgniter->handleRequest(NULL, Object(Config\Cache), false)
#11 D:\project\invoice\public\index.php(45): CodeIgniter\CodeIgniter->run()
#12 D:\project\invoice\system\Commands\Server\rewrite.php(34): require_once('D:\\project\\invo...')
#13 {main}
CRITICAL - 2020-08-18 16:44:10 --> Unknown column 'ignore' in 'where clause'
#0 D:\project\invoice\system\Database\MySQLi\Connection.php(331): mysqli->query('SELECT 1\nFROM `...')
#1 D:\project\invoice\system\Database\BaseConnection.php(741): CodeIgniter\Database\MySQLi\Connection->execute('SELECT 1\nFROM `...')
#2 D:\project\invoice\system\Database\BaseConnection.php(669): CodeIgniter\Database\BaseConnection->simpleQuery('SELECT 1\nFROM `...')
#3 D:\project\invoice\system\Database\BaseBuilder.php(1860): CodeIgniter\Database\BaseConnection->query('SELECT 1\nFROM `...', Array, false)
#4 D:\project\invoice\system\Validation\Rules.php(240): CodeIgniter\Database\BaseBuilder->get()
#5 D:\project\invoice\system\Validation\Validation.php(325): CodeIgniter\Validation\Rules->is_unique('tes@gmail.com', 'ignore', Array, NULL)
#6 D:\project\invoice\system\Validation\Validation.php(189): CodeIgniter\Validation\Validation->processRules('email', 'Email', 'tes@gmail.com', Array, Array)
#7 D:\project\invoice\app\Controllers\Dashboard.php(118): CodeIgniter\Validation\Validation->run()
#8 D:\project\invoice\system\CodeIgniter.php(918): App\Controllers\Dashboard->act_sales()
#9 D:\project\invoice\system\CodeIgniter.php(404): CodeIgniter\CodeIgniter->runController(Object(App\Controllers\Dashboard))
#10 D:\project\invoice\system\CodeIgniter.php(312): CodeIgniter\CodeIgniter->handleRequest(NULL, Object(Config\Cache), false)
#11 D:\project\invoice\public\index.php(45): CodeIgniter\CodeIgniter->run()
#12 D:\project\invoice\system\Commands\Server\rewrite.php(34): require_once('D:\\project\\invo...')
#13 {main}
CRITICAL - 2020-08-18 16:44:35 --> Unknown column 'ignore' in 'where clause'
#0 D:\project\invoice\system\Database\MySQLi\Connection.php(331): mysqli->query('SELECT 1\nFROM `...')
#1 D:\project\invoice\system\Database\BaseConnection.php(741): CodeIgniter\Database\MySQLi\Connection->execute('SELECT 1\nFROM `...')
#2 D:\project\invoice\system\Database\BaseConnection.php(669): CodeIgniter\Database\BaseConnection->simpleQuery('SELECT 1\nFROM `...')
#3 D:\project\invoice\system\Database\BaseBuilder.php(1860): CodeIgniter\Database\BaseConnection->query('SELECT 1\nFROM `...', Array, false)
#4 D:\project\invoice\system\Validation\Rules.php(240): CodeIgniter\Database\BaseBuilder->get()
#5 D:\project\invoice\system\Validation\Validation.php(325): CodeIgniter\Validation\Rules->is_unique('tes@gmail.com', 'ignore', Array, NULL)
#6 D:\project\invoice\system\Validation\Validation.php(189): CodeIgniter\Validation\Validation->processRules('email', 'Email', 'tes@gmail.com', Array, Array)
#7 D:\project\invoice\app\Controllers\Dashboard.php(118): CodeIgniter\Validation\Validation->run()
#8 D:\project\invoice\system\CodeIgniter.php(918): App\Controllers\Dashboard->act_sales()
#9 D:\project\invoice\system\CodeIgniter.php(404): CodeIgniter\CodeIgniter->runController(Object(App\Controllers\Dashboard))
#10 D:\project\invoice\system\CodeIgniter.php(312): CodeIgniter\CodeIgniter->handleRequest(NULL, Object(Config\Cache), false)
#11 D:\project\invoice\public\index.php(45): CodeIgniter\CodeIgniter->run()
#12 D:\project\invoice\system\Commands\Server\rewrite.php(34): require_once('D:\\project\\invo...')
#13 {main}
CRITICAL - 2020-08-18 16:44:40 --> Unknown column 'ignore' in 'where clause'
#0 D:\project\invoice\system\Database\MySQLi\Connection.php(331): mysqli->query('SELECT 1\nFROM `...')
#1 D:\project\invoice\system\Database\BaseConnection.php(741): CodeIgniter\Database\MySQLi\Connection->execute('SELECT 1\nFROM `...')
#2 D:\project\invoice\system\Database\BaseConnection.php(669): CodeIgniter\Database\BaseConnection->simpleQuery('SELECT 1\nFROM `...')
#3 D:\project\invoice\system\Database\BaseBuilder.php(1860): CodeIgniter\Database\BaseConnection->query('SELECT 1\nFROM `...', Array, false)
#4 D:\project\invoice\system\Validation\Rules.php(240): CodeIgniter\Database\BaseBuilder->get()
#5 D:\project\invoice\system\Validation\Validation.php(325): CodeIgniter\Validation\Rules->is_unique('tes@gmail.com', 'ignore', Array, NULL)
#6 D:\project\invoice\system\Validation\Validation.php(189): CodeIgniter\Validation\Validation->processRules('email', 'Email', 'tes@gmail.com', Array, Array)
#7 D:\project\invoice\app\Controllers\Dashboard.php(118): CodeIgniter\Validation\Validation->run()
#8 D:\project\invoice\system\CodeIgniter.php(918): App\Controllers\Dashboard->act_sales()
#9 D:\project\invoice\system\CodeIgniter.php(404): CodeIgniter\CodeIgniter->runController(Object(App\Controllers\Dashboard))
#10 D:\project\invoice\system\CodeIgniter.php(312): CodeIgniter\CodeIgniter->handleRequest(NULL, Object(Config\Cache), false)
#11 D:\project\invoice\public\index.php(45): CodeIgniter\CodeIgniter->run()
#12 D:\project\invoice\system\Commands\Server\rewrite.php(34): require_once('D:\\project\\invo...')
#13 {main}
CRITICAL - 2020-08-18 16:50:52 --> Unknown column 'ignore_email' in 'where clause'
#0 D:\project\invoice\system\Database\MySQLi\Connection.php(331): mysqli->query('SELECT 1\nFROM `...')
#1 D:\project\invoice\system\Database\BaseConnection.php(741): CodeIgniter\Database\MySQLi\Connection->execute('SELECT 1\nFROM `...')
#2 D:\project\invoice\system\Database\BaseConnection.php(669): CodeIgniter\Database\BaseConnection->simpleQuery('SELECT 1\nFROM `...')
#3 D:\project\invoice\system\Database\BaseBuilder.php(1860): CodeIgniter\Database\BaseConnection->query('SELECT 1\nFROM `...', Array, false)
#4 D:\project\invoice\system\Validation\Rules.php(240): CodeIgniter\Database\BaseBuilder->get()
#5 D:\project\invoice\system\Validation\Validation.php(325): CodeIgniter\Validation\Rules->is_unique('tes@gmail.com', 'ignore_email', Array, NULL)
#6 D:\project\invoice\system\Validation\Validation.php(189): CodeIgniter\Validation\Validation->processRules('email', 'Email', 'tes@gmail.com', Array, Array)
#7 D:\project\invoice\app\Controllers\Dashboard.php(119): CodeIgniter\Validation\Validation->run()
#8 D:\project\invoice\system\CodeIgniter.php(918): App\Controllers\Dashboard->act_sales()
#9 D:\project\invoice\system\CodeIgniter.php(404): CodeIgniter\CodeIgniter->runController(Object(App\Controllers\Dashboard))
#10 D:\project\invoice\system\CodeIgniter.php(312): CodeIgniter\CodeIgniter->handleRequest(NULL, Object(Config\Cache), false)
#11 D:\project\invoice\public\index.php(45): CodeIgniter\CodeIgniter->run()
#12 D:\project\invoice\system\Commands\Server\rewrite.php(34): require_once('D:\\project\\invo...')
#13 {main}
CRITICAL - 2020-08-18 17:02:22 --> Unknown column 'ignore_sales_email' in 'where clause'
#0 D:\project\invoice\system\Database\MySQLi\Connection.php(331): mysqli->query('SELECT 1\nFROM `...')
#1 D:\project\invoice\system\Database\BaseConnection.php(741): CodeIgniter\Database\MySQLi\Connection->execute('SELECT 1\nFROM `...')
#2 D:\project\invoice\system\Database\BaseConnection.php(669): CodeIgniter\Database\BaseConnection->simpleQuery('SELECT 1\nFROM `...')
#3 D:\project\invoice\system\Database\BaseBuilder.php(1860): CodeIgniter\Database\BaseConnection->query('SELECT 1\nFROM `...', Array, false)
#4 D:\project\invoice\system\Validation\Rules.php(240): CodeIgniter\Database\BaseBuilder->get()
#5 D:\project\invoice\system\Validation\Validation.php(325): CodeIgniter\Validation\Rules->is_unique('tes@gmail.com', 'sales_email', Array, NULL)
#6 D:\project\invoice\system\Validation\Validation.php(189): CodeIgniter\Validation\Validation->processRules('email', 'Email', 'tes@gmail.com', Array, Array)
#7 D:\project\invoice\app\Controllers\Dashboard.php(119): CodeIgniter\Validation\Validation->run()
#8 D:\project\invoice\system\CodeIgniter.php(918): App\Controllers\Dashboard->act_sales()
#9 D:\project\invoice\system\CodeIgniter.php(404): CodeIgniter\CodeIgniter->runController(Object(App\Controllers\Dashboard))
#10 D:\project\invoice\system\CodeIgniter.php(312): CodeIgniter\CodeIgniter->handleRequest(NULL, Object(Config\Cache), false)
#11 D:\project\invoice\public\index.php(45): CodeIgniter\CodeIgniter->run()
#12 D:\project\invoice\system\Commands\Server\rewrite.php(34): require_once('D:\\project\\invo...')
#13 {main}
CRITICAL - 2020-08-18 17:05:42 --> required|valid_email|is_unique[tb_sales.ignore_sales_email bukan sebuah aturan yang valid.
#0 D:\project\invoice\system\Validation\Validation.php(333): CodeIgniter\Validation\Exceptions\ValidationException::forRuleNotFound('required|valid_...')
#1 D:\project\invoice\system\Validation\Validation.php(189): CodeIgniter\Validation\Validation->processRules('email', 'Email', 'tes@gmail.com', Array, Array)
#2 D:\project\invoice\app\Controllers\Dashboard.php(119): CodeIgniter\Validation\Validation->run()
#3 D:\project\invoice\system\CodeIgniter.php(918): App\Controllers\Dashboard->act_sales()
#4 D:\project\invoice\system\CodeIgniter.php(404): CodeIgniter\CodeIgniter->runController(Object(App\Controllers\Dashboard))
#5 D:\project\invoice\system\CodeIgniter.php(312): CodeIgniter\CodeIgniter->handleRequest(NULL, Object(Config\Cache), false)
#6 D:\project\invoice\public\index.php(45): CodeIgniter\CodeIgniter->run()
#7 D:\project\invoice\system\Commands\Server\rewrite.php(34): require_once('D:\\project\\invo...')
#8 {main}
CRITICAL - 2020-08-18 17:06:16 --> required|valid_email|is_unique[tb_sales.sales_email, ignore_sales_email bukan sebuah aturan yang valid.
#0 D:\project\invoice\system\Validation\Validation.php(333): CodeIgniter\Validation\Exceptions\ValidationException::forRuleNotFound('required|valid_...')
#1 D:\project\invoice\system\Validation\Validation.php(189): CodeIgniter\Validation\Validation->processRules('email', 'Email', 'tes@gmail.com', Array, Array)
#2 D:\project\invoice\app\Controllers\Dashboard.php(119): CodeIgniter\Validation\Validation->run()
#3 D:\project\invoice\system\CodeIgniter.php(918): App\Controllers\Dashboard->act_sales()
#4 D:\project\invoice\system\CodeIgniter.php(404): CodeIgniter\CodeIgniter->runController(Object(App\Controllers\Dashboard))
#5 D:\project\invoice\system\CodeIgniter.php(312): CodeIgniter\CodeIgniter->handleRequest(NULL, Object(Config\Cache), false)
#6 D:\project\invoice\public\index.php(45): CodeIgniter\CodeIgniter->run()
#7 D:\project\invoice\system\Commands\Server\rewrite.php(34): require_once('D:\\project\\invo...')
#8 {main}
CRITICAL - 2020-08-18 17:56:12 --> Argument 1 passed to CodeIgniter\Database\BaseBuilder::update() must be of the type array or null, string given, called in D:\project\invoice\app\Models\Mdata.php on line 68
#0 D:\project\invoice\app\Models\Mdata.php(68): CodeIgniter\Database\BaseBuilder->update('tb_sales', Array)
#1 D:\project\invoice\app\Controllers\Dashboard.php(142): App\Models\Mdata->ud(Array, Array, 'tb_sales')
#2 D:\project\invoice\system\CodeIgniter.php(918): App\Controllers\Dashboard->act_sales()
#3 D:\project\invoice\system\CodeIgniter.php(404): CodeIgniter\CodeIgniter->runController(Object(App\Controllers\Dashboard))
#4 D:\project\invoice\system\CodeIgniter.php(312): CodeIgniter\CodeIgniter->handleRequest(NULL, Object(Config\Cache), false)
#5 D:\project\invoice\public\index.php(45): CodeIgniter\CodeIgniter->run()
#6 D:\project\invoice\system\Commands\Server\rewrite.php(34): require_once('D:\\project\\invo...')
#7 {main}
CRITICAL - 2020-08-18 18:32:58 --> Undefined variable: da
#0 D:\project\invoice\app\Views\user\client.php(17): CodeIgniter\Debug\Exceptions->errorHandler(8, 'Undefined varia...', 'D:\\project\\invo...', 17, Array)
#1 D:\project\invoice\system\View\View.php(246): include('D:\\project\\invo...')
#2 D:\project\invoice\system\View\View.php(525): CodeIgniter\View\View->render('user/client', NULL, true)
#3 D:\project\invoice\app\Views\template\layer.php(5): CodeIgniter\View\View->include('user/client')
#4 D:\project\invoice\system\View\View.php(246): include('D:\\project\\invo...')
#5 D:\project\invoice\system\Common.php(1119): CodeIgniter\View\View->render('template/layer', Array, true)
#6 D:\project\invoice\app\Controllers\Dashboard.php(175): view('template/layer', Array)
#7 D:\project\invoice\app\Controllers\Dashboard.php(36): App\Controllers\Dashboard->_client()
#8 D:\project\invoice\system\CodeIgniter.php(918): App\Controllers\Dashboard->user('client')
#9 D:\project\invoice\system\CodeIgniter.php(404): CodeIgniter\CodeIgniter->runController(Object(App\Controllers\Dashboard))
#10 D:\project\invoice\system\CodeIgniter.php(312): CodeIgniter\CodeIgniter->handleRequest(NULL, Object(Config\Cache), false)
#11 D:\project\invoice\public\index.php(45): CodeIgniter\CodeIgniter->run()
#12 D:\project\invoice\system\Commands\Server\rewrite.php(34): require_once('D:\\project\\invo...')
#13 {main}
CRITICAL - 2020-08-18 19:06:35 --> Unknown column 'sales_id' in 'where clause'
#0 D:\project\invoice\system\Database\MySQLi\Connection.php(331): mysqli->query('SELECT 1\nFROM `...')
#1 D:\project\invoice\system\Database\BaseConnection.php(741): CodeIgniter\Database\MySQLi\Connection->execute('SELECT 1\nFROM `...')
#2 D:\project\invoice\system\Database\BaseConnection.php(669): CodeIgniter\Database\BaseConnection->simpleQuery('SELECT 1\nFROM `...')
#3 D:\project\invoice\system\Database\BaseBuilder.php(1860): CodeIgniter\Database\BaseConnection->query('SELECT 1\nFROM `...', Array, false)
#4 D:\project\invoice\system\Validation\Rules.php(240): CodeIgniter\Database\BaseBuilder->get()
#5 D:\project\invoice\system\Validation\Validation.php(325): CodeIgniter\Validation\Rules->is_unique('client@gmail.co...', 'client_email', Array, NULL)
#6 D:\project\invoice\system\Validation\Validation.php(189): CodeIgniter\Validation\Validation->processRules('email', 'Email', 'client@gmail.co...', Array, Array)
#7 D:\project\invoice\app\Controllers\Dashboard.php(243): CodeIgniter\Validation\Validation->run()
#8 D:\project\invoice\system\CodeIgniter.php(918): App\Controllers\Dashboard->act_client()
#9 D:\project\invoice\system\CodeIgniter.php(404): CodeIgniter\CodeIgniter->runController(Object(App\Controllers\Dashboard))
#10 D:\project\invoice\system\CodeIgniter.php(312): CodeIgniter\CodeIgniter->handleRequest(NULL, Object(Config\Cache), false)
#11 D:\project\invoice\public\index.php(45): CodeIgniter\CodeIgniter->run()
#12 D:\project\invoice\system\Commands\Server\rewrite.php(34): require_once('D:\\project\\invo...')
#13 {main}
CRITICAL - 2020-08-18 19:06:43 --> Unknown column 'sales_id' in 'where clause'
#0 D:\project\invoice\system\Database\MySQLi\Connection.php(331): mysqli->query('SELECT 1\nFROM `...')
#1 D:\project\invoice\system\Database\BaseConnection.php(741): CodeIgniter\Database\MySQLi\Connection->execute('SELECT 1\nFROM `...')
#2 D:\project\invoice\system\Database\BaseConnection.php(669): CodeIgniter\Database\BaseConnection->simpleQuery('SELECT 1\nFROM `...')
#3 D:\project\invoice\system\Database\BaseBuilder.php(1860): CodeIgniter\Database\BaseConnection->query('SELECT 1\nFROM `...', Array, false)
#4 D:\project\invoice\system\Validation\Rules.php(240): CodeIgniter\Database\BaseBuilder->get()
#5 D:\project\invoice\system\Validation\Validation.php(325): CodeIgniter\Validation\Rules->is_unique('client@gmail.co...', 'client_email', Array, NULL)
#6 D:\project\invoice\system\Validation\Validation.php(189): CodeIgniter\Validation\Validation->processRules('email', 'Email', 'client@gmail.co...', Array, Array)
#7 D:\project\invoice\app\Controllers\Dashboard.php(243): CodeIgniter\Validation\Validation->run()
#8 D:\project\invoice\system\CodeIgniter.php(918): App\Controllers\Dashboard->act_client()
#9 D:\project\invoice\system\CodeIgniter.php(404): CodeIgniter\CodeIgniter->runController(Object(App\Controllers\Dashboard))
#10 D:\project\invoice\system\CodeIgniter.php(312): CodeIgniter\CodeIgniter->handleRequest(NULL, Object(Config\Cache), false)
#11 D:\project\invoice\public\index.php(45): CodeIgniter\CodeIgniter->run()
#12 D:\project\invoice\system\Commands\Server\rewrite.php(34): require_once('D:\\project\\invo...')
#13 {main}
