CRITICAL - 2020-12-09 00:00:53 --> finfo_file(): Empty filename or path
#0 [internal function]: CodeIgniter\Debug\Exceptions->errorHandler(2, 'finfo_file(): E...', 'D:\\laragon\\www\\...', 151, Array)
#1 D:\laragon\www\bkk\system\Files\File.php(151): finfo_file(Resource id #137, '')
#2 D:\laragon\www\bkk\system\Validation\FileRules.php(230): CodeIgniter\Files\File->getMimeType()
#3 D:\laragon\www\bkk\system\Validation\Validation.php(294): CodeIgniter\Validation\FileRules->mime_in(NULL, Array, Array, NULL)
#4 D:\laragon\www\bkk\system\Validation\Validation.php(189): CodeIgniter\Validation\Validation->processRules('image', 'Gambar', NULL, Array, Array)
#5 D:\laragon\www\bkk\app\Controllers\Home.php(151): CodeIgniter\Validation\Validation->run()
#6 D:\laragon\www\bkk\system\CodeIgniter.php(914): App\Controllers\Home->act_step2()
#7 D:\laragon\www\bkk\system\CodeIgniter.php(400): CodeIgniter\CodeIgniter->runController(Object(App\Controllers\Home))
#8 D:\laragon\www\bkk\system\CodeIgniter.php(308): CodeIgniter\CodeIgniter->handleRequest(NULL, Object(Config\Cache), false)
#9 D:\laragon\www\bkk\public\index.php(45): CodeIgniter\CodeIgniter->run()
#10 {main}
CRITICAL - 2020-12-09 00:00:53 --> Uncaught CodeIgniter\Format\Exceptions\FormatException: Gagal menguraikan string json, kesalahan: "Type is not supported". in D:\laragon\www\bkk\system\Format\Exceptions\FormatException.php:9
Stack trace:
#0 D:\laragon\www\bkk\system\Format\JSONFormatter.php(67): CodeIgniter\Format\Exceptions\FormatException::forInvalidJSON('Type is not sup...')
#1 D:\laragon\www\bkk\system\API\ResponseTrait.php(414): CodeIgniter\Format\JSONFormatter->format(Array)
#2 D:\laragon\www\bkk\system\API\ResponseTrait.php(134): CodeIgniter\Debug\Exceptions->format(Array)
#3 D:\laragon\www\bkk\system\Debug\Exceptions.php(166): CodeIgniter\Debug\Exceptions->respond(Array, 500)
#4 [internal function]: CodeIgniter\Debug\Exceptions->exceptionHandler(Object(ErrorException))
#5 {main}
  thrown
#0 [internal function]: CodeIgniter\Debug\Exceptions->shutdownHandler()
#1 {main}
CRITICAL - 2020-12-09 00:01:08 --> finfo_file(): Empty filename or path
#0 [internal function]: CodeIgniter\Debug\Exceptions->errorHandler(2, 'finfo_file(): E...', 'D:\\laragon\\www\\...', 151, Array)
#1 D:\laragon\www\bkk\system\Files\File.php(151): finfo_file(Resource id #137, '')
#2 D:\laragon\www\bkk\system\Validation\FileRules.php(230): CodeIgniter\Files\File->getMimeType()
#3 D:\laragon\www\bkk\system\Validation\Validation.php(294): CodeIgniter\Validation\FileRules->mime_in(NULL, Array, Array, NULL)
#4 D:\laragon\www\bkk\system\Validation\Validation.php(189): CodeIgniter\Validation\Validation->processRules('image', 'Gambar', NULL, Array, Array)
#5 D:\laragon\www\bkk\app\Controllers\Home.php(151): CodeIgniter\Validation\Validation->run()
#6 D:\laragon\www\bkk\system\CodeIgniter.php(914): App\Controllers\Home->act_step2()
#7 D:\laragon\www\bkk\system\CodeIgniter.php(400): CodeIgniter\CodeIgniter->runController(Object(App\Controllers\Home))
#8 D:\laragon\www\bkk\system\CodeIgniter.php(308): CodeIgniter\CodeIgniter->handleRequest(NULL, Object(Config\Cache), false)
#9 D:\laragon\www\bkk\public\index.php(45): CodeIgniter\CodeIgniter->run()
#10 {main}
CRITICAL - 2020-12-09 00:01:08 --> Uncaught CodeIgniter\Format\Exceptions\FormatException: Gagal menguraikan string json, kesalahan: "Type is not supported". in D:\laragon\www\bkk\system\Format\Exceptions\FormatException.php:9
Stack trace:
#0 D:\laragon\www\bkk\system\Format\JSONFormatter.php(67): CodeIgniter\Format\Exceptions\FormatException::forInvalidJSON('Type is not sup...')
#1 D:\laragon\www\bkk\system\API\ResponseTrait.php(414): CodeIgniter\Format\JSONFormatter->format(Array)
#2 D:\laragon\www\bkk\system\API\ResponseTrait.php(134): CodeIgniter\Debug\Exceptions->format(Array)
#3 D:\laragon\www\bkk\system\Debug\Exceptions.php(166): CodeIgniter\Debug\Exceptions->respond(Array, 500)
#4 [internal function]: CodeIgniter\Debug\Exceptions->exceptionHandler(Object(ErrorException))
#5 {main}
  thrown
#0 [internal function]: CodeIgniter\Debug\Exceptions->shutdownHandler()
#1 {main}
CRITICAL - 2020-12-09 00:03:36 --> finfo_file(): Empty filename or path
#0 [internal function]: CodeIgniter\Debug\Exceptions->errorHandler(2, 'finfo_file(): E...', 'D:\\laragon\\www\\...', 151, Array)
#1 D:\laragon\www\bkk\system\Files\File.php(151): finfo_file(Resource id #137, '')
#2 D:\laragon\www\bkk\system\Validation\FileRules.php(230): CodeIgniter\Files\File->getMimeType()
#3 D:\laragon\www\bkk\system\Validation\Validation.php(294): CodeIgniter\Validation\FileRules->mime_in(NULL, Array, Array, NULL)
#4 D:\laragon\www\bkk\system\Validation\Validation.php(189): CodeIgniter\Validation\Validation->processRules('image', 'Gambar', NULL, Array, Array)
#5 D:\laragon\www\bkk\app\Controllers\Home.php(150): CodeIgniter\Validation\Validation->run()
#6 D:\laragon\www\bkk\system\CodeIgniter.php(914): App\Controllers\Home->act_step2()
#7 D:\laragon\www\bkk\system\CodeIgniter.php(400): CodeIgniter\CodeIgniter->runController(Object(App\Controllers\Home))
#8 D:\laragon\www\bkk\system\CodeIgniter.php(308): CodeIgniter\CodeIgniter->handleRequest(NULL, Object(Config\Cache), false)
#9 D:\laragon\www\bkk\public\index.php(45): CodeIgniter\CodeIgniter->run()
#10 {main}
CRITICAL - 2020-12-09 00:03:36 --> Uncaught CodeIgniter\Format\Exceptions\FormatException: Gagal menguraikan string json, kesalahan: "Type is not supported". in D:\laragon\www\bkk\system\Format\Exceptions\FormatException.php:9
Stack trace:
#0 D:\laragon\www\bkk\system\Format\JSONFormatter.php(67): CodeIgniter\Format\Exceptions\FormatException::forInvalidJSON('Type is not sup...')
#1 D:\laragon\www\bkk\system\API\ResponseTrait.php(414): CodeIgniter\Format\JSONFormatter->format(Array)
#2 D:\laragon\www\bkk\system\API\ResponseTrait.php(134): CodeIgniter\Debug\Exceptions->format(Array)
#3 D:\laragon\www\bkk\system\Debug\Exceptions.php(166): CodeIgniter\Debug\Exceptions->respond(Array, 500)
#4 [internal function]: CodeIgniter\Debug\Exceptions->exceptionHandler(Object(ErrorException))
#5 {main}
  thrown
#0 [internal function]: CodeIgniter\Debug\Exceptions->shutdownHandler()
#1 {main}
CRITICAL - 2020-12-09 00:03:37 --> finfo_file(): Empty filename or path
#0 [internal function]: CodeIgniter\Debug\Exceptions->errorHandler(2, 'finfo_file(): E...', 'D:\\laragon\\www\\...', 151, Array)
#1 D:\laragon\www\bkk\system\Files\File.php(151): finfo_file(Resource id #137, '')
#2 D:\laragon\www\bkk\system\Validation\FileRules.php(230): CodeIgniter\Files\File->getMimeType()
#3 D:\laragon\www\bkk\system\Validation\Validation.php(294): CodeIgniter\Validation\FileRules->mime_in(NULL, Array, Array, NULL)
#4 D:\laragon\www\bkk\system\Validation\Validation.php(189): CodeIgniter\Validation\Validation->processRules('image', 'Gambar', NULL, Array, Array)
#5 D:\laragon\www\bkk\app\Controllers\Home.php(150): CodeIgniter\Validation\Validation->run()
#6 D:\laragon\www\bkk\system\CodeIgniter.php(914): App\Controllers\Home->act_step2()
#7 D:\laragon\www\bkk\system\CodeIgniter.php(400): CodeIgniter\CodeIgniter->runController(Object(App\Controllers\Home))
#8 D:\laragon\www\bkk\system\CodeIgniter.php(308): CodeIgniter\CodeIgniter->handleRequest(NULL, Object(Config\Cache), false)
#9 D:\laragon\www\bkk\public\index.php(45): CodeIgniter\CodeIgniter->run()
#10 {main}
CRITICAL - 2020-12-09 00:03:37 --> Uncaught CodeIgniter\Format\Exceptions\FormatException: Gagal menguraikan string json, kesalahan: "Type is not supported". in D:\laragon\www\bkk\system\Format\Exceptions\FormatException.php:9
Stack trace:
#0 D:\laragon\www\bkk\system\Format\JSONFormatter.php(67): CodeIgniter\Format\Exceptions\FormatException::forInvalidJSON('Type is not sup...')
#1 D:\laragon\www\bkk\system\API\ResponseTrait.php(414): CodeIgniter\Format\JSONFormatter->format(Array)
#2 D:\laragon\www\bkk\system\API\ResponseTrait.php(134): CodeIgniter\Debug\Exceptions->format(Array)
#3 D:\laragon\www\bkk\system\Debug\Exceptions.php(166): CodeIgniter\Debug\Exceptions->respond(Array, 500)
#4 [internal function]: CodeIgniter\Debug\Exceptions->exceptionHandler(Object(ErrorException))
#5 {main}
  thrown
#0 [internal function]: CodeIgniter\Debug\Exceptions->shutdownHandler()
#1 {main}
CRITICAL - 2020-12-09 00:03:37 --> finfo_file(): Empty filename or path
#0 [internal function]: CodeIgniter\Debug\Exceptions->errorHandler(2, 'finfo_file(): E...', 'D:\\laragon\\www\\...', 151, Array)
#1 D:\laragon\www\bkk\system\Files\File.php(151): finfo_file(Resource id #137, '')
#2 D:\laragon\www\bkk\system\Validation\FileRules.php(230): CodeIgniter\Files\File->getMimeType()
#3 D:\laragon\www\bkk\system\Validation\Validation.php(294): CodeIgniter\Validation\FileRules->mime_in(NULL, Array, Array, NULL)
#4 D:\laragon\www\bkk\system\Validation\Validation.php(189): CodeIgniter\Validation\Validation->processRules('image', 'Gambar', NULL, Array, Array)
#5 D:\laragon\www\bkk\app\Controllers\Home.php(150): CodeIgniter\Validation\Validation->run()
#6 D:\laragon\www\bkk\system\CodeIgniter.php(914): App\Controllers\Home->act_step2()
#7 D:\laragon\www\bkk\system\CodeIgniter.php(400): CodeIgniter\CodeIgniter->runController(Object(App\Controllers\Home))
#8 D:\laragon\www\bkk\system\CodeIgniter.php(308): CodeIgniter\CodeIgniter->handleRequest(NULL, Object(Config\Cache), false)
#9 D:\laragon\www\bkk\public\index.php(45): CodeIgniter\CodeIgniter->run()
#10 {main}
CRITICAL - 2020-12-09 00:03:37 --> Uncaught CodeIgniter\Format\Exceptions\FormatException: Gagal menguraikan string json, kesalahan: "Type is not supported". in D:\laragon\www\bkk\system\Format\Exceptions\FormatException.php:9
Stack trace:
#0 D:\laragon\www\bkk\system\Format\JSONFormatter.php(67): CodeIgniter\Format\Exceptions\FormatException::forInvalidJSON('Type is not sup...')
#1 D:\laragon\www\bkk\system\API\ResponseTrait.php(414): CodeIgniter\Format\JSONFormatter->format(Array)
#2 D:\laragon\www\bkk\system\API\ResponseTrait.php(134): CodeIgniter\Debug\Exceptions->format(Array)
#3 D:\laragon\www\bkk\system\Debug\Exceptions.php(166): CodeIgniter\Debug\Exceptions->respond(Array, 500)
#4 [internal function]: CodeIgniter\Debug\Exceptions->exceptionHandler(Object(ErrorException))
#5 {main}
  thrown
#0 [internal function]: CodeIgniter\Debug\Exceptions->shutdownHandler()
#1 {main}
CRITICAL - 2020-12-09 00:03:37 --> finfo_file(): Empty filename or path
#0 [internal function]: CodeIgniter\Debug\Exceptions->errorHandler(2, 'finfo_file(): E...', 'D:\\laragon\\www\\...', 151, Array)
#1 D:\laragon\www\bkk\system\Files\File.php(151): finfo_file(Resource id #137, '')
#2 D:\laragon\www\bkk\system\Validation\FileRules.php(230): CodeIgniter\Files\File->getMimeType()
#3 D:\laragon\www\bkk\system\Validation\Validation.php(294): CodeIgniter\Validation\FileRules->mime_in(NULL, Array, Array, NULL)
#4 D:\laragon\www\bkk\system\Validation\Validation.php(189): CodeIgniter\Validation\Validation->processRules('image', 'Gambar', NULL, Array, Array)
#5 D:\laragon\www\bkk\app\Controllers\Home.php(150): CodeIgniter\Validation\Validation->run()
#6 D:\laragon\www\bkk\system\CodeIgniter.php(914): App\Controllers\Home->act_step2()
#7 D:\laragon\www\bkk\system\CodeIgniter.php(400): CodeIgniter\CodeIgniter->runController(Object(App\Controllers\Home))
#8 D:\laragon\www\bkk\system\CodeIgniter.php(308): CodeIgniter\CodeIgniter->handleRequest(NULL, Object(Config\Cache), false)
#9 D:\laragon\www\bkk\public\index.php(45): CodeIgniter\CodeIgniter->run()
#10 {main}
CRITICAL - 2020-12-09 00:03:37 --> Uncaught CodeIgniter\Format\Exceptions\FormatException: Gagal menguraikan string json, kesalahan: "Type is not supported". in D:\laragon\www\bkk\system\Format\Exceptions\FormatException.php:9
Stack trace:
#0 D:\laragon\www\bkk\system\Format\JSONFormatter.php(67): CodeIgniter\Format\Exceptions\FormatException::forInvalidJSON('Type is not sup...')
#1 D:\laragon\www\bkk\system\API\ResponseTrait.php(414): CodeIgniter\Format\JSONFormatter->format(Array)
#2 D:\laragon\www\bkk\system\API\ResponseTrait.php(134): CodeIgniter\Debug\Exceptions->format(Array)
#3 D:\laragon\www\bkk\system\Debug\Exceptions.php(166): CodeIgniter\Debug\Exceptions->respond(Array, 500)
#4 [internal function]: CodeIgniter\Debug\Exceptions->exceptionHandler(Object(ErrorException))
#5 {main}
  thrown
#0 [internal function]: CodeIgniter\Debug\Exceptions->shutdownHandler()
#1 {main}
CRITICAL - 2020-12-09 00:03:37 --> finfo_file(): Empty filename or path
#0 [internal function]: CodeIgniter\Debug\Exceptions->errorHandler(2, 'finfo_file(): E...', 'D:\\laragon\\www\\...', 151, Array)
#1 D:\laragon\www\bkk\system\Files\File.php(151): finfo_file(Resource id #137, '')
#2 D:\laragon\www\bkk\system\Validation\FileRules.php(230): CodeIgniter\Files\File->getMimeType()
#3 D:\laragon\www\bkk\system\Validation\Validation.php(294): CodeIgniter\Validation\FileRules->mime_in(NULL, Array, Array, NULL)
#4 D:\laragon\www\bkk\system\Validation\Validation.php(189): CodeIgniter\Validation\Validation->processRules('image', 'Gambar', NULL, Array, Array)
#5 D:\laragon\www\bkk\app\Controllers\Home.php(150): CodeIgniter\Validation\Validation->run()
#6 D:\laragon\www\bkk\system\CodeIgniter.php(914): App\Controllers\Home->act_step2()
#7 D:\laragon\www\bkk\system\CodeIgniter.php(400): CodeIgniter\CodeIgniter->runController(Object(App\Controllers\Home))
#8 D:\laragon\www\bkk\system\CodeIgniter.php(308): CodeIgniter\CodeIgniter->handleRequest(NULL, Object(Config\Cache), false)
#9 D:\laragon\www\bkk\public\index.php(45): CodeIgniter\CodeIgniter->run()
#10 {main}
CRITICAL - 2020-12-09 00:03:37 --> Uncaught CodeIgniter\Format\Exceptions\FormatException: Gagal menguraikan string json, kesalahan: "Type is not supported". in D:\laragon\www\bkk\system\Format\Exceptions\FormatException.php:9
Stack trace:
#0 D:\laragon\www\bkk\system\Format\JSONFormatter.php(67): CodeIgniter\Format\Exceptions\FormatException::forInvalidJSON('Type is not sup...')
#1 D:\laragon\www\bkk\system\API\ResponseTrait.php(414): CodeIgniter\Format\JSONFormatter->format(Array)
#2 D:\laragon\www\bkk\system\API\ResponseTrait.php(134): CodeIgniter\Debug\Exceptions->format(Array)
#3 D:\laragon\www\bkk\system\Debug\Exceptions.php(166): CodeIgniter\Debug\Exceptions->respond(Array, 500)
#4 [internal function]: CodeIgniter\Debug\Exceptions->exceptionHandler(Object(ErrorException))
#5 {main}
  thrown
#0 [internal function]: CodeIgniter\Debug\Exceptions->shutdownHandler()
#1 {main}
CRITICAL - 2020-12-09 00:03:38 --> finfo_file(): Empty filename or path
#0 [internal function]: CodeIgniter\Debug\Exceptions->errorHandler(2, 'finfo_file(): E...', 'D:\\laragon\\www\\...', 151, Array)
#1 D:\laragon\www\bkk\system\Files\File.php(151): finfo_file(Resource id #137, '')
#2 D:\laragon\www\bkk\system\Validation\FileRules.php(230): CodeIgniter\Files\File->getMimeType()
#3 D:\laragon\www\bkk\system\Validation\Validation.php(294): CodeIgniter\Validation\FileRules->mime_in(NULL, Array, Array, NULL)
#4 D:\laragon\www\bkk\system\Validation\Validation.php(189): CodeIgniter\Validation\Validation->processRules('image', 'Gambar', NULL, Array, Array)
#5 D:\laragon\www\bkk\app\Controllers\Home.php(150): CodeIgniter\Validation\Validation->run()
#6 D:\laragon\www\bkk\system\CodeIgniter.php(914): App\Controllers\Home->act_step2()
#7 D:\laragon\www\bkk\system\CodeIgniter.php(400): CodeIgniter\CodeIgniter->runController(Object(App\Controllers\Home))
#8 D:\laragon\www\bkk\system\CodeIgniter.php(308): CodeIgniter\CodeIgniter->handleRequest(NULL, Object(Config\Cache), false)
#9 D:\laragon\www\bkk\public\index.php(45): CodeIgniter\CodeIgniter->run()
#10 {main}
CRITICAL - 2020-12-09 00:03:38 --> Uncaught CodeIgniter\Format\Exceptions\FormatException: Gagal menguraikan string json, kesalahan: "Type is not supported". in D:\laragon\www\bkk\system\Format\Exceptions\FormatException.php:9
Stack trace:
#0 D:\laragon\www\bkk\system\Format\JSONFormatter.php(67): CodeIgniter\Format\Exceptions\FormatException::forInvalidJSON('Type is not sup...')
#1 D:\laragon\www\bkk\system\API\ResponseTrait.php(414): CodeIgniter\Format\JSONFormatter->format(Array)
#2 D:\laragon\www\bkk\system\API\ResponseTrait.php(134): CodeIgniter\Debug\Exceptions->format(Array)
#3 D:\laragon\www\bkk\system\Debug\Exceptions.php(166): CodeIgniter\Debug\Exceptions->respond(Array, 500)
#4 [internal function]: CodeIgniter\Debug\Exceptions->exceptionHandler(Object(ErrorException))
#5 {main}
  thrown
#0 [internal function]: CodeIgniter\Debug\Exceptions->shutdownHandler()
#1 {main}
CRITICAL - 2020-12-09 00:03:38 --> finfo_file(): Empty filename or path
#0 [internal function]: CodeIgniter\Debug\Exceptions->errorHandler(2, 'finfo_file(): E...', 'D:\\laragon\\www\\...', 151, Array)
#1 D:\laragon\www\bkk\system\Files\File.php(151): finfo_file(Resource id #137, '')
#2 D:\laragon\www\bkk\system\Validation\FileRules.php(230): CodeIgniter\Files\File->getMimeType()
#3 D:\laragon\www\bkk\system\Validation\Validation.php(294): CodeIgniter\Validation\FileRules->mime_in(NULL, Array, Array, NULL)
#4 D:\laragon\www\bkk\system\Validation\Validation.php(189): CodeIgniter\Validation\Validation->processRules('image', 'Gambar', NULL, Array, Array)
#5 D:\laragon\www\bkk\app\Controllers\Home.php(150): CodeIgniter\Validation\Validation->run()
#6 D:\laragon\www\bkk\system\CodeIgniter.php(914): App\Controllers\Home->act_step2()
#7 D:\laragon\www\bkk\system\CodeIgniter.php(400): CodeIgniter\CodeIgniter->runController(Object(App\Controllers\Home))
#8 D:\laragon\www\bkk\system\CodeIgniter.php(308): CodeIgniter\CodeIgniter->handleRequest(NULL, Object(Config\Cache), false)
#9 D:\laragon\www\bkk\public\index.php(45): CodeIgniter\CodeIgniter->run()
#10 {main}
CRITICAL - 2020-12-09 00:03:38 --> Uncaught CodeIgniter\Format\Exceptions\FormatException: Gagal menguraikan string json, kesalahan: "Type is not supported". in D:\laragon\www\bkk\system\Format\Exceptions\FormatException.php:9
Stack trace:
#0 D:\laragon\www\bkk\system\Format\JSONFormatter.php(67): CodeIgniter\Format\Exceptions\FormatException::forInvalidJSON('Type is not sup...')
#1 D:\laragon\www\bkk\system\API\ResponseTrait.php(414): CodeIgniter\Format\JSONFormatter->format(Array)
#2 D:\laragon\www\bkk\system\API\ResponseTrait.php(134): CodeIgniter\Debug\Exceptions->format(Array)
#3 D:\laragon\www\bkk\system\Debug\Exceptions.php(166): CodeIgniter\Debug\Exceptions->respond(Array, 500)
#4 [internal function]: CodeIgniter\Debug\Exceptions->exceptionHandler(Object(ErrorException))
#5 {main}
  thrown
#0 [internal function]: CodeIgniter\Debug\Exceptions->shutdownHandler()
#1 {main}
CRITICAL - 2020-12-09 00:03:38 --> finfo_file(): Empty filename or path
#0 [internal function]: CodeIgniter\Debug\Exceptions->errorHandler(2, 'finfo_file(): E...', 'D:\\laragon\\www\\...', 151, Array)
#1 D:\laragon\www\bkk\system\Files\File.php(151): finfo_file(Resource id #137, '')
#2 D:\laragon\www\bkk\system\Validation\FileRules.php(230): CodeIgniter\Files\File->getMimeType()
#3 D:\laragon\www\bkk\system\Validation\Validation.php(294): CodeIgniter\Validation\FileRules->mime_in(NULL, Array, Array, NULL)
#4 D:\laragon\www\bkk\system\Validation\Validation.php(189): CodeIgniter\Validation\Validation->processRules('image', 'Gambar', NULL, Array, Array)
#5 D:\laragon\www\bkk\app\Controllers\Home.php(150): CodeIgniter\Validation\Validation->run()
#6 D:\laragon\www\bkk\system\CodeIgniter.php(914): App\Controllers\Home->act_step2()
#7 D:\laragon\www\bkk\system\CodeIgniter.php(400): CodeIgniter\CodeIgniter->runController(Object(App\Controllers\Home))
#8 D:\laragon\www\bkk\system\CodeIgniter.php(308): CodeIgniter\CodeIgniter->handleRequest(NULL, Object(Config\Cache), false)
#9 D:\laragon\www\bkk\public\index.php(45): CodeIgniter\CodeIgniter->run()
#10 {main}
CRITICAL - 2020-12-09 00:03:38 --> Uncaught CodeIgniter\Format\Exceptions\FormatException: Gagal menguraikan string json, kesalahan: "Type is not supported". in D:\laragon\www\bkk\system\Format\Exceptions\FormatException.php:9
Stack trace:
#0 D:\laragon\www\bkk\system\Format\JSONFormatter.php(67): CodeIgniter\Format\Exceptions\FormatException::forInvalidJSON('Type is not sup...')
#1 D:\laragon\www\bkk\system\API\ResponseTrait.php(414): CodeIgniter\Format\JSONFormatter->format(Array)
#2 D:\laragon\www\bkk\system\API\ResponseTrait.php(134): CodeIgniter\Debug\Exceptions->format(Array)
#3 D:\laragon\www\bkk\system\Debug\Exceptions.php(166): CodeIgniter\Debug\Exceptions->respond(Array, 500)
#4 [internal function]: CodeIgniter\Debug\Exceptions->exceptionHandler(Object(ErrorException))
#5 {main}
  thrown
#0 [internal function]: CodeIgniter\Debug\Exceptions->shutdownHandler()
#1 {main}
CRITICAL - 2020-12-09 00:05:21 --> finfo_file(): Empty filename or path
#0 [internal function]: CodeIgniter\Debug\Exceptions->errorHandler(2, 'finfo_file(): E...', 'D:\\laragon\\www\\...', 151, Array)
#1 D:\laragon\www\bkk\system\Files\File.php(151): finfo_file(Resource id #137, '')
#2 D:\laragon\www\bkk\system\Validation\FileRules.php(230): CodeIgniter\Files\File->getMimeType()
#3 D:\laragon\www\bkk\system\Validation\Validation.php(294): CodeIgniter\Validation\FileRules->mime_in(NULL, Array, Array, NULL)
#4 D:\laragon\www\bkk\system\Validation\Validation.php(189): CodeIgniter\Validation\Validation->processRules('image', 'Gambar', NULL, Array, Array)
#5 D:\laragon\www\bkk\app\Controllers\Home.php(150): CodeIgniter\Validation\Validation->run()
#6 D:\laragon\www\bkk\system\CodeIgniter.php(914): App\Controllers\Home->act_step2()
#7 D:\laragon\www\bkk\system\CodeIgniter.php(400): CodeIgniter\CodeIgniter->runController(Object(App\Controllers\Home))
#8 D:\laragon\www\bkk\system\CodeIgniter.php(308): CodeIgniter\CodeIgniter->handleRequest(NULL, Object(Config\Cache), false)
#9 D:\laragon\www\bkk\public\index.php(45): CodeIgniter\CodeIgniter->run()
#10 {main}
CRITICAL - 2020-12-09 00:05:21 --> Uncaught CodeIgniter\Format\Exceptions\FormatException: Gagal menguraikan string json, kesalahan: "Type is not supported". in D:\laragon\www\bkk\system\Format\Exceptions\FormatException.php:9
Stack trace:
#0 D:\laragon\www\bkk\system\Format\JSONFormatter.php(67): CodeIgniter\Format\Exceptions\FormatException::forInvalidJSON('Type is not sup...')
#1 D:\laragon\www\bkk\system\API\ResponseTrait.php(414): CodeIgniter\Format\JSONFormatter->format(Array)
#2 D:\laragon\www\bkk\system\API\ResponseTrait.php(134): CodeIgniter\Debug\Exceptions->format(Array)
#3 D:\laragon\www\bkk\system\Debug\Exceptions.php(166): CodeIgniter\Debug\Exceptions->respond(Array, 500)
#4 [internal function]: CodeIgniter\Debug\Exceptions->exceptionHandler(Object(ErrorException))
#5 {main}
  thrown
#0 [internal function]: CodeIgniter\Debug\Exceptions->shutdownHandler()
#1 {main}
CRITICAL - 2020-12-09 00:07:54 --> finfo_file(): Empty filename or path
#0 [internal function]: CodeIgniter\Debug\Exceptions->errorHandler(2, 'finfo_file(): E...', 'D:\\laragon\\www\\...', 151, Array)
#1 D:\laragon\www\bkk\system\Files\File.php(151): finfo_file(Resource id #137, '')
#2 D:\laragon\www\bkk\system\Validation\FileRules.php(230): CodeIgniter\Files\File->getMimeType()
#3 D:\laragon\www\bkk\system\Validation\Validation.php(294): CodeIgniter\Validation\FileRules->mime_in(NULL, Array, Array, NULL)
#4 D:\laragon\www\bkk\system\Validation\Validation.php(189): CodeIgniter\Validation\Validation->processRules('image', 'Gambar', NULL, Array, Array)
#5 D:\laragon\www\bkk\app\Controllers\Home.php(150): CodeIgniter\Validation\Validation->run()
#6 D:\laragon\www\bkk\system\CodeIgniter.php(914): App\Controllers\Home->act_step2()
#7 D:\laragon\www\bkk\system\CodeIgniter.php(400): CodeIgniter\CodeIgniter->runController(Object(App\Controllers\Home))
#8 D:\laragon\www\bkk\system\CodeIgniter.php(308): CodeIgniter\CodeIgniter->handleRequest(NULL, Object(Config\Cache), false)
#9 D:\laragon\www\bkk\public\index.php(45): CodeIgniter\CodeIgniter->run()
#10 {main}
CRITICAL - 2020-12-09 00:07:54 --> Uncaught CodeIgniter\Format\Exceptions\FormatException: Gagal menguraikan string json, kesalahan: "Type is not supported". in D:\laragon\www\bkk\system\Format\Exceptions\FormatException.php:9
Stack trace:
#0 D:\laragon\www\bkk\system\Format\JSONFormatter.php(67): CodeIgniter\Format\Exceptions\FormatException::forInvalidJSON('Type is not sup...')
#1 D:\laragon\www\bkk\system\API\ResponseTrait.php(414): CodeIgniter\Format\JSONFormatter->format(Array)
#2 D:\laragon\www\bkk\system\API\ResponseTrait.php(134): CodeIgniter\Debug\Exceptions->format(Array)
#3 D:\laragon\www\bkk\system\Debug\Exceptions.php(166): CodeIgniter\Debug\Exceptions->respond(Array, 500)
#4 [internal function]: CodeIgniter\Debug\Exceptions->exceptionHandler(Object(ErrorException))
#5 {main}
  thrown
#0 [internal function]: CodeIgniter\Debug\Exceptions->shutdownHandler()
#1 {main}
CRITICAL - 2020-12-09 00:07:55 --> finfo_file(): Empty filename or path
#0 [internal function]: CodeIgniter\Debug\Exceptions->errorHandler(2, 'finfo_file(): E...', 'D:\\laragon\\www\\...', 151, Array)
#1 D:\laragon\www\bkk\system\Files\File.php(151): finfo_file(Resource id #137, '')
#2 D:\laragon\www\bkk\system\Validation\FileRules.php(230): CodeIgniter\Files\File->getMimeType()
#3 D:\laragon\www\bkk\system\Validation\Validation.php(294): CodeIgniter\Validation\FileRules->mime_in(NULL, Array, Array, NULL)
#4 D:\laragon\www\bkk\system\Validation\Validation.php(189): CodeIgniter\Validation\Validation->processRules('image', 'Gambar', NULL, Array, Array)
#5 D:\laragon\www\bkk\app\Controllers\Home.php(150): CodeIgniter\Validation\Validation->run()
#6 D:\laragon\www\bkk\system\CodeIgniter.php(914): App\Controllers\Home->act_step2()
#7 D:\laragon\www\bkk\system\CodeIgniter.php(400): CodeIgniter\CodeIgniter->runController(Object(App\Controllers\Home))
#8 D:\laragon\www\bkk\system\CodeIgniter.php(308): CodeIgniter\CodeIgniter->handleRequest(NULL, Object(Config\Cache), false)
#9 D:\laragon\www\bkk\public\index.php(45): CodeIgniter\CodeIgniter->run()
#10 {main}
CRITICAL - 2020-12-09 00:07:55 --> Uncaught CodeIgniter\Format\Exceptions\FormatException: Gagal menguraikan string json, kesalahan: "Type is not supported". in D:\laragon\www\bkk\system\Format\Exceptions\FormatException.php:9
Stack trace:
#0 D:\laragon\www\bkk\system\Format\JSONFormatter.php(67): CodeIgniter\Format\Exceptions\FormatException::forInvalidJSON('Type is not sup...')
#1 D:\laragon\www\bkk\system\API\ResponseTrait.php(414): CodeIgniter\Format\JSONFormatter->format(Array)
#2 D:\laragon\www\bkk\system\API\ResponseTrait.php(134): CodeIgniter\Debug\Exceptions->format(Array)
#3 D:\laragon\www\bkk\system\Debug\Exceptions.php(166): CodeIgniter\Debug\Exceptions->respond(Array, 500)
#4 [internal function]: CodeIgniter\Debug\Exceptions->exceptionHandler(Object(ErrorException))
#5 {main}
  thrown
#0 [internal function]: CodeIgniter\Debug\Exceptions->shutdownHandler()
#1 {main}
CRITICAL - 2020-12-09 00:07:55 --> finfo_file(): Empty filename or path
#0 [internal function]: CodeIgniter\Debug\Exceptions->errorHandler(2, 'finfo_file(): E...', 'D:\\laragon\\www\\...', 151, Array)
#1 D:\laragon\www\bkk\system\Files\File.php(151): finfo_file(Resource id #137, '')
#2 D:\laragon\www\bkk\system\Validation\FileRules.php(230): CodeIgniter\Files\File->getMimeType()
#3 D:\laragon\www\bkk\system\Validation\Validation.php(294): CodeIgniter\Validation\FileRules->mime_in(NULL, Array, Array, NULL)
#4 D:\laragon\www\bkk\system\Validation\Validation.php(189): CodeIgniter\Validation\Validation->processRules('image', 'Gambar', NULL, Array, Array)
#5 D:\laragon\www\bkk\app\Controllers\Home.php(150): CodeIgniter\Validation\Validation->run()
#6 D:\laragon\www\bkk\system\CodeIgniter.php(914): App\Controllers\Home->act_step2()
#7 D:\laragon\www\bkk\system\CodeIgniter.php(400): CodeIgniter\CodeIgniter->runController(Object(App\Controllers\Home))
#8 D:\laragon\www\bkk\system\CodeIgniter.php(308): CodeIgniter\CodeIgniter->handleRequest(NULL, Object(Config\Cache), false)
#9 D:\laragon\www\bkk\public\index.php(45): CodeIgniter\CodeIgniter->run()
#10 {main}
CRITICAL - 2020-12-09 00:07:55 --> Uncaught CodeIgniter\Format\Exceptions\FormatException: Gagal menguraikan string json, kesalahan: "Type is not supported". in D:\laragon\www\bkk\system\Format\Exceptions\FormatException.php:9
Stack trace:
#0 D:\laragon\www\bkk\system\Format\JSONFormatter.php(67): CodeIgniter\Format\Exceptions\FormatException::forInvalidJSON('Type is not sup...')
#1 D:\laragon\www\bkk\system\API\ResponseTrait.php(414): CodeIgniter\Format\JSONFormatter->format(Array)
#2 D:\laragon\www\bkk\system\API\ResponseTrait.php(134): CodeIgniter\Debug\Exceptions->format(Array)
#3 D:\laragon\www\bkk\system\Debug\Exceptions.php(166): CodeIgniter\Debug\Exceptions->respond(Array, 500)
#4 [internal function]: CodeIgniter\Debug\Exceptions->exceptionHandler(Object(ErrorException))
#5 {main}
  thrown
#0 [internal function]: CodeIgniter\Debug\Exceptions->shutdownHandler()
#1 {main}
CRITICAL - 2020-12-09 00:07:55 --> finfo_file(): Empty filename or path
#0 [internal function]: CodeIgniter\Debug\Exceptions->errorHandler(2, 'finfo_file(): E...', 'D:\\laragon\\www\\...', 151, Array)
#1 D:\laragon\www\bkk\system\Files\File.php(151): finfo_file(Resource id #137, '')
#2 D:\laragon\www\bkk\system\Validation\FileRules.php(230): CodeIgniter\Files\File->getMimeType()
#3 D:\laragon\www\bkk\system\Validation\Validation.php(294): CodeIgniter\Validation\FileRules->mime_in(NULL, Array, Array, NULL)
#4 D:\laragon\www\bkk\system\Validation\Validation.php(189): CodeIgniter\Validation\Validation->processRules('image', 'Gambar', NULL, Array, Array)
#5 D:\laragon\www\bkk\app\Controllers\Home.php(150): CodeIgniter\Validation\Validation->run()
#6 D:\laragon\www\bkk\system\CodeIgniter.php(914): App\Controllers\Home->act_step2()
#7 D:\laragon\www\bkk\system\CodeIgniter.php(400): CodeIgniter\CodeIgniter->runController(Object(App\Controllers\Home))
#8 D:\laragon\www\bkk\system\CodeIgniter.php(308): CodeIgniter\CodeIgniter->handleRequest(NULL, Object(Config\Cache), false)
#9 D:\laragon\www\bkk\public\index.php(45): CodeIgniter\CodeIgniter->run()
#10 {main}
CRITICAL - 2020-12-09 00:07:55 --> Uncaught CodeIgniter\Format\Exceptions\FormatException: Gagal menguraikan string json, kesalahan: "Type is not supported". in D:\laragon\www\bkk\system\Format\Exceptions\FormatException.php:9
Stack trace:
#0 D:\laragon\www\bkk\system\Format\JSONFormatter.php(67): CodeIgniter\Format\Exceptions\FormatException::forInvalidJSON('Type is not sup...')
#1 D:\laragon\www\bkk\system\API\ResponseTrait.php(414): CodeIgniter\Format\JSONFormatter->format(Array)
#2 D:\laragon\www\bkk\system\API\ResponseTrait.php(134): CodeIgniter\Debug\Exceptions->format(Array)
#3 D:\laragon\www\bkk\system\Debug\Exceptions.php(166): CodeIgniter\Debug\Exceptions->respond(Array, 500)
#4 [internal function]: CodeIgniter\Debug\Exceptions->exceptionHandler(Object(ErrorException))
#5 {main}
  thrown
#0 [internal function]: CodeIgniter\Debug\Exceptions->shutdownHandler()
#1 {main}
CRITICAL - 2020-12-09 00:07:55 --> finfo_file(): Empty filename or path
#0 [internal function]: CodeIgniter\Debug\Exceptions->errorHandler(2, 'finfo_file(): E...', 'D:\\laragon\\www\\...', 151, Array)
#1 D:\laragon\www\bkk\system\Files\File.php(151): finfo_file(Resource id #137, '')
#2 D:\laragon\www\bkk\system\Validation\FileRules.php(230): CodeIgniter\Files\File->getMimeType()
#3 D:\laragon\www\bkk\system\Validation\Validation.php(294): CodeIgniter\Validation\FileRules->mime_in(NULL, Array, Array, NULL)
#4 D:\laragon\www\bkk\system\Validation\Validation.php(189): CodeIgniter\Validation\Validation->processRules('image', 'Gambar', NULL, Array, Array)
#5 D:\laragon\www\bkk\app\Controllers\Home.php(150): CodeIgniter\Validation\Validation->run()
#6 D:\laragon\www\bkk\system\CodeIgniter.php(914): App\Controllers\Home->act_step2()
#7 D:\laragon\www\bkk\system\CodeIgniter.php(400): CodeIgniter\CodeIgniter->runController(Object(App\Controllers\Home))
#8 D:\laragon\www\bkk\system\CodeIgniter.php(308): CodeIgniter\CodeIgniter->handleRequest(NULL, Object(Config\Cache), false)
#9 D:\laragon\www\bkk\public\index.php(45): CodeIgniter\CodeIgniter->run()
#10 {main}
CRITICAL - 2020-12-09 00:07:55 --> Uncaught CodeIgniter\Format\Exceptions\FormatException: Gagal menguraikan string json, kesalahan: "Type is not supported". in D:\laragon\www\bkk\system\Format\Exceptions\FormatException.php:9
Stack trace:
#0 D:\laragon\www\bkk\system\Format\JSONFormatter.php(67): CodeIgniter\Format\Exceptions\FormatException::forInvalidJSON('Type is not sup...')
#1 D:\laragon\www\bkk\system\API\ResponseTrait.php(414): CodeIgniter\Format\JSONFormatter->format(Array)
#2 D:\laragon\www\bkk\system\API\ResponseTrait.php(134): CodeIgniter\Debug\Exceptions->format(Array)
#3 D:\laragon\www\bkk\system\Debug\Exceptions.php(166): CodeIgniter\Debug\Exceptions->respond(Array, 500)
#4 [internal function]: CodeIgniter\Debug\Exceptions->exceptionHandler(Object(ErrorException))
#5 {main}
  thrown
#0 [internal function]: CodeIgniter\Debug\Exceptions->shutdownHandler()
#1 {main}
CRITICAL - 2020-12-09 00:07:55 --> finfo_file(): Empty filename or path
#0 [internal function]: CodeIgniter\Debug\Exceptions->errorHandler(2, 'finfo_file(): E...', 'D:\\laragon\\www\\...', 151, Array)
#1 D:\laragon\www\bkk\system\Files\File.php(151): finfo_file(Resource id #137, '')
#2 D:\laragon\www\bkk\system\Validation\FileRules.php(230): CodeIgniter\Files\File->getMimeType()
#3 D:\laragon\www\bkk\system\Validation\Validation.php(294): CodeIgniter\Validation\FileRules->mime_in(NULL, Array, Array, NULL)
#4 D:\laragon\www\bkk\system\Validation\Validation.php(189): CodeIgniter\Validation\Validation->processRules('image', 'Gambar', NULL, Array, Array)
#5 D:\laragon\www\bkk\app\Controllers\Home.php(150): CodeIgniter\Validation\Validation->run()
#6 D:\laragon\www\bkk\system\CodeIgniter.php(914): App\Controllers\Home->act_step2()
#7 D:\laragon\www\bkk\system\CodeIgniter.php(400): CodeIgniter\CodeIgniter->runController(Object(App\Controllers\Home))
#8 D:\laragon\www\bkk\system\CodeIgniter.php(308): CodeIgniter\CodeIgniter->handleRequest(NULL, Object(Config\Cache), false)
#9 D:\laragon\www\bkk\public\index.php(45): CodeIgniter\CodeIgniter->run()
#10 {main}
CRITICAL - 2020-12-09 00:07:55 --> Uncaught CodeIgniter\Format\Exceptions\FormatException: Gagal menguraikan string json, kesalahan: "Type is not supported". in D:\laragon\www\bkk\system\Format\Exceptions\FormatException.php:9
Stack trace:
#0 D:\laragon\www\bkk\system\Format\JSONFormatter.php(67): CodeIgniter\Format\Exceptions\FormatException::forInvalidJSON('Type is not sup...')
#1 D:\laragon\www\bkk\system\API\ResponseTrait.php(414): CodeIgniter\Format\JSONFormatter->format(Array)
#2 D:\laragon\www\bkk\system\API\ResponseTrait.php(134): CodeIgniter\Debug\Exceptions->format(Array)
#3 D:\laragon\www\bkk\system\Debug\Exceptions.php(166): CodeIgniter\Debug\Exceptions->respond(Array, 500)
#4 [internal function]: CodeIgniter\Debug\Exceptions->exceptionHandler(Object(ErrorException))
#5 {main}
  thrown
#0 [internal function]: CodeIgniter\Debug\Exceptions->shutdownHandler()
#1 {main}
CRITICAL - 2020-12-09 00:08:30 --> finfo_file(): Empty filename or path
#0 [internal function]: CodeIgniter\Debug\Exceptions->errorHandler(2, 'finfo_file(): E...', 'D:\\laragon\\www\\...', 151, Array)
#1 D:\laragon\www\bkk\system\Files\File.php(151): finfo_file(Resource id #137, '')
#2 D:\laragon\www\bkk\system\Validation\FileRules.php(230): CodeIgniter\Files\File->getMimeType()
#3 D:\laragon\www\bkk\system\Validation\Validation.php(294): CodeIgniter\Validation\FileRules->mime_in(NULL, Array, Array, NULL)
#4 D:\laragon\www\bkk\system\Validation\Validation.php(189): CodeIgniter\Validation\Validation->processRules('image', 'Gambar', NULL, Array, Array)
#5 D:\laragon\www\bkk\app\Controllers\Home.php(150): CodeIgniter\Validation\Validation->run()
#6 D:\laragon\www\bkk\system\CodeIgniter.php(914): App\Controllers\Home->act_step2()
#7 D:\laragon\www\bkk\system\CodeIgniter.php(400): CodeIgniter\CodeIgniter->runController(Object(App\Controllers\Home))
#8 D:\laragon\www\bkk\system\CodeIgniter.php(308): CodeIgniter\CodeIgniter->handleRequest(NULL, Object(Config\Cache), false)
#9 D:\laragon\www\bkk\public\index.php(45): CodeIgniter\CodeIgniter->run()
#10 {main}
CRITICAL - 2020-12-09 00:08:31 --> Uncaught CodeIgniter\Format\Exceptions\FormatException: Gagal menguraikan string json, kesalahan: "Type is not supported". in D:\laragon\www\bkk\system\Format\Exceptions\FormatException.php:9
Stack trace:
#0 D:\laragon\www\bkk\system\Format\JSONFormatter.php(67): CodeIgniter\Format\Exceptions\FormatException::forInvalidJSON('Type is not sup...')
#1 D:\laragon\www\bkk\system\API\ResponseTrait.php(414): CodeIgniter\Format\JSONFormatter->format(Array)
#2 D:\laragon\www\bkk\system\API\ResponseTrait.php(134): CodeIgniter\Debug\Exceptions->format(Array)
#3 D:\laragon\www\bkk\system\Debug\Exceptions.php(166): CodeIgniter\Debug\Exceptions->respond(Array, 500)
#4 [internal function]: CodeIgniter\Debug\Exceptions->exceptionHandler(Object(ErrorException))
#5 {main}
  thrown
#0 [internal function]: CodeIgniter\Debug\Exceptions->shutdownHandler()
#1 {main}
CRITICAL - 2020-12-09 00:08:32 --> finfo_file(): Empty filename or path
#0 [internal function]: CodeIgniter\Debug\Exceptions->errorHandler(2, 'finfo_file(): E...', 'D:\\laragon\\www\\...', 151, Array)
#1 D:\laragon\www\bkk\system\Files\File.php(151): finfo_file(Resource id #137, '')
#2 D:\laragon\www\bkk\system\Validation\FileRules.php(230): CodeIgniter\Files\File->getMimeType()
#3 D:\laragon\www\bkk\system\Validation\Validation.php(294): CodeIgniter\Validation\FileRules->mime_in(NULL, Array, Array, NULL)
#4 D:\laragon\www\bkk\system\Validation\Validation.php(189): CodeIgniter\Validation\Validation->processRules('image', 'Gambar', NULL, Array, Array)
#5 D:\laragon\www\bkk\app\Controllers\Home.php(150): CodeIgniter\Validation\Validation->run()
#6 D:\laragon\www\bkk\system\CodeIgniter.php(914): App\Controllers\Home->act_step2()
#7 D:\laragon\www\bkk\system\CodeIgniter.php(400): CodeIgniter\CodeIgniter->runController(Object(App\Controllers\Home))
#8 D:\laragon\www\bkk\system\CodeIgniter.php(308): CodeIgniter\CodeIgniter->handleRequest(NULL, Object(Config\Cache), false)
#9 D:\laragon\www\bkk\public\index.php(45): CodeIgniter\CodeIgniter->run()
#10 {main}
CRITICAL - 2020-12-09 00:08:32 --> Uncaught CodeIgniter\Format\Exceptions\FormatException: Gagal menguraikan string json, kesalahan: "Type is not supported". in D:\laragon\www\bkk\system\Format\Exceptions\FormatException.php:9
Stack trace:
#0 D:\laragon\www\bkk\system\Format\JSONFormatter.php(67): CodeIgniter\Format\Exceptions\FormatException::forInvalidJSON('Type is not sup...')
#1 D:\laragon\www\bkk\system\API\ResponseTrait.php(414): CodeIgniter\Format\JSONFormatter->format(Array)
#2 D:\laragon\www\bkk\system\API\ResponseTrait.php(134): CodeIgniter\Debug\Exceptions->format(Array)
#3 D:\laragon\www\bkk\system\Debug\Exceptions.php(166): CodeIgniter\Debug\Exceptions->respond(Array, 500)
#4 [internal function]: CodeIgniter\Debug\Exceptions->exceptionHandler(Object(ErrorException))
#5 {main}
  thrown
#0 [internal function]: CodeIgniter\Debug\Exceptions->shutdownHandler()
#1 {main}
CRITICAL - 2020-12-09 00:17:51 --> finfo_file(): Empty filename or path
#0 [internal function]: CodeIgniter\Debug\Exceptions->errorHandler(2, 'finfo_file(): E...', 'D:\\laragon\\www\\...', 151, Array)
#1 D:\laragon\www\bkk\system\Files\File.php(151): finfo_file(Resource id #147, '')
#2 D:\laragon\www\bkk\system\Validation\FileRules.php(230): CodeIgniter\Files\File->getMimeType()
#3 D:\laragon\www\bkk\system\Validation\Validation.php(294): CodeIgniter\Validation\FileRules->mime_in(NULL, Array, Array, NULL)
#4 D:\laragon\www\bkk\system\Validation\Validation.php(189): CodeIgniter\Validation\Validation->processRules('image', 'Gambar', NULL, Array, Array)
#5 D:\laragon\www\bkk\app\Controllers\Home.php(150): CodeIgniter\Validation\Validation->run()
#6 D:\laragon\www\bkk\system\CodeIgniter.php(914): App\Controllers\Home->act_step2()
#7 D:\laragon\www\bkk\system\CodeIgniter.php(400): CodeIgniter\CodeIgniter->runController(Object(App\Controllers\Home))
#8 D:\laragon\www\bkk\system\CodeIgniter.php(308): CodeIgniter\CodeIgniter->handleRequest(NULL, Object(Config\Cache), false)
#9 D:\laragon\www\bkk\public\index.php(45): CodeIgniter\CodeIgniter->run()
#10 {main}
CRITICAL - 2020-12-09 00:17:51 --> Uncaught CodeIgniter\Format\Exceptions\FormatException: Gagal menguraikan string json, kesalahan: "Type is not supported". in D:\laragon\www\bkk\system\Format\Exceptions\FormatException.php:9
Stack trace:
#0 D:\laragon\www\bkk\system\Format\JSONFormatter.php(67): CodeIgniter\Format\Exceptions\FormatException::forInvalidJSON('Type is not sup...')
#1 D:\laragon\www\bkk\system\API\ResponseTrait.php(414): CodeIgniter\Format\JSONFormatter->format(Array)
#2 D:\laragon\www\bkk\system\API\ResponseTrait.php(134): CodeIgniter\Debug\Exceptions->format(Array)
#3 D:\laragon\www\bkk\system\Debug\Exceptions.php(166): CodeIgniter\Debug\Exceptions->respond(Array, 500)
#4 [internal function]: CodeIgniter\Debug\Exceptions->exceptionHandler(Object(ErrorException))
#5 {main}
  thrown
#0 [internal function]: CodeIgniter\Debug\Exceptions->shutdownHandler()
#1 {main}
CRITICAL - 2020-12-09 00:19:18 --> finfo_file(): Empty filename or path
#0 [internal function]: CodeIgniter\Debug\Exceptions->errorHandler(2, 'finfo_file(): E...', 'D:\\laragon\\www\\...', 151, Array)
#1 D:\laragon\www\bkk\system\Files\File.php(151): finfo_file(Resource id #147, '')
#2 D:\laragon\www\bkk\system\Validation\FileRules.php(230): CodeIgniter\Files\File->getMimeType()
#3 D:\laragon\www\bkk\system\Validation\Validation.php(294): CodeIgniter\Validation\FileRules->mime_in(NULL, Array, Array, NULL)
#4 D:\laragon\www\bkk\system\Validation\Validation.php(189): CodeIgniter\Validation\Validation->processRules('image', 'Gambar', NULL, Array, Array)
#5 D:\laragon\www\bkk\app\Controllers\Home.php(150): CodeIgniter\Validation\Validation->run()
#6 D:\laragon\www\bkk\system\CodeIgniter.php(914): App\Controllers\Home->act_step2()
#7 D:\laragon\www\bkk\system\CodeIgniter.php(400): CodeIgniter\CodeIgniter->runController(Object(App\Controllers\Home))
#8 D:\laragon\www\bkk\system\CodeIgniter.php(308): CodeIgniter\CodeIgniter->handleRequest(NULL, Object(Config\Cache), false)
#9 D:\laragon\www\bkk\public\index.php(45): CodeIgniter\CodeIgniter->run()
#10 {main}
CRITICAL - 2020-12-09 00:19:18 --> Uncaught CodeIgniter\Format\Exceptions\FormatException: Gagal menguraikan string json, kesalahan: "Type is not supported". in D:\laragon\www\bkk\system\Format\Exceptions\FormatException.php:9
Stack trace:
#0 D:\laragon\www\bkk\system\Format\JSONFormatter.php(67): CodeIgniter\Format\Exceptions\FormatException::forInvalidJSON('Type is not sup...')
#1 D:\laragon\www\bkk\system\API\ResponseTrait.php(414): CodeIgniter\Format\JSONFormatter->format(Array)
#2 D:\laragon\www\bkk\system\API\ResponseTrait.php(134): CodeIgniter\Debug\Exceptions->format(Array)
#3 D:\laragon\www\bkk\system\Debug\Exceptions.php(166): CodeIgniter\Debug\Exceptions->respond(Array, 500)
#4 [internal function]: CodeIgniter\Debug\Exceptions->exceptionHandler(Object(ErrorException))
#5 {main}
  thrown
#0 [internal function]: CodeIgniter\Debug\Exceptions->shutdownHandler()
#1 {main}
CRITICAL - 2020-12-09 12:37:30 --> finfo_file(): Empty filename or path
#0 [internal function]: CodeIgniter\Debug\Exceptions->errorHandler(2, 'finfo_file(): E...', 'D:\\laragon\\www\\...', 151, Array)
#1 D:\laragon\www\bkk\system\Files\File.php(151): finfo_file(Resource id #147, '')
#2 D:\laragon\www\bkk\system\Validation\FileRules.php(230): CodeIgniter\Files\File->getMimeType()
#3 D:\laragon\www\bkk\system\Validation\Validation.php(294): CodeIgniter\Validation\FileRules->mime_in(NULL, Array, Array, NULL)
#4 D:\laragon\www\bkk\system\Validation\Validation.php(189): CodeIgniter\Validation\Validation->processRules('image', 'Gambar', NULL, Array, Array)
#5 D:\laragon\www\bkk\app\Controllers\Home.php(150): CodeIgniter\Validation\Validation->run()
#6 D:\laragon\www\bkk\system\CodeIgniter.php(914): App\Controllers\Home->act_step2()
#7 D:\laragon\www\bkk\system\CodeIgniter.php(400): CodeIgniter\CodeIgniter->runController(Object(App\Controllers\Home))
#8 D:\laragon\www\bkk\system\CodeIgniter.php(308): CodeIgniter\CodeIgniter->handleRequest(NULL, Object(Config\Cache), false)
#9 D:\laragon\www\bkk\public\index.php(45): CodeIgniter\CodeIgniter->run()
#10 {main}
CRITICAL - 2020-12-09 12:37:30 --> Uncaught CodeIgniter\Format\Exceptions\FormatException: Gagal menguraikan string json, kesalahan: "Type is not supported". in D:\laragon\www\bkk\system\Format\Exceptions\FormatException.php:9
Stack trace:
#0 D:\laragon\www\bkk\system\Format\JSONFormatter.php(67): CodeIgniter\Format\Exceptions\FormatException::forInvalidJSON('Type is not sup...')
#1 D:\laragon\www\bkk\system\API\ResponseTrait.php(414): CodeIgniter\Format\JSONFormatter->format(Array)
#2 D:\laragon\www\bkk\system\API\ResponseTrait.php(134): CodeIgniter\Debug\Exceptions->format(Array)
#3 D:\laragon\www\bkk\system\Debug\Exceptions.php(166): CodeIgniter\Debug\Exceptions->respond(Array, 500)
#4 [internal function]: CodeIgniter\Debug\Exceptions->exceptionHandler(Object(ErrorException))
#5 {main}
  thrown
#0 [internal function]: CodeIgniter\Debug\Exceptions->shutdownHandler()
#1 {main}
CRITICAL - 2020-12-09 13:06:21 --> Unknown column 'an_l' in 'where clause'
#0 D:\laragon\www\bkk\system\Database\MySQLi\Connection.php(331): mysqli->query('SELECT *\nFROM `...')
#1 D:\laragon\www\bkk\system\Database\BaseConnection.php(738): CodeIgniter\Database\MySQLi\Connection->execute('SELECT *\nFROM `...')
#2 D:\laragon\www\bkk\system\Database\BaseConnection.php(666): CodeIgniter\Database\BaseConnection->simpleQuery('SELECT *\nFROM `...')
#3 D:\laragon\www\bkk\system\Database\BaseBuilder.php(2004): CodeIgniter\Database\BaseConnection->query('SELECT *\nFROM `...', Array, false)
#4 D:\laragon\www\bkk\app\Models\Mdata.php(78): CodeIgniter\Database\BaseBuilder->getWhere(Array)
#5 D:\laragon\www\bkk\app\Controllers\Home.php(125): App\Models\Mdata->cc(Array, 'tb_al')
#6 D:\laragon\www\bkk\system\CodeIgniter.php(914): App\Controllers\Home->act_step1()
#7 D:\laragon\www\bkk\system\CodeIgniter.php(400): CodeIgniter\CodeIgniter->runController(Object(App\Controllers\Home))
#8 D:\laragon\www\bkk\system\CodeIgniter.php(308): CodeIgniter\CodeIgniter->handleRequest(NULL, Object(Config\Cache), false)
#9 D:\laragon\www\bkk\public\index.php(45): CodeIgniter\CodeIgniter->run()
#10 D:\laragon\www\bkk\system\Commands\Server\rewrite.php(34): require_once('D:\\laragon\\www\\...')
#11 {main}
CRITICAL - 2020-12-09 13:06:23 --> Unknown column 'an_l' in 'where clause'
#0 D:\laragon\www\bkk\system\Database\MySQLi\Connection.php(331): mysqli->query('SELECT *\nFROM `...')
#1 D:\laragon\www\bkk\system\Database\BaseConnection.php(738): CodeIgniter\Database\MySQLi\Connection->execute('SELECT *\nFROM `...')
#2 D:\laragon\www\bkk\system\Database\BaseConnection.php(666): CodeIgniter\Database\BaseConnection->simpleQuery('SELECT *\nFROM `...')
#3 D:\laragon\www\bkk\system\Database\BaseBuilder.php(2004): CodeIgniter\Database\BaseConnection->query('SELECT *\nFROM `...', Array, false)
#4 D:\laragon\www\bkk\app\Models\Mdata.php(78): CodeIgniter\Database\BaseBuilder->getWhere(Array)
#5 D:\laragon\www\bkk\app\Controllers\Home.php(125): App\Models\Mdata->cc(Array, 'tb_al')
#6 D:\laragon\www\bkk\system\CodeIgniter.php(914): App\Controllers\Home->act_step1()
#7 D:\laragon\www\bkk\system\CodeIgniter.php(400): CodeIgniter\CodeIgniter->runController(Object(App\Controllers\Home))
#8 D:\laragon\www\bkk\system\CodeIgniter.php(308): CodeIgniter\CodeIgniter->handleRequest(NULL, Object(Config\Cache), false)
#9 D:\laragon\www\bkk\public\index.php(45): CodeIgniter\CodeIgniter->run()
#10 D:\laragon\www\bkk\system\Commands\Server\rewrite.php(34): require_once('D:\\laragon\\www\\...')
#11 {main}
CRITICAL - 2020-12-09 13:06:28 --> Unknown column 'an_l' in 'where clause'
#0 D:\laragon\www\bkk\system\Database\MySQLi\Connection.php(331): mysqli->query('SELECT *\nFROM `...')
#1 D:\laragon\www\bkk\system\Database\BaseConnection.php(738): CodeIgniter\Database\MySQLi\Connection->execute('SELECT *\nFROM `...')
#2 D:\laragon\www\bkk\system\Database\BaseConnection.php(666): CodeIgniter\Database\BaseConnection->simpleQuery('SELECT *\nFROM `...')
#3 D:\laragon\www\bkk\system\Database\BaseBuilder.php(2004): CodeIgniter\Database\BaseConnection->query('SELECT *\nFROM `...', Array, false)
#4 D:\laragon\www\bkk\app\Models\Mdata.php(78): CodeIgniter\Database\BaseBuilder->getWhere(Array)
#5 D:\laragon\www\bkk\app\Controllers\Home.php(125): App\Models\Mdata->cc(Array, 'tb_al')
#6 D:\laragon\www\bkk\system\CodeIgniter.php(914): App\Controllers\Home->act_step1()
#7 D:\laragon\www\bkk\system\CodeIgniter.php(400): CodeIgniter\CodeIgniter->runController(Object(App\Controllers\Home))
#8 D:\laragon\www\bkk\system\CodeIgniter.php(308): CodeIgniter\CodeIgniter->handleRequest(NULL, Object(Config\Cache), false)
#9 D:\laragon\www\bkk\public\index.php(45): CodeIgniter\CodeIgniter->run()
#10 D:\laragon\www\bkk\system\Commands\Server\rewrite.php(34): require_once('D:\\laragon\\www\\...')
#11 {main}
CRITICAL - 2020-12-09 13:06:56 --> Unknown column 'an_al' in 'where clause'
#0 D:\laragon\www\bkk\system\Database\MySQLi\Connection.php(331): mysqli->query('SELECT *\nFROM `...')
#1 D:\laragon\www\bkk\system\Database\BaseConnection.php(738): CodeIgniter\Database\MySQLi\Connection->execute('SELECT *\nFROM `...')
#2 D:\laragon\www\bkk\system\Database\BaseConnection.php(666): CodeIgniter\Database\BaseConnection->simpleQuery('SELECT *\nFROM `...')
#3 D:\laragon\www\bkk\system\Database\BaseBuilder.php(2004): CodeIgniter\Database\BaseConnection->query('SELECT *\nFROM `...', Array, false)
#4 D:\laragon\www\bkk\app\Models\Mdata.php(78): CodeIgniter\Database\BaseBuilder->getWhere(Array)
#5 D:\laragon\www\bkk\app\Controllers\Home.php(125): App\Models\Mdata->cc(Array, 'tb_al')
#6 D:\laragon\www\bkk\system\CodeIgniter.php(914): App\Controllers\Home->act_step1()
#7 D:\laragon\www\bkk\system\CodeIgniter.php(400): CodeIgniter\CodeIgniter->runController(Object(App\Controllers\Home))
#8 D:\laragon\www\bkk\system\CodeIgniter.php(308): CodeIgniter\CodeIgniter->handleRequest(NULL, Object(Config\Cache), false)
#9 D:\laragon\www\bkk\public\index.php(45): CodeIgniter\CodeIgniter->run()
#10 D:\laragon\www\bkk\system\Commands\Server\rewrite.php(34): require_once('D:\\laragon\\www\\...')
#11 {main}
CRITICAL - 2020-12-09 13:07:55 --> You must specify an index to match on for batch updates.
#0 D:\laragon\www\bkk\app\Models\Mdata.php(63): CodeIgniter\Database\BaseBuilder->updateBatch(Array)
#1 D:\laragon\www\bkk\app\Controllers\Home.php(138): App\Models\Mdata->updateatch(Array, 'tb_an')
#2 D:\laragon\www\bkk\system\CodeIgniter.php(914): App\Controllers\Home->act_step1()
#3 D:\laragon\www\bkk\system\CodeIgniter.php(400): CodeIgniter\CodeIgniter->runController(Object(App\Controllers\Home))
#4 D:\laragon\www\bkk\system\CodeIgniter.php(308): CodeIgniter\CodeIgniter->handleRequest(NULL, Object(Config\Cache), false)
#5 D:\laragon\www\bkk\public\index.php(45): CodeIgniter\CodeIgniter->run()
#6 D:\laragon\www\bkk\system\Commands\Server\rewrite.php(34): require_once('D:\\laragon\\www\\...')
#7 {main}
CRITICAL - 2020-12-09 13:09:39 --> You must specify an index to match on for batch updates.
#0 D:\laragon\www\bkk\app\Models\Mdata.php(63): CodeIgniter\Database\BaseBuilder->updateBatch(Array)
#1 D:\laragon\www\bkk\app\Controllers\Home.php(138): App\Models\Mdata->updateatch(Array, Array, 'tb_an')
#2 D:\laragon\www\bkk\system\CodeIgniter.php(914): App\Controllers\Home->act_step1()
#3 D:\laragon\www\bkk\system\CodeIgniter.php(400): CodeIgniter\CodeIgniter->runController(Object(App\Controllers\Home))
#4 D:\laragon\www\bkk\system\CodeIgniter.php(308): CodeIgniter\CodeIgniter->handleRequest(NULL, Object(Config\Cache), false)
#5 D:\laragon\www\bkk\public\index.php(45): CodeIgniter\CodeIgniter->run()
#6 D:\laragon\www\bkk\system\Commands\Server\rewrite.php(34): require_once('D:\\laragon\\www\\...')
#7 {main}
CRITICAL - 2020-12-09 13:10:32 --> You must specify an index to match on for batch updates.
#0 D:\laragon\www\bkk\app\Models\Mdata.php(63): CodeIgniter\Database\BaseBuilder->updateBatch(Array)
#1 D:\laragon\www\bkk\app\Controllers\Home.php(137): App\Models\Mdata->updateatch(Array, Array, 'tb_an')
#2 D:\laragon\www\bkk\system\CodeIgniter.php(914): App\Controllers\Home->act_step1()
#3 D:\laragon\www\bkk\system\CodeIgniter.php(400): CodeIgniter\CodeIgniter->runController(Object(App\Controllers\Home))
#4 D:\laragon\www\bkk\system\CodeIgniter.php(308): CodeIgniter\CodeIgniter->handleRequest(NULL, Object(Config\Cache), false)
#5 D:\laragon\www\bkk\public\index.php(45): CodeIgniter\CodeIgniter->run()
#6 D:\laragon\www\bkk\system\Commands\Server\rewrite.php(34): require_once('D:\\laragon\\www\\...')
#7 {main}
CRITICAL - 2020-12-09 14:07:34 --> Unknown column 'al_image' in 'field list'
#0 D:\laragon\www\bkk\system\Database\MySQLi\Connection.php(331): mysqli->query('UPDATE `tb_al` ...')
#1 D:\laragon\www\bkk\system\Database\BaseConnection.php(738): CodeIgniter\Database\MySQLi\Connection->execute('UPDATE `tb_al` ...')
#2 D:\laragon\www\bkk\system\Database\BaseConnection.php(666): CodeIgniter\Database\BaseConnection->simpleQuery('UPDATE `tb_al` ...')
#3 D:\laragon\www\bkk\system\Database\BaseBuilder.php(2441): CodeIgniter\Database\BaseConnection->query('UPDATE `tb_al` ...', Array, false)
#4 D:\laragon\www\bkk\app\Models\Mdata.php(162): CodeIgniter\Database\BaseBuilder->update(Array, Array)
#5 D:\laragon\www\bkk\app\Controllers\Home.php(187): App\Models\Mdata->ud(Array, 'tb_al', Array)
#6 D:\laragon\www\bkk\system\CodeIgniter.php(914): App\Controllers\Home->act_step2()
#7 D:\laragon\www\bkk\system\CodeIgniter.php(400): CodeIgniter\CodeIgniter->runController(Object(App\Controllers\Home))
#8 D:\laragon\www\bkk\system\CodeIgniter.php(308): CodeIgniter\CodeIgniter->handleRequest(NULL, Object(Config\Cache), false)
#9 D:\laragon\www\bkk\public\index.php(45): CodeIgniter\CodeIgniter->run()
#10 D:\laragon\www\bkk\system\Commands\Server\rewrite.php(34): require_once('D:\\laragon\\www\\...')
#11 {main}
CRITICAL - 2020-12-09 15:06:07 --> Table 'bkk.tb_sales' doesn't exist
#0 D:\laragon\www\bkk\system\Database\MySQLi\Connection.php(331): mysqli->query('SELECT *, SUM(`...')
#1 D:\laragon\www\bkk\system\Database\BaseConnection.php(738): CodeIgniter\Database\MySQLi\Connection->execute('SELECT *, SUM(`...')
#2 D:\laragon\www\bkk\system\Database\BaseConnection.php(666): CodeIgniter\Database\BaseConnection->simpleQuery('SELECT *, SUM(`...')
#3 D:\laragon\www\bkk\system\Database\BaseBuilder.php(1845): CodeIgniter\Database\BaseConnection->query('SELECT *, SUM(`...', Array, false)
#4 D:\laragon\www\bkk\app\Models\Mdata.php(48): CodeIgniter\Database\BaseBuilder->get()
#5 D:\laragon\www\bkk\app\Controllers\Admin.php(27): App\Models\Mdata->join_sum(Array, Array, Array, Array)
#6 D:\laragon\www\bkk\system\CodeIgniter.php(914): App\Controllers\Admin->index()
#7 D:\laragon\www\bkk\system\CodeIgniter.php(400): CodeIgniter\CodeIgniter->runController(Object(App\Controllers\Admin))
#8 D:\laragon\www\bkk\system\CodeIgniter.php(308): CodeIgniter\CodeIgniter->handleRequest(NULL, Object(Config\Cache), false)
#9 D:\laragon\www\bkk\public\index.php(45): CodeIgniter\CodeIgniter->run()
#10 D:\laragon\www\bkk\system\Commands\Server\rewrite.php(34): require_once('D:\\laragon\\www\\...')
#11 {main}
CRITICAL - 2020-12-09 15:17:03 --> Table 'bkk.tb_sales' doesn't exist
#0 D:\laragon\www\bkk\system\Database\MySQLi\Connection.php(331): mysqli->query('SELECT *, SUM(`...')
#1 D:\laragon\www\bkk\system\Database\BaseConnection.php(738): CodeIgniter\Database\MySQLi\Connection->execute('SELECT *, SUM(`...')
#2 D:\laragon\www\bkk\system\Database\BaseConnection.php(666): CodeIgniter\Database\BaseConnection->simpleQuery('SELECT *, SUM(`...')
#3 D:\laragon\www\bkk\system\Database\BaseBuilder.php(1845): CodeIgniter\Database\BaseConnection->query('SELECT *, SUM(`...', Array, false)
#4 D:\laragon\www\bkk\app\Models\Mdata.php(48): CodeIgniter\Database\BaseBuilder->get()
#5 D:\laragon\www\bkk\app\Controllers\Admin.php(27): App\Models\Mdata->join_sum(Array, Array, Array, Array)
#6 D:\laragon\www\bkk\system\CodeIgniter.php(914): App\Controllers\Admin->index()
#7 D:\laragon\www\bkk\system\CodeIgniter.php(400): CodeIgniter\CodeIgniter->runController(Object(App\Controllers\Admin))
#8 D:\laragon\www\bkk\system\CodeIgniter.php(308): CodeIgniter\CodeIgniter->handleRequest(NULL, Object(Config\Cache), false)
#9 D:\laragon\www\bkk\public\index.php(45): CodeIgniter\CodeIgniter->run()
#10 D:\laragon\www\bkk\system\Commands\Server\rewrite.php(34): require_once('D:\\laragon\\www\\...')
#11 {main}
CRITICAL - 2020-12-09 15:21:53 --> Table 'bkk.tb_kategori' doesn't exist
#0 D:\laragon\www\bkk\system\Database\MySQLi\Connection.php(331): mysqli->query('SELECT *\nFROM `...')
#1 D:\laragon\www\bkk\system\Database\BaseConnection.php(738): CodeIgniter\Database\MySQLi\Connection->execute('SELECT *\nFROM `...')
#2 D:\laragon\www\bkk\system\Database\BaseConnection.php(666): CodeIgniter\Database\BaseConnection->simpleQuery('SELECT *\nFROM `...')
#3 D:\laragon\www\bkk\system\Database\BaseBuilder.php(2004): CodeIgniter\Database\BaseConnection->query('SELECT *\nFROM `...', Array, false)
#4 D:\laragon\www\bkk\app\Models\Mdata.php(77): CodeIgniter\Database\BaseBuilder->getWhere(Array)
#5 D:\laragon\www\bkk\app\Controllers\Dashboard.php(39): App\Models\Mdata->cc(Array, 'tb_kategori')
#6 D:\laragon\www\bkk\system\CodeIgniter.php(914): App\Controllers\Dashboard->dcommon()
#7 D:\laragon\www\bkk\system\CodeIgniter.php(400): CodeIgniter\CodeIgniter->runController(Object(App\Controllers\Dashboard))
#8 D:\laragon\www\bkk\system\CodeIgniter.php(308): CodeIgniter\CodeIgniter->handleRequest(NULL, Object(Config\Cache), false)
#9 D:\laragon\www\bkk\public\index.php(45): CodeIgniter\CodeIgniter->run()
#10 D:\laragon\www\bkk\system\Commands\Server\rewrite.php(34): require_once('D:\\laragon\\www\\...')
#11 {main}
CRITICAL - 2020-12-09 18:03:18 --> Trying to get property 'al_id' of non-object
#0 D:\laragon\www\bkk\app\Views\data\account.php(58): CodeIgniter\Debug\Exceptions->errorHandler(8, 'Trying to get p...', 'D:\\laragon\\www\\...', 58, Array)
#1 D:\laragon\www\bkk\system\View\View.php(246): include('D:\\laragon\\www\\...')
#2 D:\laragon\www\bkk\system\View\View.php(525): CodeIgniter\View\View->render('data/account', NULL, true)
#3 D:\laragon\www\bkk\app\Views\template\layer.php(5): CodeIgniter\View\View->include('data/account')
#4 D:\laragon\www\bkk\system\View\View.php(246): include('D:\\laragon\\www\\...')
#5 D:\laragon\www\bkk\system\Common.php(1087): CodeIgniter\View\View->render('template/layer', Array, true)
#6 D:\laragon\www\bkk\app\Controllers\Dashboard.php(208): view('template/layer', Array)
#7 D:\laragon\www\bkk\app\Controllers\Dashboard.php(59): App\Controllers\Dashboard->_account()
#8 D:\laragon\www\bkk\system\CodeIgniter.php(914): App\Controllers\Dashboard->data('account')
#9 D:\laragon\www\bkk\system\CodeIgniter.php(400): CodeIgniter\CodeIgniter->runController(Object(App\Controllers\Dashboard))
#10 D:\laragon\www\bkk\system\CodeIgniter.php(308): CodeIgniter\CodeIgniter->handleRequest(NULL, Object(Config\Cache), false)
#11 D:\laragon\www\bkk\public\index.php(45): CodeIgniter\CodeIgniter->run()
#12 D:\laragon\www\bkk\system\Commands\Server\rewrite.php(34): require_once('D:\\laragon\\www\\...')
#13 {main}
CRITICAL - 2020-12-09 18:03:44 --> Trying to get property 'al_name' of non-object
#0 D:\laragon\www\bkk\app\Views\data\account.php(63): CodeIgniter\Debug\Exceptions->errorHandler(8, 'Trying to get p...', 'D:\\laragon\\www\\...', 63, Array)
#1 D:\laragon\www\bkk\system\View\View.php(246): include('D:\\laragon\\www\\...')
#2 D:\laragon\www\bkk\system\View\View.php(525): CodeIgniter\View\View->render('data/account', NULL, true)
#3 D:\laragon\www\bkk\app\Views\template\layer.php(5): CodeIgniter\View\View->include('data/account')
#4 D:\laragon\www\bkk\system\View\View.php(246): include('D:\\laragon\\www\\...')
#5 D:\laragon\www\bkk\system\Common.php(1087): CodeIgniter\View\View->render('template/layer', Array, true)
#6 D:\laragon\www\bkk\app\Controllers\Dashboard.php(208): view('template/layer', Array)
#7 D:\laragon\www\bkk\app\Controllers\Dashboard.php(59): App\Controllers\Dashboard->_account()
#8 D:\laragon\www\bkk\system\CodeIgniter.php(914): App\Controllers\Dashboard->data('account')
#9 D:\laragon\www\bkk\system\CodeIgniter.php(400): CodeIgniter\CodeIgniter->runController(Object(App\Controllers\Dashboard))
#10 D:\laragon\www\bkk\system\CodeIgniter.php(308): CodeIgniter\CodeIgniter->handleRequest(NULL, Object(Config\Cache), false)
#11 D:\laragon\www\bkk\public\index.php(45): CodeIgniter\CodeIgniter->run()
#12 D:\laragon\www\bkk\system\Commands\Server\rewrite.php(34): require_once('D:\\laragon\\www\\...')
#13 {main}
CRITICAL - 2020-12-09 18:04:38 --> Trying to get property 'al_name' of non-object
#0 D:\laragon\www\bkk\app\Views\data\account.php(63): CodeIgniter\Debug\Exceptions->errorHandler(8, 'Trying to get p...', 'D:\\laragon\\www\\...', 63, Array)
#1 D:\laragon\www\bkk\system\View\View.php(246): include('D:\\laragon\\www\\...')
#2 D:\laragon\www\bkk\system\View\View.php(525): CodeIgniter\View\View->render('data/account', NULL, true)
#3 D:\laragon\www\bkk\app\Views\template\layer.php(5): CodeIgniter\View\View->include('data/account')
#4 D:\laragon\www\bkk\system\View\View.php(246): include('D:\\laragon\\www\\...')
#5 D:\laragon\www\bkk\system\Common.php(1087): CodeIgniter\View\View->render('template/layer', Array, true)
#6 D:\laragon\www\bkk\app\Controllers\Dashboard.php(208): view('template/layer', Array)
#7 D:\laragon\www\bkk\app\Controllers\Dashboard.php(59): App\Controllers\Dashboard->_account()
#8 D:\laragon\www\bkk\system\CodeIgniter.php(914): App\Controllers\Dashboard->data('account')
#9 D:\laragon\www\bkk\system\CodeIgniter.php(400): CodeIgniter\CodeIgniter->runController(Object(App\Controllers\Dashboard))
#10 D:\laragon\www\bkk\system\CodeIgniter.php(308): CodeIgniter\CodeIgniter->handleRequest(NULL, Object(Config\Cache), false)
#11 D:\laragon\www\bkk\public\index.php(45): CodeIgniter\CodeIgniter->run()
#12 D:\laragon\www\bkk\system\Commands\Server\rewrite.php(34): require_once('D:\\laragon\\www\\...')
#13 {main}
CRITICAL - 2020-12-09 22:31:13 --> syntax error, unexpected 'echo' (T_ECHO), expecting function (T_FUNCTION) or const (T_CONST)
#0 D:\laragon\www\bkk\system\Router\Router.php(192): CodeIgniter\Router\Router->autoRoute('dashboard/data/...')
#1 D:\laragon\www\bkk\system\CodeIgniter.php(789): CodeIgniter\Router\Router->handle('dashboard/data/...')
#2 D:\laragon\www\bkk\system\CodeIgniter.php(360): CodeIgniter\CodeIgniter->tryToRouteIt(Object(CodeIgniter\Router\RouteCollection))
#3 D:\laragon\www\bkk\system\CodeIgniter.php(308): CodeIgniter\CodeIgniter->handleRequest(NULL, Object(Config\Cache), false)
#4 D:\laragon\www\bkk\public\index.php(45): CodeIgniter\CodeIgniter->run()
#5 D:\laragon\www\bkk\system\Commands\Server\rewrite.php(34): require_once('D:\\laragon\\www\\...')
#6 {main}
CRITICAL - 2020-12-09 22:34:02 --> syntax error, unexpected 'echo' (T_ECHO), expecting function (T_FUNCTION) or const (T_CONST)
#0 D:\laragon\www\bkk\system\Router\Router.php(192): CodeIgniter\Router\Router->autoRoute('dashboard/data/...')
#1 D:\laragon\www\bkk\system\CodeIgniter.php(789): CodeIgniter\Router\Router->handle('dashboard/data/...')
#2 D:\laragon\www\bkk\system\CodeIgniter.php(360): CodeIgniter\CodeIgniter->tryToRouteIt(Object(CodeIgniter\Router\RouteCollection))
#3 D:\laragon\www\bkk\system\CodeIgniter.php(308): CodeIgniter\CodeIgniter->handleRequest(NULL, Object(Config\Cache), false)
#4 D:\laragon\www\bkk\public\index.php(45): CodeIgniter\CodeIgniter->run()
#5 D:\laragon\www\bkk\system\Commands\Server\rewrite.php(34): require_once('D:\\laragon\\www\\...')
#6 {main}
