CRITICAL - 2020-09-01 00:36:43 --> Argument 1 passed to CodeIgniter\HTTP\RedirectResponse::to() must be of the type string, null given, called in /home/fahmiff1/life.andropick.com/app/Controllers/Dashboard.php on line 1127
#0 /home/fahmiff1/life.andropick.com/app/Controllers/Dashboard.php(1127): CodeIgniter\HTTP\RedirectResponse->to(NULL)
#1 /home/fahmiff1/life.andropick.com/system/CodeIgniter.php(914): App\Controllers\Dashboard->print('R06715')
#2 /home/fahmiff1/life.andropick.com/system/CodeIgniter.php(400): CodeIgniter\CodeIgniter->runController(Object(App\Controllers\Dashboard))
#3 /home/fahmiff1/life.andropick.com/system/CodeIgniter.php(308): CodeIgniter\CodeIgniter->handleRequest(NULL, Object(Config\Cache), false)
#4 /home/fahmiff1/life.andropick.com/public/index.php(45): CodeIgniter\CodeIgniter->run()
#5 {main}
CRITICAL - 2020-09-01 00:37:32 --> Argument 1 passed to CodeIgniter\HTTP\RedirectResponse::to() must be of the type string, null given, called in /home/fahmiff1/life.andropick.com/app/Controllers/Dashboard.php on line 1127
#0 /home/fahmiff1/life.andropick.com/app/Controllers/Dashboard.php(1127): CodeIgniter\HTTP\RedirectResponse->to(NULL)
#1 /home/fahmiff1/life.andropick.com/system/CodeIgniter.php(914): App\Controllers\Dashboard->print('R06715')
#2 /home/fahmiff1/life.andropick.com/system/CodeIgniter.php(400): CodeIgniter\CodeIgniter->runController(Object(App\Controllers\Dashboard))
#3 /home/fahmiff1/life.andropick.com/system/CodeIgniter.php(308): CodeIgniter\CodeIgniter->handleRequest(NULL, Object(Config\Cache), false)
#4 /home/fahmiff1/life.andropick.com/public/index.php(45): CodeIgniter\CodeIgniter->run()
#5 {main}
CRITICAL - 2020-09-01 00:37:35 --> Argument 1 passed to CodeIgniter\HTTP\RedirectResponse::to() must be of the type string, null given, called in /home/fahmiff1/life.andropick.com/app/Controllers/Dashboard.php on line 1127
#0 /home/fahmiff1/life.andropick.com/app/Controllers/Dashboard.php(1127): CodeIgniter\HTTP\RedirectResponse->to(NULL)
#1 /home/fahmiff1/life.andropick.com/system/CodeIgniter.php(914): App\Controllers\Dashboard->print('R06715')
#2 /home/fahmiff1/life.andropick.com/system/CodeIgniter.php(400): CodeIgniter\CodeIgniter->runController(Object(App\Controllers\Dashboard))
#3 /home/fahmiff1/life.andropick.com/system/CodeIgniter.php(308): CodeIgniter\CodeIgniter->handleRequest(NULL, Object(Config\Cache), false)
#4 /home/fahmiff1/life.andropick.com/public/index.php(45): CodeIgniter\CodeIgniter->run()
#5 {main}
CRITICAL - 2020-09-01 00:37:37 --> Argument 1 passed to CodeIgniter\HTTP\RedirectResponse::to() must be of the type string, null given, called in /home/fahmiff1/life.andropick.com/app/Controllers/Dashboard.php on line 1127
#0 /home/fahmiff1/life.andropick.com/app/Controllers/Dashboard.php(1127): CodeIgniter\HTTP\RedirectResponse->to(NULL)
#1 /home/fahmiff1/life.andropick.com/system/CodeIgniter.php(914): App\Controllers\Dashboard->print('R06715')
#2 /home/fahmiff1/life.andropick.com/system/CodeIgniter.php(400): CodeIgniter\CodeIgniter->runController(Object(App\Controllers\Dashboard))
#3 /home/fahmiff1/life.andropick.com/system/CodeIgniter.php(308): CodeIgniter\CodeIgniter->handleRequest(NULL, Object(Config\Cache), false)
#4 /home/fahmiff1/life.andropick.com/public/index.php(45): CodeIgniter\CodeIgniter->run()
#5 {main}
CRITICAL - 2020-09-01 00:37:41 --> Argument 1 passed to CodeIgniter\HTTP\RedirectResponse::to() must be of the type string, null given, called in /home/fahmiff1/life.andropick.com/app/Controllers/Dashboard.php on line 1127
#0 /home/fahmiff1/life.andropick.com/app/Controllers/Dashboard.php(1127): CodeIgniter\HTTP\RedirectResponse->to(NULL)
#1 /home/fahmiff1/life.andropick.com/system/CodeIgniter.php(914): App\Controllers\Dashboard->print('R06715')
#2 /home/fahmiff1/life.andropick.com/system/CodeIgniter.php(400): CodeIgniter\CodeIgniter->runController(Object(App\Controllers\Dashboard))
#3 /home/fahmiff1/life.andropick.com/system/CodeIgniter.php(308): CodeIgniter\CodeIgniter->handleRequest(NULL, Object(Config\Cache), false)
#4 /home/fahmiff1/life.andropick.com/public/index.php(45): CodeIgniter\CodeIgniter->run()
#5 {main}
CRITICAL - 2020-09-01 02:37:16 --> Argument 1 passed to CodeIgniter\HTTP\RedirectResponse::to() must be of the type string, null given, called in /home/fahmiff1/life.andropick.com/app/Controllers/Dashboard.php on line 1127
#0 /home/fahmiff1/life.andropick.com/app/Controllers/Dashboard.php(1127): CodeIgniter\HTTP\RedirectResponse->to(NULL)
#1 /home/fahmiff1/life.andropick.com/system/CodeIgniter.php(914): App\Controllers\Dashboard->print('R06715')
#2 /home/fahmiff1/life.andropick.com/system/CodeIgniter.php(400): CodeIgniter\CodeIgniter->runController(Object(App\Controllers\Dashboard))
#3 /home/fahmiff1/life.andropick.com/system/CodeIgniter.php(308): CodeIgniter\CodeIgniter->handleRequest(NULL, Object(Config\Cache), false)
#4 /home/fahmiff1/life.andropick.com/public/index.php(45): CodeIgniter\CodeIgniter->run()
#5 {main}
CRITICAL - 2020-09-01 14:56:39 --> Argument 1 passed to CodeIgniter\HTTP\RedirectResponse::to() must be of the type string, null given, called in /home/fahmiff1/life.andropick.com/app/Controllers/Dashboard.php on line 1127
#0 /home/fahmiff1/life.andropick.com/app/Controllers/Dashboard.php(1127): CodeIgniter\HTTP\RedirectResponse->to(NULL)
#1 /home/fahmiff1/life.andropick.com/system/CodeIgniter.php(914): App\Controllers\Dashboard->print('R06715')
#2 /home/fahmiff1/life.andropick.com/system/CodeIgniter.php(400): CodeIgniter\CodeIgniter->runController(Object(App\Controllers\Dashboard))
#3 /home/fahmiff1/life.andropick.com/system/CodeIgniter.php(308): CodeIgniter\CodeIgniter->handleRequest(NULL, Object(Config\Cache), false)
#4 /home/fahmiff1/life.andropick.com/public/index.php(45): CodeIgniter\CodeIgniter->run()
#5 {main}
CRITICAL - 2020-09-01 15:03:32 --> Argument 1 passed to CodeIgniter\HTTP\RedirectResponse::to() must be of the type string, null given, called in /home/fahmiff1/life.andropick.com/app/Controllers/Dashboard.php on line 1127
#0 /home/fahmiff1/life.andropick.com/app/Controllers/Dashboard.php(1127): CodeIgniter\HTTP\RedirectResponse->to(NULL)
#1 /home/fahmiff1/life.andropick.com/system/CodeIgniter.php(914): App\Controllers\Dashboard->print('R75648')
#2 /home/fahmiff1/life.andropick.com/system/CodeIgniter.php(400): CodeIgniter\CodeIgniter->runController(Object(App\Controllers\Dashboard))
#3 /home/fahmiff1/life.andropick.com/system/CodeIgniter.php(308): CodeIgniter\CodeIgniter->handleRequest(NULL, Object(Config\Cache), false)
#4 /home/fahmiff1/life.andropick.com/public/index.php(45): CodeIgniter\CodeIgniter->run()
#5 {main}
CRITICAL - 2020-09-01 15:43:25 --> number_format() expects parameter 1 to be float, string given
#0 [internal function]: CodeIgniter\Debug\Exceptions->errorHandler(2, 'number_format()...', '/home/fahmiff1/...', 157, Array)
#1 /home/fahmiff1/life.andropick.com/app/Helpers/libdata_helper.php(157): number_format('', 0, ',', '.')
#2 /home/fahmiff1/life.andropick.com/app/Controllers/Dashboard.php(698): format_rp('')
#3 /home/fahmiff1/life.andropick.com/system/CodeIgniter.php(914): App\Controllers\Dashboard->data_other()
#4 /home/fahmiff1/life.andropick.com/system/CodeIgniter.php(400): CodeIgniter\CodeIgniter->runController(Object(App\Controllers\Dashboard))
#5 /home/fahmiff1/life.andropick.com/system/CodeIgniter.php(308): CodeIgniter\CodeIgniter->handleRequest(NULL, Object(Config\Cache), false)
#6 /home/fahmiff1/life.andropick.com/public/index.php(45): CodeIgniter\CodeIgniter->run()
#7 {main}
CRITICAL - 2020-09-01 16:18:41 --> Undefined offset: 0
#0 /home/fahmiff1/life.andropick.com/app/Controllers/BaseController.php(167): CodeIgniter\Debug\Exceptions->errorHandler(8, 'Undefined offse...', '/home/fahmiff1/...', 167, Array)
#1 /home/fahmiff1/life.andropick.com/app/Controllers/Home.php(209): App\Controllers\BaseController->_tagih(10928)
#2 /home/fahmiff1/life.andropick.com/system/CodeIgniter.php(914): App\Controllers\Home->point()
#3 /home/fahmiff1/life.andropick.com/system/CodeIgniter.php(400): CodeIgniter\CodeIgniter->runController(Object(App\Controllers\Home))
#4 /home/fahmiff1/life.andropick.com/system/CodeIgniter.php(308): CodeIgniter\CodeIgniter->handleRequest(NULL, Object(Config\Cache), false)
#5 /home/fahmiff1/life.andropick.com/public/index.php(45): CodeIgniter\CodeIgniter->run()
#6 {main}
CRITICAL - 2020-09-01 16:30:05 --> number_format() expects parameter 1 to be float, string given
#0 [internal function]: CodeIgniter\Debug\Exceptions->errorHandler(2, 'number_format()...', '/home/fahmiff1/...', 157, Array)
#1 /home/fahmiff1/life.andropick.com/app/Helpers/libdata_helper.php(157): number_format('', 0, ',', '.')
#2 /home/fahmiff1/life.andropick.com/app/Controllers/Dashboard.php(698): format_rp('')
#3 /home/fahmiff1/life.andropick.com/system/CodeIgniter.php(914): App\Controllers\Dashboard->data_other()
#4 /home/fahmiff1/life.andropick.com/system/CodeIgniter.php(400): CodeIgniter\CodeIgniter->runController(Object(App\Controllers\Dashboard))
#5 /home/fahmiff1/life.andropick.com/system/CodeIgniter.php(308): CodeIgniter\CodeIgniter->handleRequest(NULL, Object(Config\Cache), false)
#6 /home/fahmiff1/life.andropick.com/public/index.php(45): CodeIgniter\CodeIgniter->run()
#7 {main}
CRITICAL - 2020-09-01 16:30:09 --> number_format() expects parameter 1 to be float, string given
#0 [internal function]: CodeIgniter\Debug\Exceptions->errorHandler(2, 'number_format()...', '/home/fahmiff1/...', 157, Array)
#1 /home/fahmiff1/life.andropick.com/app/Helpers/libdata_helper.php(157): number_format('', 0, ',', '.')
#2 /home/fahmiff1/life.andropick.com/app/Controllers/Dashboard.php(698): format_rp('')
#3 /home/fahmiff1/life.andropick.com/system/CodeIgniter.php(914): App\Controllers\Dashboard->data_other()
#4 /home/fahmiff1/life.andropick.com/system/CodeIgniter.php(400): CodeIgniter\CodeIgniter->runController(Object(App\Controllers\Dashboard))
#5 /home/fahmiff1/life.andropick.com/system/CodeIgniter.php(308): CodeIgniter\CodeIgniter->handleRequest(NULL, Object(Config\Cache), false)
#6 /home/fahmiff1/life.andropick.com/public/index.php(45): CodeIgniter\CodeIgniter->run()
#7 {main}
CRITICAL - 2020-09-01 16:30:48 --> number_format() expects parameter 1 to be float, string given
#0 [internal function]: CodeIgniter\Debug\Exceptions->errorHandler(2, 'number_format()...', '/home/fahmiff1/...', 157, Array)
#1 /home/fahmiff1/life.andropick.com/app/Helpers/libdata_helper.php(157): number_format('', 0, ',', '.')
#2 /home/fahmiff1/life.andropick.com/app/Controllers/Dashboard.php(698): format_rp('')
#3 /home/fahmiff1/life.andropick.com/system/CodeIgniter.php(914): App\Controllers\Dashboard->data_other()
#4 /home/fahmiff1/life.andropick.com/system/CodeIgniter.php(400): CodeIgniter\CodeIgniter->runController(Object(App\Controllers\Dashboard))
#5 /home/fahmiff1/life.andropick.com/system/CodeIgniter.php(308): CodeIgniter\CodeIgniter->handleRequest(NULL, Object(Config\Cache), false)
#6 /home/fahmiff1/life.andropick.com/public/index.php(45): CodeIgniter\CodeIgniter->run()
#7 {main}
CRITICAL - 2020-09-01 16:41:20 --> filesize(): stat failed for /home/fahmiff1/life.andropick.com/writable/session/ci_session4a793224adbfcf82ed062d90f7676f876afe6777
#0 [internal function]: CodeIgniter\Debug\Exceptions->errorHandler(2, 'filesize(): sta...', '/home/fahmiff1/...', 211, Array)
#1 /home/fahmiff1/life.andropick.com/system/Session/Handlers/FileHandler.php(211): filesize('/home/fahmiff1/...')
#2 [internal function]: CodeIgniter\Session\Handlers\FileHandler->read('4a793224adbfcf8...')
#3 /home/fahmiff1/life.andropick.com/system/Session/Session.php(1005): session_start()
#4 /home/fahmiff1/life.andropick.com/system/Session/Session.php(240): CodeIgniter\Session\Session->startSession()
#5 /home/fahmiff1/life.andropick.com/system/Config/Services.php(771): CodeIgniter\Session\Session->start()
#6 /home/fahmiff1/life.andropick.com/system/Config/BaseService.php(123): CodeIgniter\Config\Services::session(Object(Config\App), false)
#7 /home/fahmiff1/life.andropick.com/system/Config/Services.php(752): CodeIgniter\Config\BaseService::getSharedInstance('session', NULL)
#8 /home/fahmiff1/life.andropick.com/system/Common.php(894): CodeIgniter\Config\Services::session()
#9 /home/fahmiff1/life.andropick.com/app/Filters/Authf.php(13): session()
#10 /home/fahmiff1/life.andropick.com/system/Filters/Filters.php(173): App\Filters\Authf->before(Object(CodeIgniter\HTTP\IncomingRequest), NULL)
#11 /home/fahmiff1/life.andropick.com/system/CodeIgniter.php(378): CodeIgniter\Filters\Filters->run('admin/data/clie...', 'before')
#12 /home/fahmiff1/life.andropick.com/system/CodeIgniter.php(308): CodeIgniter\CodeIgniter->handleRequest(NULL, Object(Config\Cache), false)
#13 /home/fahmiff1/life.andropick.com/public/index.php(45): CodeIgniter\CodeIgniter->run()
#14 {main}
CRITICAL - 2020-09-01 16:42:59 --> number_format() expects parameter 1 to be float, string given
#0 [internal function]: CodeIgniter\Debug\Exceptions->errorHandler(2, 'number_format()...', '/home/fahmiff1/...', 157, Array)
#1 /home/fahmiff1/life.andropick.com/app/Helpers/libdata_helper.php(157): number_format('', 0, ',', '.')
#2 /home/fahmiff1/life.andropick.com/app/Controllers/Dashboard.php(698): format_rp('')
#3 /home/fahmiff1/life.andropick.com/system/CodeIgniter.php(914): App\Controllers\Dashboard->data_other()
#4 /home/fahmiff1/life.andropick.com/system/CodeIgniter.php(400): CodeIgniter\CodeIgniter->runController(Object(App\Controllers\Dashboard))
#5 /home/fahmiff1/life.andropick.com/system/CodeIgniter.php(308): CodeIgniter\CodeIgniter->handleRequest(NULL, Object(Config\Cache), false)
#6 /home/fahmiff1/life.andropick.com/public/index.php(45): CodeIgniter\CodeIgniter->run()
#7 {main}
CRITICAL - 2020-09-01 16:43:05 --> number_format() expects parameter 1 to be float, string given
#0 [internal function]: CodeIgniter\Debug\Exceptions->errorHandler(2, 'number_format()...', '/home/fahmiff1/...', 157, Array)
#1 /home/fahmiff1/life.andropick.com/app/Helpers/libdata_helper.php(157): number_format('', 0, ',', '.')
#2 /home/fahmiff1/life.andropick.com/app/Controllers/Dashboard.php(698): format_rp('')
#3 /home/fahmiff1/life.andropick.com/system/CodeIgniter.php(914): App\Controllers\Dashboard->data_other()
#4 /home/fahmiff1/life.andropick.com/system/CodeIgniter.php(400): CodeIgniter\CodeIgniter->runController(Object(App\Controllers\Dashboard))
#5 /home/fahmiff1/life.andropick.com/system/CodeIgniter.php(308): CodeIgniter\CodeIgniter->handleRequest(NULL, Object(Config\Cache), false)
#6 /home/fahmiff1/life.andropick.com/public/index.php(45): CodeIgniter\CodeIgniter->run()
#7 {main}
CRITICAL - 2020-09-01 16:43:24 --> number_format() expects parameter 1 to be float, string given
#0 [internal function]: CodeIgniter\Debug\Exceptions->errorHandler(2, 'number_format()...', '/home/fahmiff1/...', 157, Array)
#1 /home/fahmiff1/life.andropick.com/app/Helpers/libdata_helper.php(157): number_format('', 0, ',', '.')
#2 /home/fahmiff1/life.andropick.com/app/Controllers/Dashboard.php(698): format_rp('')
#3 /home/fahmiff1/life.andropick.com/system/CodeIgniter.php(914): App\Controllers\Dashboard->data_other()
#4 /home/fahmiff1/life.andropick.com/system/CodeIgniter.php(400): CodeIgniter\CodeIgniter->runController(Object(App\Controllers\Dashboard))
#5 /home/fahmiff1/life.andropick.com/system/CodeIgniter.php(308): CodeIgniter\CodeIgniter->handleRequest(NULL, Object(Config\Cache), false)
#6 /home/fahmiff1/life.andropick.com/public/index.php(45): CodeIgniter\CodeIgniter->run()
#7 {main}
CRITICAL - 2020-09-01 16:44:03 --> number_format() expects parameter 1 to be float, string given
#0 [internal function]: CodeIgniter\Debug\Exceptions->errorHandler(2, 'number_format()...', '/home/fahmiff1/...', 157, Array)
#1 /home/fahmiff1/life.andropick.com/app/Helpers/libdata_helper.php(157): number_format('', 0, ',', '.')
#2 /home/fahmiff1/life.andropick.com/app/Controllers/Dashboard.php(698): format_rp('')
#3 /home/fahmiff1/life.andropick.com/system/CodeIgniter.php(914): App\Controllers\Dashboard->data_other()
#4 /home/fahmiff1/life.andropick.com/system/CodeIgniter.php(400): CodeIgniter\CodeIgniter->runController(Object(App\Controllers\Dashboard))
#5 /home/fahmiff1/life.andropick.com/system/CodeIgniter.php(308): CodeIgniter\CodeIgniter->handleRequest(NULL, Object(Config\Cache), false)
#6 /home/fahmiff1/life.andropick.com/public/index.php(45): CodeIgniter\CodeIgniter->run()
#7 {main}
CRITICAL - 2020-09-01 16:44:58 --> number_format() expects parameter 1 to be float, string given
#0 [internal function]: CodeIgniter\Debug\Exceptions->errorHandler(2, 'number_format()...', '/home/fahmiff1/...', 157, Array)
#1 /home/fahmiff1/life.andropick.com/app/Helpers/libdata_helper.php(157): number_format('', 0, ',', '.')
#2 /home/fahmiff1/life.andropick.com/app/Controllers/Dashboard.php(698): format_rp('')
#3 /home/fahmiff1/life.andropick.com/system/CodeIgniter.php(914): App\Controllers\Dashboard->data_other()
#4 /home/fahmiff1/life.andropick.com/system/CodeIgniter.php(400): CodeIgniter\CodeIgniter->runController(Object(App\Controllers\Dashboard))
#5 /home/fahmiff1/life.andropick.com/system/CodeIgniter.php(308): CodeIgniter\CodeIgniter->handleRequest(NULL, Object(Config\Cache), false)
#6 /home/fahmiff1/life.andropick.com/public/index.php(45): CodeIgniter\CodeIgniter->run()
#7 {main}
CRITICAL - 2020-09-01 16:45:07 --> number_format() expects parameter 1 to be float, string given
#0 [internal function]: CodeIgniter\Debug\Exceptions->errorHandler(2, 'number_format()...', '/home/fahmiff1/...', 157, Array)
#1 /home/fahmiff1/life.andropick.com/app/Helpers/libdata_helper.php(157): number_format('', 0, ',', '.')
#2 /home/fahmiff1/life.andropick.com/app/Controllers/Dashboard.php(698): format_rp('')
#3 /home/fahmiff1/life.andropick.com/system/CodeIgniter.php(914): App\Controllers\Dashboard->data_other()
#4 /home/fahmiff1/life.andropick.com/system/CodeIgniter.php(400): CodeIgniter\CodeIgniter->runController(Object(App\Controllers\Dashboard))
#5 /home/fahmiff1/life.andropick.com/system/CodeIgniter.php(308): CodeIgniter\CodeIgniter->handleRequest(NULL, Object(Config\Cache), false)
#6 /home/fahmiff1/life.andropick.com/public/index.php(45): CodeIgniter\CodeIgniter->run()
#7 {main}
CRITICAL - 2020-09-01 18:15:59 --> Argument 1 passed to CodeIgniter\HTTP\RedirectResponse::to() must be of the type string, null given, called in D:\project\app\app\Controllers\Dashboard.php on line 1128
#0 D:\project\app\app\Controllers\Dashboard.php(1128): CodeIgniter\HTTP\RedirectResponse->to(NULL)
#1 D:\project\app\system\CodeIgniter.php(914): App\Controllers\Dashboard->print('R92618')
#2 D:\project\app\system\CodeIgniter.php(400): CodeIgniter\CodeIgniter->runController(Object(App\Controllers\Dashboard))
#3 D:\project\app\system\CodeIgniter.php(308): CodeIgniter\CodeIgniter->handleRequest(NULL, Object(Config\Cache), false)
#4 D:\project\app\public\index.php(45): CodeIgniter\CodeIgniter->run()
#5 D:\project\app\system\Commands\Server\rewrite.php(34): require_once('D:\\project\\app\\...')
#6 {main}
CRITICAL - 2020-09-01 20:01:51 --> Undefined offset: 0
#0 D:\project\app\app\Views\print.php(39): CodeIgniter\Debug\Exceptions->errorHandler(8, 'Undefined offse...', 'D:\\project\\app\\...', 39, Array)
#1 D:\project\app\system\View\View.php(246): include('D:\\project\\app\\...')
#2 D:\project\app\system\Common.php(1087): CodeIgniter\View\View->render('print', Array, true)
#3 D:\project\app\app\Controllers\Dashboard.php(1194): view('print', Array)
#4 D:\project\app\system\CodeIgniter.php(914): App\Controllers\Dashboard->print('IN9475310')
#5 D:\project\app\system\CodeIgniter.php(400): CodeIgniter\CodeIgniter->runController(Object(App\Controllers\Dashboard))
#6 D:\project\app\system\CodeIgniter.php(308): CodeIgniter\CodeIgniter->handleRequest(NULL, Object(Config\Cache), false)
#7 D:\project\app\public\index.php(45): CodeIgniter\CodeIgniter->run()
#8 D:\project\app\system\Commands\Server\rewrite.php(34): require_once('D:\\project\\app\\...')
#9 {main}
CRITICAL - 2020-09-01 20:03:06 --> Unknown column 'bil_id' in 'where clause'
#0 D:\project\app\system\Database\MySQLi\Connection.php(331): mysqli->query('SELECT *\nFROM `...')
#1 D:\project\app\system\Database\BaseConnection.php(738): CodeIgniter\Database\MySQLi\Connection->execute('SELECT *\nFROM `...')
#2 D:\project\app\system\Database\BaseConnection.php(666): CodeIgniter\Database\BaseConnection->simpleQuery('SELECT *\nFROM `...')
#3 D:\project\app\system\Database\BaseBuilder.php(1845): CodeIgniter\Database\BaseConnection->query('SELECT *\nFROM `...', Array, false)
#4 D:\project\app\app\Models\Mdata.php(173): CodeIgniter\Database\BaseBuilder->get()
#5 D:\project\app\app\Controllers\Dashboard.php(1191): App\Models\Mdata->join(Array, Array, Array)
#6 D:\project\app\system\CodeIgniter.php(914): App\Controllers\Dashboard->print('IN9475310')
#7 D:\project\app\system\CodeIgniter.php(400): CodeIgniter\CodeIgniter->runController(Object(App\Controllers\Dashboard))
#8 D:\project\app\system\CodeIgniter.php(308): CodeIgniter\CodeIgniter->handleRequest(NULL, Object(Config\Cache), false)
#9 D:\project\app\public\index.php(45): CodeIgniter\CodeIgniter->run()
#10 D:\project\app\system\Commands\Server\rewrite.php(34): require_once('D:\\project\\app\\...')
#11 {main}
CRITICAL - 2020-09-01 20:04:53 --> Unknown column 'tb_reg.reg_id_' in 'on clause'
#0 D:\project\app\system\Database\MySQLi\Connection.php(331): mysqli->query('SELECT *\nFROM `...')
#1 D:\project\app\system\Database\BaseConnection.php(738): CodeIgniter\Database\MySQLi\Connection->execute('SELECT *\nFROM `...')
#2 D:\project\app\system\Database\BaseConnection.php(666): CodeIgniter\Database\BaseConnection->simpleQuery('SELECT *\nFROM `...')
#3 D:\project\app\system\Database\BaseBuilder.php(1845): CodeIgniter\Database\BaseConnection->query('SELECT *\nFROM `...', Array, false)
#4 D:\project\app\app\Models\Mdata.php(173): CodeIgniter\Database\BaseBuilder->get()
#5 D:\project\app\app\Controllers\Dashboard.php(1192): App\Models\Mdata->join(Array, Array, Array)
#6 D:\project\app\system\CodeIgniter.php(914): App\Controllers\Dashboard->print('IN9475310')
#7 D:\project\app\system\CodeIgniter.php(400): CodeIgniter\CodeIgniter->runController(Object(App\Controllers\Dashboard))
#8 D:\project\app\system\CodeIgniter.php(308): CodeIgniter\CodeIgniter->handleRequest(NULL, Object(Config\Cache), false)
#9 D:\project\app\public\index.php(45): CodeIgniter\CodeIgniter->run()
#10 D:\project\app\system\Commands\Server\rewrite.php(34): require_once('D:\\project\\app\\...')
#11 {main}
CRITICAL - 2020-09-01 20:05:11 --> Argument 1 passed to CodeIgniter\HTTP\RedirectResponse::to() must be of the type string, null given, called in D:\project\app\app\Controllers\Dashboard.php on line 1203
#0 D:\project\app\app\Controllers\Dashboard.php(1203): CodeIgniter\HTTP\RedirectResponse->to(NULL)
#1 D:\project\app\system\CodeIgniter.php(914): App\Controllers\Dashboard->print('IN9475310')
#2 D:\project\app\system\CodeIgniter.php(400): CodeIgniter\CodeIgniter->runController(Object(App\Controllers\Dashboard))
#3 D:\project\app\system\CodeIgniter.php(308): CodeIgniter\CodeIgniter->handleRequest(NULL, Object(Config\Cache), false)
#4 D:\project\app\public\index.php(45): CodeIgniter\CodeIgniter->run()
#5 D:\project\app\system\Commands\Server\rewrite.php(34): require_once('D:\\project\\app\\...')
#6 {main}
CRITICAL - 2020-09-01 20:07:15 --> Argument 1 passed to CodeIgniter\HTTP\RedirectResponse::to() must be of the type string, null given, called in D:\project\app\app\Controllers\Dashboard.php on line 1203
#0 D:\project\app\app\Controllers\Dashboard.php(1203): CodeIgniter\HTTP\RedirectResponse->to(NULL)
#1 D:\project\app\system\CodeIgniter.php(914): App\Controllers\Dashboard->print('IN9475310')
#2 D:\project\app\system\CodeIgniter.php(400): CodeIgniter\CodeIgniter->runController(Object(App\Controllers\Dashboard))
#3 D:\project\app\system\CodeIgniter.php(308): CodeIgniter\CodeIgniter->handleRequest(NULL, Object(Config\Cache), false)
#4 D:\project\app\public\index.php(45): CodeIgniter\CodeIgniter->run()
#5 D:\project\app\system\Commands\Server\rewrite.php(34): require_once('D:\\project\\app\\...')
#6 {main}
CRITICAL - 2020-09-01 20:07:32 --> Argument 1 passed to CodeIgniter\HTTP\RedirectResponse::to() must be of the type string, null given, called in D:\project\app\app\Controllers\Dashboard.php on line 1203
#0 D:\project\app\app\Controllers\Dashboard.php(1203): CodeIgniter\HTTP\RedirectResponse->to(NULL)
#1 D:\project\app\system\CodeIgniter.php(914): App\Controllers\Dashboard->print('IN9475310')
#2 D:\project\app\system\CodeIgniter.php(400): CodeIgniter\CodeIgniter->runController(Object(App\Controllers\Dashboard))
#3 D:\project\app\system\CodeIgniter.php(308): CodeIgniter\CodeIgniter->handleRequest(NULL, Object(Config\Cache), false)
#4 D:\project\app\public\index.php(45): CodeIgniter\CodeIgniter->run()
#5 D:\project\app\system\Commands\Server\rewrite.php(34): require_once('D:\\project\\app\\...')
#6 {main}
CRITICAL - 2020-09-01 20:08:02 --> Argument 1 passed to CodeIgniter\HTTP\RedirectResponse::to() must be of the type string, null given, called in D:\project\app\app\Controllers\Dashboard.php on line 1203
#0 D:\project\app\app\Controllers\Dashboard.php(1203): CodeIgniter\HTTP\RedirectResponse->to(NULL)
#1 D:\project\app\system\CodeIgniter.php(914): App\Controllers\Dashboard->print('IN9475310')
#2 D:\project\app\system\CodeIgniter.php(400): CodeIgniter\CodeIgniter->runController(Object(App\Controllers\Dashboard))
#3 D:\project\app\system\CodeIgniter.php(308): CodeIgniter\CodeIgniter->handleRequest(NULL, Object(Config\Cache), false)
#4 D:\project\app\public\index.php(45): CodeIgniter\CodeIgniter->run()
#5 D:\project\app\system\Commands\Server\rewrite.php(34): require_once('D:\\project\\app\\...')
#6 {main}
CRITICAL - 2020-09-01 20:08:44 --> Argument 1 passed to CodeIgniter\HTTP\RedirectResponse::to() must be of the type string, null given, called in D:\project\app\app\Controllers\Dashboard.php on line 1203
#0 D:\project\app\app\Controllers\Dashboard.php(1203): CodeIgniter\HTTP\RedirectResponse->to(NULL)
#1 D:\project\app\system\CodeIgniter.php(914): App\Controllers\Dashboard->print('IN9475310')
#2 D:\project\app\system\CodeIgniter.php(400): CodeIgniter\CodeIgniter->runController(Object(App\Controllers\Dashboard))
#3 D:\project\app\system\CodeIgniter.php(308): CodeIgniter\CodeIgniter->handleRequest(NULL, Object(Config\Cache), false)
#4 D:\project\app\public\index.php(45): CodeIgniter\CodeIgniter->run()
#5 D:\project\app\system\Commands\Server\rewrite.php(34): require_once('D:\\project\\app\\...')
#6 {main}
CRITICAL - 2020-09-01 20:10:13 --> date_format() expects parameter 1 to be DateTimeInterface, string given
#0 [internal function]: CodeIgniter\Debug\Exceptions->errorHandler(2, 'date_format() e...', 'D:\\project\\app\\...', 47, Array)
#1 D:\project\app\app\Views\print.php(47): date_format('2020-09-01 15:4...', 'Y-m-d')
#2 D:\project\app\system\View\View.php(246): include('D:\\project\\app\\...')
#3 D:\project\app\system\Common.php(1087): CodeIgniter\View\View->render('print', Array, true)
#4 D:\project\app\app\Controllers\Dashboard.php(1195): view('print', Array)
#5 D:\project\app\system\CodeIgniter.php(914): App\Controllers\Dashboard->print('IN9475310')
#6 D:\project\app\system\CodeIgniter.php(400): CodeIgniter\CodeIgniter->runController(Object(App\Controllers\Dashboard))
#7 D:\project\app\system\CodeIgniter.php(308): CodeIgniter\CodeIgniter->handleRequest(NULL, Object(Config\Cache), false)
#8 D:\project\app\public\index.php(45): CodeIgniter\CodeIgniter->run()
#9 D:\project\app\system\Commands\Server\rewrite.php(34): require_once('D:\\project\\app\\...')
#10 {main}
CRITICAL - 2020-09-01 20:11:36 --> Undefined offset: 1
#0 D:\project\app\app\Helpers\libdata_helper.php(122): CodeIgniter\Debug\Exceptions->errorHandler(8, 'Undefined offse...', 'D:\\project\\app\\...', 122, Array)
#1 D:\project\app\app\Views\print.php(51): trans_date('2020-09-01')
#2 D:\project\app\system\View\View.php(246): include('D:\\project\\app\\...')
#3 D:\project\app\system\Common.php(1087): CodeIgniter\View\View->render('print', Array, true)
#4 D:\project\app\app\Controllers\Dashboard.php(1195): view('print', Array)
#5 D:\project\app\system\CodeIgniter.php(914): App\Controllers\Dashboard->print('IN9475310')
#6 D:\project\app\system\CodeIgniter.php(400): CodeIgniter\CodeIgniter->runController(Object(App\Controllers\Dashboard))
#7 D:\project\app\system\CodeIgniter.php(308): CodeIgniter\CodeIgniter->handleRequest(NULL, Object(Config\Cache), false)
#8 D:\project\app\public\index.php(45): CodeIgniter\CodeIgniter->run()
#9 D:\project\app\system\Commands\Server\rewrite.php(34): require_once('D:\\project\\app\\...')
#10 {main}
CRITICAL - 2020-09-01 20:11:39 --> Undefined offset: 1
#0 D:\project\app\app\Helpers\libdata_helper.php(122): CodeIgniter\Debug\Exceptions->errorHandler(8, 'Undefined offse...', 'D:\\project\\app\\...', 122, Array)
#1 D:\project\app\app\Views\print.php(51): trans_date('2020-09-01')
#2 D:\project\app\system\View\View.php(246): include('D:\\project\\app\\...')
#3 D:\project\app\system\Common.php(1087): CodeIgniter\View\View->render('print', Array, true)
#4 D:\project\app\app\Controllers\Dashboard.php(1195): view('print', Array)
#5 D:\project\app\system\CodeIgniter.php(914): App\Controllers\Dashboard->print('IN9475310')
#6 D:\project\app\system\CodeIgniter.php(400): CodeIgniter\CodeIgniter->runController(Object(App\Controllers\Dashboard))
#7 D:\project\app\system\CodeIgniter.php(308): CodeIgniter\CodeIgniter->handleRequest(NULL, Object(Config\Cache), false)
#8 D:\project\app\public\index.php(45): CodeIgniter\CodeIgniter->run()
#9 D:\project\app\system\Commands\Server\rewrite.php(34): require_once('D:\\project\\app\\...')
#10 {main}
CRITICAL - 2020-09-01 20:11:47 --> Undefined offset: 1
#0 D:\project\app\app\Helpers\libdata_helper.php(122): CodeIgniter\Debug\Exceptions->errorHandler(8, 'Undefined offse...', 'D:\\project\\app\\...', 122, Array)
#1 D:\project\app\app\Views\print.php(51): trans_date('2020-09-01')
#2 D:\project\app\system\View\View.php(246): include('D:\\project\\app\\...')
#3 D:\project\app\system\Common.php(1087): CodeIgniter\View\View->render('print', Array, true)
#4 D:\project\app\app\Controllers\Dashboard.php(1195): view('print', Array)
#5 D:\project\app\system\CodeIgniter.php(914): App\Controllers\Dashboard->print('IN9475310')
#6 D:\project\app\system\CodeIgniter.php(400): CodeIgniter\CodeIgniter->runController(Object(App\Controllers\Dashboard))
#7 D:\project\app\system\CodeIgniter.php(308): CodeIgniter\CodeIgniter->handleRequest(NULL, Object(Config\Cache), false)
#8 D:\project\app\public\index.php(45): CodeIgniter\CodeIgniter->run()
#9 D:\project\app\system\Commands\Server\rewrite.php(34): require_once('D:\\project\\app\\...')
#10 {main}
CRITICAL - 2020-09-01 20:12:09 --> Argument 1 passed to CodeIgniter\HTTP\RedirectResponse::to() must be of the type string, null given, called in D:\project\app\app\Controllers\Dashboard.php on line 1203
#0 D:\project\app\app\Controllers\Dashboard.php(1203): CodeIgniter\HTTP\RedirectResponse->to(NULL)
#1 D:\project\app\system\CodeIgniter.php(914): App\Controllers\Dashboard->print('IN9475310')
#2 D:\project\app\system\CodeIgniter.php(400): CodeIgniter\CodeIgniter->runController(Object(App\Controllers\Dashboard))
#3 D:\project\app\system\CodeIgniter.php(308): CodeIgniter\CodeIgniter->handleRequest(NULL, Object(Config\Cache), false)
#4 D:\project\app\public\index.php(45): CodeIgniter\CodeIgniter->run()
#5 D:\project\app\system\Commands\Server\rewrite.php(34): require_once('D:\\project\\app\\...')
#6 {main}
CRITICAL - 2020-09-01 20:14:31 --> strtotime() expects parameter 1 to be string, object given
#0 [internal function]: CodeIgniter\Debug\Exceptions->errorHandler(2, 'strtotime() exp...', 'D:\\project\\app\\...', 52, Array)
#1 D:\project\app\app\Helpers\libdata_helper.php(52): strtotime(Object(DateTime))
#2 D:\project\app\app\Views\print.php(49): date_to_id(Object(DateTime), 'Y-m-d')
#3 D:\project\app\system\View\View.php(246): include('D:\\project\\app\\...')
#4 D:\project\app\system\Common.php(1087): CodeIgniter\View\View->render('print', Array, true)
#5 D:\project\app\app\Controllers\Dashboard.php(1195): view('print', Array)
#6 D:\project\app\system\CodeIgniter.php(914): App\Controllers\Dashboard->print('IN9475310')
#7 D:\project\app\system\CodeIgniter.php(400): CodeIgniter\CodeIgniter->runController(Object(App\Controllers\Dashboard))
#8 D:\project\app\system\CodeIgniter.php(308): CodeIgniter\CodeIgniter->handleRequest(NULL, Object(Config\Cache), false)
#9 D:\project\app\public\index.php(45): CodeIgniter\CodeIgniter->run()
#10 D:\project\app\system\Commands\Server\rewrite.php(34): require_once('D:\\project\\app\\...')
#11 {main}
CRITICAL - 2020-09-01 20:24:01 --> Argument 1 passed to CodeIgniter\HTTP\RedirectResponse::to() must be of the type string, null given, called in D:\project\app\app\Controllers\Dashboard.php on line 1203
#0 D:\project\app\app\Controllers\Dashboard.php(1203): CodeIgniter\HTTP\RedirectResponse->to(NULL)
#1 D:\project\app\system\CodeIgniter.php(914): App\Controllers\Dashboard->print('IN9475310')
#2 D:\project\app\system\CodeIgniter.php(400): CodeIgniter\CodeIgniter->runController(Object(App\Controllers\Dashboard))
#3 D:\project\app\system\CodeIgniter.php(308): CodeIgniter\CodeIgniter->handleRequest(NULL, Object(Config\Cache), false)
#4 D:\project\app\public\index.php(45): CodeIgniter\CodeIgniter->run()
#5 D:\project\app\system\Commands\Server\rewrite.php(34): require_once('D:\\project\\app\\...')
#6 {main}
CRITICAL - 2020-09-01 20:26:12 --> Argument 1 passed to CodeIgniter\HTTP\RedirectResponse::to() must be of the type string, null given, called in D:\project\app\app\Controllers\Dashboard.php on line 1203
#0 D:\project\app\app\Controllers\Dashboard.php(1203): CodeIgniter\HTTP\RedirectResponse->to(NULL)
#1 D:\project\app\system\CodeIgniter.php(914): App\Controllers\Dashboard->print('IN9475310')
#2 D:\project\app\system\CodeIgniter.php(400): CodeIgniter\CodeIgniter->runController(Object(App\Controllers\Dashboard))
#3 D:\project\app\system\CodeIgniter.php(308): CodeIgniter\CodeIgniter->handleRequest(NULL, Object(Config\Cache), false)
#4 D:\project\app\public\index.php(45): CodeIgniter\CodeIgniter->run()
#5 D:\project\app\system\Commands\Server\rewrite.php(34): require_once('D:\\project\\app\\...')
#6 {main}
CRITICAL - 2020-09-01 20:26:30 --> Argument 1 passed to CodeIgniter\HTTP\RedirectResponse::to() must be of the type string, null given, called in D:\project\app\app\Controllers\Dashboard.php on line 1203
#0 D:\project\app\app\Controllers\Dashboard.php(1203): CodeIgniter\HTTP\RedirectResponse->to(NULL)
#1 D:\project\app\system\CodeIgniter.php(914): App\Controllers\Dashboard->print('IN9475310')
#2 D:\project\app\system\CodeIgniter.php(400): CodeIgniter\CodeIgniter->runController(Object(App\Controllers\Dashboard))
#3 D:\project\app\system\CodeIgniter.php(308): CodeIgniter\CodeIgniter->handleRequest(NULL, Object(Config\Cache), false)
#4 D:\project\app\public\index.php(45): CodeIgniter\CodeIgniter->run()
#5 D:\project\app\system\Commands\Server\rewrite.php(34): require_once('D:\\project\\app\\...')
#6 {main}
CRITICAL - 2020-09-01 20:27:44 --> Argument 1 passed to CodeIgniter\HTTP\RedirectResponse::to() must be of the type string, null given, called in D:\project\app\app\Controllers\Dashboard.php on line 1203
#0 D:\project\app\app\Controllers\Dashboard.php(1203): CodeIgniter\HTTP\RedirectResponse->to(NULL)
#1 D:\project\app\system\CodeIgniter.php(914): App\Controllers\Dashboard->print('IN9475310')
#2 D:\project\app\system\CodeIgniter.php(400): CodeIgniter\CodeIgniter->runController(Object(App\Controllers\Dashboard))
#3 D:\project\app\system\CodeIgniter.php(308): CodeIgniter\CodeIgniter->handleRequest(NULL, Object(Config\Cache), false)
#4 D:\project\app\public\index.php(45): CodeIgniter\CodeIgniter->run()
#5 D:\project\app\system\Commands\Server\rewrite.php(34): require_once('D:\\project\\app\\...')
#6 {main}
CRITICAL - 2020-09-01 20:28:49 --> Argument 1 passed to CodeIgniter\HTTP\RedirectResponse::to() must be of the type string, null given, called in D:\project\app\app\Controllers\Dashboard.php on line 1203
#0 D:\project\app\app\Controllers\Dashboard.php(1203): CodeIgniter\HTTP\RedirectResponse->to(NULL)
#1 D:\project\app\system\CodeIgniter.php(914): App\Controllers\Dashboard->print('IN9475310')
#2 D:\project\app\system\CodeIgniter.php(400): CodeIgniter\CodeIgniter->runController(Object(App\Controllers\Dashboard))
#3 D:\project\app\system\CodeIgniter.php(308): CodeIgniter\CodeIgniter->handleRequest(NULL, Object(Config\Cache), false)
#4 D:\project\app\public\index.php(45): CodeIgniter\CodeIgniter->run()
#5 D:\project\app\system\Commands\Server\rewrite.php(34): require_once('D:\\project\\app\\...')
#6 {main}
CRITICAL - 2020-09-01 20:29:30 --> Argument 1 passed to CodeIgniter\HTTP\RedirectResponse::to() must be of the type string, null given, called in D:\project\app\app\Controllers\Dashboard.php on line 1203
#0 D:\project\app\app\Controllers\Dashboard.php(1203): CodeIgniter\HTTP\RedirectResponse->to(NULL)
#1 D:\project\app\system\CodeIgniter.php(914): App\Controllers\Dashboard->print('IN9475310')
#2 D:\project\app\system\CodeIgniter.php(400): CodeIgniter\CodeIgniter->runController(Object(App\Controllers\Dashboard))
#3 D:\project\app\system\CodeIgniter.php(308): CodeIgniter\CodeIgniter->handleRequest(NULL, Object(Config\Cache), false)
#4 D:\project\app\public\index.php(45): CodeIgniter\CodeIgniter->run()
#5 D:\project\app\system\Commands\Server\rewrite.php(34): require_once('D:\\project\\app\\...')
#6 {main}
CRITICAL - 2020-09-01 20:38:11 --> Argument 1 passed to CodeIgniter\HTTP\RedirectResponse::to() must be of the type string, null given, called in D:\project\app\app\Controllers\Dashboard.php on line 1215
#0 D:\project\app\app\Controllers\Dashboard.php(1215): CodeIgniter\HTTP\RedirectResponse->to(NULL)
#1 D:\project\app\system\CodeIgniter.php(914): App\Controllers\Dashboard->print('IN3726981')
#2 D:\project\app\system\CodeIgniter.php(400): CodeIgniter\CodeIgniter->runController(Object(App\Controllers\Dashboard))
#3 D:\project\app\system\CodeIgniter.php(308): CodeIgniter\CodeIgniter->handleRequest(NULL, Object(Config\Cache), false)
#4 D:\project\app\public\index.php(45): CodeIgniter\CodeIgniter->run()
#5 D:\project\app\system\Commands\Server\rewrite.php(34): require_once('D:\\project\\app\\...')
#6 {main}
CRITICAL - 2020-09-01 23:03:23 --> _cc bukan sebuah aturan yang valid.
#0 D:\project\app\system\Validation\Validation.php(302): CodeIgniter\Validation\Exceptions\ValidationException::forRuleNotFound('_cc')
#1 D:\project\app\system\Validation\Validation.php(189): CodeIgniter\Validation\Validation->processRules('bayar', 'Nominal', 'daa', Array, Array)
#2 D:\project\app\app\Controllers\Dashboard.php(318): CodeIgniter\Validation\Validation->run()
#3 D:\project\app\system\CodeIgniter.php(914): App\Controllers\Dashboard->act_bayar()
#4 D:\project\app\system\CodeIgniter.php(400): CodeIgniter\CodeIgniter->runController(Object(App\Controllers\Dashboard))
#5 D:\project\app\system\CodeIgniter.php(308): CodeIgniter\CodeIgniter->handleRequest(NULL, Object(Config\Cache), false)
#6 D:\project\app\public\index.php(45): CodeIgniter\CodeIgniter->run()
#7 D:\project\app\system\Commands\Server\rewrite.php(34): require_once('D:\\project\\app\\...')
#8 {main}
CRITICAL - 2020-09-01 23:03:28 --> _cc bukan sebuah aturan yang valid.
#0 D:\project\app\system\Validation\Validation.php(302): CodeIgniter\Validation\Exceptions\ValidationException::forRuleNotFound('_cc')
#1 D:\project\app\system\Validation\Validation.php(189): CodeIgniter\Validation\Validation->processRules('bayar', 'Nominal', 'daa', Array, Array)
#2 D:\project\app\app\Controllers\Dashboard.php(318): CodeIgniter\Validation\Validation->run()
#3 D:\project\app\system\CodeIgniter.php(914): App\Controllers\Dashboard->act_bayar()
#4 D:\project\app\system\CodeIgniter.php(400): CodeIgniter\CodeIgniter->runController(Object(App\Controllers\Dashboard))
#5 D:\project\app\system\CodeIgniter.php(308): CodeIgniter\CodeIgniter->handleRequest(NULL, Object(Config\Cache), false)
#6 D:\project\app\public\index.php(45): CodeIgniter\CodeIgniter->run()
#7 D:\project\app\system\Commands\Server\rewrite.php(34): require_once('D:\\project\\app\\...')
#8 {main}
CRITICAL - 2020-09-01 23:04:04 --> even bukan sebuah aturan yang valid.
#0 D:\project\app\system\Validation\Validation.php(302): CodeIgniter\Validation\Exceptions\ValidationException::forRuleNotFound('even')
#1 D:\project\app\system\Validation\Validation.php(189): CodeIgniter\Validation\Validation->processRules('bayar', 'Nominal', 'fafa', Array, Array)
#2 D:\project\app\app\Controllers\Dashboard.php(318): CodeIgniter\Validation\Validation->run()
#3 D:\project\app\system\CodeIgniter.php(914): App\Controllers\Dashboard->act_bayar()
#4 D:\project\app\system\CodeIgniter.php(400): CodeIgniter\CodeIgniter->runController(Object(App\Controllers\Dashboard))
#5 D:\project\app\system\CodeIgniter.php(308): CodeIgniter\CodeIgniter->handleRequest(NULL, Object(Config\Cache), false)
#6 D:\project\app\public\index.php(45): CodeIgniter\CodeIgniter->run()
#7 D:\project\app\system\Commands\Server\rewrite.php(34): require_once('D:\\project\\app\\...')
#8 {main}
CRITICAL - 2020-09-01 23:05:13 --> even bukan sebuah aturan yang valid.
#0 D:\project\app\system\Validation\Validation.php(302): CodeIgniter\Validation\Exceptions\ValidationException::forRuleNotFound('even')
#1 D:\project\app\system\Validation\Validation.php(189): CodeIgniter\Validation\Validation->processRules('bayar', 'Nominal', 'ww', Array, Array)
#2 D:\project\app\app\Controllers\Dashboard.php(314): CodeIgniter\Validation\Validation->run()
#3 D:\project\app\system\CodeIgniter.php(914): App\Controllers\Dashboard->act_bayar()
#4 D:\project\app\system\CodeIgniter.php(400): CodeIgniter\CodeIgniter->runController(Object(App\Controllers\Dashboard))
#5 D:\project\app\system\CodeIgniter.php(308): CodeIgniter\CodeIgniter->handleRequest(NULL, Object(Config\Cache), false)
#6 D:\project\app\public\index.php(45): CodeIgniter\CodeIgniter->run()
#7 D:\project\app\system\Commands\Server\rewrite.php(34): require_once('D:\\project\\app\\...')
#8 {main}
CRITICAL - 2020-09-01 23:11:33 --> even bukan sebuah aturan yang valid.
#0 D:\project\app\system\Validation\Validation.php(302): CodeIgniter\Validation\Exceptions\ValidationException::forRuleNotFound('even')
#1 D:\project\app\system\Validation\Validation.php(189): CodeIgniter\Validation\Validation->processRules('bayar', 'Nominal', 'fafa', Array, Array)
#2 D:\project\app\app\Controllers\Dashboard.php(314): CodeIgniter\Validation\Validation->run()
#3 D:\project\app\system\CodeIgniter.php(914): App\Controllers\Dashboard->act_bayar()
#4 D:\project\app\system\CodeIgniter.php(400): CodeIgniter\CodeIgniter->runController(Object(App\Controllers\Dashboard))
#5 D:\project\app\system\CodeIgniter.php(308): CodeIgniter\CodeIgniter->handleRequest(NULL, Object(Config\Cache), false)
#6 D:\project\app\public\index.php(45): CodeIgniter\CodeIgniter->run()
#7 D:\project\app\system\Commands\Server\rewrite.php(34): require_once('D:\\project\\app\\...')
#8 {main}
CRITICAL - 2020-09-01 23:17:25 --> even bukan sebuah aturan yang valid.
#0 D:\project\app\system\Validation\Validation.php(302): CodeIgniter\Validation\Exceptions\ValidationException::forRuleNotFound('even')
#1 D:\project\app\system\Validation\Validation.php(189): CodeIgniter\Validation\Validation->processRules('bayar', 'Nominal', 'fafa', Array, Array)
#2 D:\project\app\app\Controllers\Dashboard.php(314): CodeIgniter\Validation\Validation->run()
#3 D:\project\app\system\CodeIgniter.php(914): App\Controllers\Dashboard->act_bayar()
#4 D:\project\app\system\CodeIgniter.php(400): CodeIgniter\CodeIgniter->runController(Object(App\Controllers\Dashboard))
#5 D:\project\app\system\CodeIgniter.php(308): CodeIgniter\CodeIgniter->handleRequest(NULL, Object(Config\Cache), false)
#6 D:\project\app\public\index.php(45): CodeIgniter\CodeIgniter->run()
#7 D:\project\app\system\Commands\Server\rewrite.php(34): require_once('D:\\project\\app\\...')
#8 {main}
CRITICAL - 2020-09-01 23:18:03 --> even bukan sebuah aturan yang valid.
#0 D:\project\app\system\Validation\Validation.php(302): CodeIgniter\Validation\Exceptions\ValidationException::forRuleNotFound('even')
#1 D:\project\app\system\Validation\Validation.php(189): CodeIgniter\Validation\Validation->processRules('bayar', 'Nominal', 'fafa', Array, Array)
#2 D:\project\app\app\Controllers\Dashboard.php(314): CodeIgniter\Validation\Validation->run()
#3 D:\project\app\system\CodeIgniter.php(914): App\Controllers\Dashboard->act_bayar()
#4 D:\project\app\system\CodeIgniter.php(400): CodeIgniter\CodeIgniter->runController(Object(App\Controllers\Dashboard))
#5 D:\project\app\system\CodeIgniter.php(308): CodeIgniter\CodeIgniter->handleRequest(NULL, Object(Config\Cache), false)
#6 D:\project\app\public\index.php(45): CodeIgniter\CodeIgniter->run()
#7 D:\project\app\system\Commands\Server\rewrite.php(34): require_once('D:\\project\\app\\...')
#8 {main}
CRITICAL - 2020-09-01 23:23:28 --> even bukan sebuah aturan yang valid.
#0 D:\project\app\system\Validation\Validation.php(302): CodeIgniter\Validation\Exceptions\ValidationException::forRuleNotFound('even')
#1 D:\project\app\system\Validation\Validation.php(189): CodeIgniter\Validation\Validation->processRules('bayar', 'Nominal', '', Array, Array)
#2 D:\project\app\app\Controllers\Dashboard.php(314): CodeIgniter\Validation\Validation->run()
#3 D:\project\app\system\CodeIgniter.php(914): App\Controllers\Dashboard->act_bayar()
#4 D:\project\app\system\CodeIgniter.php(400): CodeIgniter\CodeIgniter->runController(Object(App\Controllers\Dashboard))
#5 D:\project\app\system\CodeIgniter.php(308): CodeIgniter\CodeIgniter->handleRequest(NULL, Object(Config\Cache), false)
#6 D:\project\app\public\index.php(45): CodeIgniter\CodeIgniter->run()
#7 D:\project\app\system\Commands\Server\rewrite.php(34): require_once('D:\\project\\app\\...')
#8 {main}
CRITICAL - 2020-09-01 23:23:35 --> even bukan sebuah aturan yang valid.
#0 D:\project\app\system\Validation\Validation.php(302): CodeIgniter\Validation\Exceptions\ValidationException::forRuleNotFound('even')
#1 D:\project\app\system\Validation\Validation.php(189): CodeIgniter\Validation\Validation->processRules('bayar', 'Nominal', 'fafa', Array, Array)
#2 D:\project\app\app\Controllers\Dashboard.php(314): CodeIgniter\Validation\Validation->run()
#3 D:\project\app\system\CodeIgniter.php(914): App\Controllers\Dashboard->act_bayar()
#4 D:\project\app\system\CodeIgniter.php(400): CodeIgniter\CodeIgniter->runController(Object(App\Controllers\Dashboard))
#5 D:\project\app\system\CodeIgniter.php(308): CodeIgniter\CodeIgniter->handleRequest(NULL, Object(Config\Cache), false)
#6 D:\project\app\public\index.php(45): CodeIgniter\CodeIgniter->run()
#7 D:\project\app\system\Commands\Server\rewrite.php(34): require_once('D:\\project\\app\\...')
#8 {main}
