CRITICAL - 2020-09-13 15:18:37 --> Undefined variable: response
#0 D:\laragon\www\app\app\Controllers\Api.php(219): CodeIgniter\Debug\Exceptions->errorHandler(8, 'Undefined varia...', 'D:\\laragon\\www\\...', 219, Array)
#1 D:\laragon\www\app\system\CodeIgniter.php(914): App\Controllers\Api->dat()
#2 D:\laragon\www\app\system\CodeIgniter.php(400): CodeIgniter\CodeIgniter->runController(Object(App\Controllers\Api))
#3 D:\laragon\www\app\system\CodeIgniter.php(308): CodeIgniter\CodeIgniter->handleRequest(NULL, Object(Config\Cache), false)
#4 D:\laragon\www\app\public\index.php(45): CodeIgniter\CodeIgniter->run()
#5 {main}
CRITICAL - 2020-09-13 15:18:38 --> Undefined variable: response
#0 D:\laragon\www\app\app\Controllers\Api.php(219): CodeIgniter\Debug\Exceptions->errorHandler(8, 'Undefined varia...', 'D:\\laragon\\www\\...', 219, Array)
#1 D:\laragon\www\app\system\CodeIgniter.php(914): App\Controllers\Api->dat()
#2 D:\laragon\www\app\system\CodeIgniter.php(400): CodeIgniter\CodeIgniter->runController(Object(App\Controllers\Api))
#3 D:\laragon\www\app\system\CodeIgniter.php(308): CodeIgniter\CodeIgniter->handleRequest(NULL, Object(Config\Cache), false)
#4 D:\laragon\www\app\public\index.php(45): CodeIgniter\CodeIgniter->run()
#5 {main}
CRITICAL - 2020-09-13 18:41:51 --> Undefined offset: 1
#0 D:\laragon\www\app\app\Controllers\Api.php(53): CodeIgniter\Debug\Exceptions->errorHandler(8, 'Undefined offse...', 'D:\\laragon\\www\\...', 53, Array)
#1 D:\laragon\www\app\system\CodeIgniter.php(914): App\Controllers\Api->data()
#2 D:\laragon\www\app\system\CodeIgniter.php(400): CodeIgniter\CodeIgniter->runController(Object(App\Controllers\Api))
#3 D:\laragon\www\app\system\CodeIgniter.php(308): CodeIgniter\CodeIgniter->handleRequest(NULL, Object(Config\Cache), false)
#4 D:\laragon\www\app\public\index.php(45): CodeIgniter\CodeIgniter->run()
#5 {main}
CRITICAL - 2020-09-13 19:00:08 --> Undefined property: App\Controllers\Api::$protect
#0 D:\laragon\www\app\app\Controllers\Api.php(51): CodeIgniter\Debug\Exceptions->errorHandler(8, 'Undefined prope...', 'D:\\laragon\\www\\...', 51, Array)
#1 D:\laragon\www\app\system\CodeIgniter.php(914): App\Controllers\Api->data()
#2 D:\laragon\www\app\system\CodeIgniter.php(400): CodeIgniter\CodeIgniter->runController(Object(App\Controllers\Api))
#3 D:\laragon\www\app\system\CodeIgniter.php(308): CodeIgniter\CodeIgniter->handleRequest(NULL, Object(Config\Cache), false)
#4 D:\laragon\www\app\public\index.php(45): CodeIgniter\CodeIgniter->run()
#5 {main}
CRITICAL - 2020-09-13 20:48:29 --> Trying to get property 'reg_id' of non-object
#0 D:\laragon\www\app\app\Controllers\Dashboard.php(85): CodeIgniter\Debug\Exceptions->errorHandler(8, 'Trying to get p...', 'D:\\laragon\\www\\...', 85, Array)
#1 D:\laragon\www\app\system\CodeIgniter.php(914): App\Controllers\Dashboard->dcommon()
#2 D:\laragon\www\app\system\CodeIgniter.php(400): CodeIgniter\CodeIgniter->runController(Object(App\Controllers\Dashboard))
#3 D:\laragon\www\app\system\CodeIgniter.php(308): CodeIgniter\CodeIgniter->handleRequest(NULL, Object(Config\Cache), false)
#4 D:\laragon\www\app\public\index.php(45): CodeIgniter\CodeIgniter->run()
#5 {main}
CRITICAL - 2020-09-13 20:48:55 --> Trying to get property 'reg_id' of non-object
#0 D:\laragon\www\app\app\Controllers\Dashboard.php(85): CodeIgniter\Debug\Exceptions->errorHandler(8, 'Trying to get p...', 'D:\\laragon\\www\\...', 85, Array)
#1 D:\laragon\www\app\system\CodeIgniter.php(914): App\Controllers\Dashboard->dcommon()
#2 D:\laragon\www\app\system\CodeIgniter.php(400): CodeIgniter\CodeIgniter->runController(Object(App\Controllers\Dashboard))
#3 D:\laragon\www\app\system\CodeIgniter.php(308): CodeIgniter\CodeIgniter->handleRequest(NULL, Object(Config\Cache), false)
#4 D:\laragon\www\app\public\index.php(45): CodeIgniter\CodeIgniter->run()
#5 {main}
CRITICAL - 2020-09-13 20:50:03 --> Trying to get property 'reg_id' of non-object
#0 D:\laragon\www\app\app\Controllers\Dashboard.php(85): CodeIgniter\Debug\Exceptions->errorHandler(8, 'Trying to get p...', 'D:\\laragon\\www\\...', 85, Array)
#1 D:\laragon\www\app\system\CodeIgniter.php(914): App\Controllers\Dashboard->dcommon()
#2 D:\laragon\www\app\system\CodeIgniter.php(400): CodeIgniter\CodeIgniter->runController(Object(App\Controllers\Dashboard))
#3 D:\laragon\www\app\system\CodeIgniter.php(308): CodeIgniter\CodeIgniter->handleRequest(NULL, Object(Config\Cache), false)
#4 D:\laragon\www\app\public\index.php(45): CodeIgniter\CodeIgniter->run()
#5 {main}
CRITICAL - 2020-09-13 20:52:58 --> Trying to get property 'reg_id' of non-object
#0 D:\laragon\www\app\app\Controllers\Dashboard.php(85): CodeIgniter\Debug\Exceptions->errorHandler(8, 'Trying to get p...', 'D:\\laragon\\www\\...', 85, Array)
#1 D:\laragon\www\app\system\CodeIgniter.php(914): App\Controllers\Dashboard->dcommon()
#2 D:\laragon\www\app\system\CodeIgniter.php(400): CodeIgniter\CodeIgniter->runController(Object(App\Controllers\Dashboard))
#3 D:\laragon\www\app\system\CodeIgniter.php(308): CodeIgniter\CodeIgniter->handleRequest(NULL, Object(Config\Cache), false)
#4 D:\laragon\www\app\public\index.php(45): CodeIgniter\CodeIgniter->run()
#5 {main}
