CRITICAL - 2020-09-04 06:33:26 --> Undefined property: stdClass::$client_id
#0 D:\laragon\www\app\app\Views\layanan\wizard.php(25): CodeIgniter\Debug\Exceptions->errorHandler(8, 'Undefined prope...', 'D:\\laragon\\www\\...', 25, Array)
#1 D:\laragon\www\app\system\View\View.php(246): include('D:\\laragon\\www\\...')
#2 D:\laragon\www\app\system\View\View.php(525): CodeIgniter\View\View->render('layanan/wizard', NULL, true)
#3 D:\laragon\www\app\app\Views\template\layer.php(5): CodeIgniter\View\View->include('layanan/wizard')
#4 D:\laragon\www\app\system\View\View.php(246): include('D:\\laragon\\www\\...')
#5 D:\laragon\www\app\system\Common.php(1087): CodeIgniter\View\View->render('template/layer', Array, true)
#6 D:\laragon\www\app\app\Controllers\Dashboard.php(592): view('template/layer', Array)
#7 D:\laragon\www\app\system\CodeIgniter.php(914): App\Controllers\Dashboard->reg_client()
#8 D:\laragon\www\app\system\CodeIgniter.php(400): CodeIgniter\CodeIgniter->runController(Object(App\Controllers\Dashboard))
#9 D:\laragon\www\app\system\CodeIgniter.php(308): CodeIgniter\CodeIgniter->handleRequest(NULL, Object(Config\Cache), false)
#10 D:\laragon\www\app\public\index.php(45): CodeIgniter\CodeIgniter->run()
#11 {main}
CRITICAL - 2020-09-04 14:02:01 --> Undefined offset: 1
#0 D:\laragon\www\app\app\Controllers\Home.php(51): CodeIgniter\Debug\Exceptions->errorHandler(8, 'Undefined offse...', 'D:\\laragon\\www\\...', 51, Array)
#1 D:\laragon\www\app\system\CodeIgniter.php(914): App\Controllers\Home->nof()
#2 D:\laragon\www\app\system\CodeIgniter.php(400): CodeIgniter\CodeIgniter->runController(Object(App\Controllers\Home))
#3 D:\laragon\www\app\system\CodeIgniter.php(308): CodeIgniter\CodeIgniter->handleRequest(NULL, Object(Config\Cache), false)
#4 D:\laragon\www\app\public\index.php(45): CodeIgniter\CodeIgniter->run()
#5 {main}
CRITICAL - 2020-09-04 14:05:50 --> Array to string conversion
#0 D:\laragon\www\app\app\Controllers\Home.php(55): CodeIgniter\Debug\Exceptions->errorHandler(8, 'Array to string...', 'D:\\laragon\\www\\...', 55, Array)
#1 D:\laragon\www\app\system\CodeIgniter.php(914): App\Controllers\Home->nof()
#2 D:\laragon\www\app\system\CodeIgniter.php(400): CodeIgniter\CodeIgniter->runController(Object(App\Controllers\Home))
#3 D:\laragon\www\app\system\CodeIgniter.php(308): CodeIgniter\CodeIgniter->handleRequest(NULL, Object(Config\Cache), false)
#4 D:\laragon\www\app\public\index.php(45): CodeIgniter\CodeIgniter->run()
#5 {main}
CRITICAL - 2020-09-04 17:13:01 --> Undefined variable: da
#0 D:\laragon\www\app\app\Views\setting\wa.php(17): CodeIgniter\Debug\Exceptions->errorHandler(8, 'Undefined varia...', 'D:\\laragon\\www\\...', 17, Array)
#1 D:\laragon\www\app\system\View\View.php(246): include('D:\\laragon\\www\\...')
#2 D:\laragon\www\app\system\View\View.php(525): CodeIgniter\View\View->render('setting/wa', NULL, true)
#3 D:\laragon\www\app\app\Views\template\layer.php(5): CodeIgniter\View\View->include('setting/wa')
#4 D:\laragon\www\app\system\View\View.php(246): include('D:\\laragon\\www\\...')
#5 D:\laragon\www\app\system\Common.php(1087): CodeIgniter\View\View->render('template/layer', Array, true)
#6 D:\laragon\www\app\app\Controllers\Admin.php(610): view('template/layer', Array)
#7 D:\laragon\www\app\app\Controllers\Admin.php(574): App\Controllers\Admin->_notifi()
#8 D:\laragon\www\app\system\CodeIgniter.php(914): App\Controllers\Admin->setting('notif')
#9 D:\laragon\www\app\system\CodeIgniter.php(400): CodeIgniter\CodeIgniter->runController(Object(App\Controllers\Admin))
#10 D:\laragon\www\app\system\CodeIgniter.php(308): CodeIgniter\CodeIgniter->handleRequest(NULL, Object(Config\Cache), false)
#11 D:\laragon\www\app\public\index.php(45): CodeIgniter\CodeIgniter->run()
#12 {main}
CRITICAL - 2020-09-04 18:45:27 --> Duplicate entry '03247' for key 'PRIMARY'
#0 D:\laragon\www\app\system\Database\MySQLi\Connection.php(331): mysqli->query('INSERT INTO `tb...')
#1 D:\laragon\www\app\system\Database\BaseConnection.php(738): CodeIgniter\Database\MySQLi\Connection->execute('INSERT INTO `tb...')
#2 D:\laragon\www\app\system\Database\BaseConnection.php(666): CodeIgniter\Database\BaseConnection->simpleQuery('INSERT INTO `tb...')
#3 D:\laragon\www\app\system\Database\BaseBuilder.php(2234): CodeIgniter\Database\BaseConnection->query('INSERT INTO `tb...', Array, false)
#4 D:\laragon\www\app\app\Models\Mdata.php(18): CodeIgniter\Database\BaseBuilder->insert(Array)
#5 D:\laragon\www\app\app\Controllers\BaseController.php(185): App\Models\Mdata->safe(Array, 'tb_notif')
#6 D:\laragon\www\app\app\Controllers\Admin.php(318): App\Controllers\BaseController->_notif('tambah data sal...')
#7 D:\laragon\www\app\system\CodeIgniter.php(914): App\Controllers\Admin->act_sales()
#8 D:\laragon\www\app\system\CodeIgniter.php(400): CodeIgniter\CodeIgniter->runController(Object(App\Controllers\Admin))
#9 D:\laragon\www\app\system\CodeIgniter.php(308): CodeIgniter\CodeIgniter->handleRequest(NULL, Object(Config\Cache), false)
#10 D:\laragon\www\app\public\index.php(45): CodeIgniter\CodeIgniter->run()
#11 {main}
CRITICAL - 2020-09-04 18:56:14 --> Call to undefined method CodeIgniter\Session\Session::info()
#0 D:\laragon\www\app\system\View\View.php(246): include()
#1 D:\laragon\www\app\system\View\View.php(525): CodeIgniter\View\View->render('setting/notif', NULL, true)
#2 D:\laragon\www\app\app\Views\template\layer.php(5): CodeIgniter\View\View->include('setting/notif')
#3 D:\laragon\www\app\system\View\View.php(246): include('D:\\laragon\\www\\...')
#4 D:\laragon\www\app\system\Common.php(1087): CodeIgniter\View\View->render('template/layer', Array, true)
#5 D:\laragon\www\app\app\Controllers\Dashboard.php(976): view('template/layer', Array)
#6 D:\laragon\www\app\app\Controllers\Dashboard.php(941): App\Controllers\Dashboard->_notifi()
#7 D:\laragon\www\app\system\CodeIgniter.php(914): App\Controllers\Dashboard->setting('notif')
#8 D:\laragon\www\app\system\CodeIgniter.php(400): CodeIgniter\CodeIgniter->runController(Object(App\Controllers\Dashboard))
#9 D:\laragon\www\app\system\CodeIgniter.php(308): CodeIgniter\CodeIgniter->handleRequest(NULL, Object(Config\Cache), false)
#10 D:\laragon\www\app\public\index.php(45): CodeIgniter\CodeIgniter->run()
#11 {main}
CRITICAL - 2020-09-04 18:58:21 --> Column 'reg_kat' cannot be null
#0 D:\laragon\www\app\system\Database\MySQLi\Connection.php(331): mysqli->query('INSERT INTO `tb...')
#1 D:\laragon\www\app\system\Database\BaseConnection.php(738): CodeIgniter\Database\MySQLi\Connection->execute('INSERT INTO `tb...')
#2 D:\laragon\www\app\system\Database\BaseConnection.php(666): CodeIgniter\Database\BaseConnection->simpleQuery('INSERT INTO `tb...')
#3 D:\laragon\www\app\system\Database\BaseBuilder.php(2234): CodeIgniter\Database\BaseConnection->query('INSERT INTO `tb...', Array, false)
#4 D:\laragon\www\app\app\Models\Mdata.php(18): CodeIgniter\Database\BaseBuilder->insert(Array)
#5 D:\laragon\www\app\app\Controllers\Dashboard.php(670): App\Models\Mdata->safe(Array, 'tb_reg')
#6 D:\laragon\www\app\system\CodeIgniter.php(914): App\Controllers\Dashboard->act_reg()
#7 D:\laragon\www\app\system\CodeIgniter.php(400): CodeIgniter\CodeIgniter->runController(Object(App\Controllers\Dashboard))
#8 D:\laragon\www\app\system\CodeIgniter.php(308): CodeIgniter\CodeIgniter->handleRequest(NULL, Object(Config\Cache), false)
#9 D:\laragon\www\app\public\index.php(45): CodeIgniter\CodeIgniter->run()
#10 {main}
CRITICAL - 2020-09-04 18:58:32 --> Column 'reg_kat' cannot be null
#0 D:\laragon\www\app\system\Database\MySQLi\Connection.php(331): mysqli->query('INSERT INTO `tb...')
#1 D:\laragon\www\app\system\Database\BaseConnection.php(738): CodeIgniter\Database\MySQLi\Connection->execute('INSERT INTO `tb...')
#2 D:\laragon\www\app\system\Database\BaseConnection.php(666): CodeIgniter\Database\BaseConnection->simpleQuery('INSERT INTO `tb...')
#3 D:\laragon\www\app\system\Database\BaseBuilder.php(2234): CodeIgniter\Database\BaseConnection->query('INSERT INTO `tb...', Array, false)
#4 D:\laragon\www\app\app\Models\Mdata.php(18): CodeIgniter\Database\BaseBuilder->insert(Array)
#5 D:\laragon\www\app\app\Controllers\Dashboard.php(670): App\Models\Mdata->safe(Array, 'tb_reg')
#6 D:\laragon\www\app\system\CodeIgniter.php(914): App\Controllers\Dashboard->act_reg()
#7 D:\laragon\www\app\system\CodeIgniter.php(400): CodeIgniter\CodeIgniter->runController(Object(App\Controllers\Dashboard))
#8 D:\laragon\www\app\system\CodeIgniter.php(308): CodeIgniter\CodeIgniter->handleRequest(NULL, Object(Config\Cache), false)
#9 D:\laragon\www\app\public\index.php(45): CodeIgniter\CodeIgniter->run()
#10 {main}
CRITICAL - 2020-09-04 18:59:26 --> Too few arguments to function App\Controllers\BaseController::_wa(), 2 passed in D:\laragon\www\app\app\Controllers\Dashboard.php on line 681 and exactly 3 expected
#0 D:\laragon\www\app\app\Controllers\Dashboard.php(681): App\Controllers\BaseController->_wa('085226061579', 'Anda telah terd...')
#1 D:\laragon\www\app\system\CodeIgniter.php(914): App\Controllers\Dashboard->act_reg()
#2 D:\laragon\www\app\system\CodeIgniter.php(400): CodeIgniter\CodeIgniter->runController(Object(App\Controllers\Dashboard))
#3 D:\laragon\www\app\system\CodeIgniter.php(308): CodeIgniter\CodeIgniter->handleRequest(NULL, Object(Config\Cache), false)
#4 D:\laragon\www\app\public\index.php(45): CodeIgniter\CodeIgniter->run()
#5 {main}
CRITICAL - 2020-09-04 19:01:01 --> Undefined variable: cn
#0 D:\laragon\www\app\app\Controllers\BaseController.php(140): CodeIgniter\Debug\Exceptions->errorHandler(8, 'Undefined varia...', 'D:\\laragon\\www\\...', 140, Array)
#1 D:\laragon\www\app\app\Controllers\Dashboard.php(1502): App\Controllers\BaseController->_wa('085226061579', 'tagihan', Array)
#2 D:\laragon\www\app\system\CodeIgniter.php(914): App\Controllers\Dashboard->send()
#3 D:\laragon\www\app\system\CodeIgniter.php(400): CodeIgniter\CodeIgniter->runController(Object(App\Controllers\Dashboard))
#4 D:\laragon\www\app\system\CodeIgniter.php(308): CodeIgniter\CodeIgniter->handleRequest(NULL, Object(Config\Cache), false)
#5 D:\laragon\www\app\public\index.php(45): CodeIgniter\CodeIgniter->run()
#6 {main}
CRITICAL - 2020-09-04 19:01:01 --> Uncaught CodeIgniter\Format\Exceptions\FormatException: Gagal menguraikan string json, kesalahan: "Type is not supported". in D:\laragon\www\app\system\Format\Exceptions\FormatException.php:9
Stack trace:
#0 D:\laragon\www\app\system\Format\JSONFormatter.php(67): CodeIgniter\Format\Exceptions\FormatException::forInvalidJSON('Type is not sup...')
#1 D:\laragon\www\app\system\API\ResponseTrait.php(414): CodeIgniter\Format\JSONFormatter->format(Array)
#2 D:\laragon\www\app\system\API\ResponseTrait.php(134): CodeIgniter\Debug\Exceptions->format(Array)
#3 D:\laragon\www\app\system\Debug\Exceptions.php(166): CodeIgniter\Debug\Exceptions->respond(Array, 500)
#4 [internal function]: CodeIgniter\Debug\Exceptions->exceptionHandler(Object(ErrorException))
#5 {main}
  thrown
#0 [internal function]: CodeIgniter\Debug\Exceptions->shutdownHandler()
#1 {main}
CRITICAL - 2020-09-04 19:03:10 --> Argument 1 passed to CodeIgniter\HTTP\RedirectResponse::to() must be of the type string, null given, called in D:\laragon\www\app\app\Controllers\Dashboard.php on line 1532
#0 D:\laragon\www\app\app\Controllers\Dashboard.php(1532): CodeIgniter\HTTP\RedirectResponse->to(NULL)
#1 D:\laragon\www\app\system\CodeIgniter.php(914): App\Controllers\Dashboard->print('IN5269170')
#2 D:\laragon\www\app\system\CodeIgniter.php(400): CodeIgniter\CodeIgniter->runController(Object(App\Controllers\Dashboard))
#3 D:\laragon\www\app\system\CodeIgniter.php(308): CodeIgniter\CodeIgniter->handleRequest(NULL, Object(Config\Cache), false)
#4 D:\laragon\www\app\public\index.php(45): CodeIgniter\CodeIgniter->run()
#5 {main}
CRITICAL - 2020-09-04 19:09:23 --> Undefined variable: cn
#0 D:\laragon\www\app\app\Controllers\BaseController.php(140): CodeIgniter\Debug\Exceptions->errorHandler(8, 'Undefined varia...', 'D:\\laragon\\www\\...', 140, Array)
#1 D:\laragon\www\app\app\Controllers\Dashboard.php(1502): App\Controllers\BaseController->_wa('085226061579', 'tagihan', Array)
#2 D:\laragon\www\app\system\CodeIgniter.php(914): App\Controllers\Dashboard->send()
#3 D:\laragon\www\app\system\CodeIgniter.php(400): CodeIgniter\CodeIgniter->runController(Object(App\Controllers\Dashboard))
#4 D:\laragon\www\app\system\CodeIgniter.php(308): CodeIgniter\CodeIgniter->handleRequest(NULL, Object(Config\Cache), false)
#5 D:\laragon\www\app\public\index.php(45): CodeIgniter\CodeIgniter->run()
#6 {main}
CRITICAL - 2020-09-04 19:09:23 --> Uncaught CodeIgniter\Format\Exceptions\FormatException: Gagal menguraikan string json, kesalahan: "Type is not supported". in D:\laragon\www\app\system\Format\Exceptions\FormatException.php:9
Stack trace:
#0 D:\laragon\www\app\system\Format\JSONFormatter.php(67): CodeIgniter\Format\Exceptions\FormatException::forInvalidJSON('Type is not sup...')
#1 D:\laragon\www\app\system\API\ResponseTrait.php(414): CodeIgniter\Format\JSONFormatter->format(Array)
#2 D:\laragon\www\app\system\API\ResponseTrait.php(134): CodeIgniter\Debug\Exceptions->format(Array)
#3 D:\laragon\www\app\system\Debug\Exceptions.php(166): CodeIgniter\Debug\Exceptions->respond(Array, 500)
#4 [internal function]: CodeIgniter\Debug\Exceptions->exceptionHandler(Object(ErrorException))
#5 {main}
  thrown
#0 [internal function]: CodeIgniter\Debug\Exceptions->shutdownHandler()
#1 {main}
CRITICAL - 2020-09-04 19:10:26 --> count(): Parameter must be an array or an object that implements Countable
#0 D:\laragon\www\app\app\Helpers\libdata_helper.php(244): CodeIgniter\Debug\Exceptions->errorHandler(2, 'count(): Parame...', 'D:\\laragon\\www\\...', 244, Array)
#1 D:\laragon\www\app\app\Controllers\Dashboard.php(371): mutasi(330587, '2020-09-04 19:1...')
#2 D:\laragon\www\app\system\CodeIgniter.php(914): App\Controllers\Dashboard->data_bayar()
#3 D:\laragon\www\app\system\CodeIgniter.php(400): CodeIgniter\CodeIgniter->runController(Object(App\Controllers\Dashboard))
#4 D:\laragon\www\app\system\CodeIgniter.php(308): CodeIgniter\CodeIgniter->handleRequest(NULL, Object(Config\Cache), false)
#5 D:\laragon\www\app\public\index.php(45): CodeIgniter\CodeIgniter->run()
#6 {main}
CRITICAL - 2020-09-04 19:10:26 --> Uncaught CodeIgniter\Format\Exceptions\FormatException: Gagal menguraikan string json, kesalahan: "Type is not supported". in D:\laragon\www\app\system\Format\Exceptions\FormatException.php:9
Stack trace:
#0 D:\laragon\www\app\system\Format\JSONFormatter.php(67): CodeIgniter\Format\Exceptions\FormatException::forInvalidJSON('Type is not sup...')
#1 D:\laragon\www\app\system\API\ResponseTrait.php(414): CodeIgniter\Format\JSONFormatter->format(Array)
#2 D:\laragon\www\app\system\API\ResponseTrait.php(134): CodeIgniter\Debug\Exceptions->format(Array)
#3 D:\laragon\www\app\system\Debug\Exceptions.php(166): CodeIgniter\Debug\Exceptions->respond(Array, 500)
#4 [internal function]: CodeIgniter\Debug\Exceptions->exceptionHandler(Object(ErrorException))
#5 {main}
  thrown
#0 [internal function]: CodeIgniter\Debug\Exceptions->shutdownHandler()
#1 {main}
CRITICAL - 2020-09-04 19:11:42 --> count(): Parameter must be an array or an object that implements Countable
#0 D:\laragon\www\app\app\Helpers\libdata_helper.php(244): CodeIgniter\Debug\Exceptions->errorHandler(2, 'count(): Parame...', 'D:\\laragon\\www\\...', 244, Array)
#1 D:\laragon\www\app\app\Controllers\Dashboard.php(371): mutasi(330587, '2020-09-04 19:1...')
#2 D:\laragon\www\app\system\CodeIgniter.php(914): App\Controllers\Dashboard->data_bayar()
#3 D:\laragon\www\app\system\CodeIgniter.php(400): CodeIgniter\CodeIgniter->runController(Object(App\Controllers\Dashboard))
#4 D:\laragon\www\app\system\CodeIgniter.php(308): CodeIgniter\CodeIgniter->handleRequest(NULL, Object(Config\Cache), false)
#5 D:\laragon\www\app\public\index.php(45): CodeIgniter\CodeIgniter->run()
#6 {main}
CRITICAL - 2020-09-04 19:11:42 --> Uncaught CodeIgniter\Format\Exceptions\FormatException: Gagal menguraikan string json, kesalahan: "Type is not supported". in D:\laragon\www\app\system\Format\Exceptions\FormatException.php:9
Stack trace:
#0 D:\laragon\www\app\system\Format\JSONFormatter.php(67): CodeIgniter\Format\Exceptions\FormatException::forInvalidJSON('Type is not sup...')
#1 D:\laragon\www\app\system\API\ResponseTrait.php(414): CodeIgniter\Format\JSONFormatter->format(Array)
#2 D:\laragon\www\app\system\API\ResponseTrait.php(134): CodeIgniter\Debug\Exceptions->format(Array)
#3 D:\laragon\www\app\system\Debug\Exceptions.php(166): CodeIgniter\Debug\Exceptions->respond(Array, 500)
#4 [internal function]: CodeIgniter\Debug\Exceptions->exceptionHandler(Object(ErrorException))
#5 {main}
  thrown
#0 [internal function]: CodeIgniter\Debug\Exceptions->shutdownHandler()
#1 {main}
CRITICAL - 2020-09-04 19:11:58 --> count(): Parameter must be an array or an object that implements Countable
#0 D:\laragon\www\app\app\Helpers\libdata_helper.php(244): CodeIgniter\Debug\Exceptions->errorHandler(2, 'count(): Parame...', 'D:\\laragon\\www\\...', 244, Array)
#1 D:\laragon\www\app\app\Controllers\Dashboard.php(371): mutasi(330587, '2020-09-04 19:1...')
#2 D:\laragon\www\app\system\CodeIgniter.php(914): App\Controllers\Dashboard->data_bayar()
#3 D:\laragon\www\app\system\CodeIgniter.php(400): CodeIgniter\CodeIgniter->runController(Object(App\Controllers\Dashboard))
#4 D:\laragon\www\app\system\CodeIgniter.php(308): CodeIgniter\CodeIgniter->handleRequest(NULL, Object(Config\Cache), false)
#5 D:\laragon\www\app\public\index.php(45): CodeIgniter\CodeIgniter->run()
#6 {main}
CRITICAL - 2020-09-04 19:19:14 --> Undefined variable: cn
#0 D:\laragon\www\app\app\Controllers\BaseController.php(140): CodeIgniter\Debug\Exceptions->errorHandler(8, 'Undefined varia...', 'D:\\laragon\\www\\...', 140, Array)
#1 D:\laragon\www\app\app\Controllers\Dashboard.php(1502): App\Controllers\BaseController->_wa('085226061579', 'tagihan', Array)
#2 D:\laragon\www\app\system\CodeIgniter.php(914): App\Controllers\Dashboard->send()
#3 D:\laragon\www\app\system\CodeIgniter.php(400): CodeIgniter\CodeIgniter->runController(Object(App\Controllers\Dashboard))
#4 D:\laragon\www\app\system\CodeIgniter.php(308): CodeIgniter\CodeIgniter->handleRequest(NULL, Object(Config\Cache), false)
#5 D:\laragon\www\app\public\index.php(45): CodeIgniter\CodeIgniter->run()
#6 {main}
CRITICAL - 2020-09-04 19:19:14 --> Uncaught CodeIgniter\Format\Exceptions\FormatException: Gagal menguraikan string json, kesalahan: "Type is not supported". in D:\laragon\www\app\system\Format\Exceptions\FormatException.php:9
Stack trace:
#0 D:\laragon\www\app\system\Format\JSONFormatter.php(67): CodeIgniter\Format\Exceptions\FormatException::forInvalidJSON('Type is not sup...')
#1 D:\laragon\www\app\system\API\ResponseTrait.php(414): CodeIgniter\Format\JSONFormatter->format(Array)
#2 D:\laragon\www\app\system\API\ResponseTrait.php(134): CodeIgniter\Debug\Exceptions->format(Array)
#3 D:\laragon\www\app\system\Debug\Exceptions.php(166): CodeIgniter\Debug\Exceptions->respond(Array, 500)
#4 [internal function]: CodeIgniter\Debug\Exceptions->exceptionHandler(Object(ErrorException))
#5 {main}
  thrown
#0 [internal function]: CodeIgniter\Debug\Exceptions->shutdownHandler()
#1 {main}
CRITICAL - 2020-09-04 22:12:09 --> Call to undefined method App\Controllers\Dashboard::_notifi()
#0 D:\laragon\www\app\system\CodeIgniter.php(914): App\Controllers\Dashboard->setting('notif')
#1 D:\laragon\www\app\system\CodeIgniter.php(400): CodeIgniter\CodeIgniter->runController(Object(App\Controllers\Dashboard))
#2 D:\laragon\www\app\system\CodeIgniter.php(308): CodeIgniter\CodeIgniter->handleRequest(NULL, Object(Config\Cache), false)
#3 D:\laragon\www\app\public\index.php(45): CodeIgniter\CodeIgniter->run()
#4 {main}
CRITICAL - 2020-09-04 22:16:13 --> Undefined offset: 0
#0 D:\laragon\www\app\app\Views\print.php(38): CodeIgniter\Debug\Exceptions->errorHandler(8, 'Undefined offse...', 'D:\\laragon\\www\\...', 38, Array)
#1 D:\laragon\www\app\system\View\View.php(246): include('D:\\laragon\\www\\...')
#2 D:\laragon\www\app\system\Common.php(1087): CodeIgniter\View\View->render('print', Array, true)
#3 D:\laragon\www\app\app\Controllers\Dashboard.php(1437): view('print', Array)
#4 D:\laragon\www\app\system\CodeIgniter.php(914): App\Controllers\Dashboard->print('IN3452780')
#5 D:\laragon\www\app\system\CodeIgniter.php(400): CodeIgniter\CodeIgniter->runController(Object(App\Controllers\Dashboard))
#6 D:\laragon\www\app\system\CodeIgniter.php(308): CodeIgniter\CodeIgniter->handleRequest(NULL, Object(Config\Cache), false)
#7 D:\laragon\www\app\public\index.php(45): CodeIgniter\CodeIgniter->run()
#8 {main}
CRITICAL - 2020-09-04 22:46:55 --> Berkas tidak valid: tb_kat.php
#0 D:\laragon\www\app\system\View\View.php(228): CodeIgniter\Exceptions\FrameworkException::forInvalidFile('tb_kat.php')
#1 D:\laragon\www\app\system\Common.php(1087): CodeIgniter\View\View->render('tb_kat', Array, true)
#2 D:\laragon\www\app\app\Controllers\Dashboard.php(985): view('tb_kat')
#3 D:\laragon\www\app\app\Controllers\Dashboard.php(975): App\Controllers\Dashboard->_anggaran()
#4 D:\laragon\www\app\system\CodeIgniter.php(914): App\Controllers\Dashboard->biaya('anggaran')
#5 D:\laragon\www\app\system\CodeIgniter.php(400): CodeIgniter\CodeIgniter->runController(Object(App\Controllers\Dashboard))
#6 D:\laragon\www\app\system\CodeIgniter.php(308): CodeIgniter\CodeIgniter->handleRequest(NULL, Object(Config\Cache), false)
#7 D:\laragon\www\app\public\index.php(45): CodeIgniter\CodeIgniter->run()
#8 {main}
CRITICAL - 2020-09-04 22:47:46 --> Berkas tidak valid: tb_kategori.php
#0 D:\laragon\www\app\system\View\View.php(228): CodeIgniter\Exceptions\FrameworkException::forInvalidFile('tb_kategori.php')
#1 D:\laragon\www\app\system\Common.php(1087): CodeIgniter\View\View->render('tb_kategori', Array, true)
#2 D:\laragon\www\app\app\Controllers\Dashboard.php(985): view('tb_kategori')
#3 D:\laragon\www\app\app\Controllers\Dashboard.php(975): App\Controllers\Dashboard->_anggaran()
#4 D:\laragon\www\app\system\CodeIgniter.php(914): App\Controllers\Dashboard->biaya('anggaran')
#5 D:\laragon\www\app\system\CodeIgniter.php(400): CodeIgniter\CodeIgniter->runController(Object(App\Controllers\Dashboard))
#6 D:\laragon\www\app\system\CodeIgniter.php(308): CodeIgniter\CodeIgniter->handleRequest(NULL, Object(Config\Cache), false)
#7 D:\laragon\www\app\public\index.php(45): CodeIgniter\CodeIgniter->run()
#8 {main}
CRITICAL - 2020-09-04 22:48:13 --> Berkas tidak valid: tb_kategori.php
#0 D:\laragon\www\app\system\View\View.php(228): CodeIgniter\Exceptions\FrameworkException::forInvalidFile('tb_kategori.php')
#1 D:\laragon\www\app\system\Common.php(1087): CodeIgniter\View\View->render('tb_kategori', Array, true)
#2 D:\laragon\www\app\app\Controllers\Dashboard.php(985): view('tb_kategori')
#3 D:\laragon\www\app\app\Controllers\Dashboard.php(975): App\Controllers\Dashboard->_anggaran()
#4 D:\laragon\www\app\system\CodeIgniter.php(914): App\Controllers\Dashboard->biaya('anggaran')
#5 D:\laragon\www\app\system\CodeIgniter.php(400): CodeIgniter\CodeIgniter->runController(Object(App\Controllers\Dashboard))
#6 D:\laragon\www\app\system\CodeIgniter.php(308): CodeIgniter\CodeIgniter->handleRequest(NULL, Object(Config\Cache), false)
#7 D:\laragon\www\app\public\index.php(45): CodeIgniter\CodeIgniter->run()
#8 {main}
CRITICAL - 2020-09-04 22:48:14 --> Berkas tidak valid: tb_kategori.php
#0 D:\laragon\www\app\system\View\View.php(228): CodeIgniter\Exceptions\FrameworkException::forInvalidFile('tb_kategori.php')
#1 D:\laragon\www\app\system\Common.php(1087): CodeIgniter\View\View->render('tb_kategori', Array, true)
#2 D:\laragon\www\app\app\Controllers\Dashboard.php(985): view('tb_kategori')
#3 D:\laragon\www\app\app\Controllers\Dashboard.php(975): App\Controllers\Dashboard->_anggaran()
#4 D:\laragon\www\app\system\CodeIgniter.php(914): App\Controllers\Dashboard->biaya('anggaran')
#5 D:\laragon\www\app\system\CodeIgniter.php(400): CodeIgniter\CodeIgniter->runController(Object(App\Controllers\Dashboard))
#6 D:\laragon\www\app\system\CodeIgniter.php(308): CodeIgniter\CodeIgniter->handleRequest(NULL, Object(Config\Cache), false)
#7 D:\laragon\www\app\public\index.php(45): CodeIgniter\CodeIgniter->run()
#8 {main}
CRITICAL - 2020-09-04 22:48:14 --> Berkas tidak valid: tb_kategori.php
#0 D:\laragon\www\app\system\View\View.php(228): CodeIgniter\Exceptions\FrameworkException::forInvalidFile('tb_kategori.php')
#1 D:\laragon\www\app\system\Common.php(1087): CodeIgniter\View\View->render('tb_kategori', Array, true)
#2 D:\laragon\www\app\app\Controllers\Dashboard.php(985): view('tb_kategori')
#3 D:\laragon\www\app\app\Controllers\Dashboard.php(975): App\Controllers\Dashboard->_anggaran()
#4 D:\laragon\www\app\system\CodeIgniter.php(914): App\Controllers\Dashboard->biaya('anggaran')
#5 D:\laragon\www\app\system\CodeIgniter.php(400): CodeIgniter\CodeIgniter->runController(Object(App\Controllers\Dashboard))
#6 D:\laragon\www\app\system\CodeIgniter.php(308): CodeIgniter\CodeIgniter->handleRequest(NULL, Object(Config\Cache), false)
#7 D:\laragon\www\app\public\index.php(45): CodeIgniter\CodeIgniter->run()
#8 {main}
CRITICAL - 2020-09-04 22:50:51 --> Unknown column 'anggaran_kategori' in 'field list'
#0 D:\laragon\www\app\system\Database\MySQLi\Connection.php(331): mysqli->query('INSERT INTO `tb...')
#1 D:\laragon\www\app\system\Database\BaseConnection.php(738): CodeIgniter\Database\MySQLi\Connection->execute('INSERT INTO `tb...')
#2 D:\laragon\www\app\system\Database\BaseConnection.php(666): CodeIgniter\Database\BaseConnection->simpleQuery('INSERT INTO `tb...')
#3 D:\laragon\www\app\system\Database\BaseBuilder.php(2234): CodeIgniter\Database\BaseConnection->query('INSERT INTO `tb...', Array, false)
#4 D:\laragon\www\app\app\Models\Mdata.php(18): CodeIgniter\Database\BaseBuilder->insert(Array)
#5 D:\laragon\www\app\app\Controllers\Dashboard.php(1052): App\Models\Mdata->safe(Array, 'tb_anggaran')
#6 D:\laragon\www\app\system\CodeIgniter.php(914): App\Controllers\Dashboard->act_ang()
#7 D:\laragon\www\app\system\CodeIgniter.php(400): CodeIgniter\CodeIgniter->runController(Object(App\Controllers\Dashboard))
#8 D:\laragon\www\app\system\CodeIgniter.php(308): CodeIgniter\CodeIgniter->handleRequest(NULL, Object(Config\Cache), false)
#9 D:\laragon\www\app\public\index.php(45): CodeIgniter\CodeIgniter->run()
#10 {main}
CRITICAL - 2020-09-04 22:50:56 --> Unknown column 'anggaran_kategori' in 'field list'
#0 D:\laragon\www\app\system\Database\MySQLi\Connection.php(331): mysqli->query('INSERT INTO `tb...')
#1 D:\laragon\www\app\system\Database\BaseConnection.php(738): CodeIgniter\Database\MySQLi\Connection->execute('INSERT INTO `tb...')
#2 D:\laragon\www\app\system\Database\BaseConnection.php(666): CodeIgniter\Database\BaseConnection->simpleQuery('INSERT INTO `tb...')
#3 D:\laragon\www\app\system\Database\BaseBuilder.php(2234): CodeIgniter\Database\BaseConnection->query('INSERT INTO `tb...', Array, false)
#4 D:\laragon\www\app\app\Models\Mdata.php(18): CodeIgniter\Database\BaseBuilder->insert(Array)
#5 D:\laragon\www\app\app\Controllers\Dashboard.php(1052): App\Models\Mdata->safe(Array, 'tb_anggaran')
#6 D:\laragon\www\app\system\CodeIgniter.php(914): App\Controllers\Dashboard->act_ang()
#7 D:\laragon\www\app\system\CodeIgniter.php(400): CodeIgniter\CodeIgniter->runController(Object(App\Controllers\Dashboard))
#8 D:\laragon\www\app\system\CodeIgniter.php(308): CodeIgniter\CodeIgniter->handleRequest(NULL, Object(Config\Cache), false)
#9 D:\laragon\www\app\public\index.php(45): CodeIgniter\CodeIgniter->run()
#10 {main}
CRITICAL - 2020-09-04 22:53:27 --> Unknown column 'tb_kategori.kategori.id' in 'on clause'
#0 D:\laragon\www\app\system\Database\MySQLi\Connection.php(331): mysqli->query('SELECT *\nFROM `...')
#1 D:\laragon\www\app\system\Database\BaseConnection.php(738): CodeIgniter\Database\MySQLi\Connection->execute('SELECT *\nFROM `...')
#2 D:\laragon\www\app\system\Database\BaseConnection.php(666): CodeIgniter\Database\BaseConnection->simpleQuery('SELECT *\nFROM `...')
#3 D:\laragon\www\app\system\Database\BaseBuilder.php(1845): CodeIgniter\Database\BaseConnection->query('SELECT *\nFROM `...', Array, false)
#4 D:\laragon\www\app\app\Models\Mdata.php(173): CodeIgniter\Database\BaseBuilder->get()
#5 D:\laragon\www\app\app\Controllers\Dashboard.php(1003): App\Models\Mdata->join(Array, Array, Array)
#6 D:\laragon\www\app\system\CodeIgniter.php(914): App\Controllers\Dashboard->data_anggaran()
#7 D:\laragon\www\app\system\CodeIgniter.php(400): CodeIgniter\CodeIgniter->runController(Object(App\Controllers\Dashboard))
#8 D:\laragon\www\app\system\CodeIgniter.php(308): CodeIgniter\CodeIgniter->handleRequest(NULL, Object(Config\Cache), false)
#9 D:\laragon\www\app\public\index.php(45): CodeIgniter\CodeIgniter->run()
#10 {main}
CRITICAL - 2020-09-04 22:53:33 --> Unknown column 'tb_kategori.kategori.id' in 'on clause'
#0 D:\laragon\www\app\system\Database\MySQLi\Connection.php(331): mysqli->query('SELECT *\nFROM `...')
#1 D:\laragon\www\app\system\Database\BaseConnection.php(738): CodeIgniter\Database\MySQLi\Connection->execute('SELECT *\nFROM `...')
#2 D:\laragon\www\app\system\Database\BaseConnection.php(666): CodeIgniter\Database\BaseConnection->simpleQuery('SELECT *\nFROM `...')
#3 D:\laragon\www\app\system\Database\BaseBuilder.php(1845): CodeIgniter\Database\BaseConnection->query('SELECT *\nFROM `...', Array, false)
#4 D:\laragon\www\app\app\Models\Mdata.php(173): CodeIgniter\Database\BaseBuilder->get()
#5 D:\laragon\www\app\app\Controllers\Dashboard.php(1003): App\Models\Mdata->join(Array, Array, Array)
#6 D:\laragon\www\app\system\CodeIgniter.php(914): App\Controllers\Dashboard->data_anggaran()
#7 D:\laragon\www\app\system\CodeIgniter.php(400): CodeIgniter\CodeIgniter->runController(Object(App\Controllers\Dashboard))
#8 D:\laragon\www\app\system\CodeIgniter.php(308): CodeIgniter\CodeIgniter->handleRequest(NULL, Object(Config\Cache), false)
#9 D:\laragon\www\app\public\index.php(45): CodeIgniter\CodeIgniter->run()
#10 {main}
