CRITICAL - 2020-08-22 14:11:34 --> No database selected
#0 D:\project\invoice\system\Database\MySQLi\Connection.php(331): mysqli->query('SELECT *\nFROM `...')
#1 D:\project\invoice\system\Database\BaseConnection.php(738): CodeIgniter\Database\MySQLi\Connection->execute('SELECT *\nFROM `...')
#2 D:\project\invoice\system\Database\BaseConnection.php(666): CodeIgniter\Database\BaseConnection->simpleQuery('SELECT *\nFROM `...')
#3 D:\project\invoice\system\Database\BaseBuilder.php(2004): CodeIgniter\Database\BaseConnection->query('SELECT *\nFROM `...', Array, false)
#4 D:\project\invoice\app\Models\Mdata.php(29): CodeIgniter\Database\BaseBuilder->getWhere(Array)
#5 D:\project\invoice\app\Controllers\Home.php(53): App\Models\Mdata->cc(Array, 'tb_account')
#6 D:\project\invoice\system\CodeIgniter.php(914): App\Controllers\Home->action()
#7 D:\project\invoice\system\CodeIgniter.php(400): CodeIgniter\CodeIgniter->runController(Object(App\Controllers\Home))
#8 D:\project\invoice\system\CodeIgniter.php(308): CodeIgniter\CodeIgniter->handleRequest(NULL, Object(Config\Cache), false)
#9 D:\project\invoice\public\index.php(45): CodeIgniter\CodeIgniter->run()
#10 D:\project\invoice\system\Commands\Server\rewrite.php(34): require_once('D:\\project\\invo...')
#11 {main}
CRITICAL - 2020-08-22 14:12:52 --> 
#0 D:\project\invoice\system\HTTP\RedirectResponse.php(92): CodeIgniter\HTTP\Exceptions\HTTPException::forInvalidRedirectRoute('')
#1 D:\project\invoice\system\Common.php(813): CodeIgniter\HTTP\RedirectResponse->route(false)
#2 D:\project\invoice\app\Controllers\Home.php(68): redirect('admin')
#3 D:\project\invoice\system\CodeIgniter.php(914): App\Controllers\Home->action()
#4 D:\project\invoice\system\CodeIgniter.php(400): CodeIgniter\CodeIgniter->runController(Object(App\Controllers\Home))
#5 D:\project\invoice\system\CodeIgniter.php(308): CodeIgniter\CodeIgniter->handleRequest(NULL, Object(Config\Cache), false)
#6 D:\project\invoice\public\index.php(45): CodeIgniter\CodeIgniter->run()
#7 D:\project\invoice\system\Commands\Server\rewrite.php(34): require_once('D:\\project\\invo...')
#8 {main}
CRITICAL - 2020-08-22 14:13:21 --> 
#0 D:\project\invoice\system\HTTP\RedirectResponse.php(92): CodeIgniter\HTTP\Exceptions\HTTPException::forInvalidRedirectRoute('')
#1 D:\project\invoice\system\Common.php(813): CodeIgniter\HTTP\RedirectResponse->route(false)
#2 D:\project\invoice\app\Controllers\Home.php(68): redirect('admin')
#3 D:\project\invoice\system\CodeIgniter.php(914): App\Controllers\Home->action()
#4 D:\project\invoice\system\CodeIgniter.php(400): CodeIgniter\CodeIgniter->runController(Object(App\Controllers\Home))
#5 D:\project\invoice\system\CodeIgniter.php(308): CodeIgniter\CodeIgniter->handleRequest(NULL, Object(Config\Cache), false)
#6 D:\project\invoice\public\index.php(45): CodeIgniter\CodeIgniter->run()
#7 D:\project\invoice\system\Commands\Server\rewrite.php(34): require_once('D:\\project\\invo...')
#8 {main}
CRITICAL - 2020-08-22 14:30:24 --> Undefined variable: act
#0 D:\project\invoice\app\Views\template\sidebar.php(12): CodeIgniter\Debug\Exceptions->errorHandler(8, 'Undefined varia...', 'D:\\project\\invo...', 12, Array)
#1 D:\project\invoice\system\View\View.php(246): include('D:\\project\\invo...')
#2 D:\project\invoice\system\View\View.php(525): CodeIgniter\View\View->render('template/sideba...', NULL, true)
#3 D:\project\invoice\app\Views\template\base.php(40): CodeIgniter\View\View->include('template/sideba...')
#4 D:\project\invoice\system\View\View.php(246): include('D:\\project\\invo...')
#5 D:\project\invoice\system\View\View.php(257): CodeIgniter\View\View->render('template/base', Array, true)
#6 D:\project\invoice\system\Common.php(1087): CodeIgniter\View\View->render('template/layer', Array, true)
#7 D:\project\invoice\app\Controllers\Home.php(19): view('template/layer', Array)
#8 D:\project\invoice\system\CodeIgniter.php(914): App\Controllers\Home->index()
#9 D:\project\invoice\system\CodeIgniter.php(400): CodeIgniter\CodeIgniter->runController(Object(App\Controllers\Home))
#10 D:\project\invoice\system\CodeIgniter.php(308): CodeIgniter\CodeIgniter->handleRequest(NULL, Object(Config\Cache), false)
#11 D:\project\invoice\public\index.php(45): CodeIgniter\CodeIgniter->run()
#12 D:\project\invoice\system\Commands\Server\rewrite.php(34): require_once('D:\\project\\invo...')
#13 {main}
CRITICAL - 2020-08-22 14:30:30 --> Undefined variable: act
#0 D:\project\invoice\app\Views\template\sidebar.php(12): CodeIgniter\Debug\Exceptions->errorHandler(8, 'Undefined varia...', 'D:\\project\\invo...', 12, Array)
#1 D:\project\invoice\system\View\View.php(246): include('D:\\project\\invo...')
#2 D:\project\invoice\system\View\View.php(525): CodeIgniter\View\View->render('template/sideba...', NULL, true)
#3 D:\project\invoice\app\Views\template\base.php(40): CodeIgniter\View\View->include('template/sideba...')
#4 D:\project\invoice\system\View\View.php(246): include('D:\\project\\invo...')
#5 D:\project\invoice\system\View\View.php(257): CodeIgniter\View\View->render('template/base', Array, true)
#6 D:\project\invoice\system\Common.php(1087): CodeIgniter\View\View->render('template/layer', Array, true)
#7 D:\project\invoice\app\Controllers\Home.php(19): view('template/layer', Array)
#8 D:\project\invoice\system\CodeIgniter.php(914): App\Controllers\Home->index()
#9 D:\project\invoice\system\CodeIgniter.php(400): CodeIgniter\CodeIgniter->runController(Object(App\Controllers\Home))
#10 D:\project\invoice\system\CodeIgniter.php(308): CodeIgniter\CodeIgniter->handleRequest(NULL, Object(Config\Cache), false)
#11 D:\project\invoice\public\index.php(45): CodeIgniter\CodeIgniter->run()
#12 D:\project\invoice\system\Commands\Server\rewrite.php(34): require_once('D:\\project\\invo...')
#13 {main}
CRITICAL - 2020-08-22 14:31:55 --> Undefined variable: act
#0 D:\project\invoice\app\Views\template\sidebar.php(12): CodeIgniter\Debug\Exceptions->errorHandler(8, 'Undefined varia...', 'D:\\project\\invo...', 12, Array)
#1 D:\project\invoice\system\View\View.php(246): include('D:\\project\\invo...')
#2 D:\project\invoice\system\View\View.php(525): CodeIgniter\View\View->render('template/sideba...', NULL, true)
#3 D:\project\invoice\app\Views\template\base.php(40): CodeIgniter\View\View->include('template/sideba...')
#4 D:\project\invoice\system\View\View.php(246): include('D:\\project\\invo...')
#5 D:\project\invoice\system\View\View.php(257): CodeIgniter\View\View->render('template/base', Array, true)
#6 D:\project\invoice\system\Common.php(1087): CodeIgniter\View\View->render('template/layer', Array, true)
#7 D:\project\invoice\app\Controllers\Home.php(19): view('template/layer', Array)
#8 D:\project\invoice\system\CodeIgniter.php(914): App\Controllers\Home->index()
#9 D:\project\invoice\system\CodeIgniter.php(400): CodeIgniter\CodeIgniter->runController(Object(App\Controllers\Home))
#10 D:\project\invoice\system\CodeIgniter.php(308): CodeIgniter\CodeIgniter->handleRequest(NULL, Object(Config\Cache), false)
#11 D:\project\invoice\public\index.php(45): CodeIgniter\CodeIgniter->run()
#12 D:\project\invoice\system\Commands\Server\rewrite.php(34): require_once('D:\\project\\invo...')
#13 {main}
CRITICAL - 2020-08-22 14:31:59 --> Undefined variable: act
#0 D:\project\invoice\app\Views\template\sidebar.php(12): CodeIgniter\Debug\Exceptions->errorHandler(8, 'Undefined varia...', 'D:\\project\\invo...', 12, Array)
#1 D:\project\invoice\system\View\View.php(246): include('D:\\project\\invo...')
#2 D:\project\invoice\system\View\View.php(525): CodeIgniter\View\View->render('template/sideba...', NULL, true)
#3 D:\project\invoice\app\Views\template\base.php(40): CodeIgniter\View\View->include('template/sideba...')
#4 D:\project\invoice\system\View\View.php(246): include('D:\\project\\invo...')
#5 D:\project\invoice\system\View\View.php(257): CodeIgniter\View\View->render('template/base', Array, true)
#6 D:\project\invoice\system\Common.php(1087): CodeIgniter\View\View->render('template/layer', Array, true)
#7 D:\project\invoice\app\Controllers\Home.php(19): view('template/layer', Array)
#8 D:\project\invoice\system\CodeIgniter.php(914): App\Controllers\Home->index()
#9 D:\project\invoice\system\CodeIgniter.php(400): CodeIgniter\CodeIgniter->runController(Object(App\Controllers\Home))
#10 D:\project\invoice\system\CodeIgniter.php(308): CodeIgniter\CodeIgniter->handleRequest(NULL, Object(Config\Cache), false)
#11 D:\project\invoice\public\index.php(45): CodeIgniter\CodeIgniter->run()
#12 D:\project\invoice\system\Commands\Server\rewrite.php(34): require_once('D:\\project\\invo...')
#13 {main}
CRITICAL - 2020-08-22 14:32:25 --> Undefined variable: act
#0 D:\project\invoice\app\Views\template\sidebar.php(12): CodeIgniter\Debug\Exceptions->errorHandler(8, 'Undefined varia...', 'D:\\project\\invo...', 12, Array)
#1 D:\project\invoice\system\View\View.php(246): include('D:\\project\\invo...')
#2 D:\project\invoice\system\View\View.php(525): CodeIgniter\View\View->render('template/sideba...', NULL, true)
#3 D:\project\invoice\app\Views\template\base.php(40): CodeIgniter\View\View->include('template/sideba...')
#4 D:\project\invoice\system\View\View.php(246): include('D:\\project\\invo...')
#5 D:\project\invoice\system\View\View.php(257): CodeIgniter\View\View->render('template/base', Array, true)
#6 D:\project\invoice\system\Common.php(1087): CodeIgniter\View\View->render('template/layer', Array, true)
#7 D:\project\invoice\app\Controllers\Home.php(19): view('template/layer', Array)
#8 D:\project\invoice\system\CodeIgniter.php(914): App\Controllers\Home->index()
#9 D:\project\invoice\system\CodeIgniter.php(400): CodeIgniter\CodeIgniter->runController(Object(App\Controllers\Home))
#10 D:\project\invoice\system\CodeIgniter.php(308): CodeIgniter\CodeIgniter->handleRequest(NULL, Object(Config\Cache), false)
#11 D:\project\invoice\public\index.php(45): CodeIgniter\CodeIgniter->run()
#12 D:\project\invoice\system\Commands\Server\rewrite.php(34): require_once('D:\\project\\invo...')
#13 {main}
CRITICAL - 2020-08-22 14:32:26 --> Undefined variable: act
#0 D:\project\invoice\app\Views\template\sidebar.php(12): CodeIgniter\Debug\Exceptions->errorHandler(8, 'Undefined varia...', 'D:\\project\\invo...', 12, Array)
#1 D:\project\invoice\system\View\View.php(246): include('D:\\project\\invo...')
#2 D:\project\invoice\system\View\View.php(525): CodeIgniter\View\View->render('template/sideba...', NULL, true)
#3 D:\project\invoice\app\Views\template\base.php(40): CodeIgniter\View\View->include('template/sideba...')
#4 D:\project\invoice\system\View\View.php(246): include('D:\\project\\invo...')
#5 D:\project\invoice\system\View\View.php(257): CodeIgniter\View\View->render('template/base', Array, true)
#6 D:\project\invoice\system\Common.php(1087): CodeIgniter\View\View->render('template/layer', Array, true)
#7 D:\project\invoice\app\Controllers\Home.php(19): view('template/layer', Array)
#8 D:\project\invoice\system\CodeIgniter.php(914): App\Controllers\Home->index()
#9 D:\project\invoice\system\CodeIgniter.php(400): CodeIgniter\CodeIgniter->runController(Object(App\Controllers\Home))
#10 D:\project\invoice\system\CodeIgniter.php(308): CodeIgniter\CodeIgniter->handleRequest(NULL, Object(Config\Cache), false)
#11 D:\project\invoice\public\index.php(45): CodeIgniter\CodeIgniter->run()
#12 D:\project\invoice\system\Commands\Server\rewrite.php(34): require_once('D:\\project\\invo...')
#13 {main}
CRITICAL - 2020-08-22 14:32:29 --> Undefined variable: act
#0 D:\project\invoice\app\Views\template\sidebar.php(12): CodeIgniter\Debug\Exceptions->errorHandler(8, 'Undefined varia...', 'D:\\project\\invo...', 12, Array)
#1 D:\project\invoice\system\View\View.php(246): include('D:\\project\\invo...')
#2 D:\project\invoice\system\View\View.php(525): CodeIgniter\View\View->render('template/sideba...', NULL, true)
#3 D:\project\invoice\app\Views\template\base.php(40): CodeIgniter\View\View->include('template/sideba...')
#4 D:\project\invoice\system\View\View.php(246): include('D:\\project\\invo...')
#5 D:\project\invoice\system\View\View.php(257): CodeIgniter\View\View->render('template/base', Array, true)
#6 D:\project\invoice\system\Common.php(1087): CodeIgniter\View\View->render('template/layer', Array, true)
#7 D:\project\invoice\app\Controllers\Home.php(19): view('template/layer', Array)
#8 D:\project\invoice\system\CodeIgniter.php(914): App\Controllers\Home->index()
#9 D:\project\invoice\system\CodeIgniter.php(400): CodeIgniter\CodeIgniter->runController(Object(App\Controllers\Home))
#10 D:\project\invoice\system\CodeIgniter.php(308): CodeIgniter\CodeIgniter->handleRequest(NULL, Object(Config\Cache), false)
#11 D:\project\invoice\public\index.php(45): CodeIgniter\CodeIgniter->run()
#12 D:\project\invoice\system\Commands\Server\rewrite.php(34): require_once('D:\\project\\invo...')
#13 {main}
CRITICAL - 2020-08-22 14:33:29 --> Undefined variable: act
#0 D:\project\invoice\app\Views\template\sidebar.php(12): CodeIgniter\Debug\Exceptions->errorHandler(8, 'Undefined varia...', 'D:\\project\\invo...', 12, Array)
#1 D:\project\invoice\system\View\View.php(246): include('D:\\project\\invo...')
#2 D:\project\invoice\system\View\View.php(525): CodeIgniter\View\View->render('template/sideba...', NULL, true)
#3 D:\project\invoice\app\Views\template\base.php(40): CodeIgniter\View\View->include('template/sideba...')
#4 D:\project\invoice\system\View\View.php(246): include('D:\\project\\invo...')
#5 D:\project\invoice\system\View\View.php(257): CodeIgniter\View\View->render('template/base', Array, true)
#6 D:\project\invoice\system\Common.php(1087): CodeIgniter\View\View->render('template/layer', Array, true)
#7 D:\project\invoice\app\Controllers\Home.php(19): view('template/layer', Array)
#8 D:\project\invoice\system\CodeIgniter.php(914): App\Controllers\Home->index()
#9 D:\project\invoice\system\CodeIgniter.php(400): CodeIgniter\CodeIgniter->runController(Object(App\Controllers\Home))
#10 D:\project\invoice\system\CodeIgniter.php(308): CodeIgniter\CodeIgniter->handleRequest(NULL, Object(Config\Cache), false)
#11 D:\project\invoice\public\index.php(45): CodeIgniter\CodeIgniter->run()
#12 D:\project\invoice\system\Commands\Server\rewrite.php(34): require_once('D:\\project\\invo...')
#13 {main}
CRITICAL - 2020-08-22 14:34:21 --> Undefined variable: act
#0 D:\project\invoice\app\Views\template\sidebar.php(12): CodeIgniter\Debug\Exceptions->errorHandler(8, 'Undefined varia...', 'D:\\project\\invo...', 12, Array)
#1 D:\project\invoice\system\View\View.php(246): include('D:\\project\\invo...')
#2 D:\project\invoice\system\View\View.php(525): CodeIgniter\View\View->render('template/sideba...', NULL, true)
#3 D:\project\invoice\app\Views\template\base.php(40): CodeIgniter\View\View->include('template/sideba...')
#4 D:\project\invoice\system\View\View.php(246): include('D:\\project\\invo...')
#5 D:\project\invoice\system\View\View.php(257): CodeIgniter\View\View->render('template/base', Array, true)
#6 D:\project\invoice\system\Common.php(1087): CodeIgniter\View\View->render('template/layer', Array, true)
#7 D:\project\invoice\app\Controllers\Home.php(19): view('template/layer', Array)
#8 D:\project\invoice\system\CodeIgniter.php(914): App\Controllers\Home->index()
#9 D:\project\invoice\system\CodeIgniter.php(400): CodeIgniter\CodeIgniter->runController(Object(App\Controllers\Home))
#10 D:\project\invoice\system\CodeIgniter.php(308): CodeIgniter\CodeIgniter->handleRequest(NULL, Object(Config\Cache), false)
#11 D:\project\invoice\public\index.php(45): CodeIgniter\CodeIgniter->run()
#12 D:\project\invoice\system\Commands\Server\rewrite.php(34): require_once('D:\\project\\invo...')
#13 {main}
CRITICAL - 2020-08-22 14:34:22 --> Undefined variable: act
#0 D:\project\invoice\app\Views\template\sidebar.php(12): CodeIgniter\Debug\Exceptions->errorHandler(8, 'Undefined varia...', 'D:\\project\\invo...', 12, Array)
#1 D:\project\invoice\system\View\View.php(246): include('D:\\project\\invo...')
#2 D:\project\invoice\system\View\View.php(525): CodeIgniter\View\View->render('template/sideba...', NULL, true)
#3 D:\project\invoice\app\Views\template\base.php(40): CodeIgniter\View\View->include('template/sideba...')
#4 D:\project\invoice\system\View\View.php(246): include('D:\\project\\invo...')
#5 D:\project\invoice\system\View\View.php(257): CodeIgniter\View\View->render('template/base', Array, true)
#6 D:\project\invoice\system\Common.php(1087): CodeIgniter\View\View->render('template/layer', Array, true)
#7 D:\project\invoice\app\Controllers\Home.php(19): view('template/layer', Array)
#8 D:\project\invoice\system\CodeIgniter.php(914): App\Controllers\Home->index()
#9 D:\project\invoice\system\CodeIgniter.php(400): CodeIgniter\CodeIgniter->runController(Object(App\Controllers\Home))
#10 D:\project\invoice\system\CodeIgniter.php(308): CodeIgniter\CodeIgniter->handleRequest(NULL, Object(Config\Cache), false)
#11 D:\project\invoice\public\index.php(45): CodeIgniter\CodeIgniter->run()
#12 D:\project\invoice\system\Commands\Server\rewrite.php(34): require_once('D:\\project\\invo...')
#13 {main}
CRITICAL - 2020-08-22 14:34:27 --> Undefined variable: act
#0 D:\project\invoice\app\Views\template\sidebar.php(12): CodeIgniter\Debug\Exceptions->errorHandler(8, 'Undefined varia...', 'D:\\project\\invo...', 12, Array)
#1 D:\project\invoice\system\View\View.php(246): include('D:\\project\\invo...')
#2 D:\project\invoice\system\View\View.php(525): CodeIgniter\View\View->render('template/sideba...', NULL, true)
#3 D:\project\invoice\app\Views\template\base.php(40): CodeIgniter\View\View->include('template/sideba...')
#4 D:\project\invoice\system\View\View.php(246): include('D:\\project\\invo...')
#5 D:\project\invoice\system\View\View.php(257): CodeIgniter\View\View->render('template/base', Array, true)
#6 D:\project\invoice\system\Common.php(1087): CodeIgniter\View\View->render('template/layer', Array, true)
#7 D:\project\invoice\app\Controllers\Home.php(19): view('template/layer', Array)
#8 D:\project\invoice\system\CodeIgniter.php(914): App\Controllers\Home->index()
#9 D:\project\invoice\system\CodeIgniter.php(400): CodeIgniter\CodeIgniter->runController(Object(App\Controllers\Home))
#10 D:\project\invoice\system\CodeIgniter.php(308): CodeIgniter\CodeIgniter->handleRequest(NULL, Object(Config\Cache), false)
#11 D:\project\invoice\public\index.php(45): CodeIgniter\CodeIgniter->run()
#12 D:\project\invoice\system\Commands\Server\rewrite.php(34): require_once('D:\\project\\invo...')
#13 {main}
CRITICAL - 2020-08-22 14:35:20 --> Undefined variable: act
#0 D:\project\invoice\app\Views\template\sidebar.php(12): CodeIgniter\Debug\Exceptions->errorHandler(8, 'Undefined varia...', 'D:\\project\\invo...', 12, Array)
#1 D:\project\invoice\system\View\View.php(246): include('D:\\project\\invo...')
#2 D:\project\invoice\system\View\View.php(525): CodeIgniter\View\View->render('template/sideba...', NULL, true)
#3 D:\project\invoice\app\Views\template\base.php(40): CodeIgniter\View\View->include('template/sideba...')
#4 D:\project\invoice\system\View\View.php(246): include('D:\\project\\invo...')
#5 D:\project\invoice\system\View\View.php(257): CodeIgniter\View\View->render('template/base', Array, true)
#6 D:\project\invoice\system\Common.php(1087): CodeIgniter\View\View->render('template/layer', Array, true)
#7 D:\project\invoice\app\Controllers\Home.php(19): view('template/layer', Array)
#8 D:\project\invoice\system\CodeIgniter.php(914): App\Controllers\Home->index()
#9 D:\project\invoice\system\CodeIgniter.php(400): CodeIgniter\CodeIgniter->runController(Object(App\Controllers\Home))
#10 D:\project\invoice\system\CodeIgniter.php(308): CodeIgniter\CodeIgniter->handleRequest(NULL, Object(Config\Cache), false)
#11 D:\project\invoice\public\index.php(45): CodeIgniter\CodeIgniter->run()
#12 D:\project\invoice\system\Commands\Server\rewrite.php(34): require_once('D:\\project\\invo...')
#13 {main}
CRITICAL - 2020-08-22 14:39:23 --> Undefined variable: seg1
#0 D:\project\invoice\app\Views\template\base.php(5): CodeIgniter\Debug\Exceptions->errorHandler(8, 'Undefined varia...', 'D:\\project\\invo...', 5, Array)
#1 D:\project\invoice\system\View\View.php(246): include('D:\\project\\invo...')
#2 D:\project\invoice\system\View\View.php(257): CodeIgniter\View\View->render('template/base', Array, true)
#3 D:\project\invoice\system\Common.php(1087): CodeIgniter\View\View->render('template/layer', Array, true)
#4 D:\project\invoice\app\Controllers\Admin.php(21): view('template/layer', Array)
#5 D:\project\invoice\system\CodeIgniter.php(914): App\Controllers\Admin->index()
#6 D:\project\invoice\system\CodeIgniter.php(400): CodeIgniter\CodeIgniter->runController(Object(App\Controllers\Admin))
#7 D:\project\invoice\system\CodeIgniter.php(308): CodeIgniter\CodeIgniter->handleRequest(NULL, Object(Config\Cache), false)
#8 D:\project\invoice\public\index.php(45): CodeIgniter\CodeIgniter->run()
#9 D:\project\invoice\system\Commands\Server\rewrite.php(34): require_once('D:\\project\\invo...')
#10 {main}
CRITICAL - 2020-08-22 14:43:30 --> Undefined variable: act
#0 D:\project\invoice\app\Views\template\sidebar.php(12): CodeIgniter\Debug\Exceptions->errorHandler(8, 'Undefined varia...', 'D:\\project\\invo...', 12, Array)
#1 D:\project\invoice\system\View\View.php(246): include('D:\\project\\invo...')
#2 D:\project\invoice\system\View\View.php(525): CodeIgniter\View\View->render('template/sideba...', NULL, true)
#3 D:\project\invoice\app\Views\template\base.php(46): CodeIgniter\View\View->include('template/sideba...')
#4 D:\project\invoice\system\View\View.php(246): include('D:\\project\\invo...')
#5 D:\project\invoice\system\View\View.php(257): CodeIgniter\View\View->render('template/base', Array, true)
#6 D:\project\invoice\system\Common.php(1087): CodeIgniter\View\View->render('template/layer', Array, true)
#7 D:\project\invoice\app\Controllers\Home.php(19): view('template/layer', Array)
#8 D:\project\invoice\system\CodeIgniter.php(914): App\Controllers\Home->index()
#9 D:\project\invoice\system\CodeIgniter.php(400): CodeIgniter\CodeIgniter->runController(Object(App\Controllers\Home))
#10 D:\project\invoice\system\CodeIgniter.php(308): CodeIgniter\CodeIgniter->handleRequest(NULL, Object(Config\Cache), false)
#11 D:\project\invoice\public\index.php(45): CodeIgniter\CodeIgniter->run()
#12 D:\project\invoice\system\Commands\Server\rewrite.php(34): require_once('D:\\project\\invo...')
#13 {main}
CRITICAL - 2020-08-22 14:43:39 --> Undefined variable: act
#0 D:\project\invoice\app\Views\template\sidebar.php(12): CodeIgniter\Debug\Exceptions->errorHandler(8, 'Undefined varia...', 'D:\\project\\invo...', 12, Array)
#1 D:\project\invoice\system\View\View.php(246): include('D:\\project\\invo...')
#2 D:\project\invoice\system\View\View.php(525): CodeIgniter\View\View->render('template/sideba...', NULL, true)
#3 D:\project\invoice\app\Views\template\base.php(46): CodeIgniter\View\View->include('template/sideba...')
#4 D:\project\invoice\system\View\View.php(246): include('D:\\project\\invo...')
#5 D:\project\invoice\system\View\View.php(257): CodeIgniter\View\View->render('template/base', Array, true)
#6 D:\project\invoice\system\Common.php(1087): CodeIgniter\View\View->render('template/layer', Array, true)
#7 D:\project\invoice\app\Controllers\Home.php(19): view('template/layer', Array)
#8 D:\project\invoice\system\CodeIgniter.php(914): App\Controllers\Home->index()
#9 D:\project\invoice\system\CodeIgniter.php(400): CodeIgniter\CodeIgniter->runController(Object(App\Controllers\Home))
#10 D:\project\invoice\system\CodeIgniter.php(308): CodeIgniter\CodeIgniter->handleRequest(NULL, Object(Config\Cache), false)
#11 D:\project\invoice\public\index.php(45): CodeIgniter\CodeIgniter->run()
#12 D:\project\invoice\system\Commands\Server\rewrite.php(34): require_once('D:\\project\\invo...')
#13 {main}
CRITICAL - 2020-08-22 14:43:40 --> Undefined variable: act
#0 D:\project\invoice\app\Views\template\sidebar.php(12): CodeIgniter\Debug\Exceptions->errorHandler(8, 'Undefined varia...', 'D:\\project\\invo...', 12, Array)
#1 D:\project\invoice\system\View\View.php(246): include('D:\\project\\invo...')
#2 D:\project\invoice\system\View\View.php(525): CodeIgniter\View\View->render('template/sideba...', NULL, true)
#3 D:\project\invoice\app\Views\template\base.php(46): CodeIgniter\View\View->include('template/sideba...')
#4 D:\project\invoice\system\View\View.php(246): include('D:\\project\\invo...')
#5 D:\project\invoice\system\View\View.php(257): CodeIgniter\View\View->render('template/base', Array, true)
#6 D:\project\invoice\system\Common.php(1087): CodeIgniter\View\View->render('template/layer', Array, true)
#7 D:\project\invoice\app\Controllers\Home.php(19): view('template/layer', Array)
#8 D:\project\invoice\system\CodeIgniter.php(914): App\Controllers\Home->index()
#9 D:\project\invoice\system\CodeIgniter.php(400): CodeIgniter\CodeIgniter->runController(Object(App\Controllers\Home))
#10 D:\project\invoice\system\CodeIgniter.php(308): CodeIgniter\CodeIgniter->handleRequest(NULL, Object(Config\Cache), false)
#11 D:\project\invoice\public\index.php(45): CodeIgniter\CodeIgniter->run()
#12 D:\project\invoice\system\Commands\Server\rewrite.php(34): require_once('D:\\project\\invo...')
#13 {main}
CRITICAL - 2020-08-22 14:44:29 --> Undefined variable: act
#0 D:\project\invoice\app\Views\template\sidebar.php(12): CodeIgniter\Debug\Exceptions->errorHandler(8, 'Undefined varia...', 'D:\\project\\invo...', 12, Array)
#1 D:\project\invoice\system\View\View.php(246): include('D:\\project\\invo...')
#2 D:\project\invoice\system\View\View.php(525): CodeIgniter\View\View->render('template/sideba...', NULL, true)
#3 D:\project\invoice\app\Views\template\base.php(46): CodeIgniter\View\View->include('template/sideba...')
#4 D:\project\invoice\system\View\View.php(246): include('D:\\project\\invo...')
#5 D:\project\invoice\system\View\View.php(257): CodeIgniter\View\View->render('template/base', Array, true)
#6 D:\project\invoice\system\Common.php(1087): CodeIgniter\View\View->render('template/layer', Array, true)
#7 D:\project\invoice\app\Controllers\Home.php(19): view('template/layer', Array)
#8 D:\project\invoice\system\CodeIgniter.php(914): App\Controllers\Home->index()
#9 D:\project\invoice\system\CodeIgniter.php(400): CodeIgniter\CodeIgniter->runController(Object(App\Controllers\Home))
#10 D:\project\invoice\system\CodeIgniter.php(308): CodeIgniter\CodeIgniter->handleRequest(NULL, Object(Config\Cache), false)
#11 D:\project\invoice\public\index.php(45): CodeIgniter\CodeIgniter->run()
#12 D:\project\invoice\system\Commands\Server\rewrite.php(34): require_once('D:\\project\\invo...')
#13 {main}
CRITICAL - 2020-08-22 14:45:24 --> Undefined variable: act
#0 D:\project\invoice\app\Views\template\sidebar.php(12): CodeIgniter\Debug\Exceptions->errorHandler(8, 'Undefined varia...', 'D:\\project\\invo...', 12, Array)
#1 D:\project\invoice\system\View\View.php(246): include('D:\\project\\invo...')
#2 D:\project\invoice\system\View\View.php(525): CodeIgniter\View\View->render('template/sideba...', NULL, true)
#3 D:\project\invoice\app\Views\template\base.php(45): CodeIgniter\View\View->include('template/sideba...')
#4 D:\project\invoice\system\View\View.php(246): include('D:\\project\\invo...')
#5 D:\project\invoice\system\View\View.php(257): CodeIgniter\View\View->render('template/base', Array, true)
#6 D:\project\invoice\system\Common.php(1087): CodeIgniter\View\View->render('template/layer', Array, true)
#7 D:\project\invoice\app\Controllers\Home.php(19): view('template/layer', Array)
#8 D:\project\invoice\system\CodeIgniter.php(914): App\Controllers\Home->index()
#9 D:\project\invoice\system\CodeIgniter.php(400): CodeIgniter\CodeIgniter->runController(Object(App\Controllers\Home))
#10 D:\project\invoice\system\CodeIgniter.php(308): CodeIgniter\CodeIgniter->handleRequest(NULL, Object(Config\Cache), false)
#11 D:\project\invoice\public\index.php(45): CodeIgniter\CodeIgniter->run()
#12 D:\project\invoice\system\Commands\Server\rewrite.php(34): require_once('D:\\project\\invo...')
#13 {main}
CRITICAL - 2020-08-22 14:45:25 --> Undefined variable: act
#0 D:\project\invoice\app\Views\template\sidebar.php(12): CodeIgniter\Debug\Exceptions->errorHandler(8, 'Undefined varia...', 'D:\\project\\invo...', 12, Array)
#1 D:\project\invoice\system\View\View.php(246): include('D:\\project\\invo...')
#2 D:\project\invoice\system\View\View.php(525): CodeIgniter\View\View->render('template/sideba...', NULL, true)
#3 D:\project\invoice\app\Views\template\base.php(45): CodeIgniter\View\View->include('template/sideba...')
#4 D:\project\invoice\system\View\View.php(246): include('D:\\project\\invo...')
#5 D:\project\invoice\system\View\View.php(257): CodeIgniter\View\View->render('template/base', Array, true)
#6 D:\project\invoice\system\Common.php(1087): CodeIgniter\View\View->render('template/layer', Array, true)
#7 D:\project\invoice\app\Controllers\Home.php(19): view('template/layer', Array)
#8 D:\project\invoice\system\CodeIgniter.php(914): App\Controllers\Home->index()
#9 D:\project\invoice\system\CodeIgniter.php(400): CodeIgniter\CodeIgniter->runController(Object(App\Controllers\Home))
#10 D:\project\invoice\system\CodeIgniter.php(308): CodeIgniter\CodeIgniter->handleRequest(NULL, Object(Config\Cache), false)
#11 D:\project\invoice\public\index.php(45): CodeIgniter\CodeIgniter->run()
#12 D:\project\invoice\system\Commands\Server\rewrite.php(34): require_once('D:\\project\\invo...')
#13 {main}
CRITICAL - 2020-08-22 14:46:40 --> Undefined variable: act
#0 D:\project\invoice\app\Views\template\sidebar.php(12): CodeIgniter\Debug\Exceptions->errorHandler(8, 'Undefined varia...', 'D:\\project\\invo...', 12, Array)
#1 D:\project\invoice\system\View\View.php(246): include('D:\\project\\invo...')
#2 D:\project\invoice\system\View\View.php(525): CodeIgniter\View\View->render('template/sideba...', NULL, true)
#3 D:\project\invoice\app\Views\template\base.php(45): CodeIgniter\View\View->include('template/sideba...')
#4 D:\project\invoice\system\View\View.php(246): include('D:\\project\\invo...')
#5 D:\project\invoice\system\View\View.php(257): CodeIgniter\View\View->render('template/base', Array, true)
#6 D:\project\invoice\system\Common.php(1087): CodeIgniter\View\View->render('template/layer', Array, true)
#7 D:\project\invoice\app\Controllers\Home.php(19): view('template/layer', Array)
#8 D:\project\invoice\system\CodeIgniter.php(914): App\Controllers\Home->index()
#9 D:\project\invoice\system\CodeIgniter.php(400): CodeIgniter\CodeIgniter->runController(Object(App\Controllers\Home))
#10 D:\project\invoice\system\CodeIgniter.php(308): CodeIgniter\CodeIgniter->handleRequest(NULL, Object(Config\Cache), false)
#11 D:\project\invoice\public\index.php(45): CodeIgniter\CodeIgniter->run()
#12 D:\project\invoice\system\Commands\Server\rewrite.php(34): require_once('D:\\project\\invo...')
#13 {main}
CRITICAL - 2020-08-22 14:47:03 --> Undefined variable: act
#0 D:\project\invoice\app\Views\template\sidebar.php(12): CodeIgniter\Debug\Exceptions->errorHandler(8, 'Undefined varia...', 'D:\\project\\invo...', 12, Array)
#1 D:\project\invoice\system\View\View.php(246): include('D:\\project\\invo...')
#2 D:\project\invoice\system\View\View.php(525): CodeIgniter\View\View->render('template/sideba...', NULL, true)
#3 D:\project\invoice\app\Views\template\base.php(45): CodeIgniter\View\View->include('template/sideba...')
#4 D:\project\invoice\system\View\View.php(246): include('D:\\project\\invo...')
#5 D:\project\invoice\system\View\View.php(257): CodeIgniter\View\View->render('template/base', Array, true)
#6 D:\project\invoice\system\Common.php(1087): CodeIgniter\View\View->render('template/layer', Array, true)
#7 D:\project\invoice\app\Controllers\Home.php(19): view('template/layer', Array)
#8 D:\project\invoice\system\CodeIgniter.php(914): App\Controllers\Home->index()
#9 D:\project\invoice\system\CodeIgniter.php(400): CodeIgniter\CodeIgniter->runController(Object(App\Controllers\Home))
#10 D:\project\invoice\system\CodeIgniter.php(308): CodeIgniter\CodeIgniter->handleRequest(NULL, Object(Config\Cache), false)
#11 D:\project\invoice\public\index.php(45): CodeIgniter\CodeIgniter->run()
#12 D:\project\invoice\system\Commands\Server\rewrite.php(34): require_once('D:\\project\\invo...')
#13 {main}
CRITICAL - 2020-08-22 14:47:05 --> Undefined variable: act
#0 D:\project\invoice\app\Views\template\sidebar.php(12): CodeIgniter\Debug\Exceptions->errorHandler(8, 'Undefined varia...', 'D:\\project\\invo...', 12, Array)
#1 D:\project\invoice\system\View\View.php(246): include('D:\\project\\invo...')
#2 D:\project\invoice\system\View\View.php(525): CodeIgniter\View\View->render('template/sideba...', NULL, true)
#3 D:\project\invoice\app\Views\template\base.php(45): CodeIgniter\View\View->include('template/sideba...')
#4 D:\project\invoice\system\View\View.php(246): include('D:\\project\\invo...')
#5 D:\project\invoice\system\View\View.php(257): CodeIgniter\View\View->render('template/base', Array, true)
#6 D:\project\invoice\system\Common.php(1087): CodeIgniter\View\View->render('template/layer', Array, true)
#7 D:\project\invoice\app\Controllers\Home.php(19): view('template/layer', Array)
#8 D:\project\invoice\system\CodeIgniter.php(914): App\Controllers\Home->index()
#9 D:\project\invoice\system\CodeIgniter.php(400): CodeIgniter\CodeIgniter->runController(Object(App\Controllers\Home))
#10 D:\project\invoice\system\CodeIgniter.php(308): CodeIgniter\CodeIgniter->handleRequest(NULL, Object(Config\Cache), false)
#11 D:\project\invoice\public\index.php(45): CodeIgniter\CodeIgniter->run()
#12 D:\project\invoice\system\Commands\Server\rewrite.php(34): require_once('D:\\project\\invo...')
#13 {main}
CRITICAL - 2020-08-22 18:21:58 --> Undefined property: App\Controllers\Admin::$session
#0 D:\project\invoice\app\Controllers\BaseController.php(61): CodeIgniter\Debug\Exceptions->errorHandler(8, 'Undefined prope...', 'D:\\project\\invo...', 61, Array)
#1 D:\project\invoice\app\Controllers\Admin.php(10): App\Controllers\BaseController->_log_admin()
#2 D:\project\invoice\system\CodeIgniter.php(886): App\Controllers\Admin->__construct()
#3 D:\project\invoice\system\CodeIgniter.php(395): CodeIgniter\CodeIgniter->createController()
#4 D:\project\invoice\system\CodeIgniter.php(308): CodeIgniter\CodeIgniter->handleRequest(NULL, Object(Config\Cache), false)
#5 D:\project\invoice\public\index.php(45): CodeIgniter\CodeIgniter->run()
#6 D:\project\invoice\system\Commands\Server\rewrite.php(34): require_once('D:\\project\\invo...')
#7 {main}
CRITICAL - 2020-08-22 22:31:13 --> Undefined variable: query
#0 D:\project\invoice\app\Models\Mdata.php(71): CodeIgniter\Debug\Exceptions->errorHandler(8, 'Undefined varia...', 'D:\\project\\invo...', 71, Array)
#1 D:\project\invoice\app\Controllers\Admin.php(253): App\Models\Mdata->cv(0, 'tb_client')
#2 D:\project\invoice\system\CodeIgniter.php(914): App\Controllers\Admin->data_client()
#3 D:\project\invoice\system\CodeIgniter.php(400): CodeIgniter\CodeIgniter->runController(Object(App\Controllers\Admin))
#4 D:\project\invoice\system\CodeIgniter.php(308): CodeIgniter\CodeIgniter->handleRequest(NULL, Object(Config\Cache), false)
#5 D:\project\invoice\public\index.php(45): CodeIgniter\CodeIgniter->run()
#6 D:\project\invoice\system\Commands\Server\rewrite.php(34): require_once('D:\\project\\invo...')
#7 {main}
CRITICAL - 2020-08-22 22:31:25 --> Undefined variable: query
#0 D:\project\invoice\app\Models\Mdata.php(71): CodeIgniter\Debug\Exceptions->errorHandler(8, 'Undefined varia...', 'D:\\project\\invo...', 71, Array)
#1 D:\project\invoice\app\Controllers\Admin.php(253): App\Models\Mdata->cv(0, 'tb_client')
#2 D:\project\invoice\system\CodeIgniter.php(914): App\Controllers\Admin->data_client()
#3 D:\project\invoice\system\CodeIgniter.php(400): CodeIgniter\CodeIgniter->runController(Object(App\Controllers\Admin))
#4 D:\project\invoice\system\CodeIgniter.php(308): CodeIgniter\CodeIgniter->handleRequest(NULL, Object(Config\Cache), false)
#5 D:\project\invoice\public\index.php(45): CodeIgniter\CodeIgniter->run()
#6 D:\project\invoice\system\Commands\Server\rewrite.php(34): require_once('D:\\project\\invo...')
#7 {main}
CRITICAL - 2020-08-22 22:33:15 --> Undefined variable: query
#0 D:\project\invoice\app\Models\Mdata.php(71): CodeIgniter\Debug\Exceptions->errorHandler(8, 'Undefined varia...', 'D:\\project\\invo...', 71, Array)
#1 D:\project\invoice\app\Controllers\Admin.php(253): App\Models\Mdata->cv(0, 'tb_client')
#2 D:\project\invoice\system\CodeIgniter.php(914): App\Controllers\Admin->data_client()
#3 D:\project\invoice\system\CodeIgniter.php(400): CodeIgniter\CodeIgniter->runController(Object(App\Controllers\Admin))
#4 D:\project\invoice\system\CodeIgniter.php(308): CodeIgniter\CodeIgniter->handleRequest(NULL, Object(Config\Cache), false)
#5 D:\project\invoice\public\index.php(45): CodeIgniter\CodeIgniter->run()
#6 D:\project\invoice\system\Commands\Server\rewrite.php(34): require_once('D:\\project\\invo...')
#7 {main}
CRITICAL - 2020-08-22 22:56:51 --> Unknown column 'service_sales' in 'where clause'
#0 D:\project\invoice\system\Database\MySQLi\Connection.php(331): mysqli->query('SELECT *\nFROM `...')
#1 D:\project\invoice\system\Database\BaseConnection.php(738): CodeIgniter\Database\MySQLi\Connection->execute('SELECT *\nFROM `...')
#2 D:\project\invoice\system\Database\BaseConnection.php(666): CodeIgniter\Database\BaseConnection->simpleQuery('SELECT *\nFROM `...')
#3 D:\project\invoice\system\Database\BaseBuilder.php(1845): CodeIgniter\Database\BaseConnection->query('SELECT *\nFROM `...', Array, false)
#4 D:\project\invoice\app\Models\Mdata.php(71): CodeIgniter\Database\BaseBuilder->get()
#5 D:\project\invoice\app\Controllers\Admin.php(395): App\Models\Mdata->cv(Array, 'tb_service')
#6 D:\project\invoice\system\CodeIgniter.php(914): App\Controllers\Admin->data_paket()
#7 D:\project\invoice\system\CodeIgniter.php(400): CodeIgniter\CodeIgniter->runController(Object(App\Controllers\Admin))
#8 D:\project\invoice\system\CodeIgniter.php(308): CodeIgniter\CodeIgniter->handleRequest(NULL, Object(Config\Cache), false)
#9 D:\project\invoice\public\index.php(45): CodeIgniter\CodeIgniter->run()
#10 D:\project\invoice\system\Commands\Server\rewrite.php(34): require_once('D:\\project\\invo...')
#11 {main}
CRITICAL - 2020-08-22 22:57:04 --> Unknown column 'service_sales' in 'where clause'
#0 D:\project\invoice\system\Database\MySQLi\Connection.php(331): mysqli->query('SELECT *\nFROM `...')
#1 D:\project\invoice\system\Database\BaseConnection.php(738): CodeIgniter\Database\MySQLi\Connection->execute('SELECT *\nFROM `...')
#2 D:\project\invoice\system\Database\BaseConnection.php(666): CodeIgniter\Database\BaseConnection->simpleQuery('SELECT *\nFROM `...')
#3 D:\project\invoice\system\Database\BaseBuilder.php(1845): CodeIgniter\Database\BaseConnection->query('SELECT *\nFROM `...', Array, false)
#4 D:\project\invoice\app\Models\Mdata.php(71): CodeIgniter\Database\BaseBuilder->get()
#5 D:\project\invoice\app\Controllers\Admin.php(395): App\Models\Mdata->cv(Array, 'tb_service')
#6 D:\project\invoice\system\CodeIgniter.php(914): App\Controllers\Admin->data_paket()
#7 D:\project\invoice\system\CodeIgniter.php(400): CodeIgniter\CodeIgniter->runController(Object(App\Controllers\Admin))
#8 D:\project\invoice\system\CodeIgniter.php(308): CodeIgniter\CodeIgniter->handleRequest(NULL, Object(Config\Cache), false)
#9 D:\project\invoice\public\index.php(45): CodeIgniter\CodeIgniter->run()
#10 D:\project\invoice\system\Commands\Server\rewrite.php(34): require_once('D:\\project\\invo...')
#11 {main}
