CRITICAL - 2020-09-05 11:39:48 --> Too few arguments to function App\Models\Mdata::cv(), 1 passed in D:\laragon\www\app\app\Controllers\Admin.php on line 634 and exactly 2 expected
#0 D:\laragon\www\app\app\Controllers\Admin.php(634): App\Models\Mdata->cv('tb_bank')
#1 D:\laragon\www\app\system\CodeIgniter.php(914): App\Controllers\Admin->data_bank()
#2 D:\laragon\www\app\system\CodeIgniter.php(400): CodeIgniter\CodeIgniter->runController(Object(App\Controllers\Admin))
#3 D:\laragon\www\app\system\CodeIgniter.php(308): CodeIgniter\CodeIgniter->handleRequest(NULL, Object(Config\Cache), false)
#4 D:\laragon\www\app\public\index.php(45): CodeIgniter\CodeIgniter->run()
#5 {main}
CRITICAL - 2020-09-05 11:39:55 --> Too few arguments to function App\Models\Mdata::cv(), 1 passed in D:\laragon\www\app\app\Controllers\Admin.php on line 634 and exactly 2 expected
#0 D:\laragon\www\app\app\Controllers\Admin.php(634): App\Models\Mdata->cv('tb_bank')
#1 D:\laragon\www\app\system\CodeIgniter.php(914): App\Controllers\Admin->data_bank()
#2 D:\laragon\www\app\system\CodeIgniter.php(400): CodeIgniter\CodeIgniter->runController(Object(App\Controllers\Admin))
#3 D:\laragon\www\app\system\CodeIgniter.php(308): CodeIgniter\CodeIgniter->handleRequest(NULL, Object(Config\Cache), false)
#4 D:\laragon\www\app\public\index.php(45): CodeIgniter\CodeIgniter->run()
#5 {main}
CRITICAL - 2020-09-05 11:40:14 --> Too few arguments to function App\Models\Mdata::cv(), 1 passed in D:\laragon\www\app\app\Controllers\Admin.php on line 634 and exactly 2 expected
#0 D:\laragon\www\app\app\Controllers\Admin.php(634): App\Models\Mdata->cv('tb_bank')
#1 D:\laragon\www\app\system\CodeIgniter.php(914): App\Controllers\Admin->data_bank()
#2 D:\laragon\www\app\system\CodeIgniter.php(400): CodeIgniter\CodeIgniter->runController(Object(App\Controllers\Admin))
#3 D:\laragon\www\app\system\CodeIgniter.php(308): CodeIgniter\CodeIgniter->handleRequest(NULL, Object(Config\Cache), false)
#4 D:\laragon\www\app\public\index.php(45): CodeIgniter\CodeIgniter->run()
#5 {main}
CRITICAL - 2020-09-05 13:01:36 --> Unknown column 'bank_req' in 'field list'
#0 D:\laragon\www\app\system\Database\MySQLi\Connection.php(331): mysqli->query('INSERT INTO `tb...')
#1 D:\laragon\www\app\system\Database\BaseConnection.php(738): CodeIgniter\Database\MySQLi\Connection->execute('INSERT INTO `tb...')
#2 D:\laragon\www\app\system\Database\BaseConnection.php(666): CodeIgniter\Database\BaseConnection->simpleQuery('INSERT INTO `tb...')
#3 D:\laragon\www\app\system\Database\BaseBuilder.php(2234): CodeIgniter\Database\BaseConnection->query('INSERT INTO `tb...', Array, false)
#4 D:\laragon\www\app\app\Models\Mdata.php(18): CodeIgniter\Database\BaseBuilder->insert(Array)
#5 D:\laragon\www\app\app\Controllers\Admin.php(685): App\Models\Mdata->safe(Array, 'tb_bank')
#6 D:\laragon\www\app\system\CodeIgniter.php(914): App\Controllers\Admin->act_bank()
#7 D:\laragon\www\app\system\CodeIgniter.php(400): CodeIgniter\CodeIgniter->runController(Object(App\Controllers\Admin))
#8 D:\laragon\www\app\system\CodeIgniter.php(308): CodeIgniter\CodeIgniter->handleRequest(NULL, Object(Config\Cache), false)
#9 D:\laragon\www\app\public\index.php(45): CodeIgniter\CodeIgniter->run()
#10 {main}
CRITICAL - 2020-09-05 13:02:22 --> Unknown column 'bank_req' in 'field list'
#0 D:\laragon\www\app\system\Database\MySQLi\Connection.php(331): mysqli->query('UPDATE `tb_bank...')
#1 D:\laragon\www\app\system\Database\BaseConnection.php(738): CodeIgniter\Database\MySQLi\Connection->execute('UPDATE `tb_bank...')
#2 D:\laragon\www\app\system\Database\BaseConnection.php(666): CodeIgniter\Database\BaseConnection->simpleQuery('UPDATE `tb_bank...')
#3 D:\laragon\www\app\system\Database\BaseBuilder.php(2441): CodeIgniter\Database\BaseConnection->query('UPDATE `tb_bank...', Array, false)
#4 D:\laragon\www\app\app\Models\Mdata.php(148): CodeIgniter\Database\BaseBuilder->update(Array, Array)
#5 D:\laragon\www\app\app\Controllers\Admin.php(697): App\Models\Mdata->ud(Array, 'tb_bank', Array)
#6 D:\laragon\www\app\system\CodeIgniter.php(914): App\Controllers\Admin->act_bank()
#7 D:\laragon\www\app\system\CodeIgniter.php(400): CodeIgniter\CodeIgniter->runController(Object(App\Controllers\Admin))
#8 D:\laragon\www\app\system\CodeIgniter.php(308): CodeIgniter\CodeIgniter->handleRequest(NULL, Object(Config\Cache), false)
#9 D:\laragon\www\app\public\index.php(45): CodeIgniter\CodeIgniter->run()
#10 {main}
CRITICAL - 2020-09-05 13:02:25 --> Unknown column 'bank_req' in 'field list'
#0 D:\laragon\www\app\system\Database\MySQLi\Connection.php(331): mysqli->query('UPDATE `tb_bank...')
#1 D:\laragon\www\app\system\Database\BaseConnection.php(738): CodeIgniter\Database\MySQLi\Connection->execute('UPDATE `tb_bank...')
#2 D:\laragon\www\app\system\Database\BaseConnection.php(666): CodeIgniter\Database\BaseConnection->simpleQuery('UPDATE `tb_bank...')
#3 D:\laragon\www\app\system\Database\BaseBuilder.php(2441): CodeIgniter\Database\BaseConnection->query('UPDATE `tb_bank...', Array, false)
#4 D:\laragon\www\app\app\Models\Mdata.php(148): CodeIgniter\Database\BaseBuilder->update(Array, Array)
#5 D:\laragon\www\app\app\Controllers\Admin.php(697): App\Models\Mdata->ud(Array, 'tb_bank', Array)
#6 D:\laragon\www\app\system\CodeIgniter.php(914): App\Controllers\Admin->act_bank()
#7 D:\laragon\www\app\system\CodeIgniter.php(400): CodeIgniter\CodeIgniter->runController(Object(App\Controllers\Admin))
#8 D:\laragon\www\app\system\CodeIgniter.php(308): CodeIgniter\CodeIgniter->handleRequest(NULL, Object(Config\Cache), false)
#9 D:\laragon\www\app\public\index.php(45): CodeIgniter\CodeIgniter->run()
#10 {main}
CRITICAL - 2020-09-05 13:02:25 --> Unknown column 'bank_req' in 'field list'
#0 D:\laragon\www\app\system\Database\MySQLi\Connection.php(331): mysqli->query('UPDATE `tb_bank...')
#1 D:\laragon\www\app\system\Database\BaseConnection.php(738): CodeIgniter\Database\MySQLi\Connection->execute('UPDATE `tb_bank...')
#2 D:\laragon\www\app\system\Database\BaseConnection.php(666): CodeIgniter\Database\BaseConnection->simpleQuery('UPDATE `tb_bank...')
#3 D:\laragon\www\app\system\Database\BaseBuilder.php(2441): CodeIgniter\Database\BaseConnection->query('UPDATE `tb_bank...', Array, false)
#4 D:\laragon\www\app\app\Models\Mdata.php(148): CodeIgniter\Database\BaseBuilder->update(Array, Array)
#5 D:\laragon\www\app\app\Controllers\Admin.php(697): App\Models\Mdata->ud(Array, 'tb_bank', Array)
#6 D:\laragon\www\app\system\CodeIgniter.php(914): App\Controllers\Admin->act_bank()
#7 D:\laragon\www\app\system\CodeIgniter.php(400): CodeIgniter\CodeIgniter->runController(Object(App\Controllers\Admin))
#8 D:\laragon\www\app\system\CodeIgniter.php(308): CodeIgniter\CodeIgniter->handleRequest(NULL, Object(Config\Cache), false)
#9 D:\laragon\www\app\public\index.php(45): CodeIgniter\CodeIgniter->run()
#10 {main}
CRITICAL - 2020-09-05 13:02:30 --> Unknown column 'bank_req' in 'field list'
#0 D:\laragon\www\app\system\Database\MySQLi\Connection.php(331): mysqli->query('UPDATE `tb_bank...')
#1 D:\laragon\www\app\system\Database\BaseConnection.php(738): CodeIgniter\Database\MySQLi\Connection->execute('UPDATE `tb_bank...')
#2 D:\laragon\www\app\system\Database\BaseConnection.php(666): CodeIgniter\Database\BaseConnection->simpleQuery('UPDATE `tb_bank...')
#3 D:\laragon\www\app\system\Database\BaseBuilder.php(2441): CodeIgniter\Database\BaseConnection->query('UPDATE `tb_bank...', Array, false)
#4 D:\laragon\www\app\app\Models\Mdata.php(148): CodeIgniter\Database\BaseBuilder->update(Array, Array)
#5 D:\laragon\www\app\app\Controllers\Admin.php(697): App\Models\Mdata->ud(Array, 'tb_bank', Array)
#6 D:\laragon\www\app\system\CodeIgniter.php(914): App\Controllers\Admin->act_bank()
#7 D:\laragon\www\app\system\CodeIgniter.php(400): CodeIgniter\CodeIgniter->runController(Object(App\Controllers\Admin))
#8 D:\laragon\www\app\system\CodeIgniter.php(308): CodeIgniter\CodeIgniter->handleRequest(NULL, Object(Config\Cache), false)
#9 D:\laragon\www\app\public\index.php(45): CodeIgniter\CodeIgniter->run()
#10 {main}
CRITICAL - 2020-09-05 13:38:12 --> Duplicate entry '21983' for key 'PRIMARY'
#0 D:\laragon\www\app\system\Database\MySQLi\Connection.php(331): mysqli->query('INSERT INTO `tb...')
#1 D:\laragon\www\app\system\Database\BaseConnection.php(738): CodeIgniter\Database\MySQLi\Connection->execute('INSERT INTO `tb...')
#2 D:\laragon\www\app\system\Database\BaseConnection.php(666): CodeIgniter\Database\BaseConnection->simpleQuery('INSERT INTO `tb...')
#3 D:\laragon\www\app\system\Database\BaseBuilder.php(2234): CodeIgniter\Database\BaseConnection->query('INSERT INTO `tb...', Array, false)
#4 D:\laragon\www\app\app\Models\Mdata.php(18): CodeIgniter\Database\BaseBuilder->insert(Array)
#5 D:\laragon\www\app\app\Controllers\BaseController.php(185): App\Models\Mdata->safe(Array, 'tb_notif')
#6 D:\laragon\www\app\app\Controllers\Admin.php(927): App\Controllers\BaseController->_notif('update setting ...')
#7 D:\laragon\www\app\system\CodeIgniter.php(914): App\Controllers\Admin->act_app()
#8 D:\laragon\www\app\system\CodeIgniter.php(400): CodeIgniter\CodeIgniter->runController(Object(App\Controllers\Admin))
#9 D:\laragon\www\app\system\CodeIgniter.php(308): CodeIgniter\CodeIgniter->handleRequest(NULL, Object(Config\Cache), false)
#10 D:\laragon\www\app\public\index.php(45): CodeIgniter\CodeIgniter->run()
#11 {main}
CRITICAL - 2020-09-05 13:58:41 --> Unknown column 'api_id' in 'where clause'
#0 D:\laragon\www\app\system\Database\MySQLi\Connection.php(331): mysqli->query('SELECT *\nFROM `...')
#1 D:\laragon\www\app\system\Database\BaseConnection.php(738): CodeIgniter\Database\MySQLi\Connection->execute('SELECT *\nFROM `...')
#2 D:\laragon\www\app\system\Database\BaseConnection.php(666): CodeIgniter\Database\BaseConnection->simpleQuery('SELECT *\nFROM `...')
#3 D:\laragon\www\app\system\Database\BaseBuilder.php(1845): CodeIgniter\Database\BaseConnection->query('SELECT *\nFROM `...', Array, false)
#4 D:\laragon\www\app\app\Models\Mdata.php(114): CodeIgniter\Database\BaseBuilder->get()
#5 D:\laragon\www\app\app\Controllers\Admin.php(716): App\Models\Mdata->cv(Array, 'api_tb')
#6 D:\laragon\www\app\app\Controllers\Admin.php(610): App\Controllers\Admin->_eapi('')
#7 D:\laragon\www\app\system\CodeIgniter.php(914): App\Controllers\Admin->setting('eapi')
#8 D:\laragon\www\app\system\CodeIgniter.php(400): CodeIgniter\CodeIgniter->runController(Object(App\Controllers\Admin))
#9 D:\laragon\www\app\system\CodeIgniter.php(308): CodeIgniter\CodeIgniter->handleRequest(NULL, Object(Config\Cache), false)
#10 D:\laragon\www\app\public\index.php(45): CodeIgniter\CodeIgniter->run()
#11 {main}
CRITICAL - 2020-09-05 14:04:53 --> Undefined property: stdClass::$api_id
#0 D:\laragon\www\app\app\Views\setting\eapi.php(14): CodeIgniter\Debug\Exceptions->errorHandler(8, 'Undefined prope...', 'D:\\laragon\\www\\...', 14, Array)
#1 D:\laragon\www\app\system\View\View.php(246): include('D:\\laragon\\www\\...')
#2 D:\laragon\www\app\system\View\View.php(525): CodeIgniter\View\View->render('setting/eapi', NULL, true)
#3 D:\laragon\www\app\app\Views\template\layer.php(5): CodeIgniter\View\View->include('setting/eapi')
#4 D:\laragon\www\app\system\View\View.php(246): include('D:\\laragon\\www\\...')
#5 D:\laragon\www\app\system\Common.php(1087): CodeIgniter\View\View->render('template/layer', Array, true)
#6 D:\laragon\www\app\app\Controllers\Admin.php(723): view('template/layer', Array)
#7 D:\laragon\www\app\app\Controllers\Admin.php(610): App\Controllers\Admin->_eapi('P948')
#8 D:\laragon\www\app\system\CodeIgniter.php(914): App\Controllers\Admin->setting('eapi', 'P948')
#9 D:\laragon\www\app\system\CodeIgniter.php(400): CodeIgniter\CodeIgniter->runController(Object(App\Controllers\Admin))
#10 D:\laragon\www\app\system\CodeIgniter.php(308): CodeIgniter\CodeIgniter->handleRequest(NULL, Object(Config\Cache), false)
#11 D:\laragon\www\app\public\index.php(45): CodeIgniter\CodeIgniter->run()
#12 {main}
CRITICAL - 2020-09-05 14:27:01 --> Undefined property: CodeIgniter\View\View::$mdata
#0 D:\laragon\www\app\app\Views\tes.php(3): CodeIgniter\Debug\Exceptions->errorHandler(8, 'Undefined prope...', 'D:\\laragon\\www\\...', 3, Array)
#1 D:\laragon\www\app\system\View\View.php(246): include('D:\\laragon\\www\\...')
#2 D:\laragon\www\app\system\Common.php(1087): CodeIgniter\View\View->render('tes', Array, true)
#3 D:\laragon\www\app\app\Controllers\Home.php(147): view('tes')
#4 D:\laragon\www\app\system\CodeIgniter.php(914): App\Controllers\Home->cron('90')
#5 D:\laragon\www\app\system\CodeIgniter.php(400): CodeIgniter\CodeIgniter->runController(Object(App\Controllers\Home))
#6 D:\laragon\www\app\system\CodeIgniter.php(308): CodeIgniter\CodeIgniter->handleRequest(NULL, Object(Config\Cache), false)
#7 D:\laragon\www\app\public\index.php(45): CodeIgniter\CodeIgniter->run()
#8 {main}
CRITICAL - 2020-09-05 14:28:15 --> Undefined property: CodeIgniter\View\View::$mdata
#0 D:\laragon\www\app\app\Views\tes.php(3): CodeIgniter\Debug\Exceptions->errorHandler(8, 'Undefined prope...', 'D:\\laragon\\www\\...', 3, Array)
#1 D:\laragon\www\app\system\View\View.php(246): include('D:\\laragon\\www\\...')
#2 D:\laragon\www\app\system\Common.php(1087): CodeIgniter\View\View->render('tes', Array, true)
#3 D:\laragon\www\app\app\Controllers\Home.php(147): view('tes')
#4 D:\laragon\www\app\system\CodeIgniter.php(914): App\Controllers\Home->cron('90')
#5 D:\laragon\www\app\system\CodeIgniter.php(400): CodeIgniter\CodeIgniter->runController(Object(App\Controllers\Home))
#6 D:\laragon\www\app\system\CodeIgniter.php(308): CodeIgniter\CodeIgniter->handleRequest(NULL, Object(Config\Cache), false)
#7 D:\laragon\www\app\public\index.php(45): CodeIgniter\CodeIgniter->run()
#8 {main}
CRITICAL - 2020-09-05 15:01:18 --> Undefined variable: item
#0 D:\laragon\www\app\app\Views\tes.php(3): CodeIgniter\Debug\Exceptions->errorHandler(8, 'Undefined varia...', 'D:\\laragon\\www\\...', 3, Array)
#1 D:\laragon\www\app\system\View\View.php(246): include('D:\\laragon\\www\\...')
#2 D:\laragon\www\app\system\Common.php(1087): CodeIgniter\View\View->render('tes', Array, true)
#3 D:\laragon\www\app\app\Controllers\Home.php(147): view('tes')
#4 D:\laragon\www\app\system\CodeIgniter.php(914): App\Controllers\Home->cron()
#5 D:\laragon\www\app\system\CodeIgniter.php(400): CodeIgniter\CodeIgniter->runController(Object(App\Controllers\Home))
#6 D:\laragon\www\app\system\CodeIgniter.php(308): CodeIgniter\CodeIgniter->handleRequest(NULL, Object(Config\Cache), false)
#7 D:\laragon\www\app\public\index.php(45): CodeIgniter\CodeIgniter->run()
#8 {main}
CRITICAL - 2020-09-05 15:04:16 --> Call to undefined method CodeIgniter\View\View::par()
#0 D:\laragon\www\app\system\View\View.php(246): include()
#1 D:\laragon\www\app\system\Common.php(1087): CodeIgniter\View\View->render('tes', Array, true)
#2 D:\laragon\www\app\app\Controllers\Home.php(147): view('tes')
#3 D:\laragon\www\app\system\CodeIgniter.php(914): App\Controllers\Home->cron()
#4 D:\laragon\www\app\system\CodeIgniter.php(400): CodeIgniter\CodeIgniter->runController(Object(App\Controllers\Home))
#5 D:\laragon\www\app\system\CodeIgniter.php(308): CodeIgniter\CodeIgniter->handleRequest(NULL, Object(Config\Cache), false)
#6 D:\laragon\www\app\public\index.php(45): CodeIgniter\CodeIgniter->run()
#7 {main}
CRITICAL - 2020-09-05 15:04:59 --> Undefined variable: target
#0 D:\laragon\www\app\app\Views\tes.php(3): CodeIgniter\Debug\Exceptions->errorHandler(8, 'Undefined varia...', 'D:\\laragon\\www\\...', 3, Array)
#1 D:\laragon\www\app\system\View\View.php(246): include('D:\\laragon\\www\\...')
#2 D:\laragon\www\app\system\Common.php(1087): CodeIgniter\View\View->render('tes', Array, true)
#3 D:\laragon\www\app\app\Controllers\Home.php(147): view('tes')
#4 D:\laragon\www\app\system\CodeIgniter.php(914): App\Controllers\Home->cron()
#5 D:\laragon\www\app\system\CodeIgniter.php(400): CodeIgniter\CodeIgniter->runController(Object(App\Controllers\Home))
#6 D:\laragon\www\app\system\CodeIgniter.php(308): CodeIgniter\CodeIgniter->handleRequest(NULL, Object(Config\Cache), false)
#7 D:\laragon\www\app\public\index.php(45): CodeIgniter\CodeIgniter->run()
#8 {main}
CRITICAL - 2020-09-05 15:05:00 --> Undefined variable: target
#0 D:\laragon\www\app\app\Views\tes.php(3): CodeIgniter\Debug\Exceptions->errorHandler(8, 'Undefined varia...', 'D:\\laragon\\www\\...', 3, Array)
#1 D:\laragon\www\app\system\View\View.php(246): include('D:\\laragon\\www\\...')
#2 D:\laragon\www\app\system\Common.php(1087): CodeIgniter\View\View->render('tes', Array, true)
#3 D:\laragon\www\app\app\Controllers\Home.php(147): view('tes')
#4 D:\laragon\www\app\system\CodeIgniter.php(914): App\Controllers\Home->cron()
#5 D:\laragon\www\app\system\CodeIgniter.php(400): CodeIgniter\CodeIgniter->runController(Object(App\Controllers\Home))
#6 D:\laragon\www\app\system\CodeIgniter.php(308): CodeIgniter\CodeIgniter->handleRequest(NULL, Object(Config\Cache), false)
#7 D:\laragon\www\app\public\index.php(45): CodeIgniter\CodeIgniter->run()
#8 {main}
CRITICAL - 2020-09-05 15:11:01 --> Undefined property: Config\Pariable::$par
#0 D:\laragon\www\app\app\Views\tes.php(5): CodeIgniter\Debug\Exceptions->errorHandler(8, 'Undefined prope...', 'D:\\laragon\\www\\...', 5, Array)
#1 D:\laragon\www\app\system\View\View.php(246): include('D:\\laragon\\www\\...')
#2 D:\laragon\www\app\system\Common.php(1087): CodeIgniter\View\View->render('tes', Array, true)
#3 D:\laragon\www\app\app\Controllers\Home.php(147): view('tes')
#4 D:\laragon\www\app\system\CodeIgniter.php(914): App\Controllers\Home->cron()
#5 D:\laragon\www\app\system\CodeIgniter.php(400): CodeIgniter\CodeIgniter->runController(Object(App\Controllers\Home))
#6 D:\laragon\www\app\system\CodeIgniter.php(308): CodeIgniter\CodeIgniter->handleRequest(NULL, Object(Config\Cache), false)
#7 D:\laragon\www\app\public\index.php(45): CodeIgniter\CodeIgniter->run()
#8 {main}
CRITICAL - 2020-09-05 15:16:53 --> Undefined property: Config\Pariable::$pariable
#0 D:\laragon\www\app\app\Views\tes.php(5): CodeIgniter\Debug\Exceptions->errorHandler(8, 'Undefined prope...', 'D:\\laragon\\www\\...', 5, Array)
#1 D:\laragon\www\app\system\View\View.php(246): include('D:\\laragon\\www\\...')
#2 D:\laragon\www\app\system\Common.php(1087): CodeIgniter\View\View->render('tes', Array, true)
#3 D:\laragon\www\app\app\Controllers\Home.php(147): view('tes')
#4 D:\laragon\www\app\system\CodeIgniter.php(914): App\Controllers\Home->cron()
#5 D:\laragon\www\app\system\CodeIgniter.php(400): CodeIgniter\CodeIgniter->runController(Object(App\Controllers\Home))
#6 D:\laragon\www\app\system\CodeIgniter.php(308): CodeIgniter\CodeIgniter->handleRequest(NULL, Object(Config\Cache), false)
#7 D:\laragon\www\app\public\index.php(45): CodeIgniter\CodeIgniter->run()
#8 {main}
CRITICAL - 2020-09-05 15:16:54 --> Undefined property: Config\Pariable::$pariable
#0 D:\laragon\www\app\app\Views\tes.php(5): CodeIgniter\Debug\Exceptions->errorHandler(8, 'Undefined prope...', 'D:\\laragon\\www\\...', 5, Array)
#1 D:\laragon\www\app\system\View\View.php(246): include('D:\\laragon\\www\\...')
#2 D:\laragon\www\app\system\Common.php(1087): CodeIgniter\View\View->render('tes', Array, true)
#3 D:\laragon\www\app\app\Controllers\Home.php(147): view('tes')
#4 D:\laragon\www\app\system\CodeIgniter.php(914): App\Controllers\Home->cron()
#5 D:\laragon\www\app\system\CodeIgniter.php(400): CodeIgniter\CodeIgniter->runController(Object(App\Controllers\Home))
#6 D:\laragon\www\app\system\CodeIgniter.php(308): CodeIgniter\CodeIgniter->handleRequest(NULL, Object(Config\Cache), false)
#7 D:\laragon\www\app\public\index.php(45): CodeIgniter\CodeIgniter->run()
#8 {main}
CRITICAL - 2020-09-05 15:17:05 --> Undefined property: Config\Pariable::$par
#0 D:\laragon\www\app\app\Views\tes.php(5): CodeIgniter\Debug\Exceptions->errorHandler(8, 'Undefined prope...', 'D:\\laragon\\www\\...', 5, Array)
#1 D:\laragon\www\app\system\View\View.php(246): include('D:\\laragon\\www\\...')
#2 D:\laragon\www\app\system\Common.php(1087): CodeIgniter\View\View->render('tes', Array, true)
#3 D:\laragon\www\app\app\Controllers\Home.php(147): view('tes')
#4 D:\laragon\www\app\system\CodeIgniter.php(914): App\Controllers\Home->cron()
#5 D:\laragon\www\app\system\CodeIgniter.php(400): CodeIgniter\CodeIgniter->runController(Object(App\Controllers\Home))
#6 D:\laragon\www\app\system\CodeIgniter.php(308): CodeIgniter\CodeIgniter->handleRequest(NULL, Object(Config\Cache), false)
#7 D:\laragon\www\app\public\index.php(45): CodeIgniter\CodeIgniter->run()
#8 {main}
CRITICAL - 2020-09-05 15:17:42 --> Class 'Config\Par' not found
#0 D:\laragon\www\app\system\View\View.php(246): include()
#1 D:\laragon\www\app\system\Common.php(1087): CodeIgniter\View\View->render('tes', Array, true)
#2 D:\laragon\www\app\app\Controllers\Home.php(147): view('tes')
#3 D:\laragon\www\app\system\CodeIgniter.php(914): App\Controllers\Home->cron()
#4 D:\laragon\www\app\system\CodeIgniter.php(400): CodeIgniter\CodeIgniter->runController(Object(App\Controllers\Home))
#5 D:\laragon\www\app\system\CodeIgniter.php(308): CodeIgniter\CodeIgniter->handleRequest(NULL, Object(Config\Cache), false)
#6 D:\laragon\www\app\public\index.php(45): CodeIgniter\CodeIgniter->run()
#7 {main}
CRITICAL - 2020-09-05 15:18:40 --> Undefined variable: config
#0 D:\laragon\www\app\app\Views\tes.php(5): CodeIgniter\Debug\Exceptions->errorHandler(8, 'Undefined varia...', 'D:\\laragon\\www\\...', 5, Array)
#1 D:\laragon\www\app\system\View\View.php(246): include('D:\\laragon\\www\\...')
#2 D:\laragon\www\app\system\Common.php(1087): CodeIgniter\View\View->render('tes', Array, true)
#3 D:\laragon\www\app\app\Controllers\Home.php(147): view('tes')
#4 D:\laragon\www\app\system\CodeIgniter.php(914): App\Controllers\Home->cron()
#5 D:\laragon\www\app\system\CodeIgniter.php(400): CodeIgniter\CodeIgniter->runController(Object(App\Controllers\Home))
#6 D:\laragon\www\app\system\CodeIgniter.php(308): CodeIgniter\CodeIgniter->handleRequest(NULL, Object(Config\Cache), false)
#7 D:\laragon\www\app\public\index.php(45): CodeIgniter\CodeIgniter->run()
#8 {main}
CRITICAL - 2020-09-05 15:21:04 --> Constant expression contains invalid operations
#0 [internal function]: CodeIgniter\Debug\Exceptions->shutdownHandler()
#1 {main}
CRITICAL - 2020-09-05 15:21:32 --> Undefined property: Config\Pariable::$par
#0 D:\laragon\www\app\app\Views\tes.php(5): CodeIgniter\Debug\Exceptions->errorHandler(8, 'Undefined prope...', 'D:\\laragon\\www\\...', 5, Array)
#1 D:\laragon\www\app\system\View\View.php(246): include('D:\\laragon\\www\\...')
#2 D:\laragon\www\app\system\Common.php(1087): CodeIgniter\View\View->render('tes', Array, true)
#3 D:\laragon\www\app\app\Controllers\Home.php(147): view('tes')
#4 D:\laragon\www\app\system\CodeIgniter.php(914): App\Controllers\Home->cron()
#5 D:\laragon\www\app\system\CodeIgniter.php(400): CodeIgniter\CodeIgniter->runController(Object(App\Controllers\Home))
#6 D:\laragon\www\app\system\CodeIgniter.php(308): CodeIgniter\CodeIgniter->handleRequest(NULL, Object(Config\Cache), false)
#7 D:\laragon\www\app\public\index.php(45): CodeIgniter\CodeIgniter->run()
#8 {main}
CRITICAL - 2020-09-05 15:25:13 --> Undefined property: Config\Pariable::$par
#0 D:\laragon\www\app\app\Views\tes.php(5): CodeIgniter\Debug\Exceptions->errorHandler(8, 'Undefined prope...', 'D:\\laragon\\www\\...', 5, Array)
#1 D:\laragon\www\app\system\View\View.php(246): include('D:\\laragon\\www\\...')
#2 D:\laragon\www\app\system\Common.php(1087): CodeIgniter\View\View->render('tes', Array, true)
#3 D:\laragon\www\app\app\Controllers\Home.php(147): view('tes')
#4 D:\laragon\www\app\system\CodeIgniter.php(914): App\Controllers\Home->cron()
#5 D:\laragon\www\app\system\CodeIgniter.php(400): CodeIgniter\CodeIgniter->runController(Object(App\Controllers\Home))
#6 D:\laragon\www\app\system\CodeIgniter.php(308): CodeIgniter\CodeIgniter->handleRequest(NULL, Object(Config\Cache), false)
#7 D:\laragon\www\app\public\index.php(45): CodeIgniter\CodeIgniter->run()
#8 {main}
CRITICAL - 2020-09-05 15:26:44 --> Table 'invoice.app_tb' doesn't exist
#0 D:\laragon\www\app\system\Database\MySQLi\Connection.php(331): mysqli->query('SELECT *\nFROM `...')
#1 D:\laragon\www\app\system\Database\BaseConnection.php(738): CodeIgniter\Database\MySQLi\Connection->execute('SELECT *\nFROM `...')
#2 D:\laragon\www\app\system\Database\BaseConnection.php(666): CodeIgniter\Database\BaseConnection->simpleQuery('SELECT *\nFROM `...')
#3 D:\laragon\www\app\system\Database\BaseBuilder.php(1845): CodeIgniter\Database\BaseConnection->query('SELECT *\nFROM `...', Array, false)
#4 D:\laragon\www\app\app\Models\Mdata.php(57): CodeIgniter\Database\BaseBuilder->get()
#5 D:\laragon\www\app\app\Config\Pariable.php(12): App\Models\Mdata->view('app_tb')
#6 D:\laragon\www\app\app\Views\tes.php(5): Config\Pariable->par()
#7 D:\laragon\www\app\system\View\View.php(246): include('D:\\laragon\\www\\...')
#8 D:\laragon\www\app\system\Common.php(1087): CodeIgniter\View\View->render('tes', Array, true)
#9 D:\laragon\www\app\app\Controllers\Home.php(147): view('tes')
#10 D:\laragon\www\app\system\CodeIgniter.php(914): App\Controllers\Home->cron()
#11 D:\laragon\www\app\system\CodeIgniter.php(400): CodeIgniter\CodeIgniter->runController(Object(App\Controllers\Home))
#12 D:\laragon\www\app\system\CodeIgniter.php(308): CodeIgniter\CodeIgniter->handleRequest(NULL, Object(Config\Cache), false)
#13 D:\laragon\www\app\public\index.php(45): CodeIgniter\CodeIgniter->run()
#14 {main}
CRITICAL - 2020-09-05 15:27:08 --> Array to string conversion
#0 D:\laragon\www\app\app\Views\tes.php(5): CodeIgniter\Debug\Exceptions->errorHandler(8, 'Array to string...', 'D:\\laragon\\www\\...', 5, Array)
#1 D:\laragon\www\app\system\View\View.php(246): include('D:\\laragon\\www\\...')
#2 D:\laragon\www\app\system\Common.php(1087): CodeIgniter\View\View->render('tes', Array, true)
#3 D:\laragon\www\app\app\Controllers\Home.php(147): view('tes')
#4 D:\laragon\www\app\system\CodeIgniter.php(914): App\Controllers\Home->cron()
#5 D:\laragon\www\app\system\CodeIgniter.php(400): CodeIgniter\CodeIgniter->runController(Object(App\Controllers\Home))
#6 D:\laragon\www\app\system\CodeIgniter.php(308): CodeIgniter\CodeIgniter->handleRequest(NULL, Object(Config\Cache), false)
#7 D:\laragon\www\app\public\index.php(45): CodeIgniter\CodeIgniter->run()
#8 {main}
CRITICAL - 2020-09-05 15:28:58 --> Call to undefined method Config\View::par()
#0 D:\laragon\www\app\system\View\View.php(246): include()
#1 D:\laragon\www\app\system\Common.php(1087): CodeIgniter\View\View->render('tes', Array, true)
#2 D:\laragon\www\app\app\Controllers\Home.php(147): view('tes')
#3 D:\laragon\www\app\system\CodeIgniter.php(914): App\Controllers\Home->cron()
#4 D:\laragon\www\app\system\CodeIgniter.php(400): CodeIgniter\CodeIgniter->runController(Object(App\Controllers\Home))
#5 D:\laragon\www\app\system\CodeIgniter.php(308): CodeIgniter\CodeIgniter->handleRequest(NULL, Object(Config\Cache), false)
#6 D:\laragon\www\app\public\index.php(45): CodeIgniter\CodeIgniter->run()
#7 {main}
CRITICAL - 2020-09-05 15:30:43 --> Undefined variable: saya
#0 D:\laragon\www\app\app\Controllers\Home.php(136): CodeIgniter\Debug\Exceptions->errorHandler(8, 'Undefined varia...', 'D:\\laragon\\www\\...', 136, Array)
#1 D:\laragon\www\app\system\CodeIgniter.php(914): App\Controllers\Home->cron()
#2 D:\laragon\www\app\system\CodeIgniter.php(400): CodeIgniter\CodeIgniter->runController(Object(App\Controllers\Home))
#3 D:\laragon\www\app\system\CodeIgniter.php(308): CodeIgniter\CodeIgniter->handleRequest(NULL, Object(Config\Cache), false)
#4 D:\laragon\www\app\public\index.php(45): CodeIgniter\CodeIgniter->run()
#5 {main}
CRITICAL - 2020-09-05 15:32:19 --> Undefined variable: config
#0 D:\laragon\www\app\app\Views\tes.php(2): CodeIgniter\Debug\Exceptions->errorHandler(8, 'Undefined varia...', 'D:\\laragon\\www\\...', 2, Array)
#1 D:\laragon\www\app\system\View\View.php(246): include('D:\\laragon\\www\\...')
#2 D:\laragon\www\app\system\Common.php(1087): CodeIgniter\View\View->render('tes', Array, true)
#3 D:\laragon\www\app\app\Controllers\Home.php(147): view('tes')
#4 D:\laragon\www\app\system\CodeIgniter.php(914): App\Controllers\Home->cron()
#5 D:\laragon\www\app\system\CodeIgniter.php(400): CodeIgniter\CodeIgniter->runController(Object(App\Controllers\Home))
#6 D:\laragon\www\app\system\CodeIgniter.php(308): CodeIgniter\CodeIgniter->handleRequest(NULL, Object(Config\Cache), false)
#7 D:\laragon\www\app\public\index.php(45): CodeIgniter\CodeIgniter->run()
#8 {main}
CRITICAL - 2020-09-05 15:36:20 --> Undefined property: stdClass::$app_rek
#0 D:\laragon\www\app\app\Controllers\Dashboard.php(1367): CodeIgniter\Debug\Exceptions->errorHandler(8, 'Undefined prope...', 'D:\\laragon\\www\\...', 1367, Array)
#1 D:\laragon\www\app\system\CodeIgniter.php(914): App\Controllers\Dashboard->send()
#2 D:\laragon\www\app\system\CodeIgniter.php(400): CodeIgniter\CodeIgniter->runController(Object(App\Controllers\Dashboard))
#3 D:\laragon\www\app\system\CodeIgniter.php(308): CodeIgniter\CodeIgniter->handleRequest(NULL, Object(Config\Cache), false)
#4 D:\laragon\www\app\public\index.php(45): CodeIgniter\CodeIgniter->run()
#5 {main}
CRITICAL - 2020-09-05 15:36:32 --> Undefined property: stdClass::$app_rek
#0 D:\laragon\www\app\app\Controllers\Dashboard.php(1367): CodeIgniter\Debug\Exceptions->errorHandler(8, 'Undefined prope...', 'D:\\laragon\\www\\...', 1367, Array)
#1 D:\laragon\www\app\system\CodeIgniter.php(914): App\Controllers\Dashboard->send()
#2 D:\laragon\www\app\system\CodeIgniter.php(400): CodeIgniter\CodeIgniter->runController(Object(App\Controllers\Dashboard))
#3 D:\laragon\www\app\system\CodeIgniter.php(308): CodeIgniter\CodeIgniter->handleRequest(NULL, Object(Config\Cache), false)
#4 D:\laragon\www\app\public\index.php(45): CodeIgniter\CodeIgniter->run()
#5 {main}
