CRITICAL - 2020-08-26 00:51:13 --> Use of undefined constant id - assumed 'id' (this will throw an Error in a future version of PHP)
#0 /home/fahmiff1/life.andropick.com/app/Controllers/Dashboard.php(354): CodeIgniter\Debug\Exceptions->errorHandler(2, 'Use of undefine...', '/home/fahmiff1/...', 354, Array)
#1 /home/fahmiff1/life.andropick.com/system/CodeIgniter.php(914): App\Controllers\Dashboard->act_client()
#2 /home/fahmiff1/life.andropick.com/system/CodeIgniter.php(400): CodeIgniter\CodeIgniter->runController(Object(App\Controllers\Dashboard))
#3 /home/fahmiff1/life.andropick.com/system/CodeIgniter.php(308): CodeIgniter\CodeIgniter->handleRequest(NULL, Object(Config\Cache), false)
#4 /home/fahmiff1/life.andropick.com/public/index.php(45): CodeIgniter\CodeIgniter->run()
#5 {main}
CRITICAL - 2020-08-26 01:19:08 --> Table 'fahmiff1_life.tb_sales_service' doesn't exist
#0 /home/fahmiff1/life.andropick.com/system/Database/MySQLi/Connection.php(331): mysqli->query('SELECT *\nFROM `...')
#1 /home/fahmiff1/life.andropick.com/system/Database/BaseConnection.php(738): CodeIgniter\Database\MySQLi\Connection->execute('SELECT *\nFROM `...')
#2 /home/fahmiff1/life.andropick.com/system/Database/BaseConnection.php(666): CodeIgniter\Database\BaseConnection->simpleQuery('SELECT *\nFROM `...')
#3 /home/fahmiff1/life.andropick.com/system/Database/BaseBuilder.php(2004): CodeIgniter\Database\BaseConnection->query('SELECT *\nFROM `...', Array, false)
#4 /home/fahmiff1/life.andropick.com/app/Models/Mdata.php(39): CodeIgniter\Database\BaseBuilder->getWhere(Array)
#5 /home/fahmiff1/life.andropick.com/app/Controllers/Dashboard.php(637): App\Models\Mdata->cc(Array, 'tb_sales_servic...')
#6 /home/fahmiff1/life.andropick.com/system/CodeIgniter.php(914): App\Controllers\Dashboard->act_reg()
#7 /home/fahmiff1/life.andropick.com/system/CodeIgniter.php(400): CodeIgniter\CodeIgniter->runController(Object(App\Controllers\Dashboard))
#8 /home/fahmiff1/life.andropick.com/system/CodeIgniter.php(308): CodeIgniter\CodeIgniter->handleRequest(NULL, Object(Config\Cache), false)
#9 /home/fahmiff1/life.andropick.com/public/index.php(45): CodeIgniter\CodeIgniter->run()
#10 {main}
CRITICAL - 2020-08-26 01:19:17 --> Table 'fahmiff1_life.tb_sales_service' doesn't exist
#0 /home/fahmiff1/life.andropick.com/system/Database/MySQLi/Connection.php(331): mysqli->query('SELECT *\nFROM `...')
#1 /home/fahmiff1/life.andropick.com/system/Database/BaseConnection.php(738): CodeIgniter\Database\MySQLi\Connection->execute('SELECT *\nFROM `...')
#2 /home/fahmiff1/life.andropick.com/system/Database/BaseConnection.php(666): CodeIgniter\Database\BaseConnection->simpleQuery('SELECT *\nFROM `...')
#3 /home/fahmiff1/life.andropick.com/system/Database/BaseBuilder.php(2004): CodeIgniter\Database\BaseConnection->query('SELECT *\nFROM `...', Array, false)
#4 /home/fahmiff1/life.andropick.com/app/Models/Mdata.php(39): CodeIgniter\Database\BaseBuilder->getWhere(Array)
#5 /home/fahmiff1/life.andropick.com/app/Controllers/Dashboard.php(637): App\Models\Mdata->cc(Array, 'tb_sales_servic...')
#6 /home/fahmiff1/life.andropick.com/system/CodeIgniter.php(914): App\Controllers\Dashboard->act_reg()
#7 /home/fahmiff1/life.andropick.com/system/CodeIgniter.php(400): CodeIgniter\CodeIgniter->runController(Object(App\Controllers\Dashboard))
#8 /home/fahmiff1/life.andropick.com/system/CodeIgniter.php(308): CodeIgniter\CodeIgniter->handleRequest(NULL, Object(Config\Cache), false)
#9 /home/fahmiff1/life.andropick.com/public/index.php(45): CodeIgniter\CodeIgniter->run()
#10 {main}
CRITICAL - 2020-08-26 01:21:04 --> Object of class stdClass could not be converted to string
#0 /home/fahmiff1/life.andropick.com/app/Controllers/Dashboard.php(664): CodeIgniter\Debug\Exceptions->errorHandler(4096, 'Object of class...', '/home/fahmiff1/...', 664, Array)
#1 /home/fahmiff1/life.andropick.com/system/CodeIgniter.php(914): App\Controllers\Dashboard->act_reg()
#2 /home/fahmiff1/life.andropick.com/system/CodeIgniter.php(400): CodeIgniter\CodeIgniter->runController(Object(App\Controllers\Dashboard))
#3 /home/fahmiff1/life.andropick.com/system/CodeIgniter.php(308): CodeIgniter\CodeIgniter->handleRequest(NULL, Object(Config\Cache), false)
#4 /home/fahmiff1/life.andropick.com/public/index.php(45): CodeIgniter\CodeIgniter->run()
#5 {main}
CRITICAL - 2020-08-26 01:26:18 --> Undefined property: stdClass::$name
#0 /home/fahmiff1/life.andropick.com/app/Controllers/Dashboard.php(663): CodeIgniter\Debug\Exceptions->errorHandler(8, 'Undefined prope...', '/home/fahmiff1/...', 663, Array)
#1 /home/fahmiff1/life.andropick.com/system/CodeIgniter.php(914): App\Controllers\Dashboard->act_reg()
#2 /home/fahmiff1/life.andropick.com/system/CodeIgniter.php(400): CodeIgniter\CodeIgniter->runController(Object(App\Controllers\Dashboard))
#3 /home/fahmiff1/life.andropick.com/system/CodeIgniter.php(308): CodeIgniter\CodeIgniter->handleRequest(NULL, Object(Config\Cache), false)
#4 /home/fahmiff1/life.andropick.com/public/index.php(45): CodeIgniter\CodeIgniter->run()
#5 {main}
CRITICAL - 2020-08-26 01:27:31 --> Undefined property: stdClass::$name
#0 /home/fahmiff1/life.andropick.com/app/Controllers/Dashboard.php(663): CodeIgniter\Debug\Exceptions->errorHandler(8, 'Undefined prope...', '/home/fahmiff1/...', 663, Array)
#1 /home/fahmiff1/life.andropick.com/system/CodeIgniter.php(914): App\Controllers\Dashboard->act_reg()
#2 /home/fahmiff1/life.andropick.com/system/CodeIgniter.php(400): CodeIgniter\CodeIgniter->runController(Object(App\Controllers\Dashboard))
#3 /home/fahmiff1/life.andropick.com/system/CodeIgniter.php(308): CodeIgniter\CodeIgniter->handleRequest(NULL, Object(Config\Cache), false)
#4 /home/fahmiff1/life.andropick.com/public/index.php(45): CodeIgniter\CodeIgniter->run()
#5 {main}
CRITICAL - 2020-08-26 01:28:02 --> Undefined property: stdClass::$name
#0 /home/fahmiff1/life.andropick.com/app/Controllers/Dashboard.php(663): CodeIgniter\Debug\Exceptions->errorHandler(8, 'Undefined prope...', '/home/fahmiff1/...', 663, Array)
#1 /home/fahmiff1/life.andropick.com/system/CodeIgniter.php(914): App\Controllers\Dashboard->act_reg()
#2 /home/fahmiff1/life.andropick.com/system/CodeIgniter.php(400): CodeIgniter\CodeIgniter->runController(Object(App\Controllers\Dashboard))
#3 /home/fahmiff1/life.andropick.com/system/CodeIgniter.php(308): CodeIgniter\CodeIgniter->handleRequest(NULL, Object(Config\Cache), false)
#4 /home/fahmiff1/life.andropick.com/public/index.php(45): CodeIgniter\CodeIgniter->run()
#5 {main}
CRITICAL - 2020-08-26 01:28:56 --> Trying to get property 'client_hp' of non-object
#0 /home/fahmiff1/life.andropick.com/app/Controllers/Dashboard.php(673): CodeIgniter\Debug\Exceptions->errorHandler(8, 'Trying to get p...', '/home/fahmiff1/...', 673, Array)
#1 /home/fahmiff1/life.andropick.com/system/CodeIgniter.php(914): App\Controllers\Dashboard->act_reg()
#2 /home/fahmiff1/life.andropick.com/system/CodeIgniter.php(400): CodeIgniter\CodeIgniter->runController(Object(App\Controllers\Dashboard))
#3 /home/fahmiff1/life.andropick.com/system/CodeIgniter.php(308): CodeIgniter\CodeIgniter->handleRequest(NULL, Object(Config\Cache), false)
#4 /home/fahmiff1/life.andropick.com/public/index.php(45): CodeIgniter\CodeIgniter->run()
#5 {main}
CRITICAL - 2020-08-26 01:32:33 --> Trying to get property 'client_hp' of non-object
#0 /home/fahmiff1/life.andropick.com/app/Controllers/Dashboard.php(673): CodeIgniter\Debug\Exceptions->errorHandler(8, 'Trying to get p...', '/home/fahmiff1/...', 673, Array)
#1 /home/fahmiff1/life.andropick.com/system/CodeIgniter.php(914): App\Controllers\Dashboard->act_reg()
#2 /home/fahmiff1/life.andropick.com/system/CodeIgniter.php(400): CodeIgniter\CodeIgniter->runController(Object(App\Controllers\Dashboard))
#3 /home/fahmiff1/life.andropick.com/system/CodeIgniter.php(308): CodeIgniter\CodeIgniter->handleRequest(NULL, Object(Config\Cache), false)
#4 /home/fahmiff1/life.andropick.com/public/index.php(45): CodeIgniter\CodeIgniter->run()
#5 {main}
CRITICAL - 2020-08-26 01:42:56 --> Trying to get property 'client_hp' of non-object
#0 /home/fahmiff1/life.andropick.com/app/Controllers/Dashboard.php(673): CodeIgniter\Debug\Exceptions->errorHandler(8, 'Trying to get p...', '/home/fahmiff1/...', 673, Array)
#1 /home/fahmiff1/life.andropick.com/system/CodeIgniter.php(914): App\Controllers\Dashboard->act_reg()
#2 /home/fahmiff1/life.andropick.com/system/CodeIgniter.php(400): CodeIgniter\CodeIgniter->runController(Object(App\Controllers\Dashboard))
#3 /home/fahmiff1/life.andropick.com/system/CodeIgniter.php(308): CodeIgniter\CodeIgniter->handleRequest(NULL, Object(Config\Cache), false)
#4 /home/fahmiff1/life.andropick.com/public/index.php(45): CodeIgniter\CodeIgniter->run()
#5 {main}
CRITICAL - 2020-08-26 01:45:21 --> Trying to get property 'client_hp' of non-object
#0 /home/fahmiff1/life.andropick.com/app/Controllers/Dashboard.php(668): CodeIgniter\Debug\Exceptions->errorHandler(8, 'Trying to get p...', '/home/fahmiff1/...', 668, Array)
#1 /home/fahmiff1/life.andropick.com/system/CodeIgniter.php(914): App\Controllers\Dashboard->act_reg()
#2 /home/fahmiff1/life.andropick.com/system/CodeIgniter.php(400): CodeIgniter\CodeIgniter->runController(Object(App\Controllers\Dashboard))
#3 /home/fahmiff1/life.andropick.com/system/CodeIgniter.php(308): CodeIgniter\CodeIgniter->handleRequest(NULL, Object(Config\Cache), false)
#4 /home/fahmiff1/life.andropick.com/public/index.php(45): CodeIgniter\CodeIgniter->run()
#5 {main}
CRITICAL - 2020-08-26 01:48:32 --> Duplicate entry 'IN035' for key 'PRIMARY'
#0 /home/fahmiff1/life.andropick.com/system/Database/MySQLi/Connection.php(331): mysqli->query('INSERT INTO `tb...')
#1 /home/fahmiff1/life.andropick.com/system/Database/BaseConnection.php(738): CodeIgniter\Database\MySQLi\Connection->execute('INSERT INTO `tb...')
#2 /home/fahmiff1/life.andropick.com/system/Database/BaseConnection.php(666): CodeIgniter\Database\BaseConnection->simpleQuery('INSERT INTO `tb...')
#3 /home/fahmiff1/life.andropick.com/system/Database/BaseBuilder.php(2234): CodeIgniter\Database\BaseConnection->query('INSERT INTO `tb...', Array, false)
#4 /home/fahmiff1/life.andropick.com/app/Models/Mdata.php(18): CodeIgniter\Database\BaseBuilder->insert(Array)
#5 /home/fahmiff1/life.andropick.com/app/Controllers/Dashboard.php(661): App\Models\Mdata->safe(Array, 'tb_bill')
#6 /home/fahmiff1/life.andropick.com/system/CodeIgniter.php(914): App\Controllers\Dashboard->act_reg()
#7 /home/fahmiff1/life.andropick.com/system/CodeIgniter.php(400): CodeIgniter\CodeIgniter->runController(Object(App\Controllers\Dashboard))
#8 /home/fahmiff1/life.andropick.com/system/CodeIgniter.php(308): CodeIgniter\CodeIgniter->handleRequest(NULL, Object(Config\Cache), false)
#9 /home/fahmiff1/life.andropick.com/public/index.php(45): CodeIgniter\CodeIgniter->run()
#10 {main}
CRITICAL - 2020-08-26 03:57:50 --> Undefined variable: payload_json_from_response
#0 /home/fahmiff1/life.andropick.com/app/Controllers/Home.php(112): CodeIgniter\Debug\Exceptions->errorHandler(8, 'Undefined varia...', '/home/fahmiff1/...', 112, Array)
#1 /home/fahmiff1/life.andropick.com/system/CodeIgniter.php(914): App\Controllers\Home->point()
#2 /home/fahmiff1/life.andropick.com/system/CodeIgniter.php(400): CodeIgniter\CodeIgniter->runController(Object(App\Controllers\Home))
#3 /home/fahmiff1/life.andropick.com/system/CodeIgniter.php(308): CodeIgniter\CodeIgniter->handleRequest(NULL, Object(Config\Cache), false)
#4 /home/fahmiff1/life.andropick.com/public/index.php(45): CodeIgniter\CodeIgniter->run()
#5 {main}
CRITICAL - 2020-08-26 04:01:48 --> Undefined variable: data
#0 /home/fahmiff1/life.andropick.com/app/Controllers/Home.php(111): CodeIgniter\Debug\Exceptions->errorHandler(8, 'Undefined varia...', '/home/fahmiff1/...', 111, Array)
#1 /home/fahmiff1/life.andropick.com/system/CodeIgniter.php(914): App\Controllers\Home->point()
#2 /home/fahmiff1/life.andropick.com/system/CodeIgniter.php(400): CodeIgniter\CodeIgniter->runController(Object(App\Controllers\Home))
#3 /home/fahmiff1/life.andropick.com/system/CodeIgniter.php(308): CodeIgniter\CodeIgniter->handleRequest(NULL, Object(Config\Cache), false)
#4 /home/fahmiff1/life.andropick.com/public/index.php(45): CodeIgniter\CodeIgniter->run()
#5 {main}
CRITICAL - 2020-08-26 04:01:58 --> Undefined variable: data
#0 /home/fahmiff1/life.andropick.com/app/Controllers/Home.php(111): CodeIgniter\Debug\Exceptions->errorHandler(8, 'Undefined varia...', '/home/fahmiff1/...', 111, Array)
#1 /home/fahmiff1/life.andropick.com/system/CodeIgniter.php(914): App\Controllers\Home->point()
#2 /home/fahmiff1/life.andropick.com/system/CodeIgniter.php(400): CodeIgniter\CodeIgniter->runController(Object(App\Controllers\Home))
#3 /home/fahmiff1/life.andropick.com/system/CodeIgniter.php(308): CodeIgniter\CodeIgniter->handleRequest(NULL, Object(Config\Cache), false)
#4 /home/fahmiff1/life.andropick.com/public/index.php(45): CodeIgniter\CodeIgniter->run()
#5 {main}
CRITICAL - 2020-08-26 04:15:25 --> Undefined variable: secret
#0 /home/fahmiff1/life.andropick.com/app/Controllers/Home.php(120): CodeIgniter\Debug\Exceptions->errorHandler(8, 'Undefined varia...', '/home/fahmiff1/...', 120, Array)
#1 /home/fahmiff1/life.andropick.com/system/CodeIgniter.php(914): App\Controllers\Home->point()
#2 /home/fahmiff1/life.andropick.com/system/CodeIgniter.php(400): CodeIgniter\CodeIgniter->runController(Object(App\Controllers\Home))
#3 /home/fahmiff1/life.andropick.com/system/CodeIgniter.php(308): CodeIgniter\CodeIgniter->handleRequest(NULL, Object(Config\Cache), false)
#4 /home/fahmiff1/life.andropick.com/public/index.php(45): CodeIgniter\CodeIgniter->run()
#5 {main}
CRITICAL - 2020-08-26 04:15:55 --> Undefined variable: secret
#0 /home/fahmiff1/life.andropick.com/app/Controllers/Home.php(120): CodeIgniter\Debug\Exceptions->errorHandler(8, 'Undefined varia...', '/home/fahmiff1/...', 120, Array)
#1 /home/fahmiff1/life.andropick.com/system/CodeIgniter.php(914): App\Controllers\Home->point()
#2 /home/fahmiff1/life.andropick.com/system/CodeIgniter.php(400): CodeIgniter\CodeIgniter->runController(Object(App\Controllers\Home))
#3 /home/fahmiff1/life.andropick.com/system/CodeIgniter.php(308): CodeIgniter\CodeIgniter->handleRequest(NULL, Object(Config\Cache), false)
#4 /home/fahmiff1/life.andropick.com/public/index.php(45): CodeIgniter\CodeIgniter->run()
#5 {main}
CRITICAL - 2020-08-26 04:17:48 --> Object of class stdClass could not be converted to string
#0 [internal function]: CodeIgniter\Debug\Exceptions->errorHandler(4096, 'Object of class...', '/home/fahmiff1/...', 437, Array)
#1 /home/fahmiff1/life.andropick.com/system/Database/Query.php(437): implode(',', Array)
#2 /home/fahmiff1/life.andropick.com/system/Database/Query.php(404): CodeIgniter\Database\Query->matchNamedBinds('INSERT INTO `tb...', Array)
#3 /home/fahmiff1/life.andropick.com/system/Database/Query.php(197): CodeIgniter\Database\Query->compileBinds()
#4 /home/fahmiff1/life.andropick.com/system/Database/BaseConnection.php(666): CodeIgniter\Database\Query->getQuery()
#5 /home/fahmiff1/life.andropick.com/system/Database/BaseBuilder.php(2234): CodeIgniter\Database\BaseConnection->query('INSERT INTO `tb...', Array, false)
#6 /home/fahmiff1/life.andropick.com/app/Models/Mdata.php(18): CodeIgniter\Database\BaseBuilder->insert(Array)
#7 /home/fahmiff1/life.andropick.com/app/Controllers/Home.php(123): App\Models\Mdata->safe(Array, 'tb_tes')
#8 /home/fahmiff1/life.andropick.com/system/CodeIgniter.php(914): App\Controllers\Home->point()
#9 /home/fahmiff1/life.andropick.com/system/CodeIgniter.php(400): CodeIgniter\CodeIgniter->runController(Object(App\Controllers\Home))
#10 /home/fahmiff1/life.andropick.com/system/CodeIgniter.php(308): CodeIgniter\CodeIgniter->handleRequest(NULL, Object(Config\Cache), false)
#11 /home/fahmiff1/life.andropick.com/public/index.php(45): CodeIgniter\CodeIgniter->run()
#12 {main}
CRITICAL - 2020-08-26 04:23:16 --> hash_hmac() expects parameter 2 to be string, array given
#0 [internal function]: CodeIgniter\Debug\Exceptions->errorHandler(2, 'hash_hmac() exp...', '/home/fahmiff1/...', 118, Array)
#1 /home/fahmiff1/life.andropick.com/app/Controllers/Home.php(118): hash_hmac('sha256', Array, Object(CodeIgniter\HTTP\Header))
#2 /home/fahmiff1/life.andropick.com/system/CodeIgniter.php(914): App\Controllers\Home->point()
#3 /home/fahmiff1/life.andropick.com/system/CodeIgniter.php(400): CodeIgniter\CodeIgniter->runController(Object(App\Controllers\Home))
#4 /home/fahmiff1/life.andropick.com/system/CodeIgniter.php(308): CodeIgniter\CodeIgniter->handleRequest(NULL, Object(Config\Cache), false)
#5 /home/fahmiff1/life.andropick.com/public/index.php(45): CodeIgniter\CodeIgniter->run()
#6 {main}
CRITICAL - 2020-08-26 04:25:03 --> hash_hmac() expects parameter 2 to be string, array given
#0 [internal function]: CodeIgniter\Debug\Exceptions->errorHandler(2, 'hash_hmac() exp...', '/home/fahmiff1/...', 119, Array)
#1 /home/fahmiff1/life.andropick.com/app/Controllers/Home.php(119): hash_hmac('sha256', Array, Object(CodeIgniter\HTTP\Header))
#2 /home/fahmiff1/life.andropick.com/system/CodeIgniter.php(914): App\Controllers\Home->point()
#3 /home/fahmiff1/life.andropick.com/system/CodeIgniter.php(400): CodeIgniter\CodeIgniter->runController(Object(App\Controllers\Home))
#4 /home/fahmiff1/life.andropick.com/system/CodeIgniter.php(308): CodeIgniter\CodeIgniter->handleRequest(NULL, Object(Config\Cache), false)
#5 /home/fahmiff1/life.andropick.com/public/index.php(45): CodeIgniter\CodeIgniter->run()
#6 {main}
CRITICAL - 2020-08-26 04:26:07 --> hash_hmac() expects parameter 2 to be string, array given
#0 [internal function]: CodeIgniter\Debug\Exceptions->errorHandler(2, 'hash_hmac() exp...', '/home/fahmiff1/...', 118, Array)
#1 /home/fahmiff1/life.andropick.com/app/Controllers/Home.php(118): hash_hmac('sha256', Array, Object(CodeIgniter\HTTP\Header))
#2 /home/fahmiff1/life.andropick.com/system/CodeIgniter.php(914): App\Controllers\Home->point()
#3 /home/fahmiff1/life.andropick.com/system/CodeIgniter.php(400): CodeIgniter\CodeIgniter->runController(Object(App\Controllers\Home))
#4 /home/fahmiff1/life.andropick.com/system/CodeIgniter.php(308): CodeIgniter\CodeIgniter->handleRequest(NULL, Object(Config\Cache), false)
#5 /home/fahmiff1/life.andropick.com/public/index.php(45): CodeIgniter\CodeIgniter->run()
#6 {main}
CRITICAL - 2020-08-26 04:29:34 --> Call to undefined method CodeIgniter\HTTP\IncomingRequest::all()
#0 /home/fahmiff1/life.andropick.com/system/CodeIgniter.php(914): App\Controllers\Home->point()
#1 /home/fahmiff1/life.andropick.com/system/CodeIgniter.php(400): CodeIgniter\CodeIgniter->runController(Object(App\Controllers\Home))
#2 /home/fahmiff1/life.andropick.com/system/CodeIgniter.php(308): CodeIgniter\CodeIgniter->handleRequest(NULL, Object(Config\Cache), false)
#3 /home/fahmiff1/life.andropick.com/public/index.php(45): CodeIgniter\CodeIgniter->run()
#4 {main}
CRITICAL - 2020-08-26 05:00:21 --> Call to undefined method CodeIgniter\HTTP\IncomingRequest::all()
#0 /home/fahmiff1/life.andropick.com/system/CodeIgniter.php(914): App\Controllers\Home->point()
#1 /home/fahmiff1/life.andropick.com/system/CodeIgniter.php(400): CodeIgniter\CodeIgniter->runController(Object(App\Controllers\Home))
#2 /home/fahmiff1/life.andropick.com/system/CodeIgniter.php(308): CodeIgniter\CodeIgniter->handleRequest(NULL, Object(Config\Cache), false)
#3 /home/fahmiff1/life.andropick.com/public/index.php(45): CodeIgniter\CodeIgniter->run()
#4 {main}
CRITICAL - 2020-08-26 05:05:06 --> hash_hmac() expects parameter 2 to be string, array given
#0 [internal function]: CodeIgniter\Debug\Exceptions->errorHandler(2, 'hash_hmac() exp...', '/home/fahmiff1/...', 120, Array)
#1 /home/fahmiff1/life.andropick.com/app/Controllers/Home.php(120): hash_hmac('sha256', Array, Object(CodeIgniter\HTTP\Header))
#2 /home/fahmiff1/life.andropick.com/system/CodeIgniter.php(914): App\Controllers\Home->point()
#3 /home/fahmiff1/life.andropick.com/system/CodeIgniter.php(400): CodeIgniter\CodeIgniter->runController(Object(App\Controllers\Home))
#4 /home/fahmiff1/life.andropick.com/system/CodeIgniter.php(308): CodeIgniter\CodeIgniter->handleRequest(NULL, Object(Config\Cache), false)
#5 /home/fahmiff1/life.andropick.com/public/index.php(45): CodeIgniter\CodeIgniter->run()
#6 {main}
CRITICAL - 2020-08-26 05:06:11 --> Array to string conversion
#0 [internal function]: CodeIgniter\Debug\Exceptions->errorHandler(8, 'Array to string...', '/home/fahmiff1/...', 437, Array)
#1 /home/fahmiff1/life.andropick.com/system/Database/Query.php(437): implode(',', Array)
#2 /home/fahmiff1/life.andropick.com/system/Database/Query.php(404): CodeIgniter\Database\Query->matchNamedBinds('INSERT INTO `tb...', Array)
#3 /home/fahmiff1/life.andropick.com/system/Database/Query.php(197): CodeIgniter\Database\Query->compileBinds()
#4 /home/fahmiff1/life.andropick.com/system/Database/BaseConnection.php(666): CodeIgniter\Database\Query->getQuery()
#5 /home/fahmiff1/life.andropick.com/system/Database/BaseBuilder.php(2234): CodeIgniter\Database\BaseConnection->query('INSERT INTO `tb...', Array, false)
#6 /home/fahmiff1/life.andropick.com/app/Models/Mdata.php(18): CodeIgniter\Database\BaseBuilder->insert(Array)
#7 /home/fahmiff1/life.andropick.com/app/Controllers/Home.php(124): App\Models\Mdata->safe(Array, 'tb_tes')
#8 /home/fahmiff1/life.andropick.com/system/CodeIgniter.php(914): App\Controllers\Home->point()
#9 /home/fahmiff1/life.andropick.com/system/CodeIgniter.php(400): CodeIgniter\CodeIgniter->runController(Object(App\Controllers\Home))
#10 /home/fahmiff1/life.andropick.com/system/CodeIgniter.php(308): CodeIgniter\CodeIgniter->handleRequest(NULL, Object(Config\Cache), false)
#11 /home/fahmiff1/life.andropick.com/public/index.php(45): CodeIgniter\CodeIgniter->run()
#12 {main}
CRITICAL - 2020-08-26 05:12:32 --> hash_hmac() expects parameter 2 to be string, array given
#0 [internal function]: CodeIgniter\Debug\Exceptions->errorHandler(2, 'hash_hmac() exp...', '/home/fahmiff1/...', 120, Array)
#1 /home/fahmiff1/life.andropick.com/app/Controllers/Home.php(120): hash_hmac('sha256', Array, 'OASiuh(DYNb97')
#2 /home/fahmiff1/life.andropick.com/system/CodeIgniter.php(914): App\Controllers\Home->point()
#3 /home/fahmiff1/life.andropick.com/system/CodeIgniter.php(400): CodeIgniter\CodeIgniter->runController(Object(App\Controllers\Home))
#4 /home/fahmiff1/life.andropick.com/system/CodeIgniter.php(308): CodeIgniter\CodeIgniter->handleRequest(NULL, Object(Config\Cache), false)
#5 /home/fahmiff1/life.andropick.com/public/index.php(45): CodeIgniter\CodeIgniter->run()
#6 {main}
CRITICAL - 2020-08-26 05:14:16 --> hash_hmac() expects parameter 2 to be string, array given
#0 [internal function]: CodeIgniter\Debug\Exceptions->errorHandler(2, 'hash_hmac() exp...', '/home/fahmiff1/...', 120, Array)
#1 /home/fahmiff1/life.andropick.com/app/Controllers/Home.php(120): hash_hmac('sha256', Array, 'OASiuh(DYNb97')
#2 /home/fahmiff1/life.andropick.com/system/CodeIgniter.php(914): App\Controllers\Home->point()
#3 /home/fahmiff1/life.andropick.com/system/CodeIgniter.php(400): CodeIgniter\CodeIgniter->runController(Object(App\Controllers\Home))
#4 /home/fahmiff1/life.andropick.com/system/CodeIgniter.php(308): CodeIgniter\CodeIgniter->handleRequest(NULL, Object(Config\Cache), false)
#5 /home/fahmiff1/life.andropick.com/public/index.php(45): CodeIgniter\CodeIgniter->run()
#6 {main}
CRITICAL - 2020-08-26 11:26:07 --> Column 'tes' cannot be null
#0 /home/fahmiff1/life.andropick.com/system/Database/MySQLi/Connection.php(331): mysqli->query('INSERT INTO `tb...')
#1 /home/fahmiff1/life.andropick.com/system/Database/BaseConnection.php(738): CodeIgniter\Database\MySQLi\Connection->execute('INSERT INTO `tb...')
#2 /home/fahmiff1/life.andropick.com/system/Database/BaseConnection.php(666): CodeIgniter\Database\BaseConnection->simpleQuery('INSERT INTO `tb...')
#3 /home/fahmiff1/life.andropick.com/system/Database/BaseBuilder.php(2234): CodeIgniter\Database\BaseConnection->query('INSERT INTO `tb...', Array, false)
#4 /home/fahmiff1/life.andropick.com/app/Models/Mdata.php(18): CodeIgniter\Database\BaseBuilder->insert(Array)
#5 /home/fahmiff1/life.andropick.com/app/Controllers/Home.php(124): App\Models\Mdata->safe(Array, 'tb_tes')
#6 /home/fahmiff1/life.andropick.com/system/CodeIgniter.php(914): App\Controllers\Home->point()
#7 /home/fahmiff1/life.andropick.com/system/CodeIgniter.php(400): CodeIgniter\CodeIgniter->runController(Object(App\Controllers\Home))
#8 /home/fahmiff1/life.andropick.com/system/CodeIgniter.php(308): CodeIgniter\CodeIgniter->handleRequest(NULL, Object(Config\Cache), false)
#9 /home/fahmiff1/life.andropick.com/public/index.php(45): CodeIgniter\CodeIgniter->run()
#10 {main}
CRITICAL - 2020-08-26 11:29:03 --> hash_hmac() expects parameter 2 to be string, array given
#0 [internal function]: CodeIgniter\Debug\Exceptions->errorHandler(2, 'hash_hmac() exp...', '/home/fahmiff1/...', 120, Array)
#1 /home/fahmiff1/life.andropick.com/app/Controllers/Home.php(120): hash_hmac('sha256', Array, 'OASiuh(DYNb97')
#2 /home/fahmiff1/life.andropick.com/system/CodeIgniter.php(914): App\Controllers\Home->point()
#3 /home/fahmiff1/life.andropick.com/system/CodeIgniter.php(400): CodeIgniter\CodeIgniter->runController(Object(App\Controllers\Home))
#4 /home/fahmiff1/life.andropick.com/system/CodeIgniter.php(308): CodeIgniter\CodeIgniter->handleRequest(NULL, Object(Config\Cache), false)
#5 /home/fahmiff1/life.andropick.com/public/index.php(45): CodeIgniter\CodeIgniter->run()
#6 {main}
CRITICAL - 2020-08-26 13:20:54 --> Column 'tes' cannot be null
#0 /home/fahmiff1/life.andropick.com/system/Database/MySQLi/Connection.php(331): mysqli->query('INSERT INTO `tb...')
#1 /home/fahmiff1/life.andropick.com/system/Database/BaseConnection.php(738): CodeIgniter\Database\MySQLi\Connection->execute('INSERT INTO `tb...')
#2 /home/fahmiff1/life.andropick.com/system/Database/BaseConnection.php(666): CodeIgniter\Database\BaseConnection->simpleQuery('INSERT INTO `tb...')
#3 /home/fahmiff1/life.andropick.com/system/Database/BaseBuilder.php(2234): CodeIgniter\Database\BaseConnection->query('INSERT INTO `tb...', Array, false)
#4 /home/fahmiff1/life.andropick.com/app/Models/Mdata.php(18): CodeIgniter\Database\BaseBuilder->insert(Array)
#5 /home/fahmiff1/life.andropick.com/app/Controllers/Home.php(124): App\Models\Mdata->safe(Array, 'tb_tes')
#6 /home/fahmiff1/life.andropick.com/system/CodeIgniter.php(914): App\Controllers\Home->point()
#7 /home/fahmiff1/life.andropick.com/system/CodeIgniter.php(400): CodeIgniter\CodeIgniter->runController(Object(App\Controllers\Home))
#8 /home/fahmiff1/life.andropick.com/system/CodeIgniter.php(308): CodeIgniter\CodeIgniter->handleRequest(NULL, Object(Config\Cache), false)
#9 /home/fahmiff1/life.andropick.com/public/index.php(45): CodeIgniter\CodeIgniter->run()
#10 {main}
CRITICAL - 2020-08-26 13:21:34 --> Undefined variable: payloa_json_from_response
#0 /home/fahmiff1/life.andropick.com/app/Controllers/Home.php(119): CodeIgniter\Debug\Exceptions->errorHandler(8, 'Undefined varia...', '/home/fahmiff1/...', 119, Array)
#1 /home/fahmiff1/life.andropick.com/system/CodeIgniter.php(914): App\Controllers\Home->point()
#2 /home/fahmiff1/life.andropick.com/system/CodeIgniter.php(400): CodeIgniter\CodeIgniter->runController(Object(App\Controllers\Home))
#3 /home/fahmiff1/life.andropick.com/system/CodeIgniter.php(308): CodeIgniter\CodeIgniter->handleRequest(NULL, Object(Config\Cache), false)
#4 /home/fahmiff1/life.andropick.com/public/index.php(45): CodeIgniter\CodeIgniter->run()
#5 {main}
CRITICAL - 2020-08-26 13:21:50 --> Undefined variable: payloa_json_from_response
#0 /home/fahmiff1/life.andropick.com/app/Controllers/Home.php(119): CodeIgniter\Debug\Exceptions->errorHandler(8, 'Undefined varia...', '/home/fahmiff1/...', 119, Array)
#1 /home/fahmiff1/life.andropick.com/system/CodeIgniter.php(914): App\Controllers\Home->point()
#2 /home/fahmiff1/life.andropick.com/system/CodeIgniter.php(400): CodeIgniter\CodeIgniter->runController(Object(App\Controllers\Home))
#3 /home/fahmiff1/life.andropick.com/system/CodeIgniter.php(308): CodeIgniter\CodeIgniter->handleRequest(NULL, Object(Config\Cache), false)
#4 /home/fahmiff1/life.andropick.com/public/index.php(45): CodeIgniter\CodeIgniter->run()
#5 {main}
CRITICAL - 2020-08-26 13:21:52 --> Undefined variable: payloa_json_from_response
#0 /home/fahmiff1/life.andropick.com/app/Controllers/Home.php(119): CodeIgniter\Debug\Exceptions->errorHandler(8, 'Undefined varia...', '/home/fahmiff1/...', 119, Array)
#1 /home/fahmiff1/life.andropick.com/system/CodeIgniter.php(914): App\Controllers\Home->point()
#2 /home/fahmiff1/life.andropick.com/system/CodeIgniter.php(400): CodeIgniter\CodeIgniter->runController(Object(App\Controllers\Home))
#3 /home/fahmiff1/life.andropick.com/system/CodeIgniter.php(308): CodeIgniter\CodeIgniter->handleRequest(NULL, Object(Config\Cache), false)
#4 /home/fahmiff1/life.andropick.com/public/index.php(45): CodeIgniter\CodeIgniter->run()
#5 {main}
CRITICAL - 2020-08-26 13:21:53 --> Undefined variable: payloa_json_from_response
#0 /home/fahmiff1/life.andropick.com/app/Controllers/Home.php(119): CodeIgniter\Debug\Exceptions->errorHandler(8, 'Undefined varia...', '/home/fahmiff1/...', 119, Array)
#1 /home/fahmiff1/life.andropick.com/system/CodeIgniter.php(914): App\Controllers\Home->point()
#2 /home/fahmiff1/life.andropick.com/system/CodeIgniter.php(400): CodeIgniter\CodeIgniter->runController(Object(App\Controllers\Home))
#3 /home/fahmiff1/life.andropick.com/system/CodeIgniter.php(308): CodeIgniter\CodeIgniter->handleRequest(NULL, Object(Config\Cache), false)
#4 /home/fahmiff1/life.andropick.com/public/index.php(45): CodeIgniter\CodeIgniter->run()
#5 {main}
CRITICAL - 2020-08-26 13:49:29 --> Table 'fahmiff1_life.test' doesn't exist
#0 /home/fahmiff1/life.andropick.com/system/Database/MySQLi/Connection.php(331): mysqli->query('SELECT *\nFROM `...')
#1 /home/fahmiff1/life.andropick.com/system/Database/BaseConnection.php(738): CodeIgniter\Database\MySQLi\Connection->execute('SELECT *\nFROM `...')
#2 /home/fahmiff1/life.andropick.com/system/Database/BaseConnection.php(666): CodeIgniter\Database\BaseConnection->simpleQuery('SELECT *\nFROM `...')
#3 /home/fahmiff1/life.andropick.com/system/Database/BaseBuilder.php(1845): CodeIgniter\Database\BaseConnection->query('SELECT *\nFROM `...', Array, false)
#4 /home/fahmiff1/life.andropick.com/app/Models/Mdata.php(32): CodeIgniter\Database\BaseBuilder->get()
#5 /home/fahmiff1/life.andropick.com/app/Controllers/Home.php(110): App\Models\Mdata->view('test')
#6 /home/fahmiff1/life.andropick.com/system/CodeIgniter.php(914): App\Controllers\Home->ab()
#7 /home/fahmiff1/life.andropick.com/system/CodeIgniter.php(400): CodeIgniter\CodeIgniter->runController(Object(App\Controllers\Home))
#8 /home/fahmiff1/life.andropick.com/system/CodeIgniter.php(308): CodeIgniter\CodeIgniter->handleRequest(NULL, Object(Config\Cache), false)
#9 /home/fahmiff1/life.andropick.com/public/index.php(45): CodeIgniter\CodeIgniter->run()
#10 {main}
CRITICAL - 2020-08-26 13:49:47 --> Table 'fahmiff1_life.test' doesn't exist
#0 /home/fahmiff1/life.andropick.com/system/Database/MySQLi/Connection.php(331): mysqli->query('SELECT *\nFROM `...')
#1 /home/fahmiff1/life.andropick.com/system/Database/BaseConnection.php(738): CodeIgniter\Database\MySQLi\Connection->execute('SELECT *\nFROM `...')
#2 /home/fahmiff1/life.andropick.com/system/Database/BaseConnection.php(666): CodeIgniter\Database\BaseConnection->simpleQuery('SELECT *\nFROM `...')
#3 /home/fahmiff1/life.andropick.com/system/Database/BaseBuilder.php(1845): CodeIgniter\Database\BaseConnection->query('SELECT *\nFROM `...', Array, false)
#4 /home/fahmiff1/life.andropick.com/app/Models/Mdata.php(32): CodeIgniter\Database\BaseBuilder->get()
#5 /home/fahmiff1/life.andropick.com/app/Controllers/Home.php(110): App\Models\Mdata->view('test')
#6 /home/fahmiff1/life.andropick.com/system/CodeIgniter.php(914): App\Controllers\Home->ab()
#7 /home/fahmiff1/life.andropick.com/system/CodeIgniter.php(400): CodeIgniter\CodeIgniter->runController(Object(App\Controllers\Home))
#8 /home/fahmiff1/life.andropick.com/system/CodeIgniter.php(308): CodeIgniter\CodeIgniter->handleRequest(NULL, Object(Config\Cache), false)
#9 /home/fahmiff1/life.andropick.com/public/index.php(45): CodeIgniter\CodeIgniter->run()
#10 {main}
CRITICAL - 2020-08-26 13:50:39 --> Table 'fahmiff1_life.tb_test' doesn't exist
#0 /home/fahmiff1/life.andropick.com/system/Database/MySQLi/Connection.php(331): mysqli->query('SELECT *\nFROM `...')
#1 /home/fahmiff1/life.andropick.com/system/Database/BaseConnection.php(738): CodeIgniter\Database\MySQLi\Connection->execute('SELECT *\nFROM `...')
#2 /home/fahmiff1/life.andropick.com/system/Database/BaseConnection.php(666): CodeIgniter\Database\BaseConnection->simpleQuery('SELECT *\nFROM `...')
#3 /home/fahmiff1/life.andropick.com/system/Database/BaseBuilder.php(1845): CodeIgniter\Database\BaseConnection->query('SELECT *\nFROM `...', Array, false)
#4 /home/fahmiff1/life.andropick.com/app/Models/Mdata.php(32): CodeIgniter\Database\BaseBuilder->get()
#5 /home/fahmiff1/life.andropick.com/app/Controllers/Home.php(110): App\Models\Mdata->view('tb_test')
#6 /home/fahmiff1/life.andropick.com/system/CodeIgniter.php(914): App\Controllers\Home->ab()
#7 /home/fahmiff1/life.andropick.com/system/CodeIgniter.php(400): CodeIgniter\CodeIgniter->runController(Object(App\Controllers\Home))
#8 /home/fahmiff1/life.andropick.com/system/CodeIgniter.php(308): CodeIgniter\CodeIgniter->handleRequest(NULL, Object(Config\Cache), false)
#9 /home/fahmiff1/life.andropick.com/public/index.php(45): CodeIgniter\CodeIgniter->run()
#10 {main}
CRITICAL - 2020-08-26 13:50:49 --> Table 'fahmiff1_life.tb_test' doesn't exist
#0 /home/fahmiff1/life.andropick.com/system/Database/MySQLi/Connection.php(331): mysqli->query('SELECT *\nFROM `...')
#1 /home/fahmiff1/life.andropick.com/system/Database/BaseConnection.php(738): CodeIgniter\Database\MySQLi\Connection->execute('SELECT *\nFROM `...')
#2 /home/fahmiff1/life.andropick.com/system/Database/BaseConnection.php(666): CodeIgniter\Database\BaseConnection->simpleQuery('SELECT *\nFROM `...')
#3 /home/fahmiff1/life.andropick.com/system/Database/BaseBuilder.php(1845): CodeIgniter\Database\BaseConnection->query('SELECT *\nFROM `...', Array, false)
#4 /home/fahmiff1/life.andropick.com/app/Models/Mdata.php(32): CodeIgniter\Database\BaseBuilder->get()
#5 /home/fahmiff1/life.andropick.com/app/Controllers/Home.php(110): App\Models\Mdata->view('tb_test')
#6 /home/fahmiff1/life.andropick.com/system/CodeIgniter.php(914): App\Controllers\Home->ab()
#7 /home/fahmiff1/life.andropick.com/system/CodeIgniter.php(400): CodeIgniter\CodeIgniter->runController(Object(App\Controllers\Home))
#8 /home/fahmiff1/life.andropick.com/system/CodeIgniter.php(308): CodeIgniter\CodeIgniter->handleRequest(NULL, Object(Config\Cache), false)
#9 /home/fahmiff1/life.andropick.com/public/index.php(45): CodeIgniter\CodeIgniter->run()
#10 {main}
CRITICAL - 2020-08-26 13:51:09 --> Table 'fahmiff1_life.tb_test' doesn't exist
#0 /home/fahmiff1/life.andropick.com/system/Database/MySQLi/Connection.php(331): mysqli->query('SELECT *\nFROM `...')
#1 /home/fahmiff1/life.andropick.com/system/Database/BaseConnection.php(738): CodeIgniter\Database\MySQLi\Connection->execute('SELECT *\nFROM `...')
#2 /home/fahmiff1/life.andropick.com/system/Database/BaseConnection.php(666): CodeIgniter\Database\BaseConnection->simpleQuery('SELECT *\nFROM `...')
#3 /home/fahmiff1/life.andropick.com/system/Database/BaseBuilder.php(1845): CodeIgniter\Database\BaseConnection->query('SELECT *\nFROM `...', Array, false)
#4 /home/fahmiff1/life.andropick.com/app/Models/Mdata.php(32): CodeIgniter\Database\BaseBuilder->get()
#5 /home/fahmiff1/life.andropick.com/app/Controllers/Home.php(110): App\Models\Mdata->view('tb_test')
#6 /home/fahmiff1/life.andropick.com/system/CodeIgniter.php(914): App\Controllers\Home->ab()
#7 /home/fahmiff1/life.andropick.com/system/CodeIgniter.php(400): CodeIgniter\CodeIgniter->runController(Object(App\Controllers\Home))
#8 /home/fahmiff1/life.andropick.com/system/CodeIgniter.php(308): CodeIgniter\CodeIgniter->handleRequest(NULL, Object(Config\Cache), false)
#9 /home/fahmiff1/life.andropick.com/public/index.php(45): CodeIgniter\CodeIgniter->run()
#10 {main}
CRITICAL - 2020-08-26 13:51:40 --> Table 'fahmiff1_life.tb_test' doesn't exist
#0 /home/fahmiff1/life.andropick.com/system/Database/MySQLi/Connection.php(331): mysqli->query('SELECT *\nFROM `...')
#1 /home/fahmiff1/life.andropick.com/system/Database/BaseConnection.php(738): CodeIgniter\Database\MySQLi\Connection->execute('SELECT *\nFROM `...')
#2 /home/fahmiff1/life.andropick.com/system/Database/BaseConnection.php(666): CodeIgniter\Database\BaseConnection->simpleQuery('SELECT *\nFROM `...')
#3 /home/fahmiff1/life.andropick.com/system/Database/BaseBuilder.php(1845): CodeIgniter\Database\BaseConnection->query('SELECT *\nFROM `...', Array, false)
#4 /home/fahmiff1/life.andropick.com/app/Models/Mdata.php(32): CodeIgniter\Database\BaseBuilder->get()
#5 /home/fahmiff1/life.andropick.com/app/Controllers/Home.php(110): App\Models\Mdata->view('tb_test')
#6 /home/fahmiff1/life.andropick.com/system/CodeIgniter.php(914): App\Controllers\Home->ab()
#7 /home/fahmiff1/life.andropick.com/system/CodeIgniter.php(400): CodeIgniter\CodeIgniter->runController(Object(App\Controllers\Home))
#8 /home/fahmiff1/life.andropick.com/system/CodeIgniter.php(308): CodeIgniter\CodeIgniter->handleRequest(NULL, Object(Config\Cache), false)
#9 /home/fahmiff1/life.andropick.com/public/index.php(45): CodeIgniter\CodeIgniter->run()
#10 {main}
CRITICAL - 2020-08-26 13:51:53 --> Table 'fahmiff1_life.tb_test' doesn't exist
#0 /home/fahmiff1/life.andropick.com/system/Database/MySQLi/Connection.php(331): mysqli->query('SELECT *\nFROM `...')
#1 /home/fahmiff1/life.andropick.com/system/Database/BaseConnection.php(738): CodeIgniter\Database\MySQLi\Connection->execute('SELECT *\nFROM `...')
#2 /home/fahmiff1/life.andropick.com/system/Database/BaseConnection.php(666): CodeIgniter\Database\BaseConnection->simpleQuery('SELECT *\nFROM `...')
#3 /home/fahmiff1/life.andropick.com/system/Database/BaseBuilder.php(1845): CodeIgniter\Database\BaseConnection->query('SELECT *\nFROM `...', Array, false)
#4 /home/fahmiff1/life.andropick.com/app/Models/Mdata.php(32): CodeIgniter\Database\BaseBuilder->get()
#5 /home/fahmiff1/life.andropick.com/app/Controllers/Home.php(110): App\Models\Mdata->view('tb_test')
#6 /home/fahmiff1/life.andropick.com/system/CodeIgniter.php(914): App\Controllers\Home->ab()
#7 /home/fahmiff1/life.andropick.com/system/CodeIgniter.php(400): CodeIgniter\CodeIgniter->runController(Object(App\Controllers\Home))
#8 /home/fahmiff1/life.andropick.com/system/CodeIgniter.php(308): CodeIgniter\CodeIgniter->handleRequest(NULL, Object(Config\Cache), false)
#9 /home/fahmiff1/life.andropick.com/public/index.php(45): CodeIgniter\CodeIgniter->run()
#10 {main}
CRITICAL - 2020-08-26 13:52:10 --> Table 'fahmiff1_life.tb_test' doesn't exist
#0 /home/fahmiff1/life.andropick.com/system/Database/MySQLi/Connection.php(331): mysqli->query('SELECT *\nFROM `...')
#1 /home/fahmiff1/life.andropick.com/system/Database/BaseConnection.php(738): CodeIgniter\Database\MySQLi\Connection->execute('SELECT *\nFROM `...')
#2 /home/fahmiff1/life.andropick.com/system/Database/BaseConnection.php(666): CodeIgniter\Database\BaseConnection->simpleQuery('SELECT *\nFROM `...')
#3 /home/fahmiff1/life.andropick.com/system/Database/BaseBuilder.php(1845): CodeIgniter\Database\BaseConnection->query('SELECT *\nFROM `...', Array, false)
#4 /home/fahmiff1/life.andropick.com/app/Models/Mdata.php(32): CodeIgniter\Database\BaseBuilder->get()
#5 /home/fahmiff1/life.andropick.com/app/Controllers/Home.php(110): App\Models\Mdata->view('tb_test')
#6 /home/fahmiff1/life.andropick.com/system/CodeIgniter.php(914): App\Controllers\Home->ab()
#7 /home/fahmiff1/life.andropick.com/system/CodeIgniter.php(400): CodeIgniter\CodeIgniter->runController(Object(App\Controllers\Home))
#8 /home/fahmiff1/life.andropick.com/system/CodeIgniter.php(308): CodeIgniter\CodeIgniter->handleRequest(NULL, Object(Config\Cache), false)
#9 /home/fahmiff1/life.andropick.com/public/index.php(45): CodeIgniter\CodeIgniter->run()
#10 {main}
CRITICAL - 2020-08-26 13:58:30 --> Call to undefined function App\Controllers\print_()
#0 /home/fahmiff1/life.andropick.com/system/CodeIgniter.php(914): App\Controllers\Home->ab()
#1 /home/fahmiff1/life.andropick.com/system/CodeIgniter.php(400): CodeIgniter\CodeIgniter->runController(Object(App\Controllers\Home))
#2 /home/fahmiff1/life.andropick.com/system/CodeIgniter.php(308): CodeIgniter\CodeIgniter->handleRequest(NULL, Object(Config\Cache), false)
#3 /home/fahmiff1/life.andropick.com/public/index.php(45): CodeIgniter\CodeIgniter->run()
#4 {main}
CRITICAL - 2020-08-26 13:58:36 --> Call to undefined function App\Controllers\print_()
#0 /home/fahmiff1/life.andropick.com/system/CodeIgniter.php(914): App\Controllers\Home->ab()
#1 /home/fahmiff1/life.andropick.com/system/CodeIgniter.php(400): CodeIgniter\CodeIgniter->runController(Object(App\Controllers\Home))
#2 /home/fahmiff1/life.andropick.com/system/CodeIgniter.php(308): CodeIgniter\CodeIgniter->handleRequest(NULL, Object(Config\Cache), false)
#3 /home/fahmiff1/life.andropick.com/public/index.php(45): CodeIgniter\CodeIgniter->run()
#4 {main}
CRITICAL - 2020-08-26 13:58:48 --> Call to undefined function App\Controllers\print_()
#0 /home/fahmiff1/life.andropick.com/system/CodeIgniter.php(914): App\Controllers\Home->ab()
#1 /home/fahmiff1/life.andropick.com/system/CodeIgniter.php(400): CodeIgniter\CodeIgniter->runController(Object(App\Controllers\Home))
#2 /home/fahmiff1/life.andropick.com/system/CodeIgniter.php(308): CodeIgniter\CodeIgniter->handleRequest(NULL, Object(Config\Cache), false)
#3 /home/fahmiff1/life.andropick.com/public/index.php(45): CodeIgniter\CodeIgniter->run()
#4 {main}
CRITICAL - 2020-08-26 13:58:59 --> Call to undefined function App\Controllers\print_()
#0 /home/fahmiff1/life.andropick.com/system/CodeIgniter.php(914): App\Controllers\Home->ab()
#1 /home/fahmiff1/life.andropick.com/system/CodeIgniter.php(400): CodeIgniter\CodeIgniter->runController(Object(App\Controllers\Home))
#2 /home/fahmiff1/life.andropick.com/system/CodeIgniter.php(308): CodeIgniter\CodeIgniter->handleRequest(NULL, Object(Config\Cache), false)
#3 /home/fahmiff1/life.andropick.com/public/index.php(45): CodeIgniter\CodeIgniter->run()
#4 {main}
CRITICAL - 2020-08-26 13:59:04 --> Call to undefined function App\Controllers\print_()
#0 /home/fahmiff1/life.andropick.com/system/CodeIgniter.php(914): App\Controllers\Home->ab()
#1 /home/fahmiff1/life.andropick.com/system/CodeIgniter.php(400): CodeIgniter\CodeIgniter->runController(Object(App\Controllers\Home))
#2 /home/fahmiff1/life.andropick.com/system/CodeIgniter.php(308): CodeIgniter\CodeIgniter->handleRequest(NULL, Object(Config\Cache), false)
#3 /home/fahmiff1/life.andropick.com/public/index.php(45): CodeIgniter\CodeIgniter->run()
#4 {main}
CRITICAL - 2020-08-26 13:59:24 --> Call to undefined function App\Controllers\print_()
#0 /home/fahmiff1/life.andropick.com/system/CodeIgniter.php(914): App\Controllers\Home->ab()
#1 /home/fahmiff1/life.andropick.com/system/CodeIgniter.php(400): CodeIgniter\CodeIgniter->runController(Object(App\Controllers\Home))
#2 /home/fahmiff1/life.andropick.com/system/CodeIgniter.php(308): CodeIgniter\CodeIgniter->handleRequest(NULL, Object(Config\Cache), false)
#3 /home/fahmiff1/life.andropick.com/public/index.php(45): CodeIgniter\CodeIgniter->run()
#4 {main}
CRITICAL - 2020-08-26 13:59:31 --> Call to undefined function App\Controllers\print_()
#0 /home/fahmiff1/life.andropick.com/system/CodeIgniter.php(914): App\Controllers\Home->ab()
#1 /home/fahmiff1/life.andropick.com/system/CodeIgniter.php(400): CodeIgniter\CodeIgniter->runController(Object(App\Controllers\Home))
#2 /home/fahmiff1/life.andropick.com/system/CodeIgniter.php(308): CodeIgniter\CodeIgniter->handleRequest(NULL, Object(Config\Cache), false)
#3 /home/fahmiff1/life.andropick.com/public/index.php(45): CodeIgniter\CodeIgniter->run()
#4 {main}
CRITICAL - 2020-08-26 14:08:08 --> Trying to get property 'amount' of non-object
#0 /home/fahmiff1/life.andropick.com/app/Controllers/Home.php(126): CodeIgniter\Debug\Exceptions->errorHandler(8, 'Trying to get p...', '/home/fahmiff1/...', 126, Array)
#1 /home/fahmiff1/life.andropick.com/system/CodeIgniter.php(914): App\Controllers\Home->point()
#2 /home/fahmiff1/life.andropick.com/system/CodeIgniter.php(400): CodeIgniter\CodeIgniter->runController(Object(App\Controllers\Home))
#3 /home/fahmiff1/life.andropick.com/system/CodeIgniter.php(308): CodeIgniter\CodeIgniter->handleRequest(NULL, Object(Config\Cache), false)
#4 /home/fahmiff1/life.andropick.com/public/index.php(45): CodeIgniter\CodeIgniter->run()
#5 {main}
CRITICAL - 2020-08-26 15:05:11 --> Table 'fahmiff1_life.tb_bil' doesn't exist
#0 /home/fahmiff1/life.andropick.com/system/Database/MySQLi/Connection.php(331): mysqli->query('UPDATE `tb_bil`...')
#1 /home/fahmiff1/life.andropick.com/system/Database/BaseConnection.php(738): CodeIgniter\Database\MySQLi\Connection->execute('UPDATE `tb_bil`...')
#2 /home/fahmiff1/life.andropick.com/system/Database/BaseConnection.php(666): CodeIgniter\Database\BaseConnection->simpleQuery('UPDATE `tb_bil`...')
#3 /home/fahmiff1/life.andropick.com/system/Database/BaseBuilder.php(2441): CodeIgniter\Database\BaseConnection->query('UPDATE `tb_bil`...', Array, false)
#4 /home/fahmiff1/life.andropick.com/app/Models/Mdata.php(97): CodeIgniter\Database\BaseBuilder->update(Array, Array)
#5 /home/fahmiff1/life.andropick.com/app/Controllers/Home.php(141): App\Models\Mdata->ud(Array, 'tb_bil', Array)
#6 /home/fahmiff1/life.andropick.com/system/CodeIgniter.php(914): App\Controllers\Home->point()
#7 /home/fahmiff1/life.andropick.com/system/CodeIgniter.php(400): CodeIgniter\CodeIgniter->runController(Object(App\Controllers\Home))
#8 /home/fahmiff1/life.andropick.com/system/CodeIgniter.php(308): CodeIgniter\CodeIgniter->handleRequest(NULL, Object(Config\Cache), false)
#9 /home/fahmiff1/life.andropick.com/public/index.php(45): CodeIgniter\CodeIgniter->run()
#10 {main}
CRITICAL - 2020-08-26 16:05:07 --> Call to undefined method App\Controllers\Dashboard::data_bill()
#0 /home/fahmiff1/life.andropick.com/app/Controllers/Dashboard.php(726): App\Controllers\Dashboard->_income()
#1 /home/fahmiff1/life.andropick.com/system/CodeIgniter.php(914): App\Controllers\Dashboard->laporan('bill')
#2 /home/fahmiff1/life.andropick.com/system/CodeIgniter.php(400): CodeIgniter\CodeIgniter->runController(Object(App\Controllers\Dashboard))
#3 /home/fahmiff1/life.andropick.com/system/CodeIgniter.php(308): CodeIgniter\CodeIgniter->handleRequest(NULL, Object(Config\Cache), false)
#4 /home/fahmiff1/life.andropick.com/public/index.php(45): CodeIgniter\CodeIgniter->run()
#5 {main}
CRITICAL - 2020-08-26 16:05:12 --> Call to undefined method App\Controllers\Dashboard::data_bill()
#0 /home/fahmiff1/life.andropick.com/app/Controllers/Dashboard.php(726): App\Controllers\Dashboard->_income()
#1 /home/fahmiff1/life.andropick.com/system/CodeIgniter.php(914): App\Controllers\Dashboard->laporan('bill')
#2 /home/fahmiff1/life.andropick.com/system/CodeIgniter.php(400): CodeIgniter\CodeIgniter->runController(Object(App\Controllers\Dashboard))
#3 /home/fahmiff1/life.andropick.com/system/CodeIgniter.php(308): CodeIgniter\CodeIgniter->handleRequest(NULL, Object(Config\Cache), false)
#4 /home/fahmiff1/life.andropick.com/public/index.php(45): CodeIgniter\CodeIgniter->run()
#5 {main}
CRITICAL - 2020-08-26 16:05:35 --> Call to undefined method App\Controllers\Dashboard::data_bill()
#0 /home/fahmiff1/life.andropick.com/app/Controllers/Dashboard.php(726): App\Controllers\Dashboard->_income()
#1 /home/fahmiff1/life.andropick.com/system/CodeIgniter.php(914): App\Controllers\Dashboard->laporan('bill')
#2 /home/fahmiff1/life.andropick.com/system/CodeIgniter.php(400): CodeIgniter\CodeIgniter->runController(Object(App\Controllers\Dashboard))
#3 /home/fahmiff1/life.andropick.com/system/CodeIgniter.php(308): CodeIgniter\CodeIgniter->handleRequest(NULL, Object(Config\Cache), false)
#4 /home/fahmiff1/life.andropick.com/public/index.php(45): CodeIgniter\CodeIgniter->run()
#5 {main}
CRITICAL - 2020-08-26 16:05:43 --> Call to undefined method App\Controllers\Dashboard::data_bill()
#0 /home/fahmiff1/life.andropick.com/app/Controllers/Dashboard.php(726): App\Controllers\Dashboard->_income()
#1 /home/fahmiff1/life.andropick.com/system/CodeIgniter.php(914): App\Controllers\Dashboard->laporan('bill')
#2 /home/fahmiff1/life.andropick.com/system/CodeIgniter.php(400): CodeIgniter\CodeIgniter->runController(Object(App\Controllers\Dashboard))
#3 /home/fahmiff1/life.andropick.com/system/CodeIgniter.php(308): CodeIgniter\CodeIgniter->handleRequest(NULL, Object(Config\Cache), false)
#4 /home/fahmiff1/life.andropick.com/public/index.php(45): CodeIgniter\CodeIgniter->run()
#5 {main}
CRITICAL - 2020-08-26 21:09:32 --> No database selected
#0 D:\project\app\system\Database\MySQLi\Connection.php(331): mysqli->query('SELECT *\nFROM `...')
#1 D:\project\app\system\Database\BaseConnection.php(738): CodeIgniter\Database\MySQLi\Connection->execute('SELECT *\nFROM `...')
#2 D:\project\app\system\Database\BaseConnection.php(666): CodeIgniter\Database\BaseConnection->simpleQuery('SELECT *\nFROM `...')
#3 D:\project\app\system\Database\BaseBuilder.php(2004): CodeIgniter\Database\BaseConnection->query('SELECT *\nFROM `...', Array, false)
#4 D:\project\app\app\Models\Mdata.php(63): CodeIgniter\Database\BaseBuilder->getWhere(Array)
#5 D:\project\app\app\Filters\Authf.php(18): App\Models\Mdata->cc(Array, 'tb_account')
#6 D:\project\app\system\Filters\Filters.php(173): App\Filters\Authf->before(Object(CodeIgniter\HTTP\IncomingRequest), NULL)
#7 D:\project\app\system\CodeIgniter.php(378): CodeIgniter\Filters\Filters->run('dashboard', 'before')
#8 D:\project\app\system\CodeIgniter.php(308): CodeIgniter\CodeIgniter->handleRequest(NULL, Object(Config\Cache), false)
#9 D:\project\app\public\index.php(45): CodeIgniter\CodeIgniter->run()
#10 D:\project\app\system\Commands\Server\rewrite.php(34): require_once('D:\\project\\app\\...')
#11 {main}
CRITICAL - 2020-08-26 21:10:33 --> No database selected
#0 D:\project\app\system\Database\MySQLi\Connection.php(331): mysqli->query('SELECT *\nFROM `...')
#1 D:\project\app\system\Database\BaseConnection.php(738): CodeIgniter\Database\MySQLi\Connection->execute('SELECT *\nFROM `...')
#2 D:\project\app\system\Database\BaseConnection.php(666): CodeIgniter\Database\BaseConnection->simpleQuery('SELECT *\nFROM `...')
#3 D:\project\app\system\Database\BaseBuilder.php(2004): CodeIgniter\Database\BaseConnection->query('SELECT *\nFROM `...', Array, false)
#4 D:\project\app\app\Models\Mdata.php(63): CodeIgniter\Database\BaseBuilder->getWhere(Array)
#5 D:\project\app\app\Filters\Authf.php(18): App\Models\Mdata->cc(Array, 'tb_account')
#6 D:\project\app\system\Filters\Filters.php(173): App\Filters\Authf->before(Object(CodeIgniter\HTTP\IncomingRequest), NULL)
#7 D:\project\app\system\CodeIgniter.php(378): CodeIgniter\Filters\Filters->run('dashboard', 'before')
#8 D:\project\app\system\CodeIgniter.php(308): CodeIgniter\CodeIgniter->handleRequest(NULL, Object(Config\Cache), false)
#9 D:\project\app\public\index.php(45): CodeIgniter\CodeIgniter->run()
#10 D:\project\app\system\Commands\Server\rewrite.php(34): require_once('D:\\project\\app\\...')
#11 {main}
CRITICAL - 2020-08-26 21:10:35 --> No database selected
#0 D:\project\app\system\Database\MySQLi\Connection.php(331): mysqli->query('SELECT *\nFROM `...')
#1 D:\project\app\system\Database\BaseConnection.php(738): CodeIgniter\Database\MySQLi\Connection->execute('SELECT *\nFROM `...')
#2 D:\project\app\system\Database\BaseConnection.php(666): CodeIgniter\Database\BaseConnection->simpleQuery('SELECT *\nFROM `...')
#3 D:\project\app\system\Database\BaseBuilder.php(2004): CodeIgniter\Database\BaseConnection->query('SELECT *\nFROM `...', Array, false)
#4 D:\project\app\app\Models\Mdata.php(63): CodeIgniter\Database\BaseBuilder->getWhere(Array)
#5 D:\project\app\app\Filters\Authf.php(18): App\Models\Mdata->cc(Array, 'tb_account')
#6 D:\project\app\system\Filters\Filters.php(173): App\Filters\Authf->before(Object(CodeIgniter\HTTP\IncomingRequest), NULL)
#7 D:\project\app\system\CodeIgniter.php(378): CodeIgniter\Filters\Filters->run('dashboard', 'before')
#8 D:\project\app\system\CodeIgniter.php(308): CodeIgniter\CodeIgniter->handleRequest(NULL, Object(Config\Cache), false)
#9 D:\project\app\public\index.php(45): CodeIgniter\CodeIgniter->run()
#10 D:\project\app\system\Commands\Server\rewrite.php(34): require_once('D:\\project\\app\\...')
#11 {main}
CRITICAL - 2020-08-26 21:10:46 --> No database selected
#0 D:\project\app\system\Database\MySQLi\Connection.php(331): mysqli->query('SELECT *\nFROM `...')
#1 D:\project\app\system\Database\BaseConnection.php(738): CodeIgniter\Database\MySQLi\Connection->execute('SELECT *\nFROM `...')
#2 D:\project\app\system\Database\BaseConnection.php(666): CodeIgniter\Database\BaseConnection->simpleQuery('SELECT *\nFROM `...')
#3 D:\project\app\system\Database\BaseBuilder.php(2004): CodeIgniter\Database\BaseConnection->query('SELECT *\nFROM `...', Array, false)
#4 D:\project\app\app\Models\Mdata.php(63): CodeIgniter\Database\BaseBuilder->getWhere(Array)
#5 D:\project\app\app\Controllers\Home.php(62): App\Models\Mdata->cc(Array, 'tb_account')
#6 D:\project\app\system\CodeIgniter.php(914): App\Controllers\Home->action()
#7 D:\project\app\system\CodeIgniter.php(400): CodeIgniter\CodeIgniter->runController(Object(App\Controllers\Home))
#8 D:\project\app\system\CodeIgniter.php(308): CodeIgniter\CodeIgniter->handleRequest(NULL, Object(Config\Cache), false)
#9 D:\project\app\public\index.php(45): CodeIgniter\CodeIgniter->run()
#10 D:\project\app\system\Commands\Server\rewrite.php(34): require_once('D:\\project\\app\\...')
#11 {main}
CRITICAL - 2020-08-26 21:16:26 --> Undefined variable: da
#0 D:\project\app\app\Views\laporan\tagihan.php(14): CodeIgniter\Debug\Exceptions->errorHandler(8, 'Undefined varia...', 'D:\\project\\app\\...', 14, Array)
#1 D:\project\app\system\View\View.php(246): include('D:\\project\\app\\...')
#2 D:\project\app\system\View\View.php(525): CodeIgniter\View\View->render('laporan/tagihan', NULL, true)
#3 D:\project\app\app\Views\template\layer.php(5): CodeIgniter\View\View->include('laporan/tagihan')
#4 D:\project\app\system\View\View.php(246): include('D:\\project\\app\\...')
#5 D:\project\app\system\Common.php(1087): CodeIgniter\View\View->render('template/layer', Array, true)
#6 D:\project\app\app\Controllers\Admin.php(713): view('template/layer', Array)
#7 D:\project\app\app\Controllers\Admin.php(690): App\Controllers\Admin->_income()
#8 D:\project\app\system\CodeIgniter.php(914): App\Controllers\Admin->laporan('income')
#9 D:\project\app\system\CodeIgniter.php(400): CodeIgniter\CodeIgniter->runController(Object(App\Controllers\Admin))
#10 D:\project\app\system\CodeIgniter.php(308): CodeIgniter\CodeIgniter->handleRequest(NULL, Object(Config\Cache), false)
#11 D:\project\app\public\index.php(45): CodeIgniter\CodeIgniter->run()
#12 D:\project\app\system\Commands\Server\rewrite.php(34): require_once('D:\\project\\app\\...')
#13 {main}
CRITICAL - 2020-08-26 22:27:29 --> Undefined property: stdClass::$app_rek
#0 D:\project\app\app\Controllers\Dashboard.php(667): CodeIgniter\Debug\Exceptions->errorHandler(8, 'Undefined prope...', 'D:\\project\\app\\...', 667, Array)
#1 D:\project\app\system\CodeIgniter.php(914): App\Controllers\Dashboard->act_reg()
#2 D:\project\app\system\CodeIgniter.php(400): CodeIgniter\CodeIgniter->runController(Object(App\Controllers\Dashboard))
#3 D:\project\app\system\CodeIgniter.php(308): CodeIgniter\CodeIgniter->handleRequest(NULL, Object(Config\Cache), false)
#4 D:\project\app\public\index.php(45): CodeIgniter\CodeIgniter->run()
#5 D:\project\app\system\Commands\Server\rewrite.php(34): require_once('D:\\project\\app\\...')
#6 {main}
CRITICAL - 2020-08-26 22:31:05 --> Undefined property: stdClass::$app_rek
#0 D:\project\app\app\Controllers\Dashboard.php(667): CodeIgniter\Debug\Exceptions->errorHandler(8, 'Undefined prope...', 'D:\\project\\app\\...', 667, Array)
#1 D:\project\app\system\CodeIgniter.php(914): App\Controllers\Dashboard->act_reg()
#2 D:\project\app\system\CodeIgniter.php(400): CodeIgniter\CodeIgniter->runController(Object(App\Controllers\Dashboard))
#3 D:\project\app\system\CodeIgniter.php(308): CodeIgniter\CodeIgniter->handleRequest(NULL, Object(Config\Cache), false)
#4 D:\project\app\public\index.php(45): CodeIgniter\CodeIgniter->run()
#5 D:\project\app\system\Commands\Server\rewrite.php(34): require_once('D:\\project\\app\\...')
#6 {main}
CRITICAL - 2020-08-26 22:31:51 --> Undefined property: stdClass::$app_rek
#0 D:\project\app\app\Views\setting\app.php(48): CodeIgniter\Debug\Exceptions->errorHandler(8, 'Undefined prope...', 'D:\\project\\app\\...', 48, Array)
#1 D:\project\app\system\View\View.php(246): include('D:\\project\\app\\...')
#2 D:\project\app\system\View\View.php(525): CodeIgniter\View\View->render('setting/app', NULL, true)
#3 D:\project\app\app\Views\template\layer.php(5): CodeIgniter\View\View->include('setting/app')
#4 D:\project\app\system\View\View.php(246): include('D:\\project\\app\\...')
#5 D:\project\app\system\Common.php(1087): CodeIgniter\View\View->render('template/layer', Array, true)
#6 D:\project\app\app\Controllers\Admin.php(560): view('template/layer', Array)
#7 D:\project\app\app\Controllers\Admin.php(535): App\Controllers\Admin->_aplikasi()
#8 D:\project\app\system\CodeIgniter.php(914): App\Controllers\Admin->setting('aplikasi')
#9 D:\project\app\system\CodeIgniter.php(400): CodeIgniter\CodeIgniter->runController(Object(App\Controllers\Admin))
#10 D:\project\app\system\CodeIgniter.php(308): CodeIgniter\CodeIgniter->handleRequest(NULL, Object(Config\Cache), false)
#11 D:\project\app\public\index.php(45): CodeIgniter\CodeIgniter->run()
#12 D:\project\app\system\Commands\Server\rewrite.php(34): require_once('D:\\project\\app\\...')
#13 {main}
CRITICAL - 2020-08-26 22:34:53 --> Column 'reg_ppn' cannot be null
#0 D:\project\app\system\Database\MySQLi\Connection.php(331): mysqli->query('INSERT INTO `tb...')
#1 D:\project\app\system\Database\BaseConnection.php(738): CodeIgniter\Database\MySQLi\Connection->execute('INSERT INTO `tb...')
#2 D:\project\app\system\Database\BaseConnection.php(666): CodeIgniter\Database\BaseConnection->simpleQuery('INSERT INTO `tb...')
#3 D:\project\app\system\Database\BaseBuilder.php(2234): CodeIgniter\Database\BaseConnection->query('INSERT INTO `tb...', Array, false)
#4 D:\project\app\app\Models\Mdata.php(18): CodeIgniter\Database\BaseBuilder->insert(Array)
#5 D:\project\app\app\Controllers\Dashboard.php(652): App\Models\Mdata->safe(Array, 'tb_reg')
#6 D:\project\app\system\CodeIgniter.php(914): App\Controllers\Dashboard->act_reg()
#7 D:\project\app\system\CodeIgniter.php(400): CodeIgniter\CodeIgniter->runController(Object(App\Controllers\Dashboard))
#8 D:\project\app\system\CodeIgniter.php(308): CodeIgniter\CodeIgniter->handleRequest(NULL, Object(Config\Cache), false)
#9 D:\project\app\public\index.php(45): CodeIgniter\CodeIgniter->run()
#10 D:\project\app\system\Commands\Server\rewrite.php(34): require_once('D:\\project\\app\\...')
#11 {main}
CRITICAL - 2020-08-26 22:35:00 --> Column 'reg_ppn' cannot be null
#0 D:\project\app\system\Database\MySQLi\Connection.php(331): mysqli->query('INSERT INTO `tb...')
#1 D:\project\app\system\Database\BaseConnection.php(738): CodeIgniter\Database\MySQLi\Connection->execute('INSERT INTO `tb...')
#2 D:\project\app\system\Database\BaseConnection.php(666): CodeIgniter\Database\BaseConnection->simpleQuery('INSERT INTO `tb...')
#3 D:\project\app\system\Database\BaseBuilder.php(2234): CodeIgniter\Database\BaseConnection->query('INSERT INTO `tb...', Array, false)
#4 D:\project\app\app\Models\Mdata.php(18): CodeIgniter\Database\BaseBuilder->insert(Array)
#5 D:\project\app\app\Controllers\Dashboard.php(652): App\Models\Mdata->safe(Array, 'tb_reg')
#6 D:\project\app\system\CodeIgniter.php(914): App\Controllers\Dashboard->act_reg()
#7 D:\project\app\system\CodeIgniter.php(400): CodeIgniter\CodeIgniter->runController(Object(App\Controllers\Dashboard))
#8 D:\project\app\system\CodeIgniter.php(308): CodeIgniter\CodeIgniter->handleRequest(NULL, Object(Config\Cache), false)
#9 D:\project\app\public\index.php(45): CodeIgniter\CodeIgniter->run()
#10 D:\project\app\system\Commands\Server\rewrite.php(34): require_once('D:\\project\\app\\...')
#11 {main}
CRITICAL - 2020-08-26 22:43:38 --> Undefined variable: da
#0 D:\project\app\app\Views\laporan\tagihan.php(14): CodeIgniter\Debug\Exceptions->errorHandler(8, 'Undefined varia...', 'D:\\project\\app\\...', 14, Array)
#1 D:\project\app\system\View\View.php(246): include('D:\\project\\app\\...')
#2 D:\project\app\system\View\View.php(525): CodeIgniter\View\View->render('laporan/tagihan', NULL, true)
#3 D:\project\app\app\Views\template\layer.php(5): CodeIgniter\View\View->include('laporan/tagihan')
#4 D:\project\app\system\View\View.php(246): include('D:\\project\\app\\...')
#5 D:\project\app\system\Common.php(1087): CodeIgniter\View\View->render('template/layer', Array, true)
#6 D:\project\app\app\Controllers\Dashboard.php(739): view('template/layer', Array)
#7 D:\project\app\app\Controllers\Dashboard.php(722): App\Controllers\Dashboard->_tagihan()
#8 D:\project\app\system\CodeIgniter.php(914): App\Controllers\Dashboard->laporan('registrasi')
#9 D:\project\app\system\CodeIgniter.php(400): CodeIgniter\CodeIgniter->runController(Object(App\Controllers\Dashboard))
#10 D:\project\app\system\CodeIgniter.php(308): CodeIgniter\CodeIgniter->handleRequest(NULL, Object(Config\Cache), false)
#11 D:\project\app\public\index.php(45): CodeIgniter\CodeIgniter->run()
#12 D:\project\app\system\Commands\Server\rewrite.php(34): require_once('D:\\project\\app\\...')
#13 {main}
CRITICAL - 2020-08-26 22:45:50 --> Undefined variable: da
#0 D:\project\app\app\Views\laporan\tagihan.php(14): CodeIgniter\Debug\Exceptions->errorHandler(8, 'Undefined varia...', 'D:\\project\\app\\...', 14, Array)
#1 D:\project\app\system\View\View.php(246): include('D:\\project\\app\\...')
#2 D:\project\app\system\View\View.php(525): CodeIgniter\View\View->render('laporan/tagihan', NULL, true)
#3 D:\project\app\app\Views\template\layer.php(5): CodeIgniter\View\View->include('laporan/tagihan')
#4 D:\project\app\system\View\View.php(246): include('D:\\project\\app\\...')
#5 D:\project\app\system\Common.php(1087): CodeIgniter\View\View->render('template/layer', Array, true)
#6 D:\project\app\app\Controllers\Dashboard.php(739): view('template/layer', Array)
#7 D:\project\app\app\Controllers\Dashboard.php(722): App\Controllers\Dashboard->_income()
#8 D:\project\app\system\CodeIgniter.php(914): App\Controllers\Dashboard->laporan('income')
#9 D:\project\app\system\CodeIgniter.php(400): CodeIgniter\CodeIgniter->runController(Object(App\Controllers\Dashboard))
#10 D:\project\app\system\CodeIgniter.php(308): CodeIgniter\CodeIgniter->handleRequest(NULL, Object(Config\Cache), false)
#11 D:\project\app\public\index.php(45): CodeIgniter\CodeIgniter->run()
#12 D:\project\app\system\Commands\Server\rewrite.php(34): require_once('D:\\project\\app\\...')
#13 {main}
CRITICAL - 2020-08-26 22:45:59 --> Undefined variable: da
#0 D:\project\app\app\Views\laporan\tagihan.php(14): CodeIgniter\Debug\Exceptions->errorHandler(8, 'Undefined varia...', 'D:\\project\\app\\...', 14, Array)
#1 D:\project\app\system\View\View.php(246): include('D:\\project\\app\\...')
#2 D:\project\app\system\View\View.php(525): CodeIgniter\View\View->render('laporan/tagihan', NULL, true)
#3 D:\project\app\app\Views\template\layer.php(5): CodeIgniter\View\View->include('laporan/tagihan')
#4 D:\project\app\system\View\View.php(246): include('D:\\project\\app\\...')
#5 D:\project\app\system\Common.php(1087): CodeIgniter\View\View->render('template/layer', Array, true)
#6 D:\project\app\app\Controllers\Dashboard.php(739): view('template/layer', Array)
#7 D:\project\app\app\Controllers\Dashboard.php(722): App\Controllers\Dashboard->_income()
#8 D:\project\app\system\CodeIgniter.php(914): App\Controllers\Dashboard->laporan('income')
#9 D:\project\app\system\CodeIgniter.php(400): CodeIgniter\CodeIgniter->runController(Object(App\Controllers\Dashboard))
#10 D:\project\app\system\CodeIgniter.php(308): CodeIgniter\CodeIgniter->handleRequest(NULL, Object(Config\Cache), false)
#11 D:\project\app\public\index.php(45): CodeIgniter\CodeIgniter->run()
#12 D:\project\app\system\Commands\Server\rewrite.php(34): require_once('D:\\project\\app\\...')
#13 {main}
CRITICAL - 2020-08-26 22:46:20 --> Undefined variable: ot
#0 D:\project\app\app\Views\laporan\tagihan.php(31): CodeIgniter\Debug\Exceptions->errorHandler(8, 'Undefined varia...', 'D:\\project\\app\\...', 31, Array)
#1 D:\project\app\system\View\View.php(246): include('D:\\project\\app\\...')
#2 D:\project\app\system\View\View.php(525): CodeIgniter\View\View->render('laporan/tagihan', NULL, true)
#3 D:\project\app\app\Views\template\layer.php(5): CodeIgniter\View\View->include('laporan/tagihan')
#4 D:\project\app\system\View\View.php(246): include('D:\\project\\app\\...')
#5 D:\project\app\system\Common.php(1087): CodeIgniter\View\View->render('template/layer', Array, true)
#6 D:\project\app\app\Controllers\Dashboard.php(740): view('template/layer', Array)
#7 D:\project\app\app\Controllers\Dashboard.php(722): App\Controllers\Dashboard->_income()
#8 D:\project\app\system\CodeIgniter.php(914): App\Controllers\Dashboard->laporan('income')
#9 D:\project\app\system\CodeIgniter.php(400): CodeIgniter\CodeIgniter->runController(Object(App\Controllers\Dashboard))
#10 D:\project\app\system\CodeIgniter.php(308): CodeIgniter\CodeIgniter->handleRequest(NULL, Object(Config\Cache), false)
#11 D:\project\app\public\index.php(45): CodeIgniter\CodeIgniter->run()
#12 D:\project\app\system\Commands\Server\rewrite.php(34): require_once('D:\\project\\app\\...')
#13 {main}
CRITICAL - 2020-08-26 22:46:21 --> Undefined variable: ot
#0 D:\project\app\app\Views\laporan\tagihan.php(31): CodeIgniter\Debug\Exceptions->errorHandler(8, 'Undefined varia...', 'D:\\project\\app\\...', 31, Array)
#1 D:\project\app\system\View\View.php(246): include('D:\\project\\app\\...')
#2 D:\project\app\system\View\View.php(525): CodeIgniter\View\View->render('laporan/tagihan', NULL, true)
#3 D:\project\app\app\Views\template\layer.php(5): CodeIgniter\View\View->include('laporan/tagihan')
#4 D:\project\app\system\View\View.php(246): include('D:\\project\\app\\...')
#5 D:\project\app\system\Common.php(1087): CodeIgniter\View\View->render('template/layer', Array, true)
#6 D:\project\app\app\Controllers\Dashboard.php(740): view('template/layer', Array)
#7 D:\project\app\app\Controllers\Dashboard.php(722): App\Controllers\Dashboard->_income()
#8 D:\project\app\system\CodeIgniter.php(914): App\Controllers\Dashboard->laporan('income')
#9 D:\project\app\system\CodeIgniter.php(400): CodeIgniter\CodeIgniter->runController(Object(App\Controllers\Dashboard))
#10 D:\project\app\system\CodeIgniter.php(308): CodeIgniter\CodeIgniter->handleRequest(NULL, Object(Config\Cache), false)
#11 D:\project\app\public\index.php(45): CodeIgniter\CodeIgniter->run()
#12 D:\project\app\system\Commands\Server\rewrite.php(34): require_once('D:\\project\\app\\...')
#13 {main}
CRITICAL - 2020-08-26 22:46:24 --> Undefined variable: ot
#0 D:\project\app\app\Views\laporan\tagihan.php(31): CodeIgniter\Debug\Exceptions->errorHandler(8, 'Undefined varia...', 'D:\\project\\app\\...', 31, Array)
#1 D:\project\app\system\View\View.php(246): include('D:\\project\\app\\...')
#2 D:\project\app\system\View\View.php(525): CodeIgniter\View\View->render('laporan/tagihan', NULL, true)
#3 D:\project\app\app\Views\template\layer.php(5): CodeIgniter\View\View->include('laporan/tagihan')
#4 D:\project\app\system\View\View.php(246): include('D:\\project\\app\\...')
#5 D:\project\app\system\Common.php(1087): CodeIgniter\View\View->render('template/layer', Array, true)
#6 D:\project\app\app\Controllers\Dashboard.php(740): view('template/layer', Array)
#7 D:\project\app\app\Controllers\Dashboard.php(722): App\Controllers\Dashboard->_income()
#8 D:\project\app\system\CodeIgniter.php(914): App\Controllers\Dashboard->laporan('income')
#9 D:\project\app\system\CodeIgniter.php(400): CodeIgniter\CodeIgniter->runController(Object(App\Controllers\Dashboard))
#10 D:\project\app\system\CodeIgniter.php(308): CodeIgniter\CodeIgniter->handleRequest(NULL, Object(Config\Cache), false)
#11 D:\project\app\public\index.php(45): CodeIgniter\CodeIgniter->run()
#12 D:\project\app\system\Commands\Server\rewrite.php(34): require_once('D:\\project\\app\\...')
#13 {main}
CRITICAL - 2020-08-26 22:52:33 --> Undefined variable: tot
#0 D:\project\app\app\Views\laporan\tagihan.php(30): CodeIgniter\Debug\Exceptions->errorHandler(8, 'Undefined varia...', 'D:\\project\\app\\...', 30, Array)
#1 D:\project\app\system\View\View.php(246): include('D:\\project\\app\\...')
#2 D:\project\app\system\View\View.php(525): CodeIgniter\View\View->render('laporan/tagihan', NULL, true)
#3 D:\project\app\app\Views\template\layer.php(5): CodeIgniter\View\View->include('laporan/tagihan')
#4 D:\project\app\system\View\View.php(246): include('D:\\project\\app\\...')
#5 D:\project\app\system\Common.php(1087): CodeIgniter\View\View->render('template/layer', Array, true)
#6 D:\project\app\app\Controllers\Dashboard.php(762): view('template/layer', Array)
#7 D:\project\app\app\Controllers\Dashboard.php(725): App\Controllers\Dashboard->_bill()
#8 D:\project\app\system\CodeIgniter.php(914): App\Controllers\Dashboard->laporan('bill')
#9 D:\project\app\system\CodeIgniter.php(400): CodeIgniter\CodeIgniter->runController(Object(App\Controllers\Dashboard))
#10 D:\project\app\system\CodeIgniter.php(308): CodeIgniter\CodeIgniter->handleRequest(NULL, Object(Config\Cache), false)
#11 D:\project\app\public\index.php(45): CodeIgniter\CodeIgniter->run()
#12 D:\project\app\system\Commands\Server\rewrite.php(34): require_once('D:\\project\\app\\...')
#13 {main}
CRITICAL - 2020-08-26 22:52:55 --> Undefined property: stdClass::$reg_ppn
#0 D:\project\app\app\Views\laporan\tagihan.php(30): CodeIgniter\Debug\Exceptions->errorHandler(8, 'Undefined prope...', 'D:\\project\\app\\...', 30, Array)
#1 D:\project\app\system\View\View.php(246): include('D:\\project\\app\\...')
#2 D:\project\app\system\View\View.php(525): CodeIgniter\View\View->render('laporan/tagihan', NULL, true)
#3 D:\project\app\app\Views\template\layer.php(5): CodeIgniter\View\View->include('laporan/tagihan')
#4 D:\project\app\system\View\View.php(246): include('D:\\project\\app\\...')
#5 D:\project\app\system\Common.php(1087): CodeIgniter\View\View->render('template/layer', Array, true)
#6 D:\project\app\app\Controllers\Dashboard.php(762): view('template/layer', Array)
#7 D:\project\app\app\Controllers\Dashboard.php(725): App\Controllers\Dashboard->_bill()
#8 D:\project\app\system\CodeIgniter.php(914): App\Controllers\Dashboard->laporan('bill')
#9 D:\project\app\system\CodeIgniter.php(400): CodeIgniter\CodeIgniter->runController(Object(App\Controllers\Dashboard))
#10 D:\project\app\system\CodeIgniter.php(308): CodeIgniter\CodeIgniter->handleRequest(NULL, Object(Config\Cache), false)
#11 D:\project\app\public\index.php(45): CodeIgniter\CodeIgniter->run()
#12 D:\project\app\system\Commands\Server\rewrite.php(34): require_once('D:\\project\\app\\...')
#13 {main}
CRITICAL - 2020-08-26 22:54:34 --> Undefined property: stdClass::$reg_ppn
#0 D:\project\app\app\Views\laporan\tagihan.php(30): CodeIgniter\Debug\Exceptions->errorHandler(8, 'Undefined prope...', 'D:\\project\\app\\...', 30, Array)
#1 D:\project\app\system\View\View.php(246): include('D:\\project\\app\\...')
#2 D:\project\app\system\View\View.php(525): CodeIgniter\View\View->render('laporan/tagihan', NULL, true)
#3 D:\project\app\app\Views\template\layer.php(5): CodeIgniter\View\View->include('laporan/tagihan')
#4 D:\project\app\system\View\View.php(246): include('D:\\project\\app\\...')
#5 D:\project\app\system\Common.php(1087): CodeIgniter\View\View->render('template/layer', Array, true)
#6 D:\project\app\app\Controllers\Dashboard.php(762): view('template/layer', Array)
#7 D:\project\app\app\Controllers\Dashboard.php(725): App\Controllers\Dashboard->_bill()
#8 D:\project\app\system\CodeIgniter.php(914): App\Controllers\Dashboard->laporan('bill')
#9 D:\project\app\system\CodeIgniter.php(400): CodeIgniter\CodeIgniter->runController(Object(App\Controllers\Dashboard))
#10 D:\project\app\system\CodeIgniter.php(308): CodeIgniter\CodeIgniter->handleRequest(NULL, Object(Config\Cache), false)
#11 D:\project\app\public\index.php(45): CodeIgniter\CodeIgniter->run()
#12 D:\project\app\system\Commands\Server\rewrite.php(34): require_once('D:\\project\\app\\...')
#13 {main}
