CRITICAL - 2020-12-08 16:56:37 --> Table 'bkk.tb_notif' doesn't exist
#0 D:\laragon\www\bkk\system\Database\MySQLi\Connection.php(331): mysqli->query('INSERT INTO `tb...')
#1 D:\laragon\www\bkk\system\Database\BaseConnection.php(738): CodeIgniter\Database\MySQLi\Connection->execute('INSERT INTO `tb...')
#2 D:\laragon\www\bkk\system\Database\BaseConnection.php(666): CodeIgniter\Database\BaseConnection->simpleQuery('INSERT INTO `tb...')
#3 D:\laragon\www\bkk\system\Database\BaseBuilder.php(2234): CodeIgniter\Database\BaseConnection->query('INSERT INTO `tb...', Array, false)
#4 D:\laragon\www\bkk\app\Models\Mdata.php(28): CodeIgniter\Database\BaseBuilder->insert(Array)
#5 D:\laragon\www\bkk\app\Controllers\BaseController.php(160): App\Models\Mdata->safe(Array, 'tb_notif')
#6 D:\laragon\www\bkk\app\Controllers\Home.php(181): App\Controllers\BaseController->_notif('login')
#7 D:\laragon\www\bkk\system\CodeIgniter.php(914): App\Controllers\Home->action()
#8 D:\laragon\www\bkk\system\CodeIgniter.php(400): CodeIgniter\CodeIgniter->runController(Object(App\Controllers\Home))
#9 D:\laragon\www\bkk\system\CodeIgniter.php(308): CodeIgniter\CodeIgniter->handleRequest(NULL, Object(Config\Cache), false)
#10 D:\laragon\www\bkk\public\index.php(45): CodeIgniter\CodeIgniter->run()
#11 {main}
CRITICAL - 2020-12-08 16:58:43 --> Table 'bkk.tb_app' doesn't exist
#0 D:\laragon\www\bkk\system\Database\MySQLi\Connection.php(331): mysqli->query('SELECT *\nFROM `...')
#1 D:\laragon\www\bkk\system\Database\BaseConnection.php(738): CodeIgniter\Database\MySQLi\Connection->execute('SELECT *\nFROM `...')
#2 D:\laragon\www\bkk\system\Database\BaseConnection.php(666): CodeIgniter\Database\BaseConnection->simpleQuery('SELECT *\nFROM `...')
#3 D:\laragon\www\bkk\system\Database\BaseBuilder.php(1845): CodeIgniter\Database\BaseConnection->query('SELECT *\nFROM `...', Array, false)
#4 D:\laragon\www\bkk\app\Models\Mdata.php(63): CodeIgniter\Database\BaseBuilder->get()
#5 D:\laragon\www\bkk\app\Controllers\BaseController.php(59): App\Models\Mdata->view('tb_app')
#6 D:\laragon\www\bkk\app\Controllers\Dashboard.php(14): App\Controllers\BaseController->_log_dash()
#7 D:\laragon\www\bkk\system\CodeIgniter.php(886): App\Controllers\Dashboard->__construct()
#8 D:\laragon\www\bkk\system\CodeIgniter.php(395): CodeIgniter\CodeIgniter->createController()
#9 D:\laragon\www\bkk\system\CodeIgniter.php(308): CodeIgniter\CodeIgniter->handleRequest(NULL, Object(Config\Cache), false)
#10 D:\laragon\www\bkk\public\index.php(45): CodeIgniter\CodeIgniter->run()
#11 {main}
CRITICAL - 2020-12-08 16:58:54 --> Table 'bkk.tb_app' doesn't exist
#0 D:\laragon\www\bkk\system\Database\MySQLi\Connection.php(331): mysqli->query('SELECT *\nFROM `...')
#1 D:\laragon\www\bkk\system\Database\BaseConnection.php(738): CodeIgniter\Database\MySQLi\Connection->execute('SELECT *\nFROM `...')
#2 D:\laragon\www\bkk\system\Database\BaseConnection.php(666): CodeIgniter\Database\BaseConnection->simpleQuery('SELECT *\nFROM `...')
#3 D:\laragon\www\bkk\system\Database\BaseBuilder.php(1845): CodeIgniter\Database\BaseConnection->query('SELECT *\nFROM `...', Array, false)
#4 D:\laragon\www\bkk\app\Models\Mdata.php(63): CodeIgniter\Database\BaseBuilder->get()
#5 D:\laragon\www\bkk\app\Controllers\BaseController.php(59): App\Models\Mdata->view('tb_app')
#6 D:\laragon\www\bkk\app\Controllers\Dashboard.php(14): App\Controllers\BaseController->_log_dash()
#7 D:\laragon\www\bkk\system\CodeIgniter.php(886): App\Controllers\Dashboard->__construct()
#8 D:\laragon\www\bkk\system\CodeIgniter.php(395): CodeIgniter\CodeIgniter->createController()
#9 D:\laragon\www\bkk\system\CodeIgniter.php(308): CodeIgniter\CodeIgniter->handleRequest(NULL, Object(Config\Cache), false)
#10 D:\laragon\www\bkk\public\index.php(45): CodeIgniter\CodeIgniter->run()
#11 {main}
CRITICAL - 2020-12-08 16:59:26 --> Table 'bkk.tb_reg' doesn't exist
#0 D:\laragon\www\bkk\system\Database\MySQLi\Connection.php(331): mysqli->query('SELECT *, SUM(`...')
#1 D:\laragon\www\bkk\system\Database\BaseConnection.php(738): CodeIgniter\Database\MySQLi\Connection->execute('SELECT *, SUM(`...')
#2 D:\laragon\www\bkk\system\Database\BaseConnection.php(666): CodeIgniter\Database\BaseConnection->simpleQuery('SELECT *, SUM(`...')
#3 D:\laragon\www\bkk\system\Database\BaseBuilder.php(1845): CodeIgniter\Database\BaseConnection->query('SELECT *, SUM(`...', Array, false)
#4 D:\laragon\www\bkk\app\Models\Mdata.php(48): CodeIgniter\Database\BaseBuilder->get()
#5 D:\laragon\www\bkk\app\Controllers\Dashboard.php(33): App\Models\Mdata->join_sum(Array, Array, Array, Array)
#6 D:\laragon\www\bkk\system\CodeIgniter.php(914): App\Controllers\Dashboard->index()
#7 D:\laragon\www\bkk\system\CodeIgniter.php(400): CodeIgniter\CodeIgniter->runController(Object(App\Controllers\Dashboard))
#8 D:\laragon\www\bkk\system\CodeIgniter.php(308): CodeIgniter\CodeIgniter->handleRequest(NULL, Object(Config\Cache), false)
#9 D:\laragon\www\bkk\public\index.php(45): CodeIgniter\CodeIgniter->run()
#10 {main}
CRITICAL - 2020-12-08 16:59:29 --> Table 'bkk.tb_reg' doesn't exist
#0 D:\laragon\www\bkk\system\Database\MySQLi\Connection.php(331): mysqli->query('SELECT *, SUM(`...')
#1 D:\laragon\www\bkk\system\Database\BaseConnection.php(738): CodeIgniter\Database\MySQLi\Connection->execute('SELECT *, SUM(`...')
#2 D:\laragon\www\bkk\system\Database\BaseConnection.php(666): CodeIgniter\Database\BaseConnection->simpleQuery('SELECT *, SUM(`...')
#3 D:\laragon\www\bkk\system\Database\BaseBuilder.php(1845): CodeIgniter\Database\BaseConnection->query('SELECT *, SUM(`...', Array, false)
#4 D:\laragon\www\bkk\app\Models\Mdata.php(48): CodeIgniter\Database\BaseBuilder->get()
#5 D:\laragon\www\bkk\app\Controllers\Dashboard.php(33): App\Models\Mdata->join_sum(Array, Array, Array, Array)
#6 D:\laragon\www\bkk\system\CodeIgniter.php(914): App\Controllers\Dashboard->index()
#7 D:\laragon\www\bkk\system\CodeIgniter.php(400): CodeIgniter\CodeIgniter->runController(Object(App\Controllers\Dashboard))
#8 D:\laragon\www\bkk\system\CodeIgniter.php(308): CodeIgniter\CodeIgniter->handleRequest(NULL, Object(Config\Cache), false)
#9 D:\laragon\www\bkk\public\index.php(45): CodeIgniter\CodeIgniter->run()
#10 {main}
CRITICAL - 2020-12-08 17:00:12 --> Table 'bkk.tb_client' doesn't exist
#0 D:\laragon\www\bkk\system\Database\MySQLi\Connection.php(331): mysqli->query('SELECT *, SUM(`...')
#1 D:\laragon\www\bkk\system\Database\BaseConnection.php(738): CodeIgniter\Database\MySQLi\Connection->execute('SELECT *, SUM(`...')
#2 D:\laragon\www\bkk\system\Database\BaseConnection.php(666): CodeIgniter\Database\BaseConnection->simpleQuery('SELECT *, SUM(`...')
#3 D:\laragon\www\bkk\system\Database\BaseBuilder.php(1845): CodeIgniter\Database\BaseConnection->query('SELECT *, SUM(`...', Array, false)
#4 D:\laragon\www\bkk\app\Models\Mdata.php(48): CodeIgniter\Database\BaseBuilder->get()
#5 D:\laragon\www\bkk\app\Controllers\Dashboard.php(33): App\Models\Mdata->join_sum(Array, Array, Array, Array)
#6 D:\laragon\www\bkk\system\CodeIgniter.php(914): App\Controllers\Dashboard->index()
#7 D:\laragon\www\bkk\system\CodeIgniter.php(400): CodeIgniter\CodeIgniter->runController(Object(App\Controllers\Dashboard))
#8 D:\laragon\www\bkk\system\CodeIgniter.php(308): CodeIgniter\CodeIgniter->handleRequest(NULL, Object(Config\Cache), false)
#9 D:\laragon\www\bkk\public\index.php(45): CodeIgniter\CodeIgniter->run()
#10 {main}
CRITICAL - 2020-12-08 17:00:14 --> Table 'bkk.tb_client' doesn't exist
#0 D:\laragon\www\bkk\system\Database\MySQLi\Connection.php(331): mysqli->query('SELECT *, SUM(`...')
#1 D:\laragon\www\bkk\system\Database\BaseConnection.php(738): CodeIgniter\Database\MySQLi\Connection->execute('SELECT *, SUM(`...')
#2 D:\laragon\www\bkk\system\Database\BaseConnection.php(666): CodeIgniter\Database\BaseConnection->simpleQuery('SELECT *, SUM(`...')
#3 D:\laragon\www\bkk\system\Database\BaseBuilder.php(1845): CodeIgniter\Database\BaseConnection->query('SELECT *, SUM(`...', Array, false)
#4 D:\laragon\www\bkk\app\Models\Mdata.php(48): CodeIgniter\Database\BaseBuilder->get()
#5 D:\laragon\www\bkk\app\Controllers\Dashboard.php(33): App\Models\Mdata->join_sum(Array, Array, Array, Array)
#6 D:\laragon\www\bkk\system\CodeIgniter.php(914): App\Controllers\Dashboard->index()
#7 D:\laragon\www\bkk\system\CodeIgniter.php(400): CodeIgniter\CodeIgniter->runController(Object(App\Controllers\Dashboard))
#8 D:\laragon\www\bkk\system\CodeIgniter.php(308): CodeIgniter\CodeIgniter->handleRequest(NULL, Object(Config\Cache), false)
#9 D:\laragon\www\bkk\public\index.php(45): CodeIgniter\CodeIgniter->run()
#10 {main}
CRITICAL - 2020-12-08 17:01:36 --> Undefined variable: paid
#0 D:\laragon\www\bkk\app\Views\content.php(12): CodeIgniter\Debug\Exceptions->errorHandler(8, 'Undefined varia...', 'D:\\laragon\\www\\...', 12, Array)
#1 D:\laragon\www\bkk\system\View\View.php(246): include('D:\\laragon\\www\\...')
#2 D:\laragon\www\bkk\system\View\View.php(525): CodeIgniter\View\View->render('content', NULL, true)
#3 D:\laragon\www\bkk\app\Views\template\layer.php(5): CodeIgniter\View\View->include('content')
#4 D:\laragon\www\bkk\system\View\View.php(246): include('D:\\laragon\\www\\...')
#5 D:\laragon\www\bkk\system\Common.php(1087): CodeIgniter\View\View->render('template/layer', Array, true)
#6 D:\laragon\www\bkk\app\Controllers\Dashboard.php(66): view('template/layer', Array)
#7 D:\laragon\www\bkk\system\CodeIgniter.php(914): App\Controllers\Dashboard->index()
#8 D:\laragon\www\bkk\system\CodeIgniter.php(400): CodeIgniter\CodeIgniter->runController(Object(App\Controllers\Dashboard))
#9 D:\laragon\www\bkk\system\CodeIgniter.php(308): CodeIgniter\CodeIgniter->handleRequest(NULL, Object(Config\Cache), false)
#10 D:\laragon\www\bkk\public\index.php(45): CodeIgniter\CodeIgniter->run()
#11 {main}
CRITICAL - 2020-12-08 17:02:16 --> Undefined variable: client
#0 D:\laragon\www\bkk\app\Views\content.php(31): CodeIgniter\Debug\Exceptions->errorHandler(8, 'Undefined varia...', 'D:\\laragon\\www\\...', 31, Array)
#1 D:\laragon\www\bkk\system\View\View.php(246): include('D:\\laragon\\www\\...')
#2 D:\laragon\www\bkk\system\View\View.php(525): CodeIgniter\View\View->render('content', NULL, true)
#3 D:\laragon\www\bkk\app\Views\template\layer.php(5): CodeIgniter\View\View->include('content')
#4 D:\laragon\www\bkk\system\View\View.php(246): include('D:\\laragon\\www\\...')
#5 D:\laragon\www\bkk\system\Common.php(1087): CodeIgniter\View\View->render('template/layer', Array, true)
#6 D:\laragon\www\bkk\app\Controllers\Dashboard.php(66): view('template/layer', Array)
#7 D:\laragon\www\bkk\system\CodeIgniter.php(914): App\Controllers\Dashboard->index()
#8 D:\laragon\www\bkk\system\CodeIgniter.php(400): CodeIgniter\CodeIgniter->runController(Object(App\Controllers\Dashboard))
#9 D:\laragon\www\bkk\system\CodeIgniter.php(308): CodeIgniter\CodeIgniter->handleRequest(NULL, Object(Config\Cache), false)
#10 D:\laragon\www\bkk\public\index.php(45): CodeIgniter\CodeIgniter->run()
#11 {main}
CRITICAL - 2020-12-08 17:02:58 --> Undefined variable: nom
#0 D:\laragon\www\bkk\app\Views\content.php(55): CodeIgniter\Debug\Exceptions->errorHandler(8, 'Undefined varia...', 'D:\\laragon\\www\\...', 55, Array)
#1 D:\laragon\www\bkk\system\View\View.php(246): include('D:\\laragon\\www\\...')
#2 D:\laragon\www\bkk\system\View\View.php(525): CodeIgniter\View\View->render('content', NULL, true)
#3 D:\laragon\www\bkk\app\Views\template\layer.php(5): CodeIgniter\View\View->include('content')
#4 D:\laragon\www\bkk\system\View\View.php(246): include('D:\\laragon\\www\\...')
#5 D:\laragon\www\bkk\system\Common.php(1087): CodeIgniter\View\View->render('template/layer', Array, true)
#6 D:\laragon\www\bkk\app\Controllers\Dashboard.php(66): view('template/layer', Array)
#7 D:\laragon\www\bkk\system\CodeIgniter.php(914): App\Controllers\Dashboard->index()
#8 D:\laragon\www\bkk\system\CodeIgniter.php(400): CodeIgniter\CodeIgniter->runController(Object(App\Controllers\Dashboard))
#9 D:\laragon\www\bkk\system\CodeIgniter.php(308): CodeIgniter\CodeIgniter->handleRequest(NULL, Object(Config\Cache), false)
#10 D:\laragon\www\bkk\public\index.php(45): CodeIgniter\CodeIgniter->run()
#11 {main}
CRITICAL - 2020-12-08 17:03:18 --> Undefined variable: reg
#0 D:\laragon\www\bkk\app\Views\content.php(64): CodeIgniter\Debug\Exceptions->errorHandler(8, 'Undefined varia...', 'D:\\laragon\\www\\...', 64, Array)
#1 D:\laragon\www\bkk\system\View\View.php(246): include('D:\\laragon\\www\\...')
#2 D:\laragon\www\bkk\system\View\View.php(525): CodeIgniter\View\View->render('content', NULL, true)
#3 D:\laragon\www\bkk\app\Views\template\layer.php(5): CodeIgniter\View\View->include('content')
#4 D:\laragon\www\bkk\system\View\View.php(246): include('D:\\laragon\\www\\...')
#5 D:\laragon\www\bkk\system\Common.php(1087): CodeIgniter\View\View->render('template/layer', Array, true)
#6 D:\laragon\www\bkk\app\Controllers\Dashboard.php(66): view('template/layer', Array)
#7 D:\laragon\www\bkk\system\CodeIgniter.php(914): App\Controllers\Dashboard->index()
#8 D:\laragon\www\bkk\system\CodeIgniter.php(400): CodeIgniter\CodeIgniter->runController(Object(App\Controllers\Dashboard))
#9 D:\laragon\www\bkk\system\CodeIgniter.php(308): CodeIgniter\CodeIgniter->handleRequest(NULL, Object(Config\Cache), false)
#10 D:\laragon\www\bkk\public\index.php(45): CodeIgniter\CodeIgniter->run()
#11 {main}
CRITICAL - 2020-12-08 17:42:04 --> Berkas tidak valid: es/base.php
#0 D:\laragon\www\bkk\system\View\View.php(228): CodeIgniter\Exceptions\FrameworkException::forInvalidFile('es/base.php')
#1 D:\laragon\www\bkk\system\View\View.php(257): CodeIgniter\View\View->render('es/base', Array, true)
#2 D:\laragon\www\bkk\system\Common.php(1087): CodeIgniter\View\View->render('frontend/layer', Array, true)
#3 D:\laragon\www\bkk\app\Controllers\Home.php(32): view('frontend/layer', Array)
#4 D:\laragon\www\bkk\system\CodeIgniter.php(914): App\Controllers\Home->index()
#5 D:\laragon\www\bkk\system\CodeIgniter.php(400): CodeIgniter\CodeIgniter->runController(Object(App\Controllers\Home))
#6 D:\laragon\www\bkk\system\CodeIgniter.php(308): CodeIgniter\CodeIgniter->handleRequest(NULL, Object(Config\Cache), false)
#7 D:\laragon\www\bkk\public\index.php(45): CodeIgniter\CodeIgniter->run()
#8 {main}
CRITICAL - 2020-12-08 17:42:22 --> Berkas tidak valid: es/nav.php
#0 D:\laragon\www\bkk\system\View\View.php(228): CodeIgniter\Exceptions\FrameworkException::forInvalidFile('es/nav.php')
#1 D:\laragon\www\bkk\system\View\View.php(525): CodeIgniter\View\View->render('es/nav', NULL, true)
#2 D:\laragon\www\bkk\app\Views\frontend\base.php(35): CodeIgniter\View\View->include('es/nav')
#3 D:\laragon\www\bkk\system\View\View.php(246): include('D:\\laragon\\www\\...')
#4 D:\laragon\www\bkk\system\View\View.php(257): CodeIgniter\View\View->render('frontend/base', Array, true)
#5 D:\laragon\www\bkk\system\Common.php(1087): CodeIgniter\View\View->render('frontend/layer', Array, true)
#6 D:\laragon\www\bkk\app\Controllers\Home.php(32): view('frontend/layer', Array)
#7 D:\laragon\www\bkk\system\CodeIgniter.php(914): App\Controllers\Home->index()
#8 D:\laragon\www\bkk\system\CodeIgniter.php(400): CodeIgniter\CodeIgniter->runController(Object(App\Controllers\Home))
#9 D:\laragon\www\bkk\system\CodeIgniter.php(308): CodeIgniter\CodeIgniter->handleRequest(NULL, Object(Config\Cache), false)
#10 D:\laragon\www\bkk\public\index.php(45): CodeIgniter\CodeIgniter->run()
#11 {main}
CRITICAL - 2020-12-08 17:42:25 --> Berkas tidak valid: es/nav.php
#0 D:\laragon\www\bkk\system\View\View.php(228): CodeIgniter\Exceptions\FrameworkException::forInvalidFile('es/nav.php')
#1 D:\laragon\www\bkk\system\View\View.php(525): CodeIgniter\View\View->render('es/nav', NULL, true)
#2 D:\laragon\www\bkk\app\Views\frontend\base.php(35): CodeIgniter\View\View->include('es/nav')
#3 D:\laragon\www\bkk\system\View\View.php(246): include('D:\\laragon\\www\\...')
#4 D:\laragon\www\bkk\system\View\View.php(257): CodeIgniter\View\View->render('frontend/base', Array, true)
#5 D:\laragon\www\bkk\system\Common.php(1087): CodeIgniter\View\View->render('frontend/layer', Array, true)
#6 D:\laragon\www\bkk\app\Controllers\Home.php(32): view('frontend/layer', Array)
#7 D:\laragon\www\bkk\system\CodeIgniter.php(914): App\Controllers\Home->index()
#8 D:\laragon\www\bkk\system\CodeIgniter.php(400): CodeIgniter\CodeIgniter->runController(Object(App\Controllers\Home))
#9 D:\laragon\www\bkk\system\CodeIgniter.php(308): CodeIgniter\CodeIgniter->handleRequest(NULL, Object(Config\Cache), false)
#10 D:\laragon\www\bkk\public\index.php(45): CodeIgniter\CodeIgniter->run()
#11 {main}
CRITICAL - 2020-12-08 17:54:48 --> Berkas tidak valid: frontend/alumni.php
#0 D:\laragon\www\bkk\system\View\View.php(228): CodeIgniter\Exceptions\FrameworkException::forInvalidFile('frontend/alumni...')
#1 D:\laragon\www\bkk\system\View\View.php(525): CodeIgniter\View\View->render('frontend/alumni', NULL, true)
#2 D:\laragon\www\bkk\app\Views\frontend\layer.php(5): CodeIgniter\View\View->include('frontend/alumni')
#3 D:\laragon\www\bkk\system\View\View.php(246): include('D:\\laragon\\www\\...')
#4 D:\laragon\www\bkk\system\Common.php(1087): CodeIgniter\View\View->render('frontend/layer', Array, true)
#5 D:\laragon\www\bkk\app\Controllers\Home.php(36): view('frontend/layer', Array)
#6 D:\laragon\www\bkk\system\CodeIgniter.php(914): App\Controllers\Home->alumni()
#7 D:\laragon\www\bkk\system\CodeIgniter.php(400): CodeIgniter\CodeIgniter->runController(Object(App\Controllers\Home))
#8 D:\laragon\www\bkk\system\CodeIgniter.php(308): CodeIgniter\CodeIgniter->handleRequest(NULL, Object(Config\Cache), false)
#9 D:\laragon\www\bkk\public\index.php(45): CodeIgniter\CodeIgniter->run()
#10 {main}
CRITICAL - 2020-12-08 17:55:09 --> Berkas tidak valid: es/side.php
#0 D:\laragon\www\bkk\system\View\View.php(228): CodeIgniter\Exceptions\FrameworkException::forInvalidFile('es/side.php')
#1 D:\laragon\www\bkk\system\View\View.php(525): CodeIgniter\View\View->render('es/side', NULL, true)
#2 D:\laragon\www\bkk\app\Views\frontend\alumni.php(5): CodeIgniter\View\View->include('es/side')
#3 D:\laragon\www\bkk\system\View\View.php(246): include('D:\\laragon\\www\\...')
#4 D:\laragon\www\bkk\system\View\View.php(525): CodeIgniter\View\View->render('frontend/alumni', NULL, true)
#5 D:\laragon\www\bkk\app\Views\frontend\layer.php(5): CodeIgniter\View\View->include('frontend/alumni')
#6 D:\laragon\www\bkk\system\View\View.php(246): include('D:\\laragon\\www\\...')
#7 D:\laragon\www\bkk\system\Common.php(1087): CodeIgniter\View\View->render('frontend/layer', Array, true)
#8 D:\laragon\www\bkk\app\Controllers\Home.php(36): view('frontend/layer', Array)
#9 D:\laragon\www\bkk\system\CodeIgniter.php(914): App\Controllers\Home->alumni()
#10 D:\laragon\www\bkk\system\CodeIgniter.php(400): CodeIgniter\CodeIgniter->runController(Object(App\Controllers\Home))
#11 D:\laragon\www\bkk\system\CodeIgniter.php(308): CodeIgniter\CodeIgniter->handleRequest(NULL, Object(Config\Cache), false)
#12 D:\laragon\www\bkk\public\index.php(45): CodeIgniter\CodeIgniter->run()
#13 {main}
CRITICAL - 2020-12-08 17:55:24 --> Undefined variable: da
#0 D:\laragon\www\bkk\app\Views\frontend\alumni.php(26): CodeIgniter\Debug\Exceptions->errorHandler(8, 'Undefined varia...', 'D:\\laragon\\www\\...', 26, Array)
#1 D:\laragon\www\bkk\system\View\View.php(246): include('D:\\laragon\\www\\...')
#2 D:\laragon\www\bkk\system\View\View.php(525): CodeIgniter\View\View->render('frontend/alumni', NULL, true)
#3 D:\laragon\www\bkk\app\Views\frontend\layer.php(5): CodeIgniter\View\View->include('frontend/alumni')
#4 D:\laragon\www\bkk\system\View\View.php(246): include('D:\\laragon\\www\\...')
#5 D:\laragon\www\bkk\system\Common.php(1087): CodeIgniter\View\View->render('frontend/layer', Array, true)
#6 D:\laragon\www\bkk\app\Controllers\Home.php(36): view('frontend/layer', Array)
#7 D:\laragon\www\bkk\system\CodeIgniter.php(914): App\Controllers\Home->alumni()
#8 D:\laragon\www\bkk\system\CodeIgniter.php(400): CodeIgniter\CodeIgniter->runController(Object(App\Controllers\Home))
#9 D:\laragon\www\bkk\system\CodeIgniter.php(308): CodeIgniter\CodeIgniter->handleRequest(NULL, Object(Config\Cache), false)
#10 D:\laragon\www\bkk\public\index.php(45): CodeIgniter\CodeIgniter->run()
#11 {main}
CRITICAL - 2020-12-08 17:55:50 --> Undefined variable: ad
#0 D:\laragon\www\bkk\app\Views\frontend\alumni.php(61): CodeIgniter\Debug\Exceptions->errorHandler(8, 'Undefined varia...', 'D:\\laragon\\www\\...', 61, Array)
#1 D:\laragon\www\bkk\system\View\View.php(246): include('D:\\laragon\\www\\...')
#2 D:\laragon\www\bkk\system\View\View.php(525): CodeIgniter\View\View->render('frontend/alumni', NULL, true)
#3 D:\laragon\www\bkk\app\Views\frontend\layer.php(5): CodeIgniter\View\View->include('frontend/alumni')
#4 D:\laragon\www\bkk\system\View\View.php(246): include('D:\\laragon\\www\\...')
#5 D:\laragon\www\bkk\system\Common.php(1087): CodeIgniter\View\View->render('frontend/layer', Array, true)
#6 D:\laragon\www\bkk\app\Controllers\Home.php(36): view('frontend/layer', Array)
#7 D:\laragon\www\bkk\system\CodeIgniter.php(914): App\Controllers\Home->alumni()
#8 D:\laragon\www\bkk\system\CodeIgniter.php(400): CodeIgniter\CodeIgniter->runController(Object(App\Controllers\Home))
#9 D:\laragon\www\bkk\system\CodeIgniter.php(308): CodeIgniter\CodeIgniter->handleRequest(NULL, Object(Config\Cache), false)
#10 D:\laragon\www\bkk\public\index.php(45): CodeIgniter\CodeIgniter->run()
#11 {main}
CRITICAL - 2020-12-08 20:05:00 --> syntax error, unexpected 'echo' (T_ECHO), expecting function (T_FUNCTION) or const (T_CONST)
#0 D:\laragon\www\bkk\system\Autoloader\Autoloader.php(296): CodeIgniter\Autoloader\Autoloader->requireFile('D:\\laragon\\www\\...')
#1 D:\laragon\www\bkk\system\Autoloader\Autoloader.php(258): CodeIgniter\Autoloader\Autoloader->loadInNamespace('App\\Controllers...')
#2 [internal function]: CodeIgniter\Autoloader\Autoloader->loadClass('App\\Controllers...')
#3 [internal function]: spl_autoload_call('App\\Controllers...')
#4 D:\laragon\www\bkk\system\CodeIgniter.php(865): class_exists('\\App\\Controller...', true)
#5 D:\laragon\www\bkk\system\CodeIgniter.php(390): CodeIgniter\CodeIgniter->startController()
#6 D:\laragon\www\bkk\system\CodeIgniter.php(308): CodeIgniter\CodeIgniter->handleRequest(NULL, Object(Config\Cache), false)
#7 D:\laragon\www\bkk\public\index.php(45): CodeIgniter\CodeIgniter->run()
#8 {main}
CRITICAL - 2020-12-08 21:04:23 --> syntax error, unexpected '}'
#0 D:\laragon\www\bkk\system\Autoloader\Autoloader.php(296): CodeIgniter\Autoloader\Autoloader->requireFile('D:\\laragon\\www\\...')
#1 D:\laragon\www\bkk\system\Autoloader\Autoloader.php(258): CodeIgniter\Autoloader\Autoloader->loadInNamespace('App\\Controllers...')
#2 [internal function]: CodeIgniter\Autoloader\Autoloader->loadClass('App\\Controllers...')
#3 [internal function]: spl_autoload_call('App\\Controllers...')
#4 D:\laragon\www\bkk\system\CodeIgniter.php(865): class_exists('\\App\\Controller...', true)
#5 D:\laragon\www\bkk\system\CodeIgniter.php(390): CodeIgniter\CodeIgniter->startController()
#6 D:\laragon\www\bkk\system\CodeIgniter.php(308): CodeIgniter\CodeIgniter->handleRequest(NULL, Object(Config\Cache), false)
#7 D:\laragon\www\bkk\public\index.php(45): CodeIgniter\CodeIgniter->run()
#8 {main}
CRITICAL - 2020-12-08 22:30:35 --> Too few arguments to function App\Controllers\Home::alumni(), 0 passed in D:\laragon\www\bkk\system\CodeIgniter.php on line 914 and exactly 1 expected
#0 D:\laragon\www\bkk\system\CodeIgniter.php(914): App\Controllers\Home->alumni()
#1 D:\laragon\www\bkk\system\CodeIgniter.php(400): CodeIgniter\CodeIgniter->runController(Object(App\Controllers\Home))
#2 D:\laragon\www\bkk\system\CodeIgniter.php(308): CodeIgniter\CodeIgniter->handleRequest(NULL, Object(Config\Cache), false)
#3 D:\laragon\www\bkk\public\index.php(45): CodeIgniter\CodeIgniter->run()
#4 {main}
CRITICAL - 2020-12-08 22:30:36 --> Too few arguments to function App\Controllers\Home::alumni(), 0 passed in D:\laragon\www\bkk\system\CodeIgniter.php on line 914 and exactly 1 expected
#0 D:\laragon\www\bkk\system\CodeIgniter.php(914): App\Controllers\Home->alumni()
#1 D:\laragon\www\bkk\system\CodeIgniter.php(400): CodeIgniter\CodeIgniter->runController(Object(App\Controllers\Home))
#2 D:\laragon\www\bkk\system\CodeIgniter.php(308): CodeIgniter\CodeIgniter->handleRequest(NULL, Object(Config\Cache), false)
#3 D:\laragon\www\bkk\public\index.php(45): CodeIgniter\CodeIgniter->run()
#4 {main}
CRITICAL - 2020-12-08 22:56:27 --> Undefined variable: act
#0 D:\laragon\www\bkk\app\Views\frontend\navs.php(10): CodeIgniter\Debug\Exceptions->errorHandler(8, 'Undefined varia...', 'D:\\laragon\\www\\...', 10, Array)
#1 D:\laragon\www\bkk\system\View\View.php(246): include('D:\\laragon\\www\\...')
#2 D:\laragon\www\bkk\system\View\View.php(525): CodeIgniter\View\View->render('frontend/navs', NULL, true)
#3 D:\laragon\www\bkk\app\Views\frontend\base.php(38): CodeIgniter\View\View->include('frontend/navs')
#4 D:\laragon\www\bkk\system\View\View.php(246): include('D:\\laragon\\www\\...')
#5 D:\laragon\www\bkk\system\View\View.php(257): CodeIgniter\View\View->render('frontend/base', Array, true)
#6 D:\laragon\www\bkk\system\Common.php(1087): CodeIgniter\View\View->render('frontend/layer', Array, true)
#7 D:\laragon\www\bkk\app\Controllers\Home.php(68): view('frontend/layer', Array)
#8 D:\laragon\www\bkk\system\CodeIgniter.php(914): App\Controllers\Home->alumni_1()
#9 D:\laragon\www\bkk\system\CodeIgniter.php(400): CodeIgniter\CodeIgniter->runController(Object(App\Controllers\Home))
#10 D:\laragon\www\bkk\system\CodeIgniter.php(308): CodeIgniter\CodeIgniter->handleRequest(NULL, Object(Config\Cache), false)
#11 D:\laragon\www\bkk\public\index.php(45): CodeIgniter\CodeIgniter->run()
#12 {main}
CRITICAL - 2020-12-08 23:28:02 --> Argument 1 passed to App\Validation\MyRules::cek() must be of the type string, null given, called in D:\laragon\www\bkk\system\Validation\Validation.php on line 294
#0 D:\laragon\www\bkk\system\Validation\Validation.php(294): App\Validation\MyRules->cek(NULL, NULL)
#1 D:\laragon\www\bkk\system\Validation\Validation.php(189): CodeIgniter\Validation\Validation->processRules('date', 'Tanggal', NULL, Array, Array)
#2 D:\laragon\www\bkk\app\Controllers\Home.php(278): CodeIgniter\Validation\Validation->run()
#3 D:\laragon\www\bkk\system\CodeIgniter.php(914): App\Controllers\Home->act()
#4 D:\laragon\www\bkk\system\CodeIgniter.php(400): CodeIgniter\CodeIgniter->runController(Object(App\Controllers\Home))
#5 D:\laragon\www\bkk\system\CodeIgniter.php(308): CodeIgniter\CodeIgniter->handleRequest(NULL, Object(Config\Cache), false)
#6 D:\laragon\www\bkk\public\index.php(45): CodeIgniter\CodeIgniter->run()
#7 {main}
CRITICAL - 2020-12-08 23:28:03 --> Argument 1 passed to App\Validation\MyRules::cek() must be of the type string, null given, called in D:\laragon\www\bkk\system\Validation\Validation.php on line 294
#0 D:\laragon\www\bkk\system\Validation\Validation.php(294): App\Validation\MyRules->cek(NULL, NULL)
#1 D:\laragon\www\bkk\system\Validation\Validation.php(189): CodeIgniter\Validation\Validation->processRules('date', 'Tanggal', NULL, Array, Array)
#2 D:\laragon\www\bkk\app\Controllers\Home.php(278): CodeIgniter\Validation\Validation->run()
#3 D:\laragon\www\bkk\system\CodeIgniter.php(914): App\Controllers\Home->act()
#4 D:\laragon\www\bkk\system\CodeIgniter.php(400): CodeIgniter\CodeIgniter->runController(Object(App\Controllers\Home))
#5 D:\laragon\www\bkk\system\CodeIgniter.php(308): CodeIgniter\CodeIgniter->handleRequest(NULL, Object(Config\Cache), false)
#6 D:\laragon\www\bkk\public\index.php(45): CodeIgniter\CodeIgniter->run()
#7 {main}
CRITICAL - 2020-12-08 23:28:03 --> Argument 1 passed to App\Validation\MyRules::cek() must be of the type string, null given, called in D:\laragon\www\bkk\system\Validation\Validation.php on line 294
#0 D:\laragon\www\bkk\system\Validation\Validation.php(294): App\Validation\MyRules->cek(NULL, NULL)
#1 D:\laragon\www\bkk\system\Validation\Validation.php(189): CodeIgniter\Validation\Validation->processRules('date', 'Tanggal', NULL, Array, Array)
#2 D:\laragon\www\bkk\app\Controllers\Home.php(278): CodeIgniter\Validation\Validation->run()
#3 D:\laragon\www\bkk\system\CodeIgniter.php(914): App\Controllers\Home->act()
#4 D:\laragon\www\bkk\system\CodeIgniter.php(400): CodeIgniter\CodeIgniter->runController(Object(App\Controllers\Home))
#5 D:\laragon\www\bkk\system\CodeIgniter.php(308): CodeIgniter\CodeIgniter->handleRequest(NULL, Object(Config\Cache), false)
#6 D:\laragon\www\bkk\public\index.php(45): CodeIgniter\CodeIgniter->run()
#7 {main}
CRITICAL - 2020-12-08 23:28:04 --> Argument 1 passed to App\Validation\MyRules::cek() must be of the type string, null given, called in D:\laragon\www\bkk\system\Validation\Validation.php on line 294
#0 D:\laragon\www\bkk\system\Validation\Validation.php(294): App\Validation\MyRules->cek(NULL, NULL)
#1 D:\laragon\www\bkk\system\Validation\Validation.php(189): CodeIgniter\Validation\Validation->processRules('date', 'Tanggal', NULL, Array, Array)
#2 D:\laragon\www\bkk\app\Controllers\Home.php(278): CodeIgniter\Validation\Validation->run()
#3 D:\laragon\www\bkk\system\CodeIgniter.php(914): App\Controllers\Home->act()
#4 D:\laragon\www\bkk\system\CodeIgniter.php(400): CodeIgniter\CodeIgniter->runController(Object(App\Controllers\Home))
#5 D:\laragon\www\bkk\system\CodeIgniter.php(308): CodeIgniter\CodeIgniter->handleRequest(NULL, Object(Config\Cache), false)
#6 D:\laragon\www\bkk\public\index.php(45): CodeIgniter\CodeIgniter->run()
#7 {main}
CRITICAL - 2020-12-08 23:28:04 --> Argument 1 passed to App\Validation\MyRules::cek() must be of the type string, null given, called in D:\laragon\www\bkk\system\Validation\Validation.php on line 294
#0 D:\laragon\www\bkk\system\Validation\Validation.php(294): App\Validation\MyRules->cek(NULL, NULL)
#1 D:\laragon\www\bkk\system\Validation\Validation.php(189): CodeIgniter\Validation\Validation->processRules('date', 'Tanggal', NULL, Array, Array)
#2 D:\laragon\www\bkk\app\Controllers\Home.php(278): CodeIgniter\Validation\Validation->run()
#3 D:\laragon\www\bkk\system\CodeIgniter.php(914): App\Controllers\Home->act()
#4 D:\laragon\www\bkk\system\CodeIgniter.php(400): CodeIgniter\CodeIgniter->runController(Object(App\Controllers\Home))
#5 D:\laragon\www\bkk\system\CodeIgniter.php(308): CodeIgniter\CodeIgniter->handleRequest(NULL, Object(Config\Cache), false)
#6 D:\laragon\www\bkk\public\index.php(45): CodeIgniter\CodeIgniter->run()
#7 {main}
CRITICAL - 2020-12-08 23:28:04 --> Argument 1 passed to App\Validation\MyRules::cek() must be of the type string, null given, called in D:\laragon\www\bkk\system\Validation\Validation.php on line 294
#0 D:\laragon\www\bkk\system\Validation\Validation.php(294): App\Validation\MyRules->cek(NULL, NULL)
#1 D:\laragon\www\bkk\system\Validation\Validation.php(189): CodeIgniter\Validation\Validation->processRules('date', 'Tanggal', NULL, Array, Array)
#2 D:\laragon\www\bkk\app\Controllers\Home.php(278): CodeIgniter\Validation\Validation->run()
#3 D:\laragon\www\bkk\system\CodeIgniter.php(914): App\Controllers\Home->act()
#4 D:\laragon\www\bkk\system\CodeIgniter.php(400): CodeIgniter\CodeIgniter->runController(Object(App\Controllers\Home))
#5 D:\laragon\www\bkk\system\CodeIgniter.php(308): CodeIgniter\CodeIgniter->handleRequest(NULL, Object(Config\Cache), false)
#6 D:\laragon\www\bkk\public\index.php(45): CodeIgniter\CodeIgniter->run()
#7 {main}
CRITICAL - 2020-12-08 23:28:15 --> Argument 1 passed to App\Validation\MyRules::cek() must be of the type string, null given, called in D:\laragon\www\bkk\system\Validation\Validation.php on line 294
#0 D:\laragon\www\bkk\system\Validation\Validation.php(294): App\Validation\MyRules->cek(NULL, NULL)
#1 D:\laragon\www\bkk\system\Validation\Validation.php(189): CodeIgniter\Validation\Validation->processRules('date', 'Tanggal', NULL, Array, Array)
#2 D:\laragon\www\bkk\app\Controllers\Home.php(278): CodeIgniter\Validation\Validation->run()
#3 D:\laragon\www\bkk\system\CodeIgniter.php(914): App\Controllers\Home->act()
#4 D:\laragon\www\bkk\system\CodeIgniter.php(400): CodeIgniter\CodeIgniter->runController(Object(App\Controllers\Home))
#5 D:\laragon\www\bkk\system\CodeIgniter.php(308): CodeIgniter\CodeIgniter->handleRequest(NULL, Object(Config\Cache), false)
#6 D:\laragon\www\bkk\public\index.php(45): CodeIgniter\CodeIgniter->run()
#7 {main}
CRITICAL - 2020-12-08 23:44:02 --> finfo_file(): Empty filename or path
#0 [internal function]: CodeIgniter\Debug\Exceptions->errorHandler(2, 'finfo_file(): E...', 'D:\\laragon\\www\\...', 151, Array)
#1 D:\laragon\www\bkk\system\Files\File.php(151): finfo_file(Resource id #145, '')
#2 D:\laragon\www\bkk\system\Validation\FileRules.php(230): CodeIgniter\Files\File->getMimeType()
#3 D:\laragon\www\bkk\system\Validation\Validation.php(294): CodeIgniter\Validation\FileRules->mime_in(NULL, Array, Array, NULL)
#4 D:\laragon\www\bkk\system\Validation\Validation.php(189): CodeIgniter\Validation\Validation->processRules('image', 'Gambar', NULL, Array, Array)
#5 D:\laragon\www\bkk\app\Controllers\Home.php(151): CodeIgniter\Validation\Validation->run()
#6 D:\laragon\www\bkk\system\CodeIgniter.php(914): App\Controllers\Home->act_step2()
#7 D:\laragon\www\bkk\system\CodeIgniter.php(400): CodeIgniter\CodeIgniter->runController(Object(App\Controllers\Home))
#8 D:\laragon\www\bkk\system\CodeIgniter.php(308): CodeIgniter\CodeIgniter->handleRequest(NULL, Object(Config\Cache), false)
#9 D:\laragon\www\bkk\public\index.php(45): CodeIgniter\CodeIgniter->run()
#10 {main}
CRITICAL - 2020-12-08 23:44:02 --> Uncaught CodeIgniter\Format\Exceptions\FormatException: Gagal menguraikan string json, kesalahan: "Type is not supported". in D:\laragon\www\bkk\system\Format\Exceptions\FormatException.php:9
Stack trace:
#0 D:\laragon\www\bkk\system\Format\JSONFormatter.php(67): CodeIgniter\Format\Exceptions\FormatException::forInvalidJSON('Type is not sup...')
#1 D:\laragon\www\bkk\system\API\ResponseTrait.php(414): CodeIgniter\Format\JSONFormatter->format(Array)
#2 D:\laragon\www\bkk\system\API\ResponseTrait.php(134): CodeIgniter\Debug\Exceptions->format(Array)
#3 D:\laragon\www\bkk\system\Debug\Exceptions.php(166): CodeIgniter\Debug\Exceptions->respond(Array, 500)
#4 [internal function]: CodeIgniter\Debug\Exceptions->exceptionHandler(Object(ErrorException))
#5 {main}
  thrown
#0 [internal function]: CodeIgniter\Debug\Exceptions->shutdownHandler()
#1 {main}
CRITICAL - 2020-12-08 23:44:44 --> finfo_file(): Empty filename or path
#0 [internal function]: CodeIgniter\Debug\Exceptions->errorHandler(2, 'finfo_file(): E...', 'D:\\laragon\\www\\...', 151, Array)
#1 D:\laragon\www\bkk\system\Files\File.php(151): finfo_file(Resource id #145, '')
#2 D:\laragon\www\bkk\system\Validation\FileRules.php(230): CodeIgniter\Files\File->getMimeType()
#3 D:\laragon\www\bkk\system\Validation\Validation.php(294): CodeIgniter\Validation\FileRules->mime_in(NULL, Array, Array, NULL)
#4 D:\laragon\www\bkk\system\Validation\Validation.php(189): CodeIgniter\Validation\Validation->processRules('image', 'Gambar', NULL, Array, Array)
#5 D:\laragon\www\bkk\app\Controllers\Home.php(151): CodeIgniter\Validation\Validation->run()
#6 D:\laragon\www\bkk\system\CodeIgniter.php(914): App\Controllers\Home->act_step2()
#7 D:\laragon\www\bkk\system\CodeIgniter.php(400): CodeIgniter\CodeIgniter->runController(Object(App\Controllers\Home))
#8 D:\laragon\www\bkk\system\CodeIgniter.php(308): CodeIgniter\CodeIgniter->handleRequest(NULL, Object(Config\Cache), false)
#9 D:\laragon\www\bkk\public\index.php(45): CodeIgniter\CodeIgniter->run()
#10 {main}
CRITICAL - 2020-12-08 23:44:45 --> Uncaught CodeIgniter\Format\Exceptions\FormatException: Gagal menguraikan string json, kesalahan: "Type is not supported". in D:\laragon\www\bkk\system\Format\Exceptions\FormatException.php:9
Stack trace:
#0 D:\laragon\www\bkk\system\Format\JSONFormatter.php(67): CodeIgniter\Format\Exceptions\FormatException::forInvalidJSON('Type is not sup...')
#1 D:\laragon\www\bkk\system\API\ResponseTrait.php(414): CodeIgniter\Format\JSONFormatter->format(Array)
#2 D:\laragon\www\bkk\system\API\ResponseTrait.php(134): CodeIgniter\Debug\Exceptions->format(Array)
#3 D:\laragon\www\bkk\system\Debug\Exceptions.php(166): CodeIgniter\Debug\Exceptions->respond(Array, 500)
#4 [internal function]: CodeIgniter\Debug\Exceptions->exceptionHandler(Object(ErrorException))
#5 {main}
  thrown
#0 [internal function]: CodeIgniter\Debug\Exceptions->shutdownHandler()
#1 {main}
CRITICAL - 2020-12-08 23:45:46 --> finfo_file(): Empty filename or path
#0 [internal function]: CodeIgniter\Debug\Exceptions->errorHandler(2, 'finfo_file(): E...', 'D:\\laragon\\www\\...', 151, Array)
#1 D:\laragon\www\bkk\system\Files\File.php(151): finfo_file(Resource id #145, '')
#2 D:\laragon\www\bkk\system\Validation\FileRules.php(230): CodeIgniter\Files\File->getMimeType()
#3 D:\laragon\www\bkk\system\Validation\Validation.php(294): CodeIgniter\Validation\FileRules->mime_in(NULL, Array, Array, NULL)
#4 D:\laragon\www\bkk\system\Validation\Validation.php(189): CodeIgniter\Validation\Validation->processRules('image', 'Gambar', NULL, Array, Array)
#5 D:\laragon\www\bkk\app\Controllers\Home.php(151): CodeIgniter\Validation\Validation->run()
#6 D:\laragon\www\bkk\system\CodeIgniter.php(914): App\Controllers\Home->act_step2()
#7 D:\laragon\www\bkk\system\CodeIgniter.php(400): CodeIgniter\CodeIgniter->runController(Object(App\Controllers\Home))
#8 D:\laragon\www\bkk\system\CodeIgniter.php(308): CodeIgniter\CodeIgniter->handleRequest(NULL, Object(Config\Cache), false)
#9 D:\laragon\www\bkk\public\index.php(45): CodeIgniter\CodeIgniter->run()
#10 {main}
CRITICAL - 2020-12-08 23:45:46 --> Uncaught CodeIgniter\Format\Exceptions\FormatException: Gagal menguraikan string json, kesalahan: "Type is not supported". in D:\laragon\www\bkk\system\Format\Exceptions\FormatException.php:9
Stack trace:
#0 D:\laragon\www\bkk\system\Format\JSONFormatter.php(67): CodeIgniter\Format\Exceptions\FormatException::forInvalidJSON('Type is not sup...')
#1 D:\laragon\www\bkk\system\API\ResponseTrait.php(414): CodeIgniter\Format\JSONFormatter->format(Array)
#2 D:\laragon\www\bkk\system\API\ResponseTrait.php(134): CodeIgniter\Debug\Exceptions->format(Array)
#3 D:\laragon\www\bkk\system\Debug\Exceptions.php(166): CodeIgniter\Debug\Exceptions->respond(Array, 500)
#4 [internal function]: CodeIgniter\Debug\Exceptions->exceptionHandler(Object(ErrorException))
#5 {main}
  thrown
#0 [internal function]: CodeIgniter\Debug\Exceptions->shutdownHandler()
#1 {main}
CRITICAL - 2020-12-08 23:45:47 --> finfo_file(): Empty filename or path
#0 [internal function]: CodeIgniter\Debug\Exceptions->errorHandler(2, 'finfo_file(): E...', 'D:\\laragon\\www\\...', 151, Array)
#1 D:\laragon\www\bkk\system\Files\File.php(151): finfo_file(Resource id #145, '')
#2 D:\laragon\www\bkk\system\Validation\FileRules.php(230): CodeIgniter\Files\File->getMimeType()
#3 D:\laragon\www\bkk\system\Validation\Validation.php(294): CodeIgniter\Validation\FileRules->mime_in(NULL, Array, Array, NULL)
#4 D:\laragon\www\bkk\system\Validation\Validation.php(189): CodeIgniter\Validation\Validation->processRules('image', 'Gambar', NULL, Array, Array)
#5 D:\laragon\www\bkk\app\Controllers\Home.php(151): CodeIgniter\Validation\Validation->run()
#6 D:\laragon\www\bkk\system\CodeIgniter.php(914): App\Controllers\Home->act_step2()
#7 D:\laragon\www\bkk\system\CodeIgniter.php(400): CodeIgniter\CodeIgniter->runController(Object(App\Controllers\Home))
#8 D:\laragon\www\bkk\system\CodeIgniter.php(308): CodeIgniter\CodeIgniter->handleRequest(NULL, Object(Config\Cache), false)
#9 D:\laragon\www\bkk\public\index.php(45): CodeIgniter\CodeIgniter->run()
#10 {main}
CRITICAL - 2020-12-08 23:45:47 --> Uncaught CodeIgniter\Format\Exceptions\FormatException: Gagal menguraikan string json, kesalahan: "Type is not supported". in D:\laragon\www\bkk\system\Format\Exceptions\FormatException.php:9
Stack trace:
#0 D:\laragon\www\bkk\system\Format\JSONFormatter.php(67): CodeIgniter\Format\Exceptions\FormatException::forInvalidJSON('Type is not sup...')
#1 D:\laragon\www\bkk\system\API\ResponseTrait.php(414): CodeIgniter\Format\JSONFormatter->format(Array)
#2 D:\laragon\www\bkk\system\API\ResponseTrait.php(134): CodeIgniter\Debug\Exceptions->format(Array)
#3 D:\laragon\www\bkk\system\Debug\Exceptions.php(166): CodeIgniter\Debug\Exceptions->respond(Array, 500)
#4 [internal function]: CodeIgniter\Debug\Exceptions->exceptionHandler(Object(ErrorException))
#5 {main}
  thrown
#0 [internal function]: CodeIgniter\Debug\Exceptions->shutdownHandler()
#1 {main}
CRITICAL - 2020-12-08 23:45:47 --> finfo_file(): Empty filename or path
#0 [internal function]: CodeIgniter\Debug\Exceptions->errorHandler(2, 'finfo_file(): E...', 'D:\\laragon\\www\\...', 151, Array)
#1 D:\laragon\www\bkk\system\Files\File.php(151): finfo_file(Resource id #145, '')
#2 D:\laragon\www\bkk\system\Validation\FileRules.php(230): CodeIgniter\Files\File->getMimeType()
#3 D:\laragon\www\bkk\system\Validation\Validation.php(294): CodeIgniter\Validation\FileRules->mime_in(NULL, Array, Array, NULL)
#4 D:\laragon\www\bkk\system\Validation\Validation.php(189): CodeIgniter\Validation\Validation->processRules('image', 'Gambar', NULL, Array, Array)
#5 D:\laragon\www\bkk\app\Controllers\Home.php(151): CodeIgniter\Validation\Validation->run()
#6 D:\laragon\www\bkk\system\CodeIgniter.php(914): App\Controllers\Home->act_step2()
#7 D:\laragon\www\bkk\system\CodeIgniter.php(400): CodeIgniter\CodeIgniter->runController(Object(App\Controllers\Home))
#8 D:\laragon\www\bkk\system\CodeIgniter.php(308): CodeIgniter\CodeIgniter->handleRequest(NULL, Object(Config\Cache), false)
#9 D:\laragon\www\bkk\public\index.php(45): CodeIgniter\CodeIgniter->run()
#10 {main}
CRITICAL - 2020-12-08 23:45:47 --> Uncaught CodeIgniter\Format\Exceptions\FormatException: Gagal menguraikan string json, kesalahan: "Type is not supported". in D:\laragon\www\bkk\system\Format\Exceptions\FormatException.php:9
Stack trace:
#0 D:\laragon\www\bkk\system\Format\JSONFormatter.php(67): CodeIgniter\Format\Exceptions\FormatException::forInvalidJSON('Type is not sup...')
#1 D:\laragon\www\bkk\system\API\ResponseTrait.php(414): CodeIgniter\Format\JSONFormatter->format(Array)
#2 D:\laragon\www\bkk\system\API\ResponseTrait.php(134): CodeIgniter\Debug\Exceptions->format(Array)
#3 D:\laragon\www\bkk\system\Debug\Exceptions.php(166): CodeIgniter\Debug\Exceptions->respond(Array, 500)
#4 [internal function]: CodeIgniter\Debug\Exceptions->exceptionHandler(Object(ErrorException))
#5 {main}
  thrown
#0 [internal function]: CodeIgniter\Debug\Exceptions->shutdownHandler()
#1 {main}
CRITICAL - 2020-12-08 23:45:47 --> finfo_file(): Empty filename or path
#0 [internal function]: CodeIgniter\Debug\Exceptions->errorHandler(2, 'finfo_file(): E...', 'D:\\laragon\\www\\...', 151, Array)
#1 D:\laragon\www\bkk\system\Files\File.php(151): finfo_file(Resource id #145, '')
#2 D:\laragon\www\bkk\system\Validation\FileRules.php(230): CodeIgniter\Files\File->getMimeType()
#3 D:\laragon\www\bkk\system\Validation\Validation.php(294): CodeIgniter\Validation\FileRules->mime_in(NULL, Array, Array, NULL)
#4 D:\laragon\www\bkk\system\Validation\Validation.php(189): CodeIgniter\Validation\Validation->processRules('image', 'Gambar', NULL, Array, Array)
#5 D:\laragon\www\bkk\app\Controllers\Home.php(151): CodeIgniter\Validation\Validation->run()
#6 D:\laragon\www\bkk\system\CodeIgniter.php(914): App\Controllers\Home->act_step2()
#7 D:\laragon\www\bkk\system\CodeIgniter.php(400): CodeIgniter\CodeIgniter->runController(Object(App\Controllers\Home))
#8 D:\laragon\www\bkk\system\CodeIgniter.php(308): CodeIgniter\CodeIgniter->handleRequest(NULL, Object(Config\Cache), false)
#9 D:\laragon\www\bkk\public\index.php(45): CodeIgniter\CodeIgniter->run()
#10 {main}
CRITICAL - 2020-12-08 23:45:47 --> Uncaught CodeIgniter\Format\Exceptions\FormatException: Gagal menguraikan string json, kesalahan: "Type is not supported". in D:\laragon\www\bkk\system\Format\Exceptions\FormatException.php:9
Stack trace:
#0 D:\laragon\www\bkk\system\Format\JSONFormatter.php(67): CodeIgniter\Format\Exceptions\FormatException::forInvalidJSON('Type is not sup...')
#1 D:\laragon\www\bkk\system\API\ResponseTrait.php(414): CodeIgniter\Format\JSONFormatter->format(Array)
#2 D:\laragon\www\bkk\system\API\ResponseTrait.php(134): CodeIgniter\Debug\Exceptions->format(Array)
#3 D:\laragon\www\bkk\system\Debug\Exceptions.php(166): CodeIgniter\Debug\Exceptions->respond(Array, 500)
#4 [internal function]: CodeIgniter\Debug\Exceptions->exceptionHandler(Object(ErrorException))
#5 {main}
  thrown
#0 [internal function]: CodeIgniter\Debug\Exceptions->shutdownHandler()
#1 {main}
CRITICAL - 2020-12-08 23:47:47 --> finfo_file(): Empty filename or path
#0 [internal function]: CodeIgniter\Debug\Exceptions->errorHandler(2, 'finfo_file(): E...', 'D:\\laragon\\www\\...', 151, Array)
#1 D:\laragon\www\bkk\system\Files\File.php(151): finfo_file(Resource id #145, '')
#2 D:\laragon\www\bkk\system\Validation\FileRules.php(230): CodeIgniter\Files\File->getMimeType()
#3 D:\laragon\www\bkk\system\Validation\Validation.php(294): CodeIgniter\Validation\FileRules->mime_in(NULL, Array, Array, NULL)
#4 D:\laragon\www\bkk\system\Validation\Validation.php(189): CodeIgniter\Validation\Validation->processRules('image', 'Gambar', NULL, Array, Array)
#5 D:\laragon\www\bkk\app\Controllers\Home.php(151): CodeIgniter\Validation\Validation->run()
#6 D:\laragon\www\bkk\system\CodeIgniter.php(914): App\Controllers\Home->act_step2()
#7 D:\laragon\www\bkk\system\CodeIgniter.php(400): CodeIgniter\CodeIgniter->runController(Object(App\Controllers\Home))
#8 D:\laragon\www\bkk\system\CodeIgniter.php(308): CodeIgniter\CodeIgniter->handleRequest(NULL, Object(Config\Cache), false)
#9 D:\laragon\www\bkk\public\index.php(45): CodeIgniter\CodeIgniter->run()
#10 {main}
CRITICAL - 2020-12-08 23:47:47 --> Uncaught CodeIgniter\Format\Exceptions\FormatException: Gagal menguraikan string json, kesalahan: "Type is not supported". in D:\laragon\www\bkk\system\Format\Exceptions\FormatException.php:9
Stack trace:
#0 D:\laragon\www\bkk\system\Format\JSONFormatter.php(67): CodeIgniter\Format\Exceptions\FormatException::forInvalidJSON('Type is not sup...')
#1 D:\laragon\www\bkk\system\API\ResponseTrait.php(414): CodeIgniter\Format\JSONFormatter->format(Array)
#2 D:\laragon\www\bkk\system\API\ResponseTrait.php(134): CodeIgniter\Debug\Exceptions->format(Array)
#3 D:\laragon\www\bkk\system\Debug\Exceptions.php(166): CodeIgniter\Debug\Exceptions->respond(Array, 500)
#4 [internal function]: CodeIgniter\Debug\Exceptions->exceptionHandler(Object(ErrorException))
#5 {main}
  thrown
#0 [internal function]: CodeIgniter\Debug\Exceptions->shutdownHandler()
#1 {main}
CRITICAL - 2020-12-08 23:50:13 --> finfo_file(): Empty filename or path
#0 [internal function]: CodeIgniter\Debug\Exceptions->errorHandler(2, 'finfo_file(): E...', 'D:\\laragon\\www\\...', 151, Array)
#1 D:\laragon\www\bkk\system\Files\File.php(151): finfo_file(Resource id #137, '')
#2 D:\laragon\www\bkk\system\Validation\FileRules.php(230): CodeIgniter\Files\File->getMimeType()
#3 D:\laragon\www\bkk\system\Validation\Validation.php(294): CodeIgniter\Validation\FileRules->mime_in(NULL, Array, Array, NULL)
#4 D:\laragon\www\bkk\system\Validation\Validation.php(189): CodeIgniter\Validation\Validation->processRules('image', 'Gambar', NULL, Array, Array)
#5 D:\laragon\www\bkk\app\Controllers\Home.php(151): CodeIgniter\Validation\Validation->run()
#6 D:\laragon\www\bkk\system\CodeIgniter.php(914): App\Controllers\Home->act_step2()
#7 D:\laragon\www\bkk\system\CodeIgniter.php(400): CodeIgniter\CodeIgniter->runController(Object(App\Controllers\Home))
#8 D:\laragon\www\bkk\system\CodeIgniter.php(308): CodeIgniter\CodeIgniter->handleRequest(NULL, Object(Config\Cache), false)
#9 D:\laragon\www\bkk\public\index.php(45): CodeIgniter\CodeIgniter->run()
#10 {main}
CRITICAL - 2020-12-08 23:50:13 --> Uncaught CodeIgniter\Format\Exceptions\FormatException: Gagal menguraikan string json, kesalahan: "Type is not supported". in D:\laragon\www\bkk\system\Format\Exceptions\FormatException.php:9
Stack trace:
#0 D:\laragon\www\bkk\system\Format\JSONFormatter.php(67): CodeIgniter\Format\Exceptions\FormatException::forInvalidJSON('Type is not sup...')
#1 D:\laragon\www\bkk\system\API\ResponseTrait.php(414): CodeIgniter\Format\JSONFormatter->format(Array)
#2 D:\laragon\www\bkk\system\API\ResponseTrait.php(134): CodeIgniter\Debug\Exceptions->format(Array)
#3 D:\laragon\www\bkk\system\Debug\Exceptions.php(166): CodeIgniter\Debug\Exceptions->respond(Array, 500)
#4 [internal function]: CodeIgniter\Debug\Exceptions->exceptionHandler(Object(ErrorException))
#5 {main}
  thrown
#0 [internal function]: CodeIgniter\Debug\Exceptions->shutdownHandler()
#1 {main}
CRITICAL - 2020-12-08 23:51:29 --> finfo_file(): Empty filename or path
#0 [internal function]: CodeIgniter\Debug\Exceptions->errorHandler(2, 'finfo_file(): E...', 'D:\\laragon\\www\\...', 151, Array)
#1 D:\laragon\www\bkk\system\Files\File.php(151): finfo_file(Resource id #137, '')
#2 D:\laragon\www\bkk\system\Validation\FileRules.php(230): CodeIgniter\Files\File->getMimeType()
#3 D:\laragon\www\bkk\system\Validation\Validation.php(294): CodeIgniter\Validation\FileRules->mime_in(NULL, Array, Array, NULL)
#4 D:\laragon\www\bkk\system\Validation\Validation.php(189): CodeIgniter\Validation\Validation->processRules('image', 'Gambar', NULL, Array, Array)
#5 D:\laragon\www\bkk\app\Controllers\Home.php(151): CodeIgniter\Validation\Validation->run()
#6 D:\laragon\www\bkk\system\CodeIgniter.php(914): App\Controllers\Home->act_step2()
#7 D:\laragon\www\bkk\system\CodeIgniter.php(400): CodeIgniter\CodeIgniter->runController(Object(App\Controllers\Home))
#8 D:\laragon\www\bkk\system\CodeIgniter.php(308): CodeIgniter\CodeIgniter->handleRequest(NULL, Object(Config\Cache), false)
#9 D:\laragon\www\bkk\public\index.php(45): CodeIgniter\CodeIgniter->run()
#10 {main}
CRITICAL - 2020-12-08 23:51:29 --> Uncaught CodeIgniter\Format\Exceptions\FormatException: Gagal menguraikan string json, kesalahan: "Type is not supported". in D:\laragon\www\bkk\system\Format\Exceptions\FormatException.php:9
Stack trace:
#0 D:\laragon\www\bkk\system\Format\JSONFormatter.php(67): CodeIgniter\Format\Exceptions\FormatException::forInvalidJSON('Type is not sup...')
#1 D:\laragon\www\bkk\system\API\ResponseTrait.php(414): CodeIgniter\Format\JSONFormatter->format(Array)
#2 D:\laragon\www\bkk\system\API\ResponseTrait.php(134): CodeIgniter\Debug\Exceptions->format(Array)
#3 D:\laragon\www\bkk\system\Debug\Exceptions.php(166): CodeIgniter\Debug\Exceptions->respond(Array, 500)
#4 [internal function]: CodeIgniter\Debug\Exceptions->exceptionHandler(Object(ErrorException))
#5 {main}
  thrown
#0 [internal function]: CodeIgniter\Debug\Exceptions->shutdownHandler()
#1 {main}
CRITICAL - 2020-12-08 23:52:32 --> finfo_file(): Empty filename or path
#0 [internal function]: CodeIgniter\Debug\Exceptions->errorHandler(2, 'finfo_file(): E...', 'D:\\laragon\\www\\...', 151, Array)
#1 D:\laragon\www\bkk\system\Files\File.php(151): finfo_file(Resource id #137, '')
#2 D:\laragon\www\bkk\system\Validation\FileRules.php(230): CodeIgniter\Files\File->getMimeType()
#3 D:\laragon\www\bkk\system\Validation\Validation.php(294): CodeIgniter\Validation\FileRules->mime_in(NULL, Array, Array, NULL)
#4 D:\laragon\www\bkk\system\Validation\Validation.php(189): CodeIgniter\Validation\Validation->processRules('image', 'Gambar', NULL, Array, Array)
#5 D:\laragon\www\bkk\app\Controllers\Home.php(151): CodeIgniter\Validation\Validation->run()
#6 D:\laragon\www\bkk\system\CodeIgniter.php(914): App\Controllers\Home->act_step2()
#7 D:\laragon\www\bkk\system\CodeIgniter.php(400): CodeIgniter\CodeIgniter->runController(Object(App\Controllers\Home))
#8 D:\laragon\www\bkk\system\CodeIgniter.php(308): CodeIgniter\CodeIgniter->handleRequest(NULL, Object(Config\Cache), false)
#9 D:\laragon\www\bkk\public\index.php(45): CodeIgniter\CodeIgniter->run()
#10 {main}
CRITICAL - 2020-12-08 23:52:32 --> Uncaught CodeIgniter\Format\Exceptions\FormatException: Gagal menguraikan string json, kesalahan: "Type is not supported". in D:\laragon\www\bkk\system\Format\Exceptions\FormatException.php:9
Stack trace:
#0 D:\laragon\www\bkk\system\Format\JSONFormatter.php(67): CodeIgniter\Format\Exceptions\FormatException::forInvalidJSON('Type is not sup...')
#1 D:\laragon\www\bkk\system\API\ResponseTrait.php(414): CodeIgniter\Format\JSONFormatter->format(Array)
#2 D:\laragon\www\bkk\system\API\ResponseTrait.php(134): CodeIgniter\Debug\Exceptions->format(Array)
#3 D:\laragon\www\bkk\system\Debug\Exceptions.php(166): CodeIgniter\Debug\Exceptions->respond(Array, 500)
#4 [internal function]: CodeIgniter\Debug\Exceptions->exceptionHandler(Object(ErrorException))
#5 {main}
  thrown
#0 [internal function]: CodeIgniter\Debug\Exceptions->shutdownHandler()
#1 {main}
CRITICAL - 2020-12-08 23:52:33 --> finfo_file(): Empty filename or path
#0 [internal function]: CodeIgniter\Debug\Exceptions->errorHandler(2, 'finfo_file(): E...', 'D:\\laragon\\www\\...', 151, Array)
#1 D:\laragon\www\bkk\system\Files\File.php(151): finfo_file(Resource id #137, '')
#2 D:\laragon\www\bkk\system\Validation\FileRules.php(230): CodeIgniter\Files\File->getMimeType()
#3 D:\laragon\www\bkk\system\Validation\Validation.php(294): CodeIgniter\Validation\FileRules->mime_in(NULL, Array, Array, NULL)
#4 D:\laragon\www\bkk\system\Validation\Validation.php(189): CodeIgniter\Validation\Validation->processRules('image', 'Gambar', NULL, Array, Array)
#5 D:\laragon\www\bkk\app\Controllers\Home.php(151): CodeIgniter\Validation\Validation->run()
#6 D:\laragon\www\bkk\system\CodeIgniter.php(914): App\Controllers\Home->act_step2()
#7 D:\laragon\www\bkk\system\CodeIgniter.php(400): CodeIgniter\CodeIgniter->runController(Object(App\Controllers\Home))
#8 D:\laragon\www\bkk\system\CodeIgniter.php(308): CodeIgniter\CodeIgniter->handleRequest(NULL, Object(Config\Cache), false)
#9 D:\laragon\www\bkk\public\index.php(45): CodeIgniter\CodeIgniter->run()
#10 {main}
CRITICAL - 2020-12-08 23:52:33 --> Uncaught CodeIgniter\Format\Exceptions\FormatException: Gagal menguraikan string json, kesalahan: "Type is not supported". in D:\laragon\www\bkk\system\Format\Exceptions\FormatException.php:9
Stack trace:
#0 D:\laragon\www\bkk\system\Format\JSONFormatter.php(67): CodeIgniter\Format\Exceptions\FormatException::forInvalidJSON('Type is not sup...')
#1 D:\laragon\www\bkk\system\API\ResponseTrait.php(414): CodeIgniter\Format\JSONFormatter->format(Array)
#2 D:\laragon\www\bkk\system\API\ResponseTrait.php(134): CodeIgniter\Debug\Exceptions->format(Array)
#3 D:\laragon\www\bkk\system\Debug\Exceptions.php(166): CodeIgniter\Debug\Exceptions->respond(Array, 500)
#4 [internal function]: CodeIgniter\Debug\Exceptions->exceptionHandler(Object(ErrorException))
#5 {main}
  thrown
#0 [internal function]: CodeIgniter\Debug\Exceptions->shutdownHandler()
#1 {main}
CRITICAL - 2020-12-08 23:52:33 --> finfo_file(): Empty filename or path
#0 [internal function]: CodeIgniter\Debug\Exceptions->errorHandler(2, 'finfo_file(): E...', 'D:\\laragon\\www\\...', 151, Array)
#1 D:\laragon\www\bkk\system\Files\File.php(151): finfo_file(Resource id #137, '')
#2 D:\laragon\www\bkk\system\Validation\FileRules.php(230): CodeIgniter\Files\File->getMimeType()
#3 D:\laragon\www\bkk\system\Validation\Validation.php(294): CodeIgniter\Validation\FileRules->mime_in(NULL, Array, Array, NULL)
#4 D:\laragon\www\bkk\system\Validation\Validation.php(189): CodeIgniter\Validation\Validation->processRules('image', 'Gambar', NULL, Array, Array)
#5 D:\laragon\www\bkk\app\Controllers\Home.php(151): CodeIgniter\Validation\Validation->run()
#6 D:\laragon\www\bkk\system\CodeIgniter.php(914): App\Controllers\Home->act_step2()
#7 D:\laragon\www\bkk\system\CodeIgniter.php(400): CodeIgniter\CodeIgniter->runController(Object(App\Controllers\Home))
#8 D:\laragon\www\bkk\system\CodeIgniter.php(308): CodeIgniter\CodeIgniter->handleRequest(NULL, Object(Config\Cache), false)
#9 D:\laragon\www\bkk\public\index.php(45): CodeIgniter\CodeIgniter->run()
#10 {main}
CRITICAL - 2020-12-08 23:52:33 --> Uncaught CodeIgniter\Format\Exceptions\FormatException: Gagal menguraikan string json, kesalahan: "Type is not supported". in D:\laragon\www\bkk\system\Format\Exceptions\FormatException.php:9
Stack trace:
#0 D:\laragon\www\bkk\system\Format\JSONFormatter.php(67): CodeIgniter\Format\Exceptions\FormatException::forInvalidJSON('Type is not sup...')
#1 D:\laragon\www\bkk\system\API\ResponseTrait.php(414): CodeIgniter\Format\JSONFormatter->format(Array)
#2 D:\laragon\www\bkk\system\API\ResponseTrait.php(134): CodeIgniter\Debug\Exceptions->format(Array)
#3 D:\laragon\www\bkk\system\Debug\Exceptions.php(166): CodeIgniter\Debug\Exceptions->respond(Array, 500)
#4 [internal function]: CodeIgniter\Debug\Exceptions->exceptionHandler(Object(ErrorException))
#5 {main}
  thrown
#0 [internal function]: CodeIgniter\Debug\Exceptions->shutdownHandler()
#1 {main}
CRITICAL - 2020-12-08 23:52:33 --> finfo_file(): Empty filename or path
#0 [internal function]: CodeIgniter\Debug\Exceptions->errorHandler(2, 'finfo_file(): E...', 'D:\\laragon\\www\\...', 151, Array)
#1 D:\laragon\www\bkk\system\Files\File.php(151): finfo_file(Resource id #137, '')
#2 D:\laragon\www\bkk\system\Validation\FileRules.php(230): CodeIgniter\Files\File->getMimeType()
#3 D:\laragon\www\bkk\system\Validation\Validation.php(294): CodeIgniter\Validation\FileRules->mime_in(NULL, Array, Array, NULL)
#4 D:\laragon\www\bkk\system\Validation\Validation.php(189): CodeIgniter\Validation\Validation->processRules('image', 'Gambar', NULL, Array, Array)
#5 D:\laragon\www\bkk\app\Controllers\Home.php(151): CodeIgniter\Validation\Validation->run()
#6 D:\laragon\www\bkk\system\CodeIgniter.php(914): App\Controllers\Home->act_step2()
#7 D:\laragon\www\bkk\system\CodeIgniter.php(400): CodeIgniter\CodeIgniter->runController(Object(App\Controllers\Home))
#8 D:\laragon\www\bkk\system\CodeIgniter.php(308): CodeIgniter\CodeIgniter->handleRequest(NULL, Object(Config\Cache), false)
#9 D:\laragon\www\bkk\public\index.php(45): CodeIgniter\CodeIgniter->run()
#10 {main}
CRITICAL - 2020-12-08 23:52:33 --> Uncaught CodeIgniter\Format\Exceptions\FormatException: Gagal menguraikan string json, kesalahan: "Type is not supported". in D:\laragon\www\bkk\system\Format\Exceptions\FormatException.php:9
Stack trace:
#0 D:\laragon\www\bkk\system\Format\JSONFormatter.php(67): CodeIgniter\Format\Exceptions\FormatException::forInvalidJSON('Type is not sup...')
#1 D:\laragon\www\bkk\system\API\ResponseTrait.php(414): CodeIgniter\Format\JSONFormatter->format(Array)
#2 D:\laragon\www\bkk\system\API\ResponseTrait.php(134): CodeIgniter\Debug\Exceptions->format(Array)
#3 D:\laragon\www\bkk\system\Debug\Exceptions.php(166): CodeIgniter\Debug\Exceptions->respond(Array, 500)
#4 [internal function]: CodeIgniter\Debug\Exceptions->exceptionHandler(Object(ErrorException))
#5 {main}
  thrown
#0 [internal function]: CodeIgniter\Debug\Exceptions->shutdownHandler()
#1 {main}
CRITICAL - 2020-12-08 23:52:33 --> finfo_file(): Empty filename or path
#0 [internal function]: CodeIgniter\Debug\Exceptions->errorHandler(2, 'finfo_file(): E...', 'D:\\laragon\\www\\...', 151, Array)
#1 D:\laragon\www\bkk\system\Files\File.php(151): finfo_file(Resource id #137, '')
#2 D:\laragon\www\bkk\system\Validation\FileRules.php(230): CodeIgniter\Files\File->getMimeType()
#3 D:\laragon\www\bkk\system\Validation\Validation.php(294): CodeIgniter\Validation\FileRules->mime_in(NULL, Array, Array, NULL)
#4 D:\laragon\www\bkk\system\Validation\Validation.php(189): CodeIgniter\Validation\Validation->processRules('image', 'Gambar', NULL, Array, Array)
#5 D:\laragon\www\bkk\app\Controllers\Home.php(151): CodeIgniter\Validation\Validation->run()
#6 D:\laragon\www\bkk\system\CodeIgniter.php(914): App\Controllers\Home->act_step2()
#7 D:\laragon\www\bkk\system\CodeIgniter.php(400): CodeIgniter\CodeIgniter->runController(Object(App\Controllers\Home))
#8 D:\laragon\www\bkk\system\CodeIgniter.php(308): CodeIgniter\CodeIgniter->handleRequest(NULL, Object(Config\Cache), false)
#9 D:\laragon\www\bkk\public\index.php(45): CodeIgniter\CodeIgniter->run()
#10 {main}
CRITICAL - 2020-12-08 23:52:33 --> Uncaught CodeIgniter\Format\Exceptions\FormatException: Gagal menguraikan string json, kesalahan: "Type is not supported". in D:\laragon\www\bkk\system\Format\Exceptions\FormatException.php:9
Stack trace:
#0 D:\laragon\www\bkk\system\Format\JSONFormatter.php(67): CodeIgniter\Format\Exceptions\FormatException::forInvalidJSON('Type is not sup...')
#1 D:\laragon\www\bkk\system\API\ResponseTrait.php(414): CodeIgniter\Format\JSONFormatter->format(Array)
#2 D:\laragon\www\bkk\system\API\ResponseTrait.php(134): CodeIgniter\Debug\Exceptions->format(Array)
#3 D:\laragon\www\bkk\system\Debug\Exceptions.php(166): CodeIgniter\Debug\Exceptions->respond(Array, 500)
#4 [internal function]: CodeIgniter\Debug\Exceptions->exceptionHandler(Object(ErrorException))
#5 {main}
  thrown
#0 [internal function]: CodeIgniter\Debug\Exceptions->shutdownHandler()
#1 {main}
CRITICAL - 2020-12-08 23:52:33 --> finfo_file(): Empty filename or path
#0 [internal function]: CodeIgniter\Debug\Exceptions->errorHandler(2, 'finfo_file(): E...', 'D:\\laragon\\www\\...', 151, Array)
#1 D:\laragon\www\bkk\system\Files\File.php(151): finfo_file(Resource id #137, '')
#2 D:\laragon\www\bkk\system\Validation\FileRules.php(230): CodeIgniter\Files\File->getMimeType()
#3 D:\laragon\www\bkk\system\Validation\Validation.php(294): CodeIgniter\Validation\FileRules->mime_in(NULL, Array, Array, NULL)
#4 D:\laragon\www\bkk\system\Validation\Validation.php(189): CodeIgniter\Validation\Validation->processRules('image', 'Gambar', NULL, Array, Array)
#5 D:\laragon\www\bkk\app\Controllers\Home.php(151): CodeIgniter\Validation\Validation->run()
#6 D:\laragon\www\bkk\system\CodeIgniter.php(914): App\Controllers\Home->act_step2()
#7 D:\laragon\www\bkk\system\CodeIgniter.php(400): CodeIgniter\CodeIgniter->runController(Object(App\Controllers\Home))
#8 D:\laragon\www\bkk\system\CodeIgniter.php(308): CodeIgniter\CodeIgniter->handleRequest(NULL, Object(Config\Cache), false)
#9 D:\laragon\www\bkk\public\index.php(45): CodeIgniter\CodeIgniter->run()
#10 {main}
CRITICAL - 2020-12-08 23:52:33 --> Uncaught CodeIgniter\Format\Exceptions\FormatException: Gagal menguraikan string json, kesalahan: "Type is not supported". in D:\laragon\www\bkk\system\Format\Exceptions\FormatException.php:9
Stack trace:
#0 D:\laragon\www\bkk\system\Format\JSONFormatter.php(67): CodeIgniter\Format\Exceptions\FormatException::forInvalidJSON('Type is not sup...')
#1 D:\laragon\www\bkk\system\API\ResponseTrait.php(414): CodeIgniter\Format\JSONFormatter->format(Array)
#2 D:\laragon\www\bkk\system\API\ResponseTrait.php(134): CodeIgniter\Debug\Exceptions->format(Array)
#3 D:\laragon\www\bkk\system\Debug\Exceptions.php(166): CodeIgniter\Debug\Exceptions->respond(Array, 500)
#4 [internal function]: CodeIgniter\Debug\Exceptions->exceptionHandler(Object(ErrorException))
#5 {main}
  thrown
#0 [internal function]: CodeIgniter\Debug\Exceptions->shutdownHandler()
#1 {main}
CRITICAL - 2020-12-08 23:54:44 --> finfo_file(): Empty filename or path
#0 [internal function]: CodeIgniter\Debug\Exceptions->errorHandler(2, 'finfo_file(): E...', 'D:\\laragon\\www\\...', 151, Array)
#1 D:\laragon\www\bkk\system\Files\File.php(151): finfo_file(Resource id #137, '')
#2 D:\laragon\www\bkk\system\Validation\FileRules.php(230): CodeIgniter\Files\File->getMimeType()
#3 D:\laragon\www\bkk\system\Validation\Validation.php(294): CodeIgniter\Validation\FileRules->mime_in(NULL, Array, Array, NULL)
#4 D:\laragon\www\bkk\system\Validation\Validation.php(189): CodeIgniter\Validation\Validation->processRules('image', 'Gambar', NULL, Array, Array)
#5 D:\laragon\www\bkk\app\Controllers\Home.php(151): CodeIgniter\Validation\Validation->run()
#6 D:\laragon\www\bkk\system\CodeIgniter.php(914): App\Controllers\Home->act_step2()
#7 D:\laragon\www\bkk\system\CodeIgniter.php(400): CodeIgniter\CodeIgniter->runController(Object(App\Controllers\Home))
#8 D:\laragon\www\bkk\system\CodeIgniter.php(308): CodeIgniter\CodeIgniter->handleRequest(NULL, Object(Config\Cache), false)
#9 D:\laragon\www\bkk\public\index.php(45): CodeIgniter\CodeIgniter->run()
#10 {main}
CRITICAL - 2020-12-08 23:54:44 --> Uncaught CodeIgniter\Format\Exceptions\FormatException: Gagal menguraikan string json, kesalahan: "Type is not supported". in D:\laragon\www\bkk\system\Format\Exceptions\FormatException.php:9
Stack trace:
#0 D:\laragon\www\bkk\system\Format\JSONFormatter.php(67): CodeIgniter\Format\Exceptions\FormatException::forInvalidJSON('Type is not sup...')
#1 D:\laragon\www\bkk\system\API\ResponseTrait.php(414): CodeIgniter\Format\JSONFormatter->format(Array)
#2 D:\laragon\www\bkk\system\API\ResponseTrait.php(134): CodeIgniter\Debug\Exceptions->format(Array)
#3 D:\laragon\www\bkk\system\Debug\Exceptions.php(166): CodeIgniter\Debug\Exceptions->respond(Array, 500)
#4 [internal function]: CodeIgniter\Debug\Exceptions->exceptionHandler(Object(ErrorException))
#5 {main}
  thrown
#0 [internal function]: CodeIgniter\Debug\Exceptions->shutdownHandler()
#1 {main}
CRITICAL - 2020-12-08 23:56:02 --> finfo_file(): Empty filename or path
#0 [internal function]: CodeIgniter\Debug\Exceptions->errorHandler(2, 'finfo_file(): E...', 'D:\\laragon\\www\\...', 151, Array)
#1 D:\laragon\www\bkk\system\Files\File.php(151): finfo_file(Resource id #137, '')
#2 D:\laragon\www\bkk\system\Validation\FileRules.php(230): CodeIgniter\Files\File->getMimeType()
#3 D:\laragon\www\bkk\system\Validation\Validation.php(294): CodeIgniter\Validation\FileRules->mime_in(NULL, Array, Array, NULL)
#4 D:\laragon\www\bkk\system\Validation\Validation.php(189): CodeIgniter\Validation\Validation->processRules('image', 'Gambar', NULL, Array, Array)
#5 D:\laragon\www\bkk\app\Controllers\Home.php(151): CodeIgniter\Validation\Validation->run()
#6 D:\laragon\www\bkk\system\CodeIgniter.php(914): App\Controllers\Home->act_step2()
#7 D:\laragon\www\bkk\system\CodeIgniter.php(400): CodeIgniter\CodeIgniter->runController(Object(App\Controllers\Home))
#8 D:\laragon\www\bkk\system\CodeIgniter.php(308): CodeIgniter\CodeIgniter->handleRequest(NULL, Object(Config\Cache), false)
#9 D:\laragon\www\bkk\public\index.php(45): CodeIgniter\CodeIgniter->run()
#10 {main}
CRITICAL - 2020-12-08 23:56:02 --> Uncaught CodeIgniter\Format\Exceptions\FormatException: Gagal menguraikan string json, kesalahan: "Type is not supported". in D:\laragon\www\bkk\system\Format\Exceptions\FormatException.php:9
Stack trace:
#0 D:\laragon\www\bkk\system\Format\JSONFormatter.php(67): CodeIgniter\Format\Exceptions\FormatException::forInvalidJSON('Type is not sup...')
#1 D:\laragon\www\bkk\system\API\ResponseTrait.php(414): CodeIgniter\Format\JSONFormatter->format(Array)
#2 D:\laragon\www\bkk\system\API\ResponseTrait.php(134): CodeIgniter\Debug\Exceptions->format(Array)
#3 D:\laragon\www\bkk\system\Debug\Exceptions.php(166): CodeIgniter\Debug\Exceptions->respond(Array, 500)
#4 [internal function]: CodeIgniter\Debug\Exceptions->exceptionHandler(Object(ErrorException))
#5 {main}
  thrown
#0 [internal function]: CodeIgniter\Debug\Exceptions->shutdownHandler()
#1 {main}
CRITICAL - 2020-12-08 23:56:03 --> finfo_file(): Empty filename or path
#0 [internal function]: CodeIgniter\Debug\Exceptions->errorHandler(2, 'finfo_file(): E...', 'D:\\laragon\\www\\...', 151, Array)
#1 D:\laragon\www\bkk\system\Files\File.php(151): finfo_file(Resource id #137, '')
#2 D:\laragon\www\bkk\system\Validation\FileRules.php(230): CodeIgniter\Files\File->getMimeType()
#3 D:\laragon\www\bkk\system\Validation\Validation.php(294): CodeIgniter\Validation\FileRules->mime_in(NULL, Array, Array, NULL)
#4 D:\laragon\www\bkk\system\Validation\Validation.php(189): CodeIgniter\Validation\Validation->processRules('image', 'Gambar', NULL, Array, Array)
#5 D:\laragon\www\bkk\app\Controllers\Home.php(151): CodeIgniter\Validation\Validation->run()
#6 D:\laragon\www\bkk\system\CodeIgniter.php(914): App\Controllers\Home->act_step2()
#7 D:\laragon\www\bkk\system\CodeIgniter.php(400): CodeIgniter\CodeIgniter->runController(Object(App\Controllers\Home))
#8 D:\laragon\www\bkk\system\CodeIgniter.php(308): CodeIgniter\CodeIgniter->handleRequest(NULL, Object(Config\Cache), false)
#9 D:\laragon\www\bkk\public\index.php(45): CodeIgniter\CodeIgniter->run()
#10 {main}
CRITICAL - 2020-12-08 23:56:03 --> Uncaught CodeIgniter\Format\Exceptions\FormatException: Gagal menguraikan string json, kesalahan: "Type is not supported". in D:\laragon\www\bkk\system\Format\Exceptions\FormatException.php:9
Stack trace:
#0 D:\laragon\www\bkk\system\Format\JSONFormatter.php(67): CodeIgniter\Format\Exceptions\FormatException::forInvalidJSON('Type is not sup...')
#1 D:\laragon\www\bkk\system\API\ResponseTrait.php(414): CodeIgniter\Format\JSONFormatter->format(Array)
#2 D:\laragon\www\bkk\system\API\ResponseTrait.php(134): CodeIgniter\Debug\Exceptions->format(Array)
#3 D:\laragon\www\bkk\system\Debug\Exceptions.php(166): CodeIgniter\Debug\Exceptions->respond(Array, 500)
#4 [internal function]: CodeIgniter\Debug\Exceptions->exceptionHandler(Object(ErrorException))
#5 {main}
  thrown
#0 [internal function]: CodeIgniter\Debug\Exceptions->shutdownHandler()
#1 {main}
CRITICAL - 2020-12-08 23:58:15 --> finfo_file(): Empty filename or path
#0 [internal function]: CodeIgniter\Debug\Exceptions->errorHandler(2, 'finfo_file(): E...', 'D:\\laragon\\www\\...', 151, Array)
#1 D:\laragon\www\bkk\system\Files\File.php(151): finfo_file(Resource id #137, '')
#2 D:\laragon\www\bkk\system\Validation\FileRules.php(230): CodeIgniter\Files\File->getMimeType()
#3 D:\laragon\www\bkk\system\Validation\Validation.php(294): CodeIgniter\Validation\FileRules->mime_in(NULL, Array, Array, NULL)
#4 D:\laragon\www\bkk\system\Validation\Validation.php(189): CodeIgniter\Validation\Validation->processRules('image', 'Gambar', NULL, Array, Array)
#5 D:\laragon\www\bkk\app\Controllers\Home.php(151): CodeIgniter\Validation\Validation->run()
#6 D:\laragon\www\bkk\system\CodeIgniter.php(914): App\Controllers\Home->act_step2()
#7 D:\laragon\www\bkk\system\CodeIgniter.php(400): CodeIgniter\CodeIgniter->runController(Object(App\Controllers\Home))
#8 D:\laragon\www\bkk\system\CodeIgniter.php(308): CodeIgniter\CodeIgniter->handleRequest(NULL, Object(Config\Cache), false)
#9 D:\laragon\www\bkk\public\index.php(45): CodeIgniter\CodeIgniter->run()
#10 {main}
CRITICAL - 2020-12-08 23:58:16 --> Uncaught CodeIgniter\Format\Exceptions\FormatException: Gagal menguraikan string json, kesalahan: "Type is not supported". in D:\laragon\www\bkk\system\Format\Exceptions\FormatException.php:9
Stack trace:
#0 D:\laragon\www\bkk\system\Format\JSONFormatter.php(67): CodeIgniter\Format\Exceptions\FormatException::forInvalidJSON('Type is not sup...')
#1 D:\laragon\www\bkk\system\API\ResponseTrait.php(414): CodeIgniter\Format\JSONFormatter->format(Array)
#2 D:\laragon\www\bkk\system\API\ResponseTrait.php(134): CodeIgniter\Debug\Exceptions->format(Array)
#3 D:\laragon\www\bkk\system\Debug\Exceptions.php(166): CodeIgniter\Debug\Exceptions->respond(Array, 500)
#4 [internal function]: CodeIgniter\Debug\Exceptions->exceptionHandler(Object(ErrorException))
#5 {main}
  thrown
#0 [internal function]: CodeIgniter\Debug\Exceptions->shutdownHandler()
#1 {main}
