CRITICAL - 2020-12-10 00:14:04 --> count(): Parameter must be an array or an object that implements Countable
#0 [internal function]: CodeIgniter\Debug\Exceptions->errorHandler(2, 'count(): Parame...', 'D:\\laragon\\www\\...', 101, Array)
#1 D:\laragon\www\bkk\app\Controllers\Dashboard.php(101): count(Object(stdClass))
#2 D:\laragon\www\bkk\system\CodeIgniter.php(914): App\Controllers\Dashboard->data_alumni()
#3 D:\laragon\www\bkk\system\CodeIgniter.php(400): CodeIgniter\CodeIgniter->runController(Object(App\Controllers\Dashboard))
#4 D:\laragon\www\bkk\system\CodeIgniter.php(308): CodeIgniter\CodeIgniter->handleRequest(NULL, Object(Config\Cache), false)
#5 D:\laragon\www\bkk\public\index.php(45): CodeIgniter\CodeIgniter->run()
#6 D:\laragon\www\bkk\system\Commands\Server\rewrite.php(34): require_once('D:\\laragon\\www\\...')
#7 {main}
CRITICAL - 2020-12-10 00:14:17 --> count(): Parameter must be an array or an object that implements Countable
#0 [internal function]: CodeIgniter\Debug\Exceptions->errorHandler(2, 'count(): Parame...', 'D:\\laragon\\www\\...', 101, Array)
#1 D:\laragon\www\bkk\app\Controllers\Dashboard.php(101): count(Object(stdClass))
#2 D:\laragon\www\bkk\system\CodeIgniter.php(914): App\Controllers\Dashboard->data_alumni()
#3 D:\laragon\www\bkk\system\CodeIgniter.php(400): CodeIgniter\CodeIgniter->runController(Object(App\Controllers\Dashboard))
#4 D:\laragon\www\bkk\system\CodeIgniter.php(308): CodeIgniter\CodeIgniter->handleRequest(NULL, Object(Config\Cache), false)
#5 D:\laragon\www\bkk\public\index.php(45): CodeIgniter\CodeIgniter->run()
#6 D:\laragon\www\bkk\system\Commands\Server\rewrite.php(34): require_once('D:\\laragon\\www\\...')
#7 {main}
CRITICAL - 2020-12-10 00:18:06 --> count(): Parameter must be an array or an object that implements Countable
#0 [internal function]: CodeIgniter\Debug\Exceptions->errorHandler(2, 'count(): Parame...', 'D:\\laragon\\www\\...', 101, Array)
#1 D:\laragon\www\bkk\app\Controllers\Dashboard.php(101): count('ok')
#2 D:\laragon\www\bkk\system\CodeIgniter.php(914): App\Controllers\Dashboard->data_alumni()
#3 D:\laragon\www\bkk\system\CodeIgniter.php(400): CodeIgniter\CodeIgniter->runController(Object(App\Controllers\Dashboard))
#4 D:\laragon\www\bkk\system\CodeIgniter.php(308): CodeIgniter\CodeIgniter->handleRequest(NULL, Object(Config\Cache), false)
#5 D:\laragon\www\bkk\public\index.php(45): CodeIgniter\CodeIgniter->run()
#6 D:\laragon\www\bkk\system\Commands\Server\rewrite.php(34): require_once('D:\\laragon\\www\\...')
#7 {main}
CRITICAL - 2020-12-10 00:19:05 --> Trying to get property 'length' of non-object
#0 D:\laragon\www\bkk\app\Controllers\Dashboard.php(101): CodeIgniter\Debug\Exceptions->errorHandler(8, 'Trying to get p...', 'D:\\laragon\\www\\...', 101, Array)
#1 D:\laragon\www\bkk\system\CodeIgniter.php(914): App\Controllers\Dashboard->data_alumni()
#2 D:\laragon\www\bkk\system\CodeIgniter.php(400): CodeIgniter\CodeIgniter->runController(Object(App\Controllers\Dashboard))
#3 D:\laragon\www\bkk\system\CodeIgniter.php(308): CodeIgniter\CodeIgniter->handleRequest(NULL, Object(Config\Cache), false)
#4 D:\laragon\www\bkk\public\index.php(45): CodeIgniter\CodeIgniter->run()
#5 D:\laragon\www\bkk\system\Commands\Server\rewrite.php(34): require_once('D:\\laragon\\www\\...')
#6 {main}
CRITICAL - 2020-12-10 00:19:54 --> Trying to get property 'length' of non-object
#0 D:\laragon\www\bkk\app\Controllers\Dashboard.php(101): CodeIgniter\Debug\Exceptions->errorHandler(8, 'Trying to get p...', 'D:\\laragon\\www\\...', 101, Array)
#1 D:\laragon\www\bkk\system\CodeIgniter.php(914): App\Controllers\Dashboard->data_alumni()
#2 D:\laragon\www\bkk\system\CodeIgniter.php(400): CodeIgniter\CodeIgniter->runController(Object(App\Controllers\Dashboard))
#3 D:\laragon\www\bkk\system\CodeIgniter.php(308): CodeIgniter\CodeIgniter->handleRequest(NULL, Object(Config\Cache), false)
#4 D:\laragon\www\bkk\public\index.php(45): CodeIgniter\CodeIgniter->run()
#5 D:\laragon\www\bkk\system\Commands\Server\rewrite.php(34): require_once('D:\\laragon\\www\\...')
#6 {main}
CRITICAL - 2020-12-10 00:25:02 --> count(): Parameter must be an array or an object that implements Countable
#0 [internal function]: CodeIgniter\Debug\Exceptions->errorHandler(2, 'count(): Parame...', 'D:\\laragon\\www\\...', 101, Array)
#1 D:\laragon\www\bkk\app\Controllers\Dashboard.php(101): count('')
#2 D:\laragon\www\bkk\system\CodeIgniter.php(914): App\Controllers\Dashboard->data_alumni()
#3 D:\laragon\www\bkk\system\CodeIgniter.php(400): CodeIgniter\CodeIgniter->runController(Object(App\Controllers\Dashboard))
#4 D:\laragon\www\bkk\system\CodeIgniter.php(308): CodeIgniter\CodeIgniter->handleRequest(NULL, Object(Config\Cache), false)
#5 D:\laragon\www\bkk\public\index.php(45): CodeIgniter\CodeIgniter->run()
#6 D:\laragon\www\bkk\system\Commands\Server\rewrite.php(34): require_once('D:\\laragon\\www\\...')
#7 {main}
CRITICAL - 2020-12-10 00:29:24 --> Undefined offset: 4
#0 D:\laragon\www\bkk\app\Controllers\Dashboard.php(95): CodeIgniter\Debug\Exceptions->errorHandler(8, 'Undefined offse...', 'D:\\laragon\\www\\...', 95, Array)
#1 D:\laragon\www\bkk\system\CodeIgniter.php(914): App\Controllers\Dashboard->data_alumni()
#2 D:\laragon\www\bkk\system\CodeIgniter.php(400): CodeIgniter\CodeIgniter->runController(Object(App\Controllers\Dashboard))
#3 D:\laragon\www\bkk\system\CodeIgniter.php(308): CodeIgniter\CodeIgniter->handleRequest(NULL, Object(Config\Cache), false)
#4 D:\laragon\www\bkk\public\index.php(45): CodeIgniter\CodeIgniter->run()
#5 D:\laragon\www\bkk\system\Commands\Server\rewrite.php(34): require_once('D:\\laragon\\www\\...')
#6 {main}
CRITICAL - 2020-12-10 00:29:41 --> Undefined offset: 4
#0 D:\laragon\www\bkk\app\Controllers\Dashboard.php(95): CodeIgniter\Debug\Exceptions->errorHandler(8, 'Undefined offse...', 'D:\\laragon\\www\\...', 95, Array)
#1 D:\laragon\www\bkk\system\CodeIgniter.php(914): App\Controllers\Dashboard->data_alumni()
#2 D:\laragon\www\bkk\system\CodeIgniter.php(400): CodeIgniter\CodeIgniter->runController(Object(App\Controllers\Dashboard))
#3 D:\laragon\www\bkk\system\CodeIgniter.php(308): CodeIgniter\CodeIgniter->handleRequest(NULL, Object(Config\Cache), false)
#4 D:\laragon\www\bkk\public\index.php(45): CodeIgniter\CodeIgniter->run()
#5 D:\laragon\www\bkk\system\Commands\Server\rewrite.php(34): require_once('D:\\laragon\\www\\...')
#6 {main}
CRITICAL - 2020-12-10 00:40:28 --> Array to string conversion
#0 D:\laragon\www\bkk\app\Controllers\Dashboard.php(117): CodeIgniter\Debug\Exceptions->errorHandler(8, 'Array to string...', 'D:\\laragon\\www\\...', 117, Array)
#1 D:\laragon\www\bkk\system\CodeIgniter.php(914): App\Controllers\Dashboard->tes()
#2 D:\laragon\www\bkk\system\CodeIgniter.php(400): CodeIgniter\CodeIgniter->runController(Object(App\Controllers\Dashboard))
#3 D:\laragon\www\bkk\system\CodeIgniter.php(308): CodeIgniter\CodeIgniter->handleRequest(NULL, Object(Config\Cache), false)
#4 D:\laragon\www\bkk\public\index.php(45): CodeIgniter\CodeIgniter->run()
#5 D:\laragon\www\bkk\system\Commands\Server\rewrite.php(34): require_once('D:\\laragon\\www\\...')
#6 {main}
CRITICAL - 2020-12-10 01:54:49 --> syntax error, unexpected 'public' (T_PUBLIC)
#0 D:\laragon\www\bkk\system\Router\Router.php(192): CodeIgniter\Router\Router->autoRoute('dashboard/data/...')
#1 D:\laragon\www\bkk\system\CodeIgniter.php(789): CodeIgniter\Router\Router->handle('dashboard/data/...')
#2 D:\laragon\www\bkk\system\CodeIgniter.php(360): CodeIgniter\CodeIgniter->tryToRouteIt(Object(CodeIgniter\Router\RouteCollection))
#3 D:\laragon\www\bkk\system\CodeIgniter.php(308): CodeIgniter\CodeIgniter->handleRequest(NULL, Object(Config\Cache), false)
#4 D:\laragon\www\bkk\public\index.php(45): CodeIgniter\CodeIgniter->run()
#5 D:\laragon\www\bkk\system\Commands\Server\rewrite.php(34): require_once('D:\\laragon\\www\\...')
#6 {main}
CRITICAL - 2020-12-10 12:10:29 --> Undefined property: stdClass::$loker_name
#0 D:\laragon\www\bkk\app\Controllers\Dashboard.php(272): CodeIgniter\Debug\Exceptions->errorHandler(8, 'Undefined prope...', 'D:\\laragon\\www\\...', 272, Array)
#1 D:\laragon\www\bkk\system\CodeIgniter.php(914): App\Controllers\Dashboard->data_loker()
#2 D:\laragon\www\bkk\system\CodeIgniter.php(400): CodeIgniter\CodeIgniter->runController(Object(App\Controllers\Dashboard))
#3 D:\laragon\www\bkk\system\CodeIgniter.php(308): CodeIgniter\CodeIgniter->handleRequest(NULL, Object(Config\Cache), false)
#4 D:\laragon\www\bkk\public\index.php(45): CodeIgniter\CodeIgniter->run()
#5 D:\laragon\www\bkk\system\Commands\Server\rewrite.php(34): require_once('D:\\laragon\\www\\...')
#6 {main}
CRITICAL - 2020-12-10 12:10:39 --> Undefined property: stdClass::$loker_name
#0 D:\laragon\www\bkk\app\Controllers\Dashboard.php(272): CodeIgniter\Debug\Exceptions->errorHandler(8, 'Undefined prope...', 'D:\\laragon\\www\\...', 272, Array)
#1 D:\laragon\www\bkk\system\CodeIgniter.php(914): App\Controllers\Dashboard->data_loker()
#2 D:\laragon\www\bkk\system\CodeIgniter.php(400): CodeIgniter\CodeIgniter->runController(Object(App\Controllers\Dashboard))
#3 D:\laragon\www\bkk\system\CodeIgniter.php(308): CodeIgniter\CodeIgniter->handleRequest(NULL, Object(Config\Cache), false)
#4 D:\laragon\www\bkk\public\index.php(45): CodeIgniter\CodeIgniter->run()
#5 D:\laragon\www\bkk\system\Commands\Server\rewrite.php(34): require_once('D:\\laragon\\www\\...')
#6 {main}
CRITICAL - 2020-12-10 12:36:55 --> Unknown column 'loker_des' in 'field list'
#0 D:\laragon\www\bkk\system\Database\MySQLi\Connection.php(331): mysqli->query('INSERT INTO `tb...')
#1 D:\laragon\www\bkk\system\Database\BaseConnection.php(738): CodeIgniter\Database\MySQLi\Connection->execute('INSERT INTO `tb...')
#2 D:\laragon\www\bkk\system\Database\BaseConnection.php(666): CodeIgniter\Database\BaseConnection->simpleQuery('INSERT INTO `tb...')
#3 D:\laragon\www\bkk\system\Database\BaseBuilder.php(2234): CodeIgniter\Database\BaseConnection->query('INSERT INTO `tb...', Array, false)
#4 D:\laragon\www\bkk\app\Models\Mdata.php(28): CodeIgniter\Database\BaseBuilder->insert(Array)
#5 D:\laragon\www\bkk\app\Controllers\Dashboard.php(354): App\Models\Mdata->safe(Array, 'tb_loker')
#6 D:\laragon\www\bkk\system\CodeIgniter.php(914): App\Controllers\Dashboard->act_loker()
#7 D:\laragon\www\bkk\system\CodeIgniter.php(400): CodeIgniter\CodeIgniter->runController(Object(App\Controllers\Dashboard))
#8 D:\laragon\www\bkk\system\CodeIgniter.php(308): CodeIgniter\CodeIgniter->handleRequest(NULL, Object(Config\Cache), false)
#9 D:\laragon\www\bkk\public\index.php(45): CodeIgniter\CodeIgniter->run()
#10 D:\laragon\www\bkk\system\Commands\Server\rewrite.php(34): require_once('D:\\laragon\\www\\...')
#11 {main}
CRITICAL - 2020-12-10 12:37:01 --> Unknown column 'loker_des' in 'field list'
#0 D:\laragon\www\bkk\system\Database\MySQLi\Connection.php(331): mysqli->query('INSERT INTO `tb...')
#1 D:\laragon\www\bkk\system\Database\BaseConnection.php(738): CodeIgniter\Database\MySQLi\Connection->execute('INSERT INTO `tb...')
#2 D:\laragon\www\bkk\system\Database\BaseConnection.php(666): CodeIgniter\Database\BaseConnection->simpleQuery('INSERT INTO `tb...')
#3 D:\laragon\www\bkk\system\Database\BaseBuilder.php(2234): CodeIgniter\Database\BaseConnection->query('INSERT INTO `tb...', Array, false)
#4 D:\laragon\www\bkk\app\Models\Mdata.php(28): CodeIgniter\Database\BaseBuilder->insert(Array)
#5 D:\laragon\www\bkk\app\Controllers\Dashboard.php(354): App\Models\Mdata->safe(Array, 'tb_loker')
#6 D:\laragon\www\bkk\system\CodeIgniter.php(914): App\Controllers\Dashboard->act_loker()
#7 D:\laragon\www\bkk\system\CodeIgniter.php(400): CodeIgniter\CodeIgniter->runController(Object(App\Controllers\Dashboard))
#8 D:\laragon\www\bkk\system\CodeIgniter.php(308): CodeIgniter\CodeIgniter->handleRequest(NULL, Object(Config\Cache), false)
#9 D:\laragon\www\bkk\public\index.php(45): CodeIgniter\CodeIgniter->run()
#10 D:\laragon\www\bkk\system\Commands\Server\rewrite.php(34): require_once('D:\\laragon\\www\\...')
#11 {main}
CRITICAL - 2020-12-10 14:53:28 --> Undefined property: stdClass::$al_id
#0 D:\laragon\www\bkk\app\Views\add\alumni.php(15): CodeIgniter\Debug\Exceptions->errorHandler(8, 'Undefined prope...', 'D:\\laragon\\www\\...', 15, Array)
#1 D:\laragon\www\bkk\system\View\View.php(246): include('D:\\laragon\\www\\...')
#2 D:\laragon\www\bkk\system\View\View.php(525): CodeIgniter\View\View->render('add/alumni', NULL, true)
#3 D:\laragon\www\bkk\app\Views\template\layer.php(5): CodeIgniter\View\View->include('add/alumni')
#4 D:\laragon\www\bkk\system\View\View.php(246): include('D:\\laragon\\www\\...')
#5 D:\laragon\www\bkk\system\Common.php(1087): CodeIgniter\View\View->render('template/layer', Array, true)
#6 D:\laragon\www\bkk\app\Controllers\Dashboard.php(313): view('template/layer', Array)
#7 D:\laragon\www\bkk\system\CodeIgniter.php(914): App\Controllers\Dashboard->edit_loker('L657')
#8 D:\laragon\www\bkk\system\CodeIgniter.php(400): CodeIgniter\CodeIgniter->runController(Object(App\Controllers\Dashboard))
#9 D:\laragon\www\bkk\system\CodeIgniter.php(308): CodeIgniter\CodeIgniter->handleRequest(NULL, Object(Config\Cache), false)
#10 D:\laragon\www\bkk\public\index.php(45): CodeIgniter\CodeIgniter->run()
#11 D:\laragon\www\bkk\system\Commands\Server\rewrite.php(34): require_once('D:\\laragon\\www\\...')
#12 {main}
CRITICAL - 2020-12-10 15:25:07 --> Undefined property: stdClass::$pemb_name
#0 D:\laragon\www\bkk\app\Views\frontend\loker.php(14): CodeIgniter\Debug\Exceptions->errorHandler(8, 'Undefined prope...', 'D:\\laragon\\www\\...', 14, Array)
#1 D:\laragon\www\bkk\system\View\View.php(246): include('D:\\laragon\\www\\...')
#2 D:\laragon\www\bkk\system\View\View.php(525): CodeIgniter\View\View->render('frontend/loker', NULL, true)
#3 D:\laragon\www\bkk\app\Views\frontend\layer.php(5): CodeIgniter\View\View->include('frontend/loker')
#4 D:\laragon\www\bkk\system\View\View.php(246): include('D:\\laragon\\www\\...')
#5 D:\laragon\www\bkk\system\Common.php(1087): CodeIgniter\View\View->render('frontend/layer', Array, true)
#6 D:\laragon\www\bkk\app\Controllers\Home.php(48): view('frontend/layer', Array)
#7 D:\laragon\www\bkk\system\CodeIgniter.php(914): App\Controllers\Home->loker()
#8 D:\laragon\www\bkk\system\CodeIgniter.php(400): CodeIgniter\CodeIgniter->runController(Object(App\Controllers\Home))
#9 D:\laragon\www\bkk\system\CodeIgniter.php(308): CodeIgniter\CodeIgniter->handleRequest(NULL, Object(Config\Cache), false)
#10 D:\laragon\www\bkk\public\index.php(45): CodeIgniter\CodeIgniter->run()
#11 D:\laragon\www\bkk\system\Commands\Server\rewrite.php(34): require_once('D:\\laragon\\www\\...')
#12 {main}
CRITICAL - 2020-12-10 15:51:16 --> Too few arguments to function App\Controllers\Home::loker(), 0 passed in D:\laragon\www\bkk\system\CodeIgniter.php on line 914 and exactly 1 expected
#0 D:\laragon\www\bkk\system\CodeIgniter.php(914): App\Controllers\Home->loker()
#1 D:\laragon\www\bkk\system\CodeIgniter.php(400): CodeIgniter\CodeIgniter->runController(Object(App\Controllers\Home))
#2 D:\laragon\www\bkk\system\CodeIgniter.php(308): CodeIgniter\CodeIgniter->handleRequest(NULL, Object(Config\Cache), false)
#3 D:\laragon\www\bkk\public\index.php(45): CodeIgniter\CodeIgniter->run()
#4 D:\laragon\www\bkk\system\Commands\Server\rewrite.php(34): require_once('D:\\laragon\\www\\...')
#5 {main}
CRITICAL - 2020-12-10 15:59:55 --> Argument 1 passed to App\Validation\MyRules::cek() must be of the type string, null given, called in D:\laragon\www\bkk\system\Validation\Validation.php on line 294
#0 D:\laragon\www\bkk\system\Validation\Validation.php(294): App\Validation\MyRules->cek(NULL, NULL)
#1 D:\laragon\www\bkk\system\Validation\Validation.php(189): CodeIgniter\Validation\Validation->processRules('date', 'Tanggal', NULL, Array, Array)
#2 D:\laragon\www\bkk\app\Controllers\Home.php(354): CodeIgniter\Validation\Validation->run()
#3 D:\laragon\www\bkk\system\CodeIgniter.php(914): App\Controllers\Home->act()
#4 D:\laragon\www\bkk\system\CodeIgniter.php(400): CodeIgniter\CodeIgniter->runController(Object(App\Controllers\Home))
#5 D:\laragon\www\bkk\system\CodeIgniter.php(308): CodeIgniter\CodeIgniter->handleRequest(NULL, Object(Config\Cache), false)
#6 D:\laragon\www\bkk\public\index.php(45): CodeIgniter\CodeIgniter->run()
#7 D:\laragon\www\bkk\system\Commands\Server\rewrite.php(34): require_once('D:\\laragon\\www\\...')
#8 {main}
CRITICAL - 2020-12-10 16:07:43 --> Undefined variable: na
#0 D:\laragon\www\bkk\app\Views\data\qna.php(14): CodeIgniter\Debug\Exceptions->errorHandler(8, 'Undefined varia...', 'D:\\laragon\\www\\...', 14, Array)
#1 D:\laragon\www\bkk\system\View\View.php(246): include('D:\\laragon\\www\\...')
#2 D:\laragon\www\bkk\system\View\View.php(525): CodeIgniter\View\View->render('data/qna', NULL, true)
#3 D:\laragon\www\bkk\app\Views\template\layer.php(5): CodeIgniter\View\View->include('data/qna')
#4 D:\laragon\www\bkk\system\View\View.php(246): include('D:\\laragon\\www\\...')
#5 D:\laragon\www\bkk\system\Common.php(1087): CodeIgniter\View\View->render('template/layer', Array, true)
#6 D:\laragon\www\bkk\app\Controllers\Dashboard.php(505): view('template/layer', Array)
#7 D:\laragon\www\bkk\app\Controllers\Dashboard.php(101): App\Controllers\Dashboard->_question('')
#8 D:\laragon\www\bkk\system\CodeIgniter.php(914): App\Controllers\Dashboard->data('question')
#9 D:\laragon\www\bkk\system\CodeIgniter.php(400): CodeIgniter\CodeIgniter->runController(Object(App\Controllers\Dashboard))
#10 D:\laragon\www\bkk\system\CodeIgniter.php(308): CodeIgniter\CodeIgniter->handleRequest(NULL, Object(Config\Cache), false)
#11 D:\laragon\www\bkk\public\index.php(45): CodeIgniter\CodeIgniter->run()
#12 D:\laragon\www\bkk\system\Commands\Server\rewrite.php(34): require_once('D:\\laragon\\www\\...')
#13 {main}
CRITICAL - 2020-12-10 16:07:51 --> Undefined variable: na
#0 D:\laragon\www\bkk\app\Views\data\qna.php(14): CodeIgniter\Debug\Exceptions->errorHandler(8, 'Undefined varia...', 'D:\\laragon\\www\\...', 14, Array)
#1 D:\laragon\www\bkk\system\View\View.php(246): include('D:\\laragon\\www\\...')
#2 D:\laragon\www\bkk\system\View\View.php(525): CodeIgniter\View\View->render('data/qna', NULL, true)
#3 D:\laragon\www\bkk\app\Views\template\layer.php(5): CodeIgniter\View\View->include('data/qna')
#4 D:\laragon\www\bkk\system\View\View.php(246): include('D:\\laragon\\www\\...')
#5 D:\laragon\www\bkk\system\Common.php(1087): CodeIgniter\View\View->render('template/layer', Array, true)
#6 D:\laragon\www\bkk\app\Controllers\Dashboard.php(505): view('template/layer', Array)
#7 D:\laragon\www\bkk\app\Controllers\Dashboard.php(101): App\Controllers\Dashboard->_question('')
#8 D:\laragon\www\bkk\system\CodeIgniter.php(914): App\Controllers\Dashboard->data('question')
#9 D:\laragon\www\bkk\system\CodeIgniter.php(400): CodeIgniter\CodeIgniter->runController(Object(App\Controllers\Dashboard))
#10 D:\laragon\www\bkk\system\CodeIgniter.php(308): CodeIgniter\CodeIgniter->handleRequest(NULL, Object(Config\Cache), false)
#11 D:\laragon\www\bkk\public\index.php(45): CodeIgniter\CodeIgniter->run()
#12 D:\laragon\www\bkk\system\Commands\Server\rewrite.php(34): require_once('D:\\laragon\\www\\...')
#13 {main}
CRITICAL - 2020-12-10 16:48:53 --> Undefined property: CodeIgniter\View\View::$lok
#0 D:\laragon\www\bkk\app\Views\frontend\home.php(40): CodeIgniter\Debug\Exceptions->errorHandler(8, 'Undefined prope...', 'D:\\laragon\\www\\...', 40, Array)
#1 D:\laragon\www\bkk\system\View\View.php(246): include('D:\\laragon\\www\\...')
#2 D:\laragon\www\bkk\system\View\View.php(525): CodeIgniter\View\View->render('frontend/home', NULL, true)
#3 D:\laragon\www\bkk\app\Views\frontend\layer.php(5): CodeIgniter\View\View->include('frontend/home')
#4 D:\laragon\www\bkk\system\View\View.php(246): include('D:\\laragon\\www\\...')
#5 D:\laragon\www\bkk\system\Common.php(1087): CodeIgniter\View\View->render('frontend/layer', Array, true)
#6 D:\laragon\www\bkk\app\Controllers\Home.php(26): view('frontend/layer', Array)
#7 D:\laragon\www\bkk\system\CodeIgniter.php(914): App\Controllers\Home->index()
#8 D:\laragon\www\bkk\system\CodeIgniter.php(400): CodeIgniter\CodeIgniter->runController(Object(App\Controllers\Home))
#9 D:\laragon\www\bkk\system\CodeIgniter.php(308): CodeIgniter\CodeIgniter->handleRequest(NULL, Object(Config\Cache), false)
#10 D:\laragon\www\bkk\public\index.php(45): CodeIgniter\CodeIgniter->run()
#11 D:\laragon\www\bkk\system\Commands\Server\rewrite.php(34): require_once('D:\\laragon\\www\\...')
#12 {main}
CRITICAL - 2020-12-10 16:51:34 --> Undefined property: CodeIgniter\View\View::$lok
#0 D:\laragon\www\bkk\app\Views\frontend\home.php(40): CodeIgniter\Debug\Exceptions->errorHandler(8, 'Undefined prope...', 'D:\\laragon\\www\\...', 40, Array)
#1 D:\laragon\www\bkk\system\View\View.php(246): include('D:\\laragon\\www\\...')
#2 D:\laragon\www\bkk\system\View\View.php(525): CodeIgniter\View\View->render('frontend/home', NULL, true)
#3 D:\laragon\www\bkk\app\Views\frontend\layer.php(5): CodeIgniter\View\View->include('frontend/home')
#4 D:\laragon\www\bkk\system\View\View.php(246): include('D:\\laragon\\www\\...')
#5 D:\laragon\www\bkk\system\Common.php(1087): CodeIgniter\View\View->render('frontend/layer', Array, true)
#6 D:\laragon\www\bkk\app\Controllers\Home.php(26): view('frontend/layer', Array)
#7 D:\laragon\www\bkk\system\CodeIgniter.php(914): App\Controllers\Home->index()
#8 D:\laragon\www\bkk\system\CodeIgniter.php(400): CodeIgniter\CodeIgniter->runController(Object(App\Controllers\Home))
#9 D:\laragon\www\bkk\system\CodeIgniter.php(308): CodeIgniter\CodeIgniter->handleRequest(NULL, Object(Config\Cache), false)
#10 D:\laragon\www\bkk\public\index.php(45): CodeIgniter\CodeIgniter->run()
#11 D:\laragon\www\bkk\system\Commands\Server\rewrite.php(34): require_once('D:\\laragon\\www\\...')
#12 {main}
CRITICAL - 2020-12-10 16:53:53 --> Undefined offset: 2
#0 D:\laragon\www\bkk\app\Views\frontend\home.php(43): CodeIgniter\Debug\Exceptions->errorHandler(8, 'Undefined offse...', 'D:\\laragon\\www\\...', 43, Array)
#1 D:\laragon\www\bkk\system\View\View.php(246): include('D:\\laragon\\www\\...')
#2 D:\laragon\www\bkk\system\View\View.php(525): CodeIgniter\View\View->render('frontend/home', NULL, true)
#3 D:\laragon\www\bkk\app\Views\frontend\layer.php(5): CodeIgniter\View\View->include('frontend/home')
#4 D:\laragon\www\bkk\system\View\View.php(246): include('D:\\laragon\\www\\...')
#5 D:\laragon\www\bkk\system\Common.php(1087): CodeIgniter\View\View->render('frontend/layer', Array, true)
#6 D:\laragon\www\bkk\app\Controllers\Home.php(29): view('frontend/layer', Array)
#7 D:\laragon\www\bkk\system\CodeIgniter.php(914): App\Controllers\Home->index()
#8 D:\laragon\www\bkk\system\CodeIgniter.php(400): CodeIgniter\CodeIgniter->runController(Object(App\Controllers\Home))
#9 D:\laragon\www\bkk\system\CodeIgniter.php(308): CodeIgniter\CodeIgniter->handleRequest(NULL, Object(Config\Cache), false)
#10 D:\laragon\www\bkk\public\index.php(45): CodeIgniter\CodeIgniter->run()
#11 D:\laragon\www\bkk\system\Commands\Server\rewrite.php(34): require_once('D:\\laragon\\www\\...')
#12 {main}
CRITICAL - 2020-12-10 16:56:23 --> Undefined variable: row
#0 D:\laragon\www\bkk\app\Views\frontend\home.php(43): CodeIgniter\Debug\Exceptions->errorHandler(8, 'Undefined varia...', 'D:\\laragon\\www\\...', 43, Array)
#1 D:\laragon\www\bkk\system\View\View.php(246): include('D:\\laragon\\www\\...')
#2 D:\laragon\www\bkk\system\View\View.php(525): CodeIgniter\View\View->render('frontend/home', NULL, true)
#3 D:\laragon\www\bkk\app\Views\frontend\layer.php(5): CodeIgniter\View\View->include('frontend/home')
#4 D:\laragon\www\bkk\system\View\View.php(246): include('D:\\laragon\\www\\...')
#5 D:\laragon\www\bkk\system\Common.php(1087): CodeIgniter\View\View->render('frontend/layer', Array, true)
#6 D:\laragon\www\bkk\app\Controllers\Home.php(29): view('frontend/layer', Array)
#7 D:\laragon\www\bkk\system\CodeIgniter.php(914): App\Controllers\Home->index()
#8 D:\laragon\www\bkk\system\CodeIgniter.php(400): CodeIgniter\CodeIgniter->runController(Object(App\Controllers\Home))
#9 D:\laragon\www\bkk\system\CodeIgniter.php(308): CodeIgniter\CodeIgniter->handleRequest(NULL, Object(Config\Cache), false)
#10 D:\laragon\www\bkk\public\index.php(45): CodeIgniter\CodeIgniter->run()
#11 D:\laragon\www\bkk\system\Commands\Server\rewrite.php(34): require_once('D:\\laragon\\www\\...')
#12 {main}
CRITICAL - 2020-12-10 16:58:43 --> Undefined offset: 2
#0 D:\laragon\www\bkk\app\Views\frontend\home.php(44): CodeIgniter\Debug\Exceptions->errorHandler(8, 'Undefined offse...', 'D:\\laragon\\www\\...', 44, Array)
#1 D:\laragon\www\bkk\system\View\View.php(246): include('D:\\laragon\\www\\...')
#2 D:\laragon\www\bkk\system\View\View.php(525): CodeIgniter\View\View->render('frontend/home', NULL, true)
#3 D:\laragon\www\bkk\app\Views\frontend\layer.php(5): CodeIgniter\View\View->include('frontend/home')
#4 D:\laragon\www\bkk\system\View\View.php(246): include('D:\\laragon\\www\\...')
#5 D:\laragon\www\bkk\system\Common.php(1087): CodeIgniter\View\View->render('frontend/layer', Array, true)
#6 D:\laragon\www\bkk\app\Controllers\Home.php(29): view('frontend/layer', Array)
#7 D:\laragon\www\bkk\system\CodeIgniter.php(914): App\Controllers\Home->index()
#8 D:\laragon\www\bkk\system\CodeIgniter.php(400): CodeIgniter\CodeIgniter->runController(Object(App\Controllers\Home))
#9 D:\laragon\www\bkk\system\CodeIgniter.php(308): CodeIgniter\CodeIgniter->handleRequest(NULL, Object(Config\Cache), false)
#10 D:\laragon\www\bkk\public\index.php(45): CodeIgniter\CodeIgniter->run()
#11 D:\laragon\www\bkk\system\Commands\Server\rewrite.php(34): require_once('D:\\laragon\\www\\...')
#12 {main}
CRITICAL - 2020-12-10 18:46:50 --> Table 'bkk.tb_sales' doesn't exist
#0 D:\laragon\www\bkk\system\Database\MySQLi\Connection.php(331): mysqli->query('SELECT *\nFROM `...')
#1 D:\laragon\www\bkk\system\Database\BaseConnection.php(738): CodeIgniter\Database\MySQLi\Connection->execute('SELECT *\nFROM `...')
#2 D:\laragon\www\bkk\system\Database\BaseConnection.php(666): CodeIgniter\Database\BaseConnection->simpleQuery('SELECT *\nFROM `...')
#3 D:\laragon\www\bkk\system\Database\BaseBuilder.php(1845): CodeIgniter\Database\BaseConnection->query('SELECT *\nFROM `...', Array, false)
#4 D:\laragon\www\bkk\app\Models\Mdata.php(189): CodeIgniter\Database\BaseBuilder->get()
#5 D:\laragon\www\bkk\app\Controllers\Dashboard.php(905): App\Models\Mdata->join(Array, Array, Array)
#6 D:\laragon\www\bkk\app\Controllers\Dashboard.php(891): App\Controllers\Dashboard->_profile()
#7 D:\laragon\www\bkk\system\CodeIgniter.php(914): App\Controllers\Dashboard->setting('profile')
#8 D:\laragon\www\bkk\system\CodeIgniter.php(400): CodeIgniter\CodeIgniter->runController(Object(App\Controllers\Dashboard))
#9 D:\laragon\www\bkk\system\CodeIgniter.php(308): CodeIgniter\CodeIgniter->handleRequest(NULL, Object(Config\Cache), false)
#10 D:\laragon\www\bkk\public\index.php(45): CodeIgniter\CodeIgniter->run()
#11 D:\laragon\www\bkk\system\Commands\Server\rewrite.php(34): require_once('D:\\laragon\\www\\...')
#12 {main}
CRITICAL - 2020-12-10 18:49:00 --> Table 'bkk.tb_sales' doesn't exist
#0 D:\laragon\www\bkk\system\Database\MySQLi\Connection.php(331): mysqli->query('SELECT *\nFROM `...')
#1 D:\laragon\www\bkk\system\Database\BaseConnection.php(738): CodeIgniter\Database\MySQLi\Connection->execute('SELECT *\nFROM `...')
#2 D:\laragon\www\bkk\system\Database\BaseConnection.php(666): CodeIgniter\Database\BaseConnection->simpleQuery('SELECT *\nFROM `...')
#3 D:\laragon\www\bkk\system\Database\BaseBuilder.php(1845): CodeIgniter\Database\BaseConnection->query('SELECT *\nFROM `...', Array, false)
#4 D:\laragon\www\bkk\app\Models\Mdata.php(189): CodeIgniter\Database\BaseBuilder->get()
#5 D:\laragon\www\bkk\app\Controllers\Dashboard.php(905): App\Models\Mdata->join(Array, Array, Array)
#6 D:\laragon\www\bkk\app\Controllers\Dashboard.php(891): App\Controllers\Dashboard->_app()
#7 D:\laragon\www\bkk\system\CodeIgniter.php(914): App\Controllers\Dashboard->setting('app')
#8 D:\laragon\www\bkk\system\CodeIgniter.php(400): CodeIgniter\CodeIgniter->runController(Object(App\Controllers\Dashboard))
#9 D:\laragon\www\bkk\system\CodeIgniter.php(308): CodeIgniter\CodeIgniter->handleRequest(NULL, Object(Config\Cache), false)
#10 D:\laragon\www\bkk\public\index.php(45): CodeIgniter\CodeIgniter->run()
#11 D:\laragon\www\bkk\system\Commands\Server\rewrite.php(34): require_once('D:\\laragon\\www\\...')
#12 {main}
CRITICAL - 2020-12-10 18:57:11 --> Undefined property: CodeIgniter\View\View::$app
#0 D:\laragon\www\bkk\app\Views\frontend\home.php(133): CodeIgniter\Debug\Exceptions->errorHandler(8, 'Undefined prope...', 'D:\\laragon\\www\\...', 133, Array)
#1 D:\laragon\www\bkk\system\View\View.php(246): include('D:\\laragon\\www\\...')
#2 D:\laragon\www\bkk\system\View\View.php(525): CodeIgniter\View\View->render('frontend/home', NULL, true)
#3 D:\laragon\www\bkk\app\Views\frontend\layer.php(5): CodeIgniter\View\View->include('frontend/home')
#4 D:\laragon\www\bkk\system\View\View.php(246): include('D:\\laragon\\www\\...')
#5 D:\laragon\www\bkk\system\Common.php(1087): CodeIgniter\View\View->render('frontend/layer', Array, true)
#6 D:\laragon\www\bkk\app\Controllers\Home.php(29): view('frontend/layer', Array)
#7 D:\laragon\www\bkk\system\CodeIgniter.php(914): App\Controllers\Home->index()
#8 D:\laragon\www\bkk\system\CodeIgniter.php(400): CodeIgniter\CodeIgniter->runController(Object(App\Controllers\Home))
#9 D:\laragon\www\bkk\system\CodeIgniter.php(308): CodeIgniter\CodeIgniter->handleRequest(NULL, Object(Config\Cache), false)
#10 D:\laragon\www\bkk\public\index.php(45): CodeIgniter\CodeIgniter->run()
#11 D:\laragon\www\bkk\system\Commands\Server\rewrite.php(34): require_once('D:\\laragon\\www\\...')
#12 {main}
CRITICAL - 2020-12-10 22:03:21 --> Berkas tidak valid: widget/cover.php
#0 D:\laragon\www\bkk\system\View\View.php(228): CodeIgniter\Exceptions\FrameworkException::forInvalidFile('widget/cover.ph...')
#1 D:\laragon\www\bkk\system\View\View.php(525): CodeIgniter\View\View->render('widget/cover', NULL, true)
#2 D:\laragon\www\bkk\app\Views\template\layer.php(5): CodeIgniter\View\View->include('widget/cover')
#3 D:\laragon\www\bkk\system\View\View.php(246): include('D:\\laragon\\www\\...')
#4 D:\laragon\www\bkk\system\Common.php(1087): CodeIgniter\View\View->render('template/layer', Array, true)
#5 D:\laragon\www\bkk\app\Controllers\Dashboard.php(695): view('template/layer', Array)
#6 D:\laragon\www\bkk\app\Controllers\Dashboard.php(676): App\Controllers\Dashboard->_cover()
#7 D:\laragon\www\bkk\system\CodeIgniter.php(914): App\Controllers\Dashboard->widget('cover')
#8 D:\laragon\www\bkk\system\CodeIgniter.php(400): CodeIgniter\CodeIgniter->runController(Object(App\Controllers\Dashboard))
#9 D:\laragon\www\bkk\system\CodeIgniter.php(308): CodeIgniter\CodeIgniter->handleRequest(NULL, Object(Config\Cache), false)
#10 D:\laragon\www\bkk\public\index.php(45): CodeIgniter\CodeIgniter->run()
#11 D:\laragon\www\bkk\system\Commands\Server\rewrite.php(34): require_once('D:\\laragon\\www\\...')
#12 {main}
CRITICAL - 2020-12-10 22:14:48 --> syntax error, unexpected '}', expecting ')'
#0 D:\laragon\www\bkk\system\Router\Router.php(192): CodeIgniter\Router\Router->autoRoute('dashboard/widge...')
#1 D:\laragon\www\bkk\system\CodeIgniter.php(789): CodeIgniter\Router\Router->handle('dashboard/widge...')
#2 D:\laragon\www\bkk\system\CodeIgniter.php(360): CodeIgniter\CodeIgniter->tryToRouteIt(Object(CodeIgniter\Router\RouteCollection))
#3 D:\laragon\www\bkk\system\CodeIgniter.php(308): CodeIgniter\CodeIgniter->handleRequest(NULL, Object(Config\Cache), false)
#4 D:\laragon\www\bkk\public\index.php(45): CodeIgniter\CodeIgniter->run()
#5 D:\laragon\www\bkk\system\Commands\Server\rewrite.php(34): require_once('D:\\laragon\\www\\...')
#6 {main}
CRITICAL - 2020-12-10 22:17:43 --> Unknown column 'widget_id' in 'where clause'
#0 D:\laragon\www\bkk\system\Database\MySQLi\Connection.php(331): mysqli->query('SELECT *\nFROM `...')
#1 D:\laragon\www\bkk\system\Database\BaseConnection.php(738): CodeIgniter\Database\MySQLi\Connection->execute('SELECT *\nFROM `...')
#2 D:\laragon\www\bkk\system\Database\BaseConnection.php(666): CodeIgniter\Database\BaseConnection->simpleQuery('SELECT *\nFROM `...')
#3 D:\laragon\www\bkk\system\Database\BaseBuilder.php(2004): CodeIgniter\Database\BaseConnection->query('SELECT *\nFROM `...', Array, false)
#4 D:\laragon\www\bkk\app\Models\Mdata.php(81): CodeIgniter\Database\BaseBuilder->getWhere(Array)
#5 D:\laragon\www\bkk\app\Controllers\Dashboard.php(717): App\Models\Mdata->cc(Array, 'tb_widget')
#6 D:\laragon\www\bkk\system\CodeIgniter.php(914): App\Controllers\Dashboard->act_cover()
#7 D:\laragon\www\bkk\system\CodeIgniter.php(400): CodeIgniter\CodeIgniter->runController(Object(App\Controllers\Dashboard))
#8 D:\laragon\www\bkk\system\CodeIgniter.php(308): CodeIgniter\CodeIgniter->handleRequest(NULL, Object(Config\Cache), false)
#9 D:\laragon\www\bkk\public\index.php(45): CodeIgniter\CodeIgniter->run()
#10 D:\laragon\www\bkk\system\Commands\Server\rewrite.php(34): require_once('D:\\laragon\\www\\...')
#11 {main}
CRITICAL - 2020-12-10 22:17:47 --> Unknown column 'widget_id' in 'where clause'
#0 D:\laragon\www\bkk\system\Database\MySQLi\Connection.php(331): mysqli->query('SELECT *\nFROM `...')
#1 D:\laragon\www\bkk\system\Database\BaseConnection.php(738): CodeIgniter\Database\MySQLi\Connection->execute('SELECT *\nFROM `...')
#2 D:\laragon\www\bkk\system\Database\BaseConnection.php(666): CodeIgniter\Database\BaseConnection->simpleQuery('SELECT *\nFROM `...')
#3 D:\laragon\www\bkk\system\Database\BaseBuilder.php(2004): CodeIgniter\Database\BaseConnection->query('SELECT *\nFROM `...', Array, false)
#4 D:\laragon\www\bkk\app\Models\Mdata.php(81): CodeIgniter\Database\BaseBuilder->getWhere(Array)
#5 D:\laragon\www\bkk\app\Controllers\Dashboard.php(717): App\Models\Mdata->cc(Array, 'tb_widget')
#6 D:\laragon\www\bkk\system\CodeIgniter.php(914): App\Controllers\Dashboard->act_cover()
#7 D:\laragon\www\bkk\system\CodeIgniter.php(400): CodeIgniter\CodeIgniter->runController(Object(App\Controllers\Dashboard))
#8 D:\laragon\www\bkk\system\CodeIgniter.php(308): CodeIgniter\CodeIgniter->handleRequest(NULL, Object(Config\Cache), false)
#9 D:\laragon\www\bkk\public\index.php(45): CodeIgniter\CodeIgniter->run()
#10 D:\laragon\www\bkk\system\Commands\Server\rewrite.php(34): require_once('D:\\laragon\\www\\...')
#11 {main}
CRITICAL - 2020-12-10 22:19:20 --> Unknown column 'widget_id' in 'where clause'
#0 D:\laragon\www\bkk\system\Database\MySQLi\Connection.php(331): mysqli->query('SELECT *\nFROM `...')
#1 D:\laragon\www\bkk\system\Database\BaseConnection.php(738): CodeIgniter\Database\MySQLi\Connection->execute('SELECT *\nFROM `...')
#2 D:\laragon\www\bkk\system\Database\BaseConnection.php(666): CodeIgniter\Database\BaseConnection->simpleQuery('SELECT *\nFROM `...')
#3 D:\laragon\www\bkk\system\Database\BaseBuilder.php(2004): CodeIgniter\Database\BaseConnection->query('SELECT *\nFROM `...', Array, false)
#4 D:\laragon\www\bkk\app\Models\Mdata.php(81): CodeIgniter\Database\BaseBuilder->getWhere(Array)
#5 D:\laragon\www\bkk\app\Controllers\Dashboard.php(717): App\Models\Mdata->cc(Array, 'tb_widget')
#6 D:\laragon\www\bkk\system\CodeIgniter.php(914): App\Controllers\Dashboard->act_cover()
#7 D:\laragon\www\bkk\system\CodeIgniter.php(400): CodeIgniter\CodeIgniter->runController(Object(App\Controllers\Dashboard))
#8 D:\laragon\www\bkk\system\CodeIgniter.php(308): CodeIgniter\CodeIgniter->handleRequest(NULL, Object(Config\Cache), false)
#9 D:\laragon\www\bkk\public\index.php(45): CodeIgniter\CodeIgniter->run()
#10 D:\laragon\www\bkk\system\Commands\Server\rewrite.php(34): require_once('D:\\laragon\\www\\...')
#11 {main}
CRITICAL - 2020-12-10 23:18:09 --> Undefined property: stdClass::$loker_name
#0 D:\laragon\www\bkk\app\Controllers\Dashboard.php(786): CodeIgniter\Debug\Exceptions->errorHandler(8, 'Undefined prope...', 'D:\\laragon\\www\\...', 786, Array)
#1 D:\laragon\www\bkk\system\CodeIgniter.php(914): App\Controllers\Dashboard->data_pos()
#2 D:\laragon\www\bkk\system\CodeIgniter.php(400): CodeIgniter\CodeIgniter->runController(Object(App\Controllers\Dashboard))
#3 D:\laragon\www\bkk\system\CodeIgniter.php(308): CodeIgniter\CodeIgniter->handleRequest(NULL, Object(Config\Cache), false)
#4 D:\laragon\www\bkk\public\index.php(45): CodeIgniter\CodeIgniter->run()
#5 D:\laragon\www\bkk\system\Commands\Server\rewrite.php(34): require_once('D:\\laragon\\www\\...')
#6 {main}
CRITICAL - 2020-12-10 23:52:39 --> Trying to get property 'pos_name' of non-object
#0 D:\laragon\www\bkk\app\Views\frontend\page.php(23): CodeIgniter\Debug\Exceptions->errorHandler(8, 'Trying to get p...', 'D:\\laragon\\www\\...', 23, Array)
#1 D:\laragon\www\bkk\system\View\View.php(246): include('D:\\laragon\\www\\...')
#2 D:\laragon\www\bkk\system\View\View.php(525): CodeIgniter\View\View->render('frontend/page', NULL, true)
#3 D:\laragon\www\bkk\app\Views\frontend\layer.php(5): CodeIgniter\View\View->include('frontend/page')
#4 D:\laragon\www\bkk\system\View\View.php(246): include('D:\\laragon\\www\\...')
#5 D:\laragon\www\bkk\system\Common.php(1087): CodeIgniter\View\View->render('frontend/layer', Array, true)
#6 D:\laragon\www\bkk\app\Controllers\Home.php(55): view('frontend/layer', Array)
#7 D:\laragon\www\bkk\system\CodeIgniter.php(914): App\Controllers\Home->loker('lokers')
#8 D:\laragon\www\bkk\system\CodeIgniter.php(400): CodeIgniter\CodeIgniter->runController(Object(App\Controllers\Home))
#9 D:\laragon\www\bkk\system\CodeIgniter.php(308): CodeIgniter\CodeIgniter->handleRequest(NULL, Object(Config\Cache), false)
#10 D:\laragon\www\bkk\public\index.php(45): CodeIgniter\CodeIgniter->run()
#11 D:\laragon\www\bkk\system\Commands\Server\rewrite.php(34): require_once('D:\\laragon\\www\\...')
#12 {main}
CRITICAL - 2020-12-10 23:55:35 --> Trying to get property 'pos_name' of non-object
#0 D:\laragon\www\bkk\app\Views\frontend\page.php(23): CodeIgniter\Debug\Exceptions->errorHandler(8, 'Trying to get p...', 'D:\\laragon\\www\\...', 23, Array)
#1 D:\laragon\www\bkk\system\View\View.php(246): include('D:\\laragon\\www\\...')
#2 D:\laragon\www\bkk\system\View\View.php(525): CodeIgniter\View\View->render('frontend/page', NULL, true)
#3 D:\laragon\www\bkk\app\Views\frontend\layer.php(5): CodeIgniter\View\View->include('frontend/page')
#4 D:\laragon\www\bkk\system\View\View.php(246): include('D:\\laragon\\www\\...')
#5 D:\laragon\www\bkk\system\Common.php(1087): CodeIgniter\View\View->render('frontend/layer', Array, true)
#6 D:\laragon\www\bkk\app\Controllers\Home.php(55): view('frontend/layer', Array)
#7 D:\laragon\www\bkk\system\CodeIgniter.php(914): App\Controllers\Home->loker('lokers')
#8 D:\laragon\www\bkk\system\CodeIgniter.php(400): CodeIgniter\CodeIgniter->runController(Object(App\Controllers\Home))
#9 D:\laragon\www\bkk\system\CodeIgniter.php(308): CodeIgniter\CodeIgniter->handleRequest(NULL, Object(Config\Cache), false)
#10 D:\laragon\www\bkk\public\index.php(45): CodeIgniter\CodeIgniter->run()
#11 D:\laragon\www\bkk\system\Commands\Server\rewrite.php(34): require_once('D:\\laragon\\www\\...')
#12 {main}
