CRITICAL - 2020-12-27 00:47:45 --> Incorrect output destination .PDF
#0 D:\laragon\www\bkk\app\Controllers\Home.php(763): Mpdf\Mpdf->Output('tes', '.PDF', 'I')
#1 D:\laragon\www\bkk\system\CodeIgniter.php(914): App\Controllers\Home->print()
#2 D:\laragon\www\bkk\system\CodeIgniter.php(400): CodeIgniter\CodeIgniter->runController(Object(App\Controllers\Home))
#3 D:\laragon\www\bkk\system\CodeIgniter.php(308): CodeIgniter\CodeIgniter->handleRequest(NULL, Object(Config\Cache), false)
#4 D:\laragon\www\bkk\public\index.php(45): CodeIgniter\CodeIgniter->run()
#5 D:\laragon\www\bkk\system\Commands\Server\rewrite.php(34): require_once('D:\\laragon\\www\\...')
#6 {main}
CRITICAL - 2020-12-27 01:07:40 --> Incorrect output destination .PDF
#0 D:\laragon\www\bkk\app\Controllers\Home.php(763): Mpdf\Mpdf->Output('tes', '.PDF', 'I')
#1 D:\laragon\www\bkk\system\CodeIgniter.php(914): App\Controllers\Home->print()
#2 D:\laragon\www\bkk\system\CodeIgniter.php(400): CodeIgniter\CodeIgniter->runController(Object(App\Controllers\Home))
#3 D:\laragon\www\bkk\system\CodeIgniter.php(308): CodeIgniter\CodeIgniter->handleRequest(NULL, Object(Config\Cache), false)
#4 D:\laragon\www\bkk\public\index.php(45): CodeIgniter\CodeIgniter->run()
#5 D:\laragon\www\bkk\system\Commands\Server\rewrite.php(34): require_once('D:\\laragon\\www\\...')
#6 {main}
CRITICAL - 2020-12-27 01:11:29 --> Incorrect output destination .PDF
#0 D:\laragon\www\bkk\app\Controllers\Home.php(763): Mpdf\Mpdf->Output('tes', '.PDF', 'I')
#1 D:\laragon\www\bkk\system\CodeIgniter.php(914): App\Controllers\Home->print()
#2 D:\laragon\www\bkk\system\CodeIgniter.php(400): CodeIgniter\CodeIgniter->runController(Object(App\Controllers\Home))
#3 D:\laragon\www\bkk\system\CodeIgniter.php(308): CodeIgniter\CodeIgniter->handleRequest(NULL, Object(Config\Cache), false)
#4 D:\laragon\www\bkk\public\index.php(45): CodeIgniter\CodeIgniter->run()
#5 D:\laragon\www\bkk\system\Commands\Server\rewrite.php(34): require_once('D:\\laragon\\www\\...')
#6 {main}
CRITICAL - 2020-12-27 01:11:31 --> Incorrect output destination .PDF
#0 D:\laragon\www\bkk\app\Controllers\Home.php(763): Mpdf\Mpdf->Output('tes', '.PDF', 'I')
#1 D:\laragon\www\bkk\system\CodeIgniter.php(914): App\Controllers\Home->print()
#2 D:\laragon\www\bkk\system\CodeIgniter.php(400): CodeIgniter\CodeIgniter->runController(Object(App\Controllers\Home))
#3 D:\laragon\www\bkk\system\CodeIgniter.php(308): CodeIgniter\CodeIgniter->handleRequest(NULL, Object(Config\Cache), false)
#4 D:\laragon\www\bkk\public\index.php(45): CodeIgniter\CodeIgniter->run()
#5 D:\laragon\www\bkk\system\Commands\Server\rewrite.php(34): require_once('D:\\laragon\\www\\...')
#6 {main}
CRITICAL - 2020-12-27 01:21:18 --> Incorrect output destination .PDF
#0 D:\laragon\www\bkk\app\Controllers\Home.php(763): Mpdf\Mpdf->Output('tes', '.PDF', 'I')
#1 D:\laragon\www\bkk\system\CodeIgniter.php(914): App\Controllers\Home->print()
#2 D:\laragon\www\bkk\system\CodeIgniter.php(400): CodeIgniter\CodeIgniter->runController(Object(App\Controllers\Home))
#3 D:\laragon\www\bkk\system\CodeIgniter.php(308): CodeIgniter\CodeIgniter->handleRequest(NULL, Object(Config\Cache), false)
#4 D:\laragon\www\bkk\public\index.php(45): CodeIgniter\CodeIgniter->run()
#5 D:\laragon\www\bkk\system\Commands\Server\rewrite.php(34): require_once('D:\\laragon\\www\\...')
#6 {main}
CRITICAL - 2020-12-27 01:26:18 --> Class 'mPDF' not found
#0 D:\laragon\www\bkk\system\CodeIgniter.php(914): App\Controllers\Home->print()
#1 D:\laragon\www\bkk\system\CodeIgniter.php(400): CodeIgniter\CodeIgniter->runController(Object(App\Controllers\Home))
#2 D:\laragon\www\bkk\system\CodeIgniter.php(308): CodeIgniter\CodeIgniter->handleRequest(NULL, Object(Config\Cache), false)
#3 D:\laragon\www\bkk\public\index.php(45): CodeIgniter\CodeIgniter->run()
#4 D:\laragon\www\bkk\system\Commands\Server\rewrite.php(34): require_once('D:\\laragon\\www\\...')
#5 {main}
CRITICAL - 2020-12-27 01:44:46 --> Argument 1 passed to CodeIgniter\HTTP\RedirectResponse::to() must be of the type string, null given, called in D:\laragon\www\bkk\app\Controllers\Home.php on line 768
#0 D:\laragon\www\bkk\app\Controllers\Home.php(768): CodeIgniter\HTTP\RedirectResponse->to(NULL)
#1 D:\laragon\www\bkk\system\CodeIgniter.php(914): App\Controllers\Home->print()
#2 D:\laragon\www\bkk\system\CodeIgniter.php(400): CodeIgniter\CodeIgniter->runController(Object(App\Controllers\Home))
#3 D:\laragon\www\bkk\system\CodeIgniter.php(308): CodeIgniter\CodeIgniter->handleRequest(NULL, Object(Config\Cache), false)
#4 D:\laragon\www\bkk\public\index.php(45): CodeIgniter\CodeIgniter->run()
#5 D:\laragon\www\bkk\system\Commands\Server\rewrite.php(34): require_once('D:\\laragon\\www\\...')
#6 {main}
CRITICAL - 2020-12-27 09:08:46 --> Argument 1 passed to CodeIgniter\HTTP\RedirectResponse::to() must be of the type string, null given, called in D:\laragon\www\bkk\app\Controllers\Home.php on line 768
#0 D:\laragon\www\bkk\app\Controllers\Home.php(768): CodeIgniter\HTTP\RedirectResponse->to(NULL)
#1 D:\laragon\www\bkk\system\CodeIgniter.php(914): App\Controllers\Home->print()
#2 D:\laragon\www\bkk\system\CodeIgniter.php(400): CodeIgniter\CodeIgniter->runController(Object(App\Controllers\Home))
#3 D:\laragon\www\bkk\system\CodeIgniter.php(308): CodeIgniter\CodeIgniter->handleRequest(NULL, Object(Config\Cache), false)
#4 D:\laragon\www\bkk\public\index.php(45): CodeIgniter\CodeIgniter->run()
#5 D:\laragon\www\bkk\system\Commands\Server\rewrite.php(34): require_once('D:\\laragon\\www\\...')
#6 {main}
CRITICAL - 2020-12-27 09:24:32 --> Argument 2 passed to view() must be of the type array, string given, called in D:\laragon\www\bkk\app\Controllers\Home.php on line 759
#0 D:\laragon\www\bkk\app\Controllers\Home.php(759): view('print', 'ffa')
#1 D:\laragon\www\bkk\system\CodeIgniter.php(914): App\Controllers\Home->print()
#2 D:\laragon\www\bkk\system\CodeIgniter.php(400): CodeIgniter\CodeIgniter->runController(Object(App\Controllers\Home))
#3 D:\laragon\www\bkk\system\CodeIgniter.php(308): CodeIgniter\CodeIgniter->handleRequest(NULL, Object(Config\Cache), false)
#4 D:\laragon\www\bkk\public\index.php(45): CodeIgniter\CodeIgniter->run()
#5 D:\laragon\www\bkk\system\Commands\Server\rewrite.php(34): require_once('D:\\laragon\\www\\...')
#6 {main}
CRITICAL - 2020-12-27 09:25:15 --> Argument 1 passed to CodeIgniter\HTTP\RedirectResponse::to() must be of the type string, null given, called in D:\laragon\www\bkk\app\Controllers\Home.php on line 768
#0 D:\laragon\www\bkk\app\Controllers\Home.php(768): CodeIgniter\HTTP\RedirectResponse->to(NULL)
#1 D:\laragon\www\bkk\system\CodeIgniter.php(914): App\Controllers\Home->print()
#2 D:\laragon\www\bkk\system\CodeIgniter.php(400): CodeIgniter\CodeIgniter->runController(Object(App\Controllers\Home))
#3 D:\laragon\www\bkk\system\CodeIgniter.php(308): CodeIgniter\CodeIgniter->handleRequest(NULL, Object(Config\Cache), false)
#4 D:\laragon\www\bkk\public\index.php(45): CodeIgniter\CodeIgniter->run()
#5 D:\laragon\www\bkk\system\Commands\Server\rewrite.php(34): require_once('D:\\laragon\\www\\...')
#6 {main}
CRITICAL - 2020-12-27 09:46:16 --> Argument 1 passed to CodeIgniter\HTTP\RedirectResponse::to() must be of the type string, null given, called in D:\laragon\www\bkk\app\Controllers\Home.php on line 779
#0 D:\laragon\www\bkk\app\Controllers\Home.php(779): CodeIgniter\HTTP\RedirectResponse->to(NULL)
#1 D:\laragon\www\bkk\system\CodeIgniter.php(914): App\Controllers\Home->print('11201')
#2 D:\laragon\www\bkk\system\CodeIgniter.php(400): CodeIgniter\CodeIgniter->runController(Object(App\Controllers\Home))
#3 D:\laragon\www\bkk\system\CodeIgniter.php(308): CodeIgniter\CodeIgniter->handleRequest(NULL, Object(Config\Cache), false)
#4 D:\laragon\www\bkk\public\index.php(45): CodeIgniter\CodeIgniter->run()
#5 D:\laragon\www\bkk\system\Commands\Server\rewrite.php(34): require_once('D:\\laragon\\www\\...')
#6 {main}
CRITICAL - 2020-12-27 09:56:36 --> Argument 1 passed to CodeIgniter\HTTP\RedirectResponse::to() must be of the type string, null given, called in D:\laragon\www\bkk\app\Controllers\Home.php on line 781
#0 D:\laragon\www\bkk\app\Controllers\Home.php(781): CodeIgniter\HTTP\RedirectResponse->to(NULL)
#1 D:\laragon\www\bkk\system\CodeIgniter.php(914): App\Controllers\Home->print('11201')
#2 D:\laragon\www\bkk\system\CodeIgniter.php(400): CodeIgniter\CodeIgniter->runController(Object(App\Controllers\Home))
#3 D:\laragon\www\bkk\system\CodeIgniter.php(308): CodeIgniter\CodeIgniter->handleRequest(NULL, Object(Config\Cache), false)
#4 D:\laragon\www\bkk\public\index.php(45): CodeIgniter\CodeIgniter->run()
#5 D:\laragon\www\bkk\system\Commands\Server\rewrite.php(34): require_once('D:\\laragon\\www\\...')
#6 {main}
CRITICAL - 2020-12-27 10:05:54 --> Argument 1 passed to CodeIgniter\HTTP\RedirectResponse::to() must be of the type string, null given, called in D:\laragon\www\bkk\app\Controllers\Home.php on line 781
#0 D:\laragon\www\bkk\app\Controllers\Home.php(781): CodeIgniter\HTTP\RedirectResponse->to(NULL)
#1 D:\laragon\www\bkk\system\CodeIgniter.php(914): App\Controllers\Home->print('11201')
#2 D:\laragon\www\bkk\system\CodeIgniter.php(400): CodeIgniter\CodeIgniter->runController(Object(App\Controllers\Home))
#3 D:\laragon\www\bkk\system\CodeIgniter.php(308): CodeIgniter\CodeIgniter->handleRequest(NULL, Object(Config\Cache), false)
#4 D:\laragon\www\bkk\public\index.php(45): CodeIgniter\CodeIgniter->run()
#5 D:\laragon\www\bkk\system\Commands\Server\rewrite.php(34): require_once('D:\\laragon\\www\\...')
#6 {main}
CRITICAL - 2020-12-27 10:43:59 --> Too few arguments to function App\Controllers\Home::print(), 0 passed in D:\laragon\www\bkk\system\CodeIgniter.php on line 914 and exactly 1 expected
#0 D:\laragon\www\bkk\system\CodeIgniter.php(914): App\Controllers\Home->print()
#1 D:\laragon\www\bkk\system\CodeIgniter.php(400): CodeIgniter\CodeIgniter->runController(Object(App\Controllers\Home))
#2 D:\laragon\www\bkk\system\CodeIgniter.php(308): CodeIgniter\CodeIgniter->handleRequest(NULL, Object(Config\Cache), false)
#3 D:\laragon\www\bkk\public\index.php(45): CodeIgniter\CodeIgniter->run()
#4 D:\laragon\www\bkk\system\Commands\Server\rewrite.php(34): require_once('D:\\laragon\\www\\...')
#5 {main}
CRITICAL - 2020-12-27 10:44:01 --> Argument 1 passed to CodeIgniter\HTTP\RedirectResponse::to() must be of the type string, null given, called in D:\laragon\www\bkk\app\Controllers\Home.php on line 791
#0 D:\laragon\www\bkk\app\Controllers\Home.php(791): CodeIgniter\HTTP\RedirectResponse->to(NULL)
#1 D:\laragon\www\bkk\system\CodeIgniter.php(914): App\Controllers\Home->print('ffa')
#2 D:\laragon\www\bkk\system\CodeIgniter.php(400): CodeIgniter\CodeIgniter->runController(Object(App\Controllers\Home))
#3 D:\laragon\www\bkk\system\CodeIgniter.php(308): CodeIgniter\CodeIgniter->handleRequest(NULL, Object(Config\Cache), false)
#4 D:\laragon\www\bkk\public\index.php(45): CodeIgniter\CodeIgniter->run()
#5 D:\laragon\www\bkk\system\Commands\Server\rewrite.php(34): require_once('D:\\laragon\\www\\...')
#6 {main}
CRITICAL - 2020-12-27 10:47:47 --> Maximum execution time of 60 seconds exceeded
#0 [internal function]: CodeIgniter\Debug\Exceptions->shutdownHandler()
#1 {main}
CRITICAL - 2020-12-27 10:48:54 --> Maximum execution time of 60 seconds exceeded
#0 [internal function]: CodeIgniter\Debug\Exceptions->shutdownHandler()
#1 {main}
CRITICAL - 2020-12-27 10:50:47 --> Argument 1 passed to CodeIgniter\HTTP\RedirectResponse::to() must be of the type string, null given, called in D:\laragon\www\bkk\app\Controllers\Home.php on line 791
#0 D:\laragon\www\bkk\app\Controllers\Home.php(791): CodeIgniter\HTTP\RedirectResponse->to(NULL)
#1 D:\laragon\www\bkk\system\CodeIgniter.php(914): App\Controllers\Home->print('ffa')
#2 D:\laragon\www\bkk\system\CodeIgniter.php(400): CodeIgniter\CodeIgniter->runController(Object(App\Controllers\Home))
#3 D:\laragon\www\bkk\system\CodeIgniter.php(308): CodeIgniter\CodeIgniter->handleRequest(NULL, Object(Config\Cache), false)
#4 D:\laragon\www\bkk\public\index.php(45): CodeIgniter\CodeIgniter->run()
#5 D:\laragon\www\bkk\system\Commands\Server\rewrite.php(34): require_once('D:\\laragon\\www\\...')
#6 {main}
CRITICAL - 2020-12-27 10:53:04 --> Maximum execution time of 60 seconds exceeded
#0 [internal function]: CodeIgniter\Debug\Exceptions->shutdownHandler()
#1 {main}
CRITICAL - 2020-12-27 10:53:47 --> Too few arguments to function App\Controllers\Home::pdf(), 0 passed in D:\laragon\www\bkk\system\CodeIgniter.php on line 914 and exactly 1 expected
#0 D:\laragon\www\bkk\system\CodeIgniter.php(914): App\Controllers\Home->pdf()
#1 D:\laragon\www\bkk\system\CodeIgniter.php(400): CodeIgniter\CodeIgniter->runController(Object(App\Controllers\Home))
#2 D:\laragon\www\bkk\system\CodeIgniter.php(308): CodeIgniter\CodeIgniter->handleRequest(NULL, Object(Config\Cache), false)
#3 D:\laragon\www\bkk\public\index.php(45): CodeIgniter\CodeIgniter->run()
#4 D:\laragon\www\bkk\system\Commands\Server\rewrite.php(34): require_once('D:\\laragon\\www\\...')
#5 {main}
CRITICAL - 2020-12-27 10:54:52 --> Maximum execution time of 60 seconds exceeded
#0 [internal function]: CodeIgniter\Debug\Exceptions->shutdownHandler()
#1 {main}
CRITICAL - 2020-12-27 10:56:44 --> Argument 1 passed to CodeIgniter\HTTP\RedirectResponse::to() must be of the type string, null given, called in D:\laragon\www\bkk\app\Controllers\Home.php on line 791
#0 D:\laragon\www\bkk\app\Controllers\Home.php(791): CodeIgniter\HTTP\RedirectResponse->to(NULL)
#1 D:\laragon\www\bkk\system\CodeIgniter.php(914): App\Controllers\Home->pdf('ffa')
#2 D:\laragon\www\bkk\system\CodeIgniter.php(400): CodeIgniter\CodeIgniter->runController(Object(App\Controllers\Home))
#3 D:\laragon\www\bkk\system\CodeIgniter.php(308): CodeIgniter\CodeIgniter->handleRequest(NULL, Object(Config\Cache), false)
#4 D:\laragon\www\bkk\public\index.php(45): CodeIgniter\CodeIgniter->run()
#5 D:\laragon\www\bkk\system\Commands\Server\rewrite.php(34): require_once('D:\\laragon\\www\\...')
#6 {main}
CRITICAL - 2020-12-27 10:57:51 --> Argument 1 passed to CodeIgniter\HTTP\RedirectResponse::to() must be of the type string, null given, called in D:\laragon\www\bkk\app\Controllers\Home.php on line 791
#0 D:\laragon\www\bkk\app\Controllers\Home.php(791): CodeIgniter\HTTP\RedirectResponse->to(NULL)
#1 D:\laragon\www\bkk\system\CodeIgniter.php(914): App\Controllers\Home->pdf('ffa')
#2 D:\laragon\www\bkk\system\CodeIgniter.php(400): CodeIgniter\CodeIgniter->runController(Object(App\Controllers\Home))
#3 D:\laragon\www\bkk\system\CodeIgniter.php(308): CodeIgniter\CodeIgniter->handleRequest(NULL, Object(Config\Cache), false)
#4 D:\laragon\www\bkk\public\index.php(45): CodeIgniter\CodeIgniter->run()
#5 D:\laragon\www\bkk\system\Commands\Server\rewrite.php(34): require_once('D:\\laragon\\www\\...')
#6 {main}
CRITICAL - 2020-12-27 10:58:06 --> Argument 1 passed to CodeIgniter\HTTP\RedirectResponse::to() must be of the type string, null given, called in D:\laragon\www\bkk\app\Controllers\Home.php on line 791
#0 D:\laragon\www\bkk\app\Controllers\Home.php(791): CodeIgniter\HTTP\RedirectResponse->to(NULL)
#1 D:\laragon\www\bkk\system\CodeIgniter.php(914): App\Controllers\Home->pdf('ffa')
#2 D:\laragon\www\bkk\system\CodeIgniter.php(400): CodeIgniter\CodeIgniter->runController(Object(App\Controllers\Home))
#3 D:\laragon\www\bkk\system\CodeIgniter.php(308): CodeIgniter\CodeIgniter->handleRequest(NULL, Object(Config\Cache), false)
#4 D:\laragon\www\bkk\public\index.php(45): CodeIgniter\CodeIgniter->run()
#5 D:\laragon\www\bkk\system\Commands\Server\rewrite.php(34): require_once('D:\\laragon\\www\\...')
#6 {main}
CRITICAL - 2020-12-27 10:58:18 --> Argument 1 passed to CodeIgniter\HTTP\RedirectResponse::to() must be of the type string, null given, called in D:\laragon\www\bkk\app\Controllers\Home.php on line 791
#0 D:\laragon\www\bkk\app\Controllers\Home.php(791): CodeIgniter\HTTP\RedirectResponse->to(NULL)
#1 D:\laragon\www\bkk\system\CodeIgniter.php(914): App\Controllers\Home->pdf('ffa')
#2 D:\laragon\www\bkk\system\CodeIgniter.php(400): CodeIgniter\CodeIgniter->runController(Object(App\Controllers\Home))
#3 D:\laragon\www\bkk\system\CodeIgniter.php(308): CodeIgniter\CodeIgniter->handleRequest(NULL, Object(Config\Cache), false)
#4 D:\laragon\www\bkk\public\index.php(45): CodeIgniter\CodeIgniter->run()
#5 D:\laragon\www\bkk\system\Commands\Server\rewrite.php(34): require_once('D:\\laragon\\www\\...')
#6 {main}
CRITICAL - 2020-12-27 10:58:30 --> Argument 1 passed to CodeIgniter\HTTP\RedirectResponse::to() must be of the type string, null given, called in D:\laragon\www\bkk\app\Controllers\Home.php on line 791
#0 D:\laragon\www\bkk\app\Controllers\Home.php(791): CodeIgniter\HTTP\RedirectResponse->to(NULL)
#1 D:\laragon\www\bkk\system\CodeIgniter.php(914): App\Controllers\Home->pdf('ffa')
#2 D:\laragon\www\bkk\system\CodeIgniter.php(400): CodeIgniter\CodeIgniter->runController(Object(App\Controllers\Home))
#3 D:\laragon\www\bkk\system\CodeIgniter.php(308): CodeIgniter\CodeIgniter->handleRequest(NULL, Object(Config\Cache), false)
#4 D:\laragon\www\bkk\public\index.php(45): CodeIgniter\CodeIgniter->run()
#5 D:\laragon\www\bkk\system\Commands\Server\rewrite.php(34): require_once('D:\\laragon\\www\\...')
#6 {main}
CRITICAL - 2020-12-27 11:01:06 --> Argument 1 passed to CodeIgniter\HTTP\RedirectResponse::to() must be of the type string, null given, called in D:\laragon\www\bkk\app\Controllers\Home.php on line 791
#0 D:\laragon\www\bkk\app\Controllers\Home.php(791): CodeIgniter\HTTP\RedirectResponse->to(NULL)
#1 D:\laragon\www\bkk\system\CodeIgniter.php(914): App\Controllers\Home->pdf('ffa')
#2 D:\laragon\www\bkk\system\CodeIgniter.php(400): CodeIgniter\CodeIgniter->runController(Object(App\Controllers\Home))
#3 D:\laragon\www\bkk\system\CodeIgniter.php(308): CodeIgniter\CodeIgniter->handleRequest(NULL, Object(Config\Cache), false)
#4 D:\laragon\www\bkk\public\index.php(45): CodeIgniter\CodeIgniter->run()
#5 D:\laragon\www\bkk\system\Commands\Server\rewrite.php(34): require_once('D:\\laragon\\www\\...')
#6 {main}
CRITICAL - 2020-12-27 11:01:56 --> Argument 1 passed to CodeIgniter\HTTP\RedirectResponse::to() must be of the type string, null given, called in D:\laragon\www\bkk\app\Controllers\Home.php on line 791
#0 D:\laragon\www\bkk\app\Controllers\Home.php(791): CodeIgniter\HTTP\RedirectResponse->to(NULL)
#1 D:\laragon\www\bkk\system\CodeIgniter.php(914): App\Controllers\Home->pdf('ffa')
#2 D:\laragon\www\bkk\system\CodeIgniter.php(400): CodeIgniter\CodeIgniter->runController(Object(App\Controllers\Home))
#3 D:\laragon\www\bkk\system\CodeIgniter.php(308): CodeIgniter\CodeIgniter->handleRequest(NULL, Object(Config\Cache), false)
#4 D:\laragon\www\bkk\public\index.php(45): CodeIgniter\CodeIgniter->run()
#5 D:\laragon\www\bkk\system\Commands\Server\rewrite.php(34): require_once('D:\\laragon\\www\\...')
#6 {main}
CRITICAL - 2020-12-27 11:02:06 --> Argument 1 passed to CodeIgniter\HTTP\RedirectResponse::to() must be of the type string, null given, called in D:\laragon\www\bkk\app\Controllers\Home.php on line 791
#0 D:\laragon\www\bkk\app\Controllers\Home.php(791): CodeIgniter\HTTP\RedirectResponse->to(NULL)
#1 D:\laragon\www\bkk\system\CodeIgniter.php(914): App\Controllers\Home->pdf('ffa')
#2 D:\laragon\www\bkk\system\CodeIgniter.php(400): CodeIgniter\CodeIgniter->runController(Object(App\Controllers\Home))
#3 D:\laragon\www\bkk\system\CodeIgniter.php(308): CodeIgniter\CodeIgniter->handleRequest(NULL, Object(Config\Cache), false)
#4 D:\laragon\www\bkk\public\index.php(45): CodeIgniter\CodeIgniter->run()
#5 D:\laragon\www\bkk\system\Commands\Server\rewrite.php(34): require_once('D:\\laragon\\www\\...')
#6 {main}
CRITICAL - 2020-12-27 11:02:20 --> Argument 1 passed to CodeIgniter\HTTP\RedirectResponse::to() must be of the type string, null given, called in D:\laragon\www\bkk\app\Controllers\Home.php on line 791
#0 D:\laragon\www\bkk\app\Controllers\Home.php(791): CodeIgniter\HTTP\RedirectResponse->to(NULL)
#1 D:\laragon\www\bkk\system\CodeIgniter.php(914): App\Controllers\Home->pdf('ffa')
#2 D:\laragon\www\bkk\system\CodeIgniter.php(400): CodeIgniter\CodeIgniter->runController(Object(App\Controllers\Home))
#3 D:\laragon\www\bkk\system\CodeIgniter.php(308): CodeIgniter\CodeIgniter->handleRequest(NULL, Object(Config\Cache), false)
#4 D:\laragon\www\bkk\public\index.php(45): CodeIgniter\CodeIgniter->run()
#5 D:\laragon\www\bkk\system\Commands\Server\rewrite.php(34): require_once('D:\\laragon\\www\\...')
#6 {main}
CRITICAL - 2020-12-27 11:02:51 --> Argument 1 passed to CodeIgniter\HTTP\RedirectResponse::to() must be of the type string, null given, called in D:\laragon\www\bkk\app\Controllers\Home.php on line 791
#0 D:\laragon\www\bkk\app\Controllers\Home.php(791): CodeIgniter\HTTP\RedirectResponse->to(NULL)
#1 D:\laragon\www\bkk\system\CodeIgniter.php(914): App\Controllers\Home->pdf('ffa')
#2 D:\laragon\www\bkk\system\CodeIgniter.php(400): CodeIgniter\CodeIgniter->runController(Object(App\Controllers\Home))
#3 D:\laragon\www\bkk\system\CodeIgniter.php(308): CodeIgniter\CodeIgniter->handleRequest(NULL, Object(Config\Cache), false)
#4 D:\laragon\www\bkk\public\index.php(45): CodeIgniter\CodeIgniter->run()
#5 D:\laragon\www\bkk\system\Commands\Server\rewrite.php(34): require_once('D:\\laragon\\www\\...')
#6 {main}
CRITICAL - 2020-12-27 11:02:54 --> Too few arguments to function App\Controllers\Home::pdf(), 0 passed in D:\laragon\www\bkk\system\CodeIgniter.php on line 914 and exactly 1 expected
#0 D:\laragon\www\bkk\system\CodeIgniter.php(914): App\Controllers\Home->pdf()
#1 D:\laragon\www\bkk\system\CodeIgniter.php(400): CodeIgniter\CodeIgniter->runController(Object(App\Controllers\Home))
#2 D:\laragon\www\bkk\system\CodeIgniter.php(308): CodeIgniter\CodeIgniter->handleRequest(NULL, Object(Config\Cache), false)
#3 D:\laragon\www\bkk\public\index.php(45): CodeIgniter\CodeIgniter->run()
#4 D:\laragon\www\bkk\system\Commands\Server\rewrite.php(34): require_once('D:\\laragon\\www\\...')
#5 {main}
CRITICAL - 2020-12-27 11:03:53 --> Argument 1 passed to CodeIgniter\HTTP\RedirectResponse::to() must be of the type string, null given, called in D:\laragon\www\bkk\app\Controllers\Home.php on line 791
#0 D:\laragon\www\bkk\app\Controllers\Home.php(791): CodeIgniter\HTTP\RedirectResponse->to(NULL)
#1 D:\laragon\www\bkk\system\CodeIgniter.php(914): App\Controllers\Home->pdf('ffa')
#2 D:\laragon\www\bkk\system\CodeIgniter.php(400): CodeIgniter\CodeIgniter->runController(Object(App\Controllers\Home))
#3 D:\laragon\www\bkk\system\CodeIgniter.php(308): CodeIgniter\CodeIgniter->handleRequest(NULL, Object(Config\Cache), false)
#4 D:\laragon\www\bkk\public\index.php(45): CodeIgniter\CodeIgniter->run()
#5 D:\laragon\www\bkk\system\Commands\Server\rewrite.php(34): require_once('D:\\laragon\\www\\...')
#6 {main}
CRITICAL - 2020-12-27 11:05:32 --> Argument 1 passed to CodeIgniter\HTTP\RedirectResponse::to() must be of the type string, null given, called in D:\laragon\www\bkk\app\Controllers\Home.php on line 791
#0 D:\laragon\www\bkk\app\Controllers\Home.php(791): CodeIgniter\HTTP\RedirectResponse->to(NULL)
#1 D:\laragon\www\bkk\system\CodeIgniter.php(914): App\Controllers\Home->pdf('ffa')
#2 D:\laragon\www\bkk\system\CodeIgniter.php(400): CodeIgniter\CodeIgniter->runController(Object(App\Controllers\Home))
#3 D:\laragon\www\bkk\system\CodeIgniter.php(308): CodeIgniter\CodeIgniter->handleRequest(NULL, Object(Config\Cache), false)
#4 D:\laragon\www\bkk\public\index.php(45): CodeIgniter\CodeIgniter->run()
#5 D:\laragon\www\bkk\system\Commands\Server\rewrite.php(34): require_once('D:\\laragon\\www\\...')
#6 {main}
CRITICAL - 2020-12-27 11:06:01 --> Argument 1 passed to CodeIgniter\HTTP\RedirectResponse::to() must be of the type string, null given, called in D:\laragon\www\bkk\app\Controllers\Home.php on line 791
#0 D:\laragon\www\bkk\app\Controllers\Home.php(791): CodeIgniter\HTTP\RedirectResponse->to(NULL)
#1 D:\laragon\www\bkk\system\CodeIgniter.php(914): App\Controllers\Home->pdf('ffa')
#2 D:\laragon\www\bkk\system\CodeIgniter.php(400): CodeIgniter\CodeIgniter->runController(Object(App\Controllers\Home))
#3 D:\laragon\www\bkk\system\CodeIgniter.php(308): CodeIgniter\CodeIgniter->handleRequest(NULL, Object(Config\Cache), false)
#4 D:\laragon\www\bkk\public\index.php(45): CodeIgniter\CodeIgniter->run()
#5 D:\laragon\www\bkk\system\Commands\Server\rewrite.php(34): require_once('D:\\laragon\\www\\...')
#6 {main}
CRITICAL - 2020-12-27 11:06:23 --> Argument 1 passed to CodeIgniter\HTTP\RedirectResponse::to() must be of the type string, null given, called in D:\laragon\www\bkk\app\Controllers\Home.php on line 791
#0 D:\laragon\www\bkk\app\Controllers\Home.php(791): CodeIgniter\HTTP\RedirectResponse->to(NULL)
#1 D:\laragon\www\bkk\system\CodeIgniter.php(914): App\Controllers\Home->pdf('ffa')
#2 D:\laragon\www\bkk\system\CodeIgniter.php(400): CodeIgniter\CodeIgniter->runController(Object(App\Controllers\Home))
#3 D:\laragon\www\bkk\system\CodeIgniter.php(308): CodeIgniter\CodeIgniter->handleRequest(NULL, Object(Config\Cache), false)
#4 D:\laragon\www\bkk\public\index.php(45): CodeIgniter\CodeIgniter->run()
#5 D:\laragon\www\bkk\system\Commands\Server\rewrite.php(34): require_once('D:\\laragon\\www\\...')
#6 {main}
CRITICAL - 2020-12-27 11:06:34 --> Argument 1 passed to CodeIgniter\HTTP\RedirectResponse::to() must be of the type string, null given, called in D:\laragon\www\bkk\app\Controllers\Home.php on line 791
#0 D:\laragon\www\bkk\app\Controllers\Home.php(791): CodeIgniter\HTTP\RedirectResponse->to(NULL)
#1 D:\laragon\www\bkk\system\CodeIgniter.php(914): App\Controllers\Home->pdf('ffa')
#2 D:\laragon\www\bkk\system\CodeIgniter.php(400): CodeIgniter\CodeIgniter->runController(Object(App\Controllers\Home))
#3 D:\laragon\www\bkk\system\CodeIgniter.php(308): CodeIgniter\CodeIgniter->handleRequest(NULL, Object(Config\Cache), false)
#4 D:\laragon\www\bkk\public\index.php(45): CodeIgniter\CodeIgniter->run()
#5 D:\laragon\www\bkk\system\Commands\Server\rewrite.php(34): require_once('D:\\laragon\\www\\...')
#6 {main}
CRITICAL - 2020-12-27 11:08:45 --> Argument 1 passed to CodeIgniter\HTTP\RedirectResponse::to() must be of the type string, null given, called in D:\laragon\www\bkk\app\Controllers\Home.php on line 791
#0 D:\laragon\www\bkk\app\Controllers\Home.php(791): CodeIgniter\HTTP\RedirectResponse->to(NULL)
#1 D:\laragon\www\bkk\system\CodeIgniter.php(914): App\Controllers\Home->pdf('ffa')
#2 D:\laragon\www\bkk\system\CodeIgniter.php(400): CodeIgniter\CodeIgniter->runController(Object(App\Controllers\Home))
#3 D:\laragon\www\bkk\system\CodeIgniter.php(308): CodeIgniter\CodeIgniter->handleRequest(NULL, Object(Config\Cache), false)
#4 D:\laragon\www\bkk\public\index.php(45): CodeIgniter\CodeIgniter->run()
#5 D:\laragon\www\bkk\system\Commands\Server\rewrite.php(34): require_once('D:\\laragon\\www\\...')
#6 {main}
CRITICAL - 2020-12-27 11:09:10 --> Argument 1 passed to CodeIgniter\HTTP\RedirectResponse::to() must be of the type string, null given, called in D:\laragon\www\bkk\app\Controllers\Home.php on line 791
#0 D:\laragon\www\bkk\app\Controllers\Home.php(791): CodeIgniter\HTTP\RedirectResponse->to(NULL)
#1 D:\laragon\www\bkk\system\CodeIgniter.php(914): App\Controllers\Home->pdf('ffa')
#2 D:\laragon\www\bkk\system\CodeIgniter.php(400): CodeIgniter\CodeIgniter->runController(Object(App\Controllers\Home))
#3 D:\laragon\www\bkk\system\CodeIgniter.php(308): CodeIgniter\CodeIgniter->handleRequest(NULL, Object(Config\Cache), false)
#4 D:\laragon\www\bkk\public\index.php(45): CodeIgniter\CodeIgniter->run()
#5 D:\laragon\www\bkk\system\Commands\Server\rewrite.php(34): require_once('D:\\laragon\\www\\...')
#6 {main}
CRITICAL - 2020-12-27 11:10:06 --> Argument 1 passed to CodeIgniter\HTTP\RedirectResponse::to() must be of the type string, null given, called in D:\laragon\www\bkk\app\Controllers\Home.php on line 791
#0 D:\laragon\www\bkk\app\Controllers\Home.php(791): CodeIgniter\HTTP\RedirectResponse->to(NULL)
#1 D:\laragon\www\bkk\system\CodeIgniter.php(914): App\Controllers\Home->pdf('ffa')
#2 D:\laragon\www\bkk\system\CodeIgniter.php(400): CodeIgniter\CodeIgniter->runController(Object(App\Controllers\Home))
#3 D:\laragon\www\bkk\system\CodeIgniter.php(308): CodeIgniter\CodeIgniter->handleRequest(NULL, Object(Config\Cache), false)
#4 D:\laragon\www\bkk\public\index.php(45): CodeIgniter\CodeIgniter->run()
#5 D:\laragon\www\bkk\system\Commands\Server\rewrite.php(34): require_once('D:\\laragon\\www\\...')
#6 {main}
CRITICAL - 2020-12-27 11:11:28 --> Argument 1 passed to CodeIgniter\HTTP\RedirectResponse::to() must be of the type string, null given, called in D:\laragon\www\bkk\app\Controllers\Home.php on line 791
#0 D:\laragon\www\bkk\app\Controllers\Home.php(791): CodeIgniter\HTTP\RedirectResponse->to(NULL)
#1 D:\laragon\www\bkk\system\CodeIgniter.php(914): App\Controllers\Home->pdf('ffa')
#2 D:\laragon\www\bkk\system\CodeIgniter.php(400): CodeIgniter\CodeIgniter->runController(Object(App\Controllers\Home))
#3 D:\laragon\www\bkk\system\CodeIgniter.php(308): CodeIgniter\CodeIgniter->handleRequest(NULL, Object(Config\Cache), false)
#4 D:\laragon\www\bkk\public\index.php(45): CodeIgniter\CodeIgniter->run()
#5 D:\laragon\www\bkk\system\Commands\Server\rewrite.php(34): require_once('D:\\laragon\\www\\...')
#6 {main}
CRITICAL - 2020-12-27 11:11:45 --> Argument 1 passed to CodeIgniter\HTTP\RedirectResponse::to() must be of the type string, null given, called in D:\laragon\www\bkk\app\Controllers\Home.php on line 791
#0 D:\laragon\www\bkk\app\Controllers\Home.php(791): CodeIgniter\HTTP\RedirectResponse->to(NULL)
#1 D:\laragon\www\bkk\system\CodeIgniter.php(914): App\Controllers\Home->pdf('ffa')
#2 D:\laragon\www\bkk\system\CodeIgniter.php(400): CodeIgniter\CodeIgniter->runController(Object(App\Controllers\Home))
#3 D:\laragon\www\bkk\system\CodeIgniter.php(308): CodeIgniter\CodeIgniter->handleRequest(NULL, Object(Config\Cache), false)
#4 D:\laragon\www\bkk\public\index.php(45): CodeIgniter\CodeIgniter->run()
#5 D:\laragon\www\bkk\system\Commands\Server\rewrite.php(34): require_once('D:\\laragon\\www\\...')
#6 {main}
CRITICAL - 2020-12-27 11:12:00 --> Argument 1 passed to CodeIgniter\HTTP\RedirectResponse::to() must be of the type string, null given, called in D:\laragon\www\bkk\app\Controllers\Home.php on line 791
#0 D:\laragon\www\bkk\app\Controllers\Home.php(791): CodeIgniter\HTTP\RedirectResponse->to(NULL)
#1 D:\laragon\www\bkk\system\CodeIgniter.php(914): App\Controllers\Home->pdf('ffa')
#2 D:\laragon\www\bkk\system\CodeIgniter.php(400): CodeIgniter\CodeIgniter->runController(Object(App\Controllers\Home))
#3 D:\laragon\www\bkk\system\CodeIgniter.php(308): CodeIgniter\CodeIgniter->handleRequest(NULL, Object(Config\Cache), false)
#4 D:\laragon\www\bkk\public\index.php(45): CodeIgniter\CodeIgniter->run()
#5 D:\laragon\www\bkk\system\Commands\Server\rewrite.php(34): require_once('D:\\laragon\\www\\...')
#6 {main}
CRITICAL - 2020-12-27 11:12:12 --> Argument 1 passed to CodeIgniter\HTTP\RedirectResponse::to() must be of the type string, null given, called in D:\laragon\www\bkk\app\Controllers\Home.php on line 791
#0 D:\laragon\www\bkk\app\Controllers\Home.php(791): CodeIgniter\HTTP\RedirectResponse->to(NULL)
#1 D:\laragon\www\bkk\system\CodeIgniter.php(914): App\Controllers\Home->pdf('ffa')
#2 D:\laragon\www\bkk\system\CodeIgniter.php(400): CodeIgniter\CodeIgniter->runController(Object(App\Controllers\Home))
#3 D:\laragon\www\bkk\system\CodeIgniter.php(308): CodeIgniter\CodeIgniter->handleRequest(NULL, Object(Config\Cache), false)
#4 D:\laragon\www\bkk\public\index.php(45): CodeIgniter\CodeIgniter->run()
#5 D:\laragon\www\bkk\system\Commands\Server\rewrite.php(34): require_once('D:\\laragon\\www\\...')
#6 {main}
CRITICAL - 2020-12-27 11:12:20 --> Argument 1 passed to CodeIgniter\HTTP\RedirectResponse::to() must be of the type string, null given, called in D:\laragon\www\bkk\app\Controllers\Home.php on line 791
#0 D:\laragon\www\bkk\app\Controllers\Home.php(791): CodeIgniter\HTTP\RedirectResponse->to(NULL)
#1 D:\laragon\www\bkk\system\CodeIgniter.php(914): App\Controllers\Home->pdf('ffa')
#2 D:\laragon\www\bkk\system\CodeIgniter.php(400): CodeIgniter\CodeIgniter->runController(Object(App\Controllers\Home))
#3 D:\laragon\www\bkk\system\CodeIgniter.php(308): CodeIgniter\CodeIgniter->handleRequest(NULL, Object(Config\Cache), false)
#4 D:\laragon\www\bkk\public\index.php(45): CodeIgniter\CodeIgniter->run()
#5 D:\laragon\www\bkk\system\Commands\Server\rewrite.php(34): require_once('D:\\laragon\\www\\...')
#6 {main}
CRITICAL - 2020-12-27 11:13:22 --> Argument 1 passed to CodeIgniter\HTTP\RedirectResponse::to() must be of the type string, null given, called in D:\laragon\www\bkk\app\Controllers\Home.php on line 791
#0 D:\laragon\www\bkk\app\Controllers\Home.php(791): CodeIgniter\HTTP\RedirectResponse->to(NULL)
#1 D:\laragon\www\bkk\system\CodeIgniter.php(914): App\Controllers\Home->pdf('ffa')
#2 D:\laragon\www\bkk\system\CodeIgniter.php(400): CodeIgniter\CodeIgniter->runController(Object(App\Controllers\Home))
#3 D:\laragon\www\bkk\system\CodeIgniter.php(308): CodeIgniter\CodeIgniter->handleRequest(NULL, Object(Config\Cache), false)
#4 D:\laragon\www\bkk\public\index.php(45): CodeIgniter\CodeIgniter->run()
#5 D:\laragon\www\bkk\system\Commands\Server\rewrite.php(34): require_once('D:\\laragon\\www\\...')
#6 {main}
CRITICAL - 2020-12-27 11:13:24 --> Argument 1 passed to CodeIgniter\HTTP\RedirectResponse::to() must be of the type string, null given, called in D:\laragon\www\bkk\app\Controllers\Home.php on line 791
#0 D:\laragon\www\bkk\app\Controllers\Home.php(791): CodeIgniter\HTTP\RedirectResponse->to(NULL)
#1 D:\laragon\www\bkk\system\CodeIgniter.php(914): App\Controllers\Home->pdf('ffa')
#2 D:\laragon\www\bkk\system\CodeIgniter.php(400): CodeIgniter\CodeIgniter->runController(Object(App\Controllers\Home))
#3 D:\laragon\www\bkk\system\CodeIgniter.php(308): CodeIgniter\CodeIgniter->handleRequest(NULL, Object(Config\Cache), false)
#4 D:\laragon\www\bkk\public\index.php(45): CodeIgniter\CodeIgniter->run()
#5 D:\laragon\www\bkk\system\Commands\Server\rewrite.php(34): require_once('D:\\laragon\\www\\...')
#6 {main}
CRITICAL - 2020-12-27 11:13:33 --> Argument 1 passed to CodeIgniter\HTTP\RedirectResponse::to() must be of the type string, null given, called in D:\laragon\www\bkk\app\Controllers\Home.php on line 791
#0 D:\laragon\www\bkk\app\Controllers\Home.php(791): CodeIgniter\HTTP\RedirectResponse->to(NULL)
#1 D:\laragon\www\bkk\system\CodeIgniter.php(914): App\Controllers\Home->pdf('ffa')
#2 D:\laragon\www\bkk\system\CodeIgniter.php(400): CodeIgniter\CodeIgniter->runController(Object(App\Controllers\Home))
#3 D:\laragon\www\bkk\system\CodeIgniter.php(308): CodeIgniter\CodeIgniter->handleRequest(NULL, Object(Config\Cache), false)
#4 D:\laragon\www\bkk\public\index.php(45): CodeIgniter\CodeIgniter->run()
#5 D:\laragon\www\bkk\system\Commands\Server\rewrite.php(34): require_once('D:\\laragon\\www\\...')
#6 {main}
CRITICAL - 2020-12-27 11:14:10 --> Argument 1 passed to CodeIgniter\HTTP\RedirectResponse::to() must be of the type string, null given, called in D:\laragon\www\bkk\app\Controllers\Home.php on line 791
#0 D:\laragon\www\bkk\app\Controllers\Home.php(791): CodeIgniter\HTTP\RedirectResponse->to(NULL)
#1 D:\laragon\www\bkk\system\CodeIgniter.php(914): App\Controllers\Home->pdf('ffa')
#2 D:\laragon\www\bkk\system\CodeIgniter.php(400): CodeIgniter\CodeIgniter->runController(Object(App\Controllers\Home))
#3 D:\laragon\www\bkk\system\CodeIgniter.php(308): CodeIgniter\CodeIgniter->handleRequest(NULL, Object(Config\Cache), false)
#4 D:\laragon\www\bkk\public\index.php(45): CodeIgniter\CodeIgniter->run()
#5 D:\laragon\www\bkk\system\Commands\Server\rewrite.php(34): require_once('D:\\laragon\\www\\...')
#6 {main}
CRITICAL - 2020-12-27 11:15:01 --> Argument 1 passed to CodeIgniter\HTTP\RedirectResponse::to() must be of the type string, null given, called in D:\laragon\www\bkk\app\Controllers\Home.php on line 791
#0 D:\laragon\www\bkk\app\Controllers\Home.php(791): CodeIgniter\HTTP\RedirectResponse->to(NULL)
#1 D:\laragon\www\bkk\system\CodeIgniter.php(914): App\Controllers\Home->pdf('ffa')
#2 D:\laragon\www\bkk\system\CodeIgniter.php(400): CodeIgniter\CodeIgniter->runController(Object(App\Controllers\Home))
#3 D:\laragon\www\bkk\system\CodeIgniter.php(308): CodeIgniter\CodeIgniter->handleRequest(NULL, Object(Config\Cache), false)
#4 D:\laragon\www\bkk\public\index.php(45): CodeIgniter\CodeIgniter->run()
#5 D:\laragon\www\bkk\system\Commands\Server\rewrite.php(34): require_once('D:\\laragon\\www\\...')
#6 {main}
CRITICAL - 2020-12-27 11:15:24 --> Argument 1 passed to CodeIgniter\HTTP\RedirectResponse::to() must be of the type string, null given, called in D:\laragon\www\bkk\app\Controllers\Home.php on line 791
#0 D:\laragon\www\bkk\app\Controllers\Home.php(791): CodeIgniter\HTTP\RedirectResponse->to(NULL)
#1 D:\laragon\www\bkk\system\CodeIgniter.php(914): App\Controllers\Home->pdf('ffa')
#2 D:\laragon\www\bkk\system\CodeIgniter.php(400): CodeIgniter\CodeIgniter->runController(Object(App\Controllers\Home))
#3 D:\laragon\www\bkk\system\CodeIgniter.php(308): CodeIgniter\CodeIgniter->handleRequest(NULL, Object(Config\Cache), false)
#4 D:\laragon\www\bkk\public\index.php(45): CodeIgniter\CodeIgniter->run()
#5 D:\laragon\www\bkk\system\Commands\Server\rewrite.php(34): require_once('D:\\laragon\\www\\...')
#6 {main}
CRITICAL - 2020-12-27 11:18:10 --> Argument 1 passed to CodeIgniter\HTTP\RedirectResponse::to() must be of the type string, null given, called in D:\laragon\www\bkk\app\Controllers\Home.php on line 792
#0 D:\laragon\www\bkk\app\Controllers\Home.php(792): CodeIgniter\HTTP\RedirectResponse->to(NULL)
#1 D:\laragon\www\bkk\system\CodeIgniter.php(914): App\Controllers\Home->pdf('ffa')
#2 D:\laragon\www\bkk\system\CodeIgniter.php(400): CodeIgniter\CodeIgniter->runController(Object(App\Controllers\Home))
#3 D:\laragon\www\bkk\system\CodeIgniter.php(308): CodeIgniter\CodeIgniter->handleRequest(NULL, Object(Config\Cache), false)
#4 D:\laragon\www\bkk\public\index.php(45): CodeIgniter\CodeIgniter->run()
#5 D:\laragon\www\bkk\system\Commands\Server\rewrite.php(34): require_once('D:\\laragon\\www\\...')
#6 {main}
CRITICAL - 2020-12-27 11:18:43 --> Argument 1 passed to CodeIgniter\HTTP\RedirectResponse::to() must be of the type string, null given, called in D:\laragon\www\bkk\app\Controllers\Home.php on line 792
#0 D:\laragon\www\bkk\app\Controllers\Home.php(792): CodeIgniter\HTTP\RedirectResponse->to(NULL)
#1 D:\laragon\www\bkk\system\CodeIgniter.php(914): App\Controllers\Home->pdf('ffa')
#2 D:\laragon\www\bkk\system\CodeIgniter.php(400): CodeIgniter\CodeIgniter->runController(Object(App\Controllers\Home))
#3 D:\laragon\www\bkk\system\CodeIgniter.php(308): CodeIgniter\CodeIgniter->handleRequest(NULL, Object(Config\Cache), false)
#4 D:\laragon\www\bkk\public\index.php(45): CodeIgniter\CodeIgniter->run()
#5 D:\laragon\www\bkk\system\Commands\Server\rewrite.php(34): require_once('D:\\laragon\\www\\...')
#6 {main}
CRITICAL - 2020-12-27 11:20:49 --> Argument 1 passed to CodeIgniter\HTTP\RedirectResponse::to() must be of the type string, null given, called in D:\laragon\www\bkk\app\Controllers\Home.php on line 793
#0 D:\laragon\www\bkk\app\Controllers\Home.php(793): CodeIgniter\HTTP\RedirectResponse->to(NULL)
#1 D:\laragon\www\bkk\system\CodeIgniter.php(914): App\Controllers\Home->pdf('11201')
#2 D:\laragon\www\bkk\system\CodeIgniter.php(400): CodeIgniter\CodeIgniter->runController(Object(App\Controllers\Home))
#3 D:\laragon\www\bkk\system\CodeIgniter.php(308): CodeIgniter\CodeIgniter->handleRequest(NULL, Object(Config\Cache), false)
#4 D:\laragon\www\bkk\public\index.php(45): CodeIgniter\CodeIgniter->run()
#5 D:\laragon\www\bkk\system\Commands\Server\rewrite.php(34): require_once('D:\\laragon\\www\\...')
#6 {main}
CRITICAL - 2020-12-27 11:24:37 --> Argument 1 passed to CodeIgniter\HTTP\RedirectResponse::to() must be of the type string, null given, called in D:\laragon\www\bkk\app\Controllers\Home.php on line 793
#0 D:\laragon\www\bkk\app\Controllers\Home.php(793): CodeIgniter\HTTP\RedirectResponse->to(NULL)
#1 D:\laragon\www\bkk\system\CodeIgniter.php(914): App\Controllers\Home->pdf('11201')
#2 D:\laragon\www\bkk\system\CodeIgniter.php(400): CodeIgniter\CodeIgniter->runController(Object(App\Controllers\Home))
#3 D:\laragon\www\bkk\system\CodeIgniter.php(308): CodeIgniter\CodeIgniter->handleRequest(NULL, Object(Config\Cache), false)
#4 D:\laragon\www\bkk\public\index.php(45): CodeIgniter\CodeIgniter->run()
#5 D:\laragon\www\bkk\system\Commands\Server\rewrite.php(34): require_once('D:\\laragon\\www\\...')
#6 {main}
CRITICAL - 2020-12-27 11:26:20 --> Argument 1 passed to CodeIgniter\HTTP\RedirectResponse::to() must be of the type string, null given, called in D:\laragon\www\bkk\app\Controllers\Home.php on line 793
#0 D:\laragon\www\bkk\app\Controllers\Home.php(793): CodeIgniter\HTTP\RedirectResponse->to(NULL)
#1 D:\laragon\www\bkk\system\CodeIgniter.php(914): App\Controllers\Home->pdf('11201')
#2 D:\laragon\www\bkk\system\CodeIgniter.php(400): CodeIgniter\CodeIgniter->runController(Object(App\Controllers\Home))
#3 D:\laragon\www\bkk\system\CodeIgniter.php(308): CodeIgniter\CodeIgniter->handleRequest(NULL, Object(Config\Cache), false)
#4 D:\laragon\www\bkk\public\index.php(45): CodeIgniter\CodeIgniter->run()
#5 D:\laragon\www\bkk\system\Commands\Server\rewrite.php(34): require_once('D:\\laragon\\www\\...')
#6 {main}
CRITICAL - 2020-12-27 13:06:28 --> Argument 1 passed to CodeIgniter\HTTP\RedirectResponse::to() must be of the type string, null given, called in D:\laragon\www\bkk\app\Controllers\Home.php on line 794
#0 D:\laragon\www\bkk\app\Controllers\Home.php(794): CodeIgniter\HTTP\RedirectResponse->to(NULL)
#1 D:\laragon\www\bkk\system\CodeIgniter.php(914): App\Controllers\Home->pdf('11201')
#2 D:\laragon\www\bkk\system\CodeIgniter.php(400): CodeIgniter\CodeIgniter->runController(Object(App\Controllers\Home))
#3 D:\laragon\www\bkk\system\CodeIgniter.php(308): CodeIgniter\CodeIgniter->handleRequest(NULL, Object(Config\Cache), false)
#4 D:\laragon\www\bkk\public\index.php(45): CodeIgniter\CodeIgniter->run()
#5 D:\laragon\www\bkk\system\Commands\Server\rewrite.php(34): require_once('D:\\laragon\\www\\...')
#6 {main}
CRITICAL - 2020-12-27 13:11:20 --> Argument 1 passed to CodeIgniter\HTTP\RedirectResponse::to() must be of the type string, null given, called in D:\laragon\www\bkk\app\Controllers\Home.php on line 794
#0 D:\laragon\www\bkk\app\Controllers\Home.php(794): CodeIgniter\HTTP\RedirectResponse->to(NULL)
#1 D:\laragon\www\bkk\system\CodeIgniter.php(914): App\Controllers\Home->pdf('11201')
#2 D:\laragon\www\bkk\system\CodeIgniter.php(400): CodeIgniter\CodeIgniter->runController(Object(App\Controllers\Home))
#3 D:\laragon\www\bkk\system\CodeIgniter.php(308): CodeIgniter\CodeIgniter->handleRequest(NULL, Object(Config\Cache), false)
#4 D:\laragon\www\bkk\public\index.php(45): CodeIgniter\CodeIgniter->run()
#5 D:\laragon\www\bkk\system\Commands\Server\rewrite.php(34): require_once('D:\\laragon\\www\\...')
#6 {main}
CRITICAL - 2020-12-27 17:04:55 --> Undefined property: App\Controllers\Home::$reqeust
#0 D:\laragon\www\bkk\app\Controllers\Home.php(808): CodeIgniter\Debug\Exceptions->errorHandler(8, 'Undefined prope...', 'D:\\laragon\\www\\...', 808, Array)
#1 D:\laragon\www\bkk\system\CodeIgniter.php(914): App\Controllers\Home->act_yet()
#2 D:\laragon\www\bkk\system\CodeIgniter.php(400): CodeIgniter\CodeIgniter->runController(Object(App\Controllers\Home))
#3 D:\laragon\www\bkk\system\CodeIgniter.php(308): CodeIgniter\CodeIgniter->handleRequest(NULL, Object(Config\Cache), false)
#4 D:\laragon\www\bkk\public\index.php(45): CodeIgniter\CodeIgniter->run()
#5 D:\laragon\www\bkk\system\Commands\Server\rewrite.php(34): require_once('D:\\laragon\\www\\...')
#6 {main}
CRITICAL - 2020-12-27 17:04:56 --> Undefined property: App\Controllers\Home::$reqeust
#0 D:\laragon\www\bkk\app\Controllers\Home.php(808): CodeIgniter\Debug\Exceptions->errorHandler(8, 'Undefined prope...', 'D:\\laragon\\www\\...', 808, Array)
#1 D:\laragon\www\bkk\system\CodeIgniter.php(914): App\Controllers\Home->act_yet()
#2 D:\laragon\www\bkk\system\CodeIgniter.php(400): CodeIgniter\CodeIgniter->runController(Object(App\Controllers\Home))
#3 D:\laragon\www\bkk\system\CodeIgniter.php(308): CodeIgniter\CodeIgniter->handleRequest(NULL, Object(Config\Cache), false)
#4 D:\laragon\www\bkk\public\index.php(45): CodeIgniter\CodeIgniter->run()
#5 D:\laragon\www\bkk\system\Commands\Server\rewrite.php(34): require_once('D:\\laragon\\www\\...')
#6 {main}
CRITICAL - 2020-12-27 17:04:58 --> Undefined property: App\Controllers\Home::$reqeust
#0 D:\laragon\www\bkk\app\Controllers\Home.php(808): CodeIgniter\Debug\Exceptions->errorHandler(8, 'Undefined prope...', 'D:\\laragon\\www\\...', 808, Array)
#1 D:\laragon\www\bkk\system\CodeIgniter.php(914): App\Controllers\Home->act_yet()
#2 D:\laragon\www\bkk\system\CodeIgniter.php(400): CodeIgniter\CodeIgniter->runController(Object(App\Controllers\Home))
#3 D:\laragon\www\bkk\system\CodeIgniter.php(308): CodeIgniter\CodeIgniter->handleRequest(NULL, Object(Config\Cache), false)
#4 D:\laragon\www\bkk\public\index.php(45): CodeIgniter\CodeIgniter->run()
#5 D:\laragon\www\bkk\system\Commands\Server\rewrite.php(34): require_once('D:\\laragon\\www\\...')
#6 {main}
CRITICAL - 2020-12-27 17:25:29 --> Argument 1 passed to CodeIgniter\HTTP\RedirectResponse::to() must be of the type string, null given, called in D:\laragon\www\bkk\app\Controllers\Home.php on line 890
#0 D:\laragon\www\bkk\app\Controllers\Home.php(890): CodeIgniter\HTTP\RedirectResponse->to(NULL)
#1 D:\laragon\www\bkk\system\CodeIgniter.php(914): App\Controllers\Home->pdf('11201')
#2 D:\laragon\www\bkk\system\CodeIgniter.php(400): CodeIgniter\CodeIgniter->runController(Object(App\Controllers\Home))
#3 D:\laragon\www\bkk\system\CodeIgniter.php(308): CodeIgniter\CodeIgniter->handleRequest(NULL, Object(Config\Cache), false)
#4 D:\laragon\www\bkk\public\index.php(45): CodeIgniter\CodeIgniter->run()
#5 D:\laragon\www\bkk\system\Commands\Server\rewrite.php(34): require_once('D:\\laragon\\www\\...')
#6 {main}
CRITICAL - 2020-12-27 17:37:20 --> Undefined offset: 2
#0 D:\laragon\www\bkk\app\Views\frontend\work.php(9): CodeIgniter\Debug\Exceptions->errorHandler(8, 'Undefined offse...', 'D:\\laragon\\www\\...', 9, Array)
#1 D:\laragon\www\bkk\system\View\View.php(246): include('D:\\laragon\\www\\...')
#2 D:\laragon\www\bkk\system\View\View.php(525): CodeIgniter\View\View->render('frontend/work', NULL, true)
#3 D:\laragon\www\bkk\app\Views\frontend\layer.php(5): CodeIgniter\View\View->include('frontend/work')
#4 D:\laragon\www\bkk\system\View\View.php(246): include('D:\\laragon\\www\\...')
#5 D:\laragon\www\bkk\system\Common.php(1087): CodeIgniter\View\View->render('frontend/layer', Array, true)
#6 D:\laragon\www\bkk\app\Controllers\Home.php(252): view('frontend/layer', Array)
#7 D:\laragon\www\bkk\system\CodeIgniter.php(914): App\Controllers\Home->alumni_1()
#8 D:\laragon\www\bkk\system\CodeIgniter.php(400): CodeIgniter\CodeIgniter->runController(Object(App\Controllers\Home))
#9 D:\laragon\www\bkk\system\CodeIgniter.php(308): CodeIgniter\CodeIgniter->handleRequest(NULL, Object(Config\Cache), false)
#10 D:\laragon\www\bkk\public\index.php(45): CodeIgniter\CodeIgniter->run()
#11 D:\laragon\www\bkk\system\Commands\Server\rewrite.php(34): require_once('D:\\laragon\\www\\...')
#12 {main}
CRITICAL - 2020-12-27 17:45:00 --> count(): Parameter must be an array or an object that implements Countable
#0 [internal function]: CodeIgniter\Debug\Exceptions->errorHandler(2, 'count(): Parame...', 'D:\\laragon\\www\\...', 94, Array)
#1 D:\laragon\www\bkk\app\Models\Mdata.php(94): count(Object(stdClass))
#2 D:\laragon\www\bkk\app\Controllers\Home.php(229): App\Models\Mdata->cby(Array, 'tb_work')
#3 D:\laragon\www\bkk\system\CodeIgniter.php(914): App\Controllers\Home->alumni_1()
#4 D:\laragon\www\bkk\system\CodeIgniter.php(400): CodeIgniter\CodeIgniter->runController(Object(App\Controllers\Home))
#5 D:\laragon\www\bkk\system\CodeIgniter.php(308): CodeIgniter\CodeIgniter->handleRequest(NULL, Object(Config\Cache), false)
#6 D:\laragon\www\bkk\public\index.php(45): CodeIgniter\CodeIgniter->run()
#7 D:\laragon\www\bkk\system\Commands\Server\rewrite.php(34): require_once('D:\\laragon\\www\\...')
#8 {main}
CRITICAL - 2020-12-27 17:46:28 --> count(): Parameter must be an array or an object that implements Countable
#0 [internal function]: CodeIgniter\Debug\Exceptions->errorHandler(2, 'count(): Parame...', 'D:\\laragon\\www\\...', 94, Array)
#1 D:\laragon\www\bkk\app\Models\Mdata.php(94): count(Object(stdClass))
#2 D:\laragon\www\bkk\app\Controllers\Home.php(229): App\Models\Mdata->cby(Array, 'tb_work')
#3 D:\laragon\www\bkk\system\CodeIgniter.php(914): App\Controllers\Home->alumni_1()
#4 D:\laragon\www\bkk\system\CodeIgniter.php(400): CodeIgniter\CodeIgniter->runController(Object(App\Controllers\Home))
#5 D:\laragon\www\bkk\system\CodeIgniter.php(308): CodeIgniter\CodeIgniter->handleRequest(NULL, Object(Config\Cache), false)
#6 D:\laragon\www\bkk\public\index.php(45): CodeIgniter\CodeIgniter->run()
#7 D:\laragon\www\bkk\system\Commands\Server\rewrite.php(34): require_once('D:\\laragon\\www\\...')
#8 {main}
CRITICAL - 2020-12-27 17:47:04 --> count(): Parameter must be an array or an object that implements Countable
#0 [internal function]: CodeIgniter\Debug\Exceptions->errorHandler(2, 'count(): Parame...', 'D:\\laragon\\www\\...', 246, Array)
#1 D:\laragon\www\bkk\app\Controllers\Home.php(246): count(Object(stdClass))
#2 D:\laragon\www\bkk\system\CodeIgniter.php(914): App\Controllers\Home->alumni_1()
#3 D:\laragon\www\bkk\system\CodeIgniter.php(400): CodeIgniter\CodeIgniter->runController(Object(App\Controllers\Home))
#4 D:\laragon\www\bkk\system\CodeIgniter.php(308): CodeIgniter\CodeIgniter->handleRequest(NULL, Object(Config\Cache), false)
#5 D:\laragon\www\bkk\public\index.php(45): CodeIgniter\CodeIgniter->run()
#6 D:\laragon\www\bkk\system\Commands\Server\rewrite.php(34): require_once('D:\\laragon\\www\\...')
#7 {main}
CRITICAL - 2020-12-27 17:47:49 --> count(): Parameter must be an array or an object that implements Countable
#0 [internal function]: CodeIgniter\Debug\Exceptions->errorHandler(2, 'count(): Parame...', 'D:\\laragon\\www\\...', 95, Array)
#1 D:\laragon\www\bkk\app\Models\Mdata.php(95): count(Object(stdClass))
#2 D:\laragon\www\bkk\app\Controllers\Home.php(229): App\Models\Mdata->cby(Array, 'tb_work')
#3 D:\laragon\www\bkk\system\CodeIgniter.php(914): App\Controllers\Home->alumni_1()
#4 D:\laragon\www\bkk\system\CodeIgniter.php(400): CodeIgniter\CodeIgniter->runController(Object(App\Controllers\Home))
#5 D:\laragon\www\bkk\system\CodeIgniter.php(308): CodeIgniter\CodeIgniter->handleRequest(NULL, Object(Config\Cache), false)
#6 D:\laragon\www\bkk\public\index.php(45): CodeIgniter\CodeIgniter->run()
#7 D:\laragon\www\bkk\system\Commands\Server\rewrite.php(34): require_once('D:\\laragon\\www\\...')
#8 {main}
CRITICAL - 2020-12-27 17:48:48 --> count(): Parameter must be an array or an object that implements Countable
#0 [internal function]: CodeIgniter\Debug\Exceptions->errorHandler(2, 'count(): Parame...', 'D:\\laragon\\www\\...', 246, Array)
#1 D:\laragon\www\bkk\app\Controllers\Home.php(246): count(Object(stdClass))
#2 D:\laragon\www\bkk\system\CodeIgniter.php(914): App\Controllers\Home->alumni_1()
#3 D:\laragon\www\bkk\system\CodeIgniter.php(400): CodeIgniter\CodeIgniter->runController(Object(App\Controllers\Home))
#4 D:\laragon\www\bkk\system\CodeIgniter.php(308): CodeIgniter\CodeIgniter->handleRequest(NULL, Object(Config\Cache), false)
#5 D:\laragon\www\bkk\public\index.php(45): CodeIgniter\CodeIgniter->run()
#6 D:\laragon\www\bkk\system\Commands\Server\rewrite.php(34): require_once('D:\\laragon\\www\\...')
#7 {main}
CRITICAL - 2020-12-27 17:49:00 --> Cannot use object of type stdClass as array
#0 D:\laragon\www\bkk\system\View\View.php(246): include()
#1 D:\laragon\www\bkk\system\View\View.php(525): CodeIgniter\View\View->render('frontend/work', NULL, true)
#2 D:\laragon\www\bkk\app\Views\frontend\layer.php(5): CodeIgniter\View\View->include('frontend/work')
#3 D:\laragon\www\bkk\system\View\View.php(246): include('D:\\laragon\\www\\...')
#4 D:\laragon\www\bkk\system\Common.php(1087): CodeIgniter\View\View->render('frontend/layer', Array, true)
#5 D:\laragon\www\bkk\app\Controllers\Home.php(251): view('frontend/layer', Array)
#6 D:\laragon\www\bkk\system\CodeIgniter.php(914): App\Controllers\Home->alumni_1()
#7 D:\laragon\www\bkk\system\CodeIgniter.php(400): CodeIgniter\CodeIgniter->runController(Object(App\Controllers\Home))
#8 D:\laragon\www\bkk\system\CodeIgniter.php(308): CodeIgniter\CodeIgniter->handleRequest(NULL, Object(Config\Cache), false)
#9 D:\laragon\www\bkk\public\index.php(45): CodeIgniter\CodeIgniter->run()
#10 D:\laragon\www\bkk\system\Commands\Server\rewrite.php(34): require_once('D:\\laragon\\www\\...')
#11 {main}
CRITICAL - 2020-12-27 17:49:02 --> Cannot use object of type stdClass as array
#0 D:\laragon\www\bkk\system\View\View.php(246): include()
#1 D:\laragon\www\bkk\system\View\View.php(525): CodeIgniter\View\View->render('frontend/work', NULL, true)
#2 D:\laragon\www\bkk\app\Views\frontend\layer.php(5): CodeIgniter\View\View->include('frontend/work')
#3 D:\laragon\www\bkk\system\View\View.php(246): include('D:\\laragon\\www\\...')
#4 D:\laragon\www\bkk\system\Common.php(1087): CodeIgniter\View\View->render('frontend/layer', Array, true)
#5 D:\laragon\www\bkk\app\Controllers\Home.php(251): view('frontend/layer', Array)
#6 D:\laragon\www\bkk\system\CodeIgniter.php(914): App\Controllers\Home->alumni_1()
#7 D:\laragon\www\bkk\system\CodeIgniter.php(400): CodeIgniter\CodeIgniter->runController(Object(App\Controllers\Home))
#8 D:\laragon\www\bkk\system\CodeIgniter.php(308): CodeIgniter\CodeIgniter->handleRequest(NULL, Object(Config\Cache), false)
#9 D:\laragon\www\bkk\public\index.php(45): CodeIgniter\CodeIgniter->run()
#10 D:\laragon\www\bkk\system\Commands\Server\rewrite.php(34): require_once('D:\\laragon\\www\\...')
#11 {main}
CRITICAL - 2020-12-27 17:50:01 --> Cannot use object of type stdClass as array
#0 D:\laragon\www\bkk\system\View\View.php(246): include()
#1 D:\laragon\www\bkk\system\View\View.php(525): CodeIgniter\View\View->render('frontend/work', NULL, true)
#2 D:\laragon\www\bkk\app\Views\frontend\layer.php(5): CodeIgniter\View\View->include('frontend/work')
#3 D:\laragon\www\bkk\system\View\View.php(246): include('D:\\laragon\\www\\...')
#4 D:\laragon\www\bkk\system\Common.php(1087): CodeIgniter\View\View->render('frontend/layer', Array, true)
#5 D:\laragon\www\bkk\app\Controllers\Home.php(251): view('frontend/layer', Array)
#6 D:\laragon\www\bkk\system\CodeIgniter.php(914): App\Controllers\Home->alumni_1()
#7 D:\laragon\www\bkk\system\CodeIgniter.php(400): CodeIgniter\CodeIgniter->runController(Object(App\Controllers\Home))
#8 D:\laragon\www\bkk\system\CodeIgniter.php(308): CodeIgniter\CodeIgniter->handleRequest(NULL, Object(Config\Cache), false)
#9 D:\laragon\www\bkk\public\index.php(45): CodeIgniter\CodeIgniter->run()
#10 D:\laragon\www\bkk\system\Commands\Server\rewrite.php(34): require_once('D:\\laragon\\www\\...')
#11 {main}
CRITICAL - 2020-12-27 17:50:16 --> Cannot use object of type stdClass as array
#0 D:\laragon\www\bkk\system\View\View.php(246): include()
#1 D:\laragon\www\bkk\system\View\View.php(525): CodeIgniter\View\View->render('frontend/work', NULL, true)
#2 D:\laragon\www\bkk\app\Views\frontend\layer.php(5): CodeIgniter\View\View->include('frontend/work')
#3 D:\laragon\www\bkk\system\View\View.php(246): include('D:\\laragon\\www\\...')
#4 D:\laragon\www\bkk\system\Common.php(1087): CodeIgniter\View\View->render('frontend/layer', Array, true)
#5 D:\laragon\www\bkk\app\Controllers\Home.php(251): view('frontend/layer', Array)
#6 D:\laragon\www\bkk\system\CodeIgniter.php(914): App\Controllers\Home->alumni_1()
#7 D:\laragon\www\bkk\system\CodeIgniter.php(400): CodeIgniter\CodeIgniter->runController(Object(App\Controllers\Home))
#8 D:\laragon\www\bkk\system\CodeIgniter.php(308): CodeIgniter\CodeIgniter->handleRequest(NULL, Object(Config\Cache), false)
#9 D:\laragon\www\bkk\public\index.php(45): CodeIgniter\CodeIgniter->run()
#10 D:\laragon\www\bkk\system\Commands\Server\rewrite.php(34): require_once('D:\\laragon\\www\\...')
#11 {main}
CRITICAL - 2020-12-27 17:50:17 --> Cannot use object of type stdClass as array
#0 D:\laragon\www\bkk\system\View\View.php(246): include()
#1 D:\laragon\www\bkk\system\View\View.php(525): CodeIgniter\View\View->render('frontend/work', NULL, true)
#2 D:\laragon\www\bkk\app\Views\frontend\layer.php(5): CodeIgniter\View\View->include('frontend/work')
#3 D:\laragon\www\bkk\system\View\View.php(246): include('D:\\laragon\\www\\...')
#4 D:\laragon\www\bkk\system\Common.php(1087): CodeIgniter\View\View->render('frontend/layer', Array, true)
#5 D:\laragon\www\bkk\app\Controllers\Home.php(251): view('frontend/layer', Array)
#6 D:\laragon\www\bkk\system\CodeIgniter.php(914): App\Controllers\Home->alumni_1()
#7 D:\laragon\www\bkk\system\CodeIgniter.php(400): CodeIgniter\CodeIgniter->runController(Object(App\Controllers\Home))
#8 D:\laragon\www\bkk\system\CodeIgniter.php(308): CodeIgniter\CodeIgniter->handleRequest(NULL, Object(Config\Cache), false)
#9 D:\laragon\www\bkk\public\index.php(45): CodeIgniter\CodeIgniter->run()
#10 D:\laragon\www\bkk\system\Commands\Server\rewrite.php(34): require_once('D:\\laragon\\www\\...')
#11 {main}
CRITICAL - 2020-12-27 17:50:17 --> Cannot use object of type stdClass as array
#0 D:\laragon\www\bkk\system\View\View.php(246): include()
#1 D:\laragon\www\bkk\system\View\View.php(525): CodeIgniter\View\View->render('frontend/work', NULL, true)
#2 D:\laragon\www\bkk\app\Views\frontend\layer.php(5): CodeIgniter\View\View->include('frontend/work')
#3 D:\laragon\www\bkk\system\View\View.php(246): include('D:\\laragon\\www\\...')
#4 D:\laragon\www\bkk\system\Common.php(1087): CodeIgniter\View\View->render('frontend/layer', Array, true)
#5 D:\laragon\www\bkk\app\Controllers\Home.php(251): view('frontend/layer', Array)
#6 D:\laragon\www\bkk\system\CodeIgniter.php(914): App\Controllers\Home->alumni_1()
#7 D:\laragon\www\bkk\system\CodeIgniter.php(400): CodeIgniter\CodeIgniter->runController(Object(App\Controllers\Home))
#8 D:\laragon\www\bkk\system\CodeIgniter.php(308): CodeIgniter\CodeIgniter->handleRequest(NULL, Object(Config\Cache), false)
#9 D:\laragon\www\bkk\public\index.php(45): CodeIgniter\CodeIgniter->run()
#10 D:\laragon\www\bkk\system\Commands\Server\rewrite.php(34): require_once('D:\\laragon\\www\\...')
#11 {main}
CRITICAL - 2020-12-27 17:50:18 --> Cannot use object of type stdClass as array
#0 D:\laragon\www\bkk\system\View\View.php(246): include()
#1 D:\laragon\www\bkk\system\View\View.php(525): CodeIgniter\View\View->render('frontend/work', NULL, true)
#2 D:\laragon\www\bkk\app\Views\frontend\layer.php(5): CodeIgniter\View\View->include('frontend/work')
#3 D:\laragon\www\bkk\system\View\View.php(246): include('D:\\laragon\\www\\...')
#4 D:\laragon\www\bkk\system\Common.php(1087): CodeIgniter\View\View->render('frontend/layer', Array, true)
#5 D:\laragon\www\bkk\app\Controllers\Home.php(251): view('frontend/layer', Array)
#6 D:\laragon\www\bkk\system\CodeIgniter.php(914): App\Controllers\Home->alumni_1()
#7 D:\laragon\www\bkk\system\CodeIgniter.php(400): CodeIgniter\CodeIgniter->runController(Object(App\Controllers\Home))
#8 D:\laragon\www\bkk\system\CodeIgniter.php(308): CodeIgniter\CodeIgniter->handleRequest(NULL, Object(Config\Cache), false)
#9 D:\laragon\www\bkk\public\index.php(45): CodeIgniter\CodeIgniter->run()
#10 D:\laragon\www\bkk\system\Commands\Server\rewrite.php(34): require_once('D:\\laragon\\www\\...')
#11 {main}
CRITICAL - 2020-12-27 17:50:19 --> Cannot use object of type stdClass as array
#0 D:\laragon\www\bkk\system\View\View.php(246): include()
#1 D:\laragon\www\bkk\system\View\View.php(525): CodeIgniter\View\View->render('frontend/work', NULL, true)
#2 D:\laragon\www\bkk\app\Views\frontend\layer.php(5): CodeIgniter\View\View->include('frontend/work')
#3 D:\laragon\www\bkk\system\View\View.php(246): include('D:\\laragon\\www\\...')
#4 D:\laragon\www\bkk\system\Common.php(1087): CodeIgniter\View\View->render('frontend/layer', Array, true)
#5 D:\laragon\www\bkk\app\Controllers\Home.php(251): view('frontend/layer', Array)
#6 D:\laragon\www\bkk\system\CodeIgniter.php(914): App\Controllers\Home->alumni_1()
#7 D:\laragon\www\bkk\system\CodeIgniter.php(400): CodeIgniter\CodeIgniter->runController(Object(App\Controllers\Home))
#8 D:\laragon\www\bkk\system\CodeIgniter.php(308): CodeIgniter\CodeIgniter->handleRequest(NULL, Object(Config\Cache), false)
#9 D:\laragon\www\bkk\public\index.php(45): CodeIgniter\CodeIgniter->run()
#10 D:\laragon\www\bkk\system\Commands\Server\rewrite.php(34): require_once('D:\\laragon\\www\\...')
#11 {main}
CRITICAL - 2020-12-27 17:57:32 --> Argument 1 passed to CodeIgniter\HTTP\RedirectResponse::to() must be of the type string, null given, called in D:\laragon\www\bkk\app\Controllers\Home.php on line 913
#0 D:\laragon\www\bkk\app\Controllers\Home.php(913): CodeIgniter\HTTP\RedirectResponse->to(NULL)
#1 D:\laragon\www\bkk\system\CodeIgniter.php(914): App\Controllers\Home->pdf('11201')
#2 D:\laragon\www\bkk\system\CodeIgniter.php(400): CodeIgniter\CodeIgniter->runController(Object(App\Controllers\Home))
#3 D:\laragon\www\bkk\system\CodeIgniter.php(308): CodeIgniter\CodeIgniter->handleRequest(NULL, Object(Config\Cache), false)
#4 D:\laragon\www\bkk\public\index.php(45): CodeIgniter\CodeIgniter->run()
#5 D:\laragon\www\bkk\system\Commands\Server\rewrite.php(34): require_once('D:\\laragon\\www\\...')
#6 {main}
CRITICAL - 2020-12-27 18:09:39 --> Argument 1 passed to CodeIgniter\HTTP\RedirectResponse::to() must be of the type string, null given, called in D:\laragon\www\bkk\app\Controllers\Home.php on line 914
#0 D:\laragon\www\bkk\app\Controllers\Home.php(914): CodeIgniter\HTTP\RedirectResponse->to(NULL)
#1 D:\laragon\www\bkk\system\CodeIgniter.php(914): App\Controllers\Home->pdf('11203')
#2 D:\laragon\www\bkk\system\CodeIgniter.php(400): CodeIgniter\CodeIgniter->runController(Object(App\Controllers\Home))
#3 D:\laragon\www\bkk\system\CodeIgniter.php(308): CodeIgniter\CodeIgniter->handleRequest(NULL, Object(Config\Cache), false)
#4 D:\laragon\www\bkk\public\index.php(45): CodeIgniter\CodeIgniter->run()
#5 D:\laragon\www\bkk\system\Commands\Server\rewrite.php(34): require_once('D:\\laragon\\www\\...')
#6 {main}
CRITICAL - 2020-12-27 23:46:30 --> Undefined property: stdClass::$al_work
#0 D:\laragon\www\bkk\app\Views\frontend\al.php(44): CodeIgniter\Debug\Exceptions->errorHandler(8, 'Undefined prope...', 'D:\\laragon\\www\\...', 44, Array)
#1 D:\laragon\www\bkk\system\View\View.php(246): include('D:\\laragon\\www\\...')
#2 D:\laragon\www\bkk\system\View\View.php(525): CodeIgniter\View\View->render('frontend/al', NULL, true)
#3 D:\laragon\www\bkk\app\Views\frontend\layer.php(5): CodeIgniter\View\View->include('frontend/al')
#4 D:\laragon\www\bkk\system\View\View.php(246): include('D:\\laragon\\www\\...')
#5 D:\laragon\www\bkk\system\Common.php(1087): CodeIgniter\View\View->render('frontend/layer', Array, true)
#6 D:\laragon\www\bkk\app\Controllers\Home.php(82): view('frontend/layer', Array)
#7 D:\laragon\www\bkk\app\Controllers\Home.php(45): App\Controllers\Home->_data_alumni()
#8 D:\laragon\www\bkk\system\CodeIgniter.php(914): App\Controllers\Home->dashboard('$1')
#9 D:\laragon\www\bkk\system\CodeIgniter.php(400): CodeIgniter\CodeIgniter->runController(Object(App\Controllers\Home))
#10 D:\laragon\www\bkk\system\CodeIgniter.php(308): CodeIgniter\CodeIgniter->handleRequest(NULL, Object(Config\Cache), false)
#11 D:\laragon\www\bkk\public\index.php(45): CodeIgniter\CodeIgniter->run()
#12 D:\laragon\www\bkk\system\Commands\Server\rewrite.php(34): require_once('D:\\laragon\\www\\...')
#13 {main}
