CRITICAL - 2020-08-31 00:52:37 --> Column 'notif_user' cannot be null
#0 /home/fahmiff1/life.andropick.com/system/Database/MySQLi/Connection.php(331): mysqli->query('INSERT INTO `tb...')
#1 /home/fahmiff1/life.andropick.com/system/Database/BaseConnection.php(738): CodeIgniter\Database\MySQLi\Connection->execute('INSERT INTO `tb...')
#2 /home/fahmiff1/life.andropick.com/system/Database/BaseConnection.php(666): CodeIgniter\Database\BaseConnection->simpleQuery('INSERT INTO `tb...')
#3 /home/fahmiff1/life.andropick.com/system/Database/BaseBuilder.php(2234): CodeIgniter\Database\BaseConnection->query('INSERT INTO `tb...', Array, false)
#4 /home/fahmiff1/life.andropick.com/app/Models/Mdata.php(18): CodeIgniter\Database\BaseBuilder->insert(Array)
#5 /home/fahmiff1/life.andropick.com/app/Controllers/BaseController.php(157): App\Models\Mdata->safe(Array, 'tb_notif')
#6 /home/fahmiff1/life.andropick.com/app/Controllers/Home.php(155): App\Controllers\BaseController->_notif('transaksi kode ...')
#7 /home/fahmiff1/life.andropick.com/system/CodeIgniter.php(914): App\Controllers\Home->point()
#8 /home/fahmiff1/life.andropick.com/system/CodeIgniter.php(400): CodeIgniter\CodeIgniter->runController(Object(App\Controllers\Home))
#9 /home/fahmiff1/life.andropick.com/system/CodeIgniter.php(308): CodeIgniter\CodeIgniter->handleRequest(NULL, Object(Config\Cache), false)
#10 /home/fahmiff1/life.andropick.com/public/index.php(45): CodeIgniter\CodeIgniter->run()
#11 {main}
CRITICAL - 2020-08-31 02:07:58 --> Undefined variable: token
#0 /home/fahmiff1/life.andropick.com/app/Controllers/Home.php(171): CodeIgniter\Debug\Exceptions->errorHandler(8, 'Undefined varia...', '/home/fahmiff1/...', 171, Array)
#1 /home/fahmiff1/life.andropick.com/system/CodeIgniter.php(914): App\Controllers\Home->point()
#2 /home/fahmiff1/life.andropick.com/system/CodeIgniter.php(400): CodeIgniter\CodeIgniter->runController(Object(App\Controllers\Home))
#3 /home/fahmiff1/life.andropick.com/system/CodeIgniter.php(308): CodeIgniter\CodeIgniter->handleRequest(NULL, Object(Config\Cache), false)
#4 /home/fahmiff1/life.andropick.com/public/index.php(45): CodeIgniter\CodeIgniter->run()
#5 {main}
CRITICAL - 2020-08-31 02:10:55 --> Undefined offset: 1
#0 /home/fahmiff1/life.andropick.com/app/Controllers/Home.php(169): CodeIgniter\Debug\Exceptions->errorHandler(8, 'Undefined offse...', '/home/fahmiff1/...', 169, Array)
#1 /home/fahmiff1/life.andropick.com/system/CodeIgniter.php(914): App\Controllers\Home->point()
#2 /home/fahmiff1/life.andropick.com/system/CodeIgniter.php(400): CodeIgniter\CodeIgniter->runController(Object(App\Controllers\Home))
#3 /home/fahmiff1/life.andropick.com/system/CodeIgniter.php(308): CodeIgniter\CodeIgniter->handleRequest(NULL, Object(Config\Cache), false)
#4 /home/fahmiff1/life.andropick.com/public/index.php(45): CodeIgniter\CodeIgniter->run()
#5 {main}
CRITICAL - 2020-08-31 08:19:04 --> Undefined offset: 15
#0 /home/fahmiff1/life.andropick.com/app/Controllers/Home.php(124): CodeIgniter\Debug\Exceptions->errorHandler(8, 'Undefined offse...', '/home/fahmiff1/...', 124, Array)
#1 /home/fahmiff1/life.andropick.com/system/CodeIgniter.php(914): App\Controllers\Home->tes()
#2 /home/fahmiff1/life.andropick.com/system/CodeIgniter.php(400): CodeIgniter\CodeIgniter->runController(Object(App\Controllers\Home))
#3 /home/fahmiff1/life.andropick.com/system/CodeIgniter.php(308): CodeIgniter\CodeIgniter->handleRequest(NULL, Object(Config\Cache), false)
#4 /home/fahmiff1/life.andropick.com/public/index.php(45): CodeIgniter\CodeIgniter->run()
#5 {main}
CRITICAL - 2020-08-31 08:19:34 --> Undefined offset: 15
#0 /home/fahmiff1/life.andropick.com/app/Controllers/Home.php(124): CodeIgniter\Debug\Exceptions->errorHandler(8, 'Undefined offse...', '/home/fahmiff1/...', 124, Array)
#1 /home/fahmiff1/life.andropick.com/system/CodeIgniter.php(914): App\Controllers\Home->tes()
#2 /home/fahmiff1/life.andropick.com/system/CodeIgniter.php(400): CodeIgniter\CodeIgniter->runController(Object(App\Controllers\Home))
#3 /home/fahmiff1/life.andropick.com/system/CodeIgniter.php(308): CodeIgniter\CodeIgniter->handleRequest(NULL, Object(Config\Cache), false)
#4 /home/fahmiff1/life.andropick.com/public/index.php(45): CodeIgniter\CodeIgniter->run()
#5 {main}
CRITICAL - 2020-08-31 08:19:36 --> Undefined offset: 15
#0 /home/fahmiff1/life.andropick.com/app/Controllers/Home.php(124): CodeIgniter\Debug\Exceptions->errorHandler(8, 'Undefined offse...', '/home/fahmiff1/...', 124, Array)
#1 /home/fahmiff1/life.andropick.com/system/CodeIgniter.php(914): App\Controllers\Home->tes()
#2 /home/fahmiff1/life.andropick.com/system/CodeIgniter.php(400): CodeIgniter\CodeIgniter->runController(Object(App\Controllers\Home))
#3 /home/fahmiff1/life.andropick.com/system/CodeIgniter.php(308): CodeIgniter\CodeIgniter->handleRequest(NULL, Object(Config\Cache), false)
#4 /home/fahmiff1/life.andropick.com/public/index.php(45): CodeIgniter\CodeIgniter->run()
#5 {main}
CRITICAL - 2020-08-31 08:19:36 --> Undefined offset: 15
#0 /home/fahmiff1/life.andropick.com/app/Controllers/Home.php(124): CodeIgniter\Debug\Exceptions->errorHandler(8, 'Undefined offse...', '/home/fahmiff1/...', 124, Array)
#1 /home/fahmiff1/life.andropick.com/system/CodeIgniter.php(914): App\Controllers\Home->tes()
#2 /home/fahmiff1/life.andropick.com/system/CodeIgniter.php(400): CodeIgniter\CodeIgniter->runController(Object(App\Controllers\Home))
#3 /home/fahmiff1/life.andropick.com/system/CodeIgniter.php(308): CodeIgniter\CodeIgniter->handleRequest(NULL, Object(Config\Cache), false)
#4 /home/fahmiff1/life.andropick.com/public/index.php(45): CodeIgniter\CodeIgniter->run()
#5 {main}
CRITICAL - 2020-08-31 08:20:05 --> Undefined offset: 15
#0 /home/fahmiff1/life.andropick.com/app/Controllers/Home.php(124): CodeIgniter\Debug\Exceptions->errorHandler(8, 'Undefined offse...', '/home/fahmiff1/...', 124, Array)
#1 /home/fahmiff1/life.andropick.com/system/CodeIgniter.php(914): App\Controllers\Home->tes()
#2 /home/fahmiff1/life.andropick.com/system/CodeIgniter.php(400): CodeIgniter\CodeIgniter->runController(Object(App\Controllers\Home))
#3 /home/fahmiff1/life.andropick.com/system/CodeIgniter.php(308): CodeIgniter\CodeIgniter->handleRequest(NULL, Object(Config\Cache), false)
#4 /home/fahmiff1/life.andropick.com/public/index.php(45): CodeIgniter\CodeIgniter->run()
#5 {main}
CRITICAL - 2020-08-31 08:20:28 --> Undefined offset: 15
#0 /home/fahmiff1/life.andropick.com/app/Controllers/Home.php(124): CodeIgniter\Debug\Exceptions->errorHandler(8, 'Undefined offse...', '/home/fahmiff1/...', 124, Array)
#1 /home/fahmiff1/life.andropick.com/system/CodeIgniter.php(914): App\Controllers\Home->tes()
#2 /home/fahmiff1/life.andropick.com/system/CodeIgniter.php(400): CodeIgniter\CodeIgniter->runController(Object(App\Controllers\Home))
#3 /home/fahmiff1/life.andropick.com/system/CodeIgniter.php(308): CodeIgniter\CodeIgniter->handleRequest(NULL, Object(Config\Cache), false)
#4 /home/fahmiff1/life.andropick.com/public/index.php(45): CodeIgniter\CodeIgniter->run()
#5 {main}
CRITICAL - 2020-08-31 08:20:29 --> Undefined offset: 15
#0 /home/fahmiff1/life.andropick.com/app/Controllers/Home.php(124): CodeIgniter\Debug\Exceptions->errorHandler(8, 'Undefined offse...', '/home/fahmiff1/...', 124, Array)
#1 /home/fahmiff1/life.andropick.com/system/CodeIgniter.php(914): App\Controllers\Home->tes()
#2 /home/fahmiff1/life.andropick.com/system/CodeIgniter.php(400): CodeIgniter\CodeIgniter->runController(Object(App\Controllers\Home))
#3 /home/fahmiff1/life.andropick.com/system/CodeIgniter.php(308): CodeIgniter\CodeIgniter->handleRequest(NULL, Object(Config\Cache), false)
#4 /home/fahmiff1/life.andropick.com/public/index.php(45): CodeIgniter\CodeIgniter->run()
#5 {main}
CRITICAL - 2020-08-31 08:20:30 --> Undefined offset: 15
#0 /home/fahmiff1/life.andropick.com/app/Controllers/Home.php(124): CodeIgniter\Debug\Exceptions->errorHandler(8, 'Undefined offse...', '/home/fahmiff1/...', 124, Array)
#1 /home/fahmiff1/life.andropick.com/system/CodeIgniter.php(914): App\Controllers\Home->tes()
#2 /home/fahmiff1/life.andropick.com/system/CodeIgniter.php(400): CodeIgniter\CodeIgniter->runController(Object(App\Controllers\Home))
#3 /home/fahmiff1/life.andropick.com/system/CodeIgniter.php(308): CodeIgniter\CodeIgniter->handleRequest(NULL, Object(Config\Cache), false)
#4 /home/fahmiff1/life.andropick.com/public/index.php(45): CodeIgniter\CodeIgniter->run()
#5 {main}
CRITICAL - 2020-08-31 08:20:40 --> Undefined offset: 15
#0 /home/fahmiff1/life.andropick.com/app/Controllers/Home.php(124): CodeIgniter\Debug\Exceptions->errorHandler(8, 'Undefined offse...', '/home/fahmiff1/...', 124, Array)
#1 /home/fahmiff1/life.andropick.com/system/CodeIgniter.php(914): App\Controllers\Home->tes()
#2 /home/fahmiff1/life.andropick.com/system/CodeIgniter.php(400): CodeIgniter\CodeIgniter->runController(Object(App\Controllers\Home))
#3 /home/fahmiff1/life.andropick.com/system/CodeIgniter.php(308): CodeIgniter\CodeIgniter->handleRequest(NULL, Object(Config\Cache), false)
#4 /home/fahmiff1/life.andropick.com/public/index.php(45): CodeIgniter\CodeIgniter->run()
#5 {main}
CRITICAL - 2020-08-31 08:20:41 --> Undefined offset: 15
#0 /home/fahmiff1/life.andropick.com/app/Controllers/Home.php(124): CodeIgniter\Debug\Exceptions->errorHandler(8, 'Undefined offse...', '/home/fahmiff1/...', 124, Array)
#1 /home/fahmiff1/life.andropick.com/system/CodeIgniter.php(914): App\Controllers\Home->tes()
#2 /home/fahmiff1/life.andropick.com/system/CodeIgniter.php(400): CodeIgniter\CodeIgniter->runController(Object(App\Controllers\Home))
#3 /home/fahmiff1/life.andropick.com/system/CodeIgniter.php(308): CodeIgniter\CodeIgniter->handleRequest(NULL, Object(Config\Cache), false)
#4 /home/fahmiff1/life.andropick.com/public/index.php(45): CodeIgniter\CodeIgniter->run()
#5 {main}
CRITICAL - 2020-08-31 08:20:42 --> Undefined offset: 15
#0 /home/fahmiff1/life.andropick.com/app/Controllers/Home.php(124): CodeIgniter\Debug\Exceptions->errorHandler(8, 'Undefined offse...', '/home/fahmiff1/...', 124, Array)
#1 /home/fahmiff1/life.andropick.com/system/CodeIgniter.php(914): App\Controllers\Home->tes()
#2 /home/fahmiff1/life.andropick.com/system/CodeIgniter.php(400): CodeIgniter\CodeIgniter->runController(Object(App\Controllers\Home))
#3 /home/fahmiff1/life.andropick.com/system/CodeIgniter.php(308): CodeIgniter\CodeIgniter->handleRequest(NULL, Object(Config\Cache), false)
#4 /home/fahmiff1/life.andropick.com/public/index.php(45): CodeIgniter\CodeIgniter->run()
#5 {main}
CRITICAL - 2020-08-31 08:20:49 --> Undefined offset: 15
#0 /home/fahmiff1/life.andropick.com/app/Controllers/Home.php(124): CodeIgniter\Debug\Exceptions->errorHandler(8, 'Undefined offse...', '/home/fahmiff1/...', 124, Array)
#1 /home/fahmiff1/life.andropick.com/system/CodeIgniter.php(914): App\Controllers\Home->tes()
#2 /home/fahmiff1/life.andropick.com/system/CodeIgniter.php(400): CodeIgniter\CodeIgniter->runController(Object(App\Controllers\Home))
#3 /home/fahmiff1/life.andropick.com/system/CodeIgniter.php(308): CodeIgniter\CodeIgniter->handleRequest(NULL, Object(Config\Cache), false)
#4 /home/fahmiff1/life.andropick.com/public/index.php(45): CodeIgniter\CodeIgniter->run()
#5 {main}
CRITICAL - 2020-08-31 14:22:28 --> explode() expects parameter 2 to be string, array given
#0 [internal function]: CodeIgniter\Debug\Exceptions->errorHandler(2, 'explode() expec...', '/home/fahmiff1/...', 123, Array)
#1 /home/fahmiff1/life.andropick.com/app/Controllers/Home.php(123): explode(' ', Array)
#2 /home/fahmiff1/life.andropick.com/system/CodeIgniter.php(914): App\Controllers\Home->tes()
#3 /home/fahmiff1/life.andropick.com/system/CodeIgniter.php(400): CodeIgniter\CodeIgniter->runController(Object(App\Controllers\Home))
#4 /home/fahmiff1/life.andropick.com/system/CodeIgniter.php(308): CodeIgniter\CodeIgniter->handleRequest(NULL, Object(Config\Cache), false)
#5 /home/fahmiff1/life.andropick.com/public/index.php(45): CodeIgniter\CodeIgniter->run()
#6 {main}
CRITICAL - 2020-08-31 14:22:53 --> explode() expects parameter 2 to be string, array given
#0 [internal function]: CodeIgniter\Debug\Exceptions->errorHandler(2, 'explode() expec...', '/home/fahmiff1/...', 123, Array)
#1 /home/fahmiff1/life.andropick.com/app/Controllers/Home.php(123): explode(' ', Array)
#2 /home/fahmiff1/life.andropick.com/system/CodeIgniter.php(914): App\Controllers\Home->tes()
#3 /home/fahmiff1/life.andropick.com/system/CodeIgniter.php(400): CodeIgniter\CodeIgniter->runController(Object(App\Controllers\Home))
#4 /home/fahmiff1/life.andropick.com/system/CodeIgniter.php(308): CodeIgniter\CodeIgniter->handleRequest(NULL, Object(Config\Cache), false)
#5 /home/fahmiff1/life.andropick.com/public/index.php(45): CodeIgniter\CodeIgniter->run()
#6 {main}
CRITICAL - 2020-08-31 14:22:55 --> explode() expects parameter 2 to be string, array given
#0 [internal function]: CodeIgniter\Debug\Exceptions->errorHandler(2, 'explode() expec...', '/home/fahmiff1/...', 123, Array)
#1 /home/fahmiff1/life.andropick.com/app/Controllers/Home.php(123): explode(' ', Array)
#2 /home/fahmiff1/life.andropick.com/system/CodeIgniter.php(914): App\Controllers\Home->tes()
#3 /home/fahmiff1/life.andropick.com/system/CodeIgniter.php(400): CodeIgniter\CodeIgniter->runController(Object(App\Controllers\Home))
#4 /home/fahmiff1/life.andropick.com/system/CodeIgniter.php(308): CodeIgniter\CodeIgniter->handleRequest(NULL, Object(Config\Cache), false)
#5 /home/fahmiff1/life.andropick.com/public/index.php(45): CodeIgniter\CodeIgniter->run()
#6 {main}
CRITICAL - 2020-08-31 14:22:56 --> explode() expects parameter 2 to be string, array given
#0 [internal function]: CodeIgniter\Debug\Exceptions->errorHandler(2, 'explode() expec...', '/home/fahmiff1/...', 123, Array)
#1 /home/fahmiff1/life.andropick.com/app/Controllers/Home.php(123): explode(' ', Array)
#2 /home/fahmiff1/life.andropick.com/system/CodeIgniter.php(914): App\Controllers\Home->tes()
#3 /home/fahmiff1/life.andropick.com/system/CodeIgniter.php(400): CodeIgniter\CodeIgniter->runController(Object(App\Controllers\Home))
#4 /home/fahmiff1/life.andropick.com/system/CodeIgniter.php(308): CodeIgniter\CodeIgniter->handleRequest(NULL, Object(Config\Cache), false)
#5 /home/fahmiff1/life.andropick.com/public/index.php(45): CodeIgniter\CodeIgniter->run()
#6 {main}
CRITICAL - 2020-08-31 14:23:20 --> explode() expects parameter 2 to be string, array given
#0 [internal function]: CodeIgniter\Debug\Exceptions->errorHandler(2, 'explode() expec...', '/home/fahmiff1/...', 123, Array)
#1 /home/fahmiff1/life.andropick.com/app/Controllers/Home.php(123): explode(' ', Array)
#2 /home/fahmiff1/life.andropick.com/system/CodeIgniter.php(914): App\Controllers\Home->tes()
#3 /home/fahmiff1/life.andropick.com/system/CodeIgniter.php(400): CodeIgniter\CodeIgniter->runController(Object(App\Controllers\Home))
#4 /home/fahmiff1/life.andropick.com/system/CodeIgniter.php(308): CodeIgniter\CodeIgniter->handleRequest(NULL, Object(Config\Cache), false)
#5 /home/fahmiff1/life.andropick.com/public/index.php(45): CodeIgniter\CodeIgniter->run()
#6 {main}
CRITICAL - 2020-08-31 15:04:10 --> array_search() expects parameter 2 to be array, string given
#0 [internal function]: CodeIgniter\Debug\Exceptions->errorHandler(2, 'array_search() ...', '/home/fahmiff1/...', 123, Array)
#1 /home/fahmiff1/life.andropick.com/app/Controllers/Home.php(123): array_search('red', 'TRSF E-BANKING ...')
#2 /home/fahmiff1/life.andropick.com/system/CodeIgniter.php(914): App\Controllers\Home->tes()
#3 /home/fahmiff1/life.andropick.com/system/CodeIgniter.php(400): CodeIgniter\CodeIgniter->runController(Object(App\Controllers\Home))
#4 /home/fahmiff1/life.andropick.com/system/CodeIgniter.php(308): CodeIgniter\CodeIgniter->handleRequest(NULL, Object(Config\Cache), false)
#5 /home/fahmiff1/life.andropick.com/public/index.php(45): CodeIgniter\CodeIgniter->run()
#6 {main}
CRITICAL - 2020-08-31 15:04:11 --> array_search() expects parameter 2 to be array, string given
#0 [internal function]: CodeIgniter\Debug\Exceptions->errorHandler(2, 'array_search() ...', '/home/fahmiff1/...', 123, Array)
#1 /home/fahmiff1/life.andropick.com/app/Controllers/Home.php(123): array_search('red', 'TRSF E-BANKING ...')
#2 /home/fahmiff1/life.andropick.com/system/CodeIgniter.php(914): App\Controllers\Home->tes()
#3 /home/fahmiff1/life.andropick.com/system/CodeIgniter.php(400): CodeIgniter\CodeIgniter->runController(Object(App\Controllers\Home))
#4 /home/fahmiff1/life.andropick.com/system/CodeIgniter.php(308): CodeIgniter\CodeIgniter->handleRequest(NULL, Object(Config\Cache), false)
#5 /home/fahmiff1/life.andropick.com/public/index.php(45): CodeIgniter\CodeIgniter->run()
#6 {main}
CRITICAL - 2020-08-31 15:04:33 --> array_search() expects parameter 2 to be array, string given
#0 [internal function]: CodeIgniter\Debug\Exceptions->errorHandler(2, 'array_search() ...', '/home/fahmiff1/...', 123, Array)
#1 /home/fahmiff1/life.andropick.com/app/Controllers/Home.php(123): array_search('red', 'TRSF E-BANKING ...')
#2 /home/fahmiff1/life.andropick.com/system/CodeIgniter.php(914): App\Controllers\Home->tes()
#3 /home/fahmiff1/life.andropick.com/system/CodeIgniter.php(400): CodeIgniter\CodeIgniter->runController(Object(App\Controllers\Home))
#4 /home/fahmiff1/life.andropick.com/system/CodeIgniter.php(308): CodeIgniter\CodeIgniter->handleRequest(NULL, Object(Config\Cache), false)
#5 /home/fahmiff1/life.andropick.com/public/index.php(45): CodeIgniter\CodeIgniter->run()
#6 {main}
CRITICAL - 2020-08-31 15:36:09 --> count(): Parameter must be an array or an object that implements Countable
#0 [internal function]: CodeIgniter\Debug\Exceptions->errorHandler(2, 'count(): Parame...', '/home/fahmiff1/...', 186, Array)
#1 /home/fahmiff1/life.andropick.com/app/Controllers/Home.php(186): count(30)
#2 /home/fahmiff1/life.andropick.com/system/CodeIgniter.php(914): App\Controllers\Home->point()
#3 /home/fahmiff1/life.andropick.com/system/CodeIgniter.php(400): CodeIgniter\CodeIgniter->runController(Object(App\Controllers\Home))
#4 /home/fahmiff1/life.andropick.com/system/CodeIgniter.php(308): CodeIgniter\CodeIgniter->handleRequest(NULL, Object(Config\Cache), false)
#5 /home/fahmiff1/life.andropick.com/public/index.php(45): CodeIgniter\CodeIgniter->run()
#6 {main}
CRITICAL - 2020-08-31 15:39:26 --> count(): Parameter must be an array or an object that implements Countable
#0 [internal function]: CodeIgniter\Debug\Exceptions->errorHandler(2, 'count(): Parame...', '/home/fahmiff1/...', 190, Array)
#1 /home/fahmiff1/life.andropick.com/app/Controllers/Home.php(190): count(30)
#2 /home/fahmiff1/life.andropick.com/system/CodeIgniter.php(914): App\Controllers\Home->point()
#3 /home/fahmiff1/life.andropick.com/system/CodeIgniter.php(400): CodeIgniter\CodeIgniter->runController(Object(App\Controllers\Home))
#4 /home/fahmiff1/life.andropick.com/system/CodeIgniter.php(308): CodeIgniter\CodeIgniter->handleRequest(NULL, Object(Config\Cache), false)
#5 /home/fahmiff1/life.andropick.com/public/index.php(45): CodeIgniter\CodeIgniter->run()
#6 {main}
CRITICAL - 2020-08-31 15:43:09 --> count(): Parameter must be an array or an object that implements Countable
#0 [internal function]: CodeIgniter\Debug\Exceptions->errorHandler(2, 'count(): Parame...', '/home/fahmiff1/...', 188, Array)
#1 /home/fahmiff1/life.andropick.com/app/Controllers/Home.php(188): count(30)
#2 /home/fahmiff1/life.andropick.com/system/CodeIgniter.php(914): App\Controllers\Home->point()
#3 /home/fahmiff1/life.andropick.com/system/CodeIgniter.php(400): CodeIgniter\CodeIgniter->runController(Object(App\Controllers\Home))
#4 /home/fahmiff1/life.andropick.com/system/CodeIgniter.php(308): CodeIgniter\CodeIgniter->handleRequest(NULL, Object(Config\Cache), false)
#5 /home/fahmiff1/life.andropick.com/public/index.php(45): CodeIgniter\CodeIgniter->run()
#6 {main}
CRITICAL - 2020-08-31 15:45:49 --> Undefined offset: 1
#0 /home/fahmiff1/life.andropick.com/app/Controllers/Home.php(122): CodeIgniter\Debug\Exceptions->errorHandler(8, 'Undefined offse...', '/home/fahmiff1/...', 122, Array)
#1 /home/fahmiff1/life.andropick.com/system/CodeIgniter.php(914): App\Controllers\Home->tes()
#2 /home/fahmiff1/life.andropick.com/system/CodeIgniter.php(400): CodeIgniter\CodeIgniter->runController(Object(App\Controllers\Home))
#3 /home/fahmiff1/life.andropick.com/system/CodeIgniter.php(308): CodeIgniter\CodeIgniter->handleRequest(NULL, Object(Config\Cache), false)
#4 /home/fahmiff1/life.andropick.com/public/index.php(45): CodeIgniter\CodeIgniter->run()
#5 {main}
CRITICAL - 2020-08-31 15:46:10 --> count(): Parameter must be an array or an object that implements Countable
#0 [internal function]: CodeIgniter\Debug\Exceptions->errorHandler(2, 'count(): Parame...', '/home/fahmiff1/...', 189, Array)
#1 /home/fahmiff1/life.andropick.com/app/Controllers/Home.php(189): count(30)
#2 /home/fahmiff1/life.andropick.com/system/CodeIgniter.php(914): App\Controllers\Home->point()
#3 /home/fahmiff1/life.andropick.com/system/CodeIgniter.php(400): CodeIgniter\CodeIgniter->runController(Object(App\Controllers\Home))
#4 /home/fahmiff1/life.andropick.com/system/CodeIgniter.php(308): CodeIgniter\CodeIgniter->handleRequest(NULL, Object(Config\Cache), false)
#5 /home/fahmiff1/life.andropick.com/public/index.php(45): CodeIgniter\CodeIgniter->run()
#6 {main}
CRITICAL - 2020-08-31 15:46:13 --> count(): Parameter must be an array or an object that implements Countable
#0 [internal function]: CodeIgniter\Debug\Exceptions->errorHandler(2, 'count(): Parame...', '/home/fahmiff1/...', 189, Array)
#1 /home/fahmiff1/life.andropick.com/app/Controllers/Home.php(189): count(30)
#2 /home/fahmiff1/life.andropick.com/system/CodeIgniter.php(914): App\Controllers\Home->point()
#3 /home/fahmiff1/life.andropick.com/system/CodeIgniter.php(400): CodeIgniter\CodeIgniter->runController(Object(App\Controllers\Home))
#4 /home/fahmiff1/life.andropick.com/system/CodeIgniter.php(308): CodeIgniter\CodeIgniter->handleRequest(NULL, Object(Config\Cache), false)
#5 /home/fahmiff1/life.andropick.com/public/index.php(45): CodeIgniter\CodeIgniter->run()
#6 {main}
CRITICAL - 2020-08-31 15:49:15 --> count(): Parameter must be an array or an object that implements Countable
#0 [internal function]: CodeIgniter\Debug\Exceptions->errorHandler(2, 'count(): Parame...', '/home/fahmiff1/...', 189, Array)
#1 /home/fahmiff1/life.andropick.com/app/Controllers/Home.php(189): count(30)
#2 /home/fahmiff1/life.andropick.com/system/CodeIgniter.php(914): App\Controllers\Home->point()
#3 /home/fahmiff1/life.andropick.com/system/CodeIgniter.php(400): CodeIgniter\CodeIgniter->runController(Object(App\Controllers\Home))
#4 /home/fahmiff1/life.andropick.com/system/CodeIgniter.php(308): CodeIgniter\CodeIgniter->handleRequest(NULL, Object(Config\Cache), false)
#5 /home/fahmiff1/life.andropick.com/public/index.php(45): CodeIgniter\CodeIgniter->run()
#6 {main}
CRITICAL - 2020-08-31 15:51:21 --> count(): Parameter must be an array or an object that implements Countable
#0 [internal function]: CodeIgniter\Debug\Exceptions->errorHandler(2, 'count(): Parame...', '/home/fahmiff1/...', 188, Array)
#1 /home/fahmiff1/life.andropick.com/app/Controllers/Home.php(188): count(30)
#2 /home/fahmiff1/life.andropick.com/system/CodeIgniter.php(914): App\Controllers\Home->point()
#3 /home/fahmiff1/life.andropick.com/system/CodeIgniter.php(400): CodeIgniter\CodeIgniter->runController(Object(App\Controllers\Home))
#4 /home/fahmiff1/life.andropick.com/system/CodeIgniter.php(308): CodeIgniter\CodeIgniter->handleRequest(NULL, Object(Config\Cache), false)
#5 /home/fahmiff1/life.andropick.com/public/index.php(45): CodeIgniter\CodeIgniter->run()
#6 {main}
CRITICAL - 2020-08-31 15:52:13 --> Undefined offset: 0
#0 /home/fahmiff1/life.andropick.com/app/Controllers/BaseController.php(136): CodeIgniter\Debug\Exceptions->errorHandler(8, 'Undefined offse...', '/home/fahmiff1/...', 136, Array)
#1 /home/fahmiff1/life.andropick.com/app/Controllers/Home.php(195): App\Controllers\BaseController->_tagih('10931')
#2 /home/fahmiff1/life.andropick.com/system/CodeIgniter.php(914): App\Controllers\Home->point()
#3 /home/fahmiff1/life.andropick.com/system/CodeIgniter.php(400): CodeIgniter\CodeIgniter->runController(Object(App\Controllers\Home))
#4 /home/fahmiff1/life.andropick.com/system/CodeIgniter.php(308): CodeIgniter\CodeIgniter->handleRequest(NULL, Object(Config\Cache), false)
#5 /home/fahmiff1/life.andropick.com/public/index.php(45): CodeIgniter\CodeIgniter->run()
#6 {main}
CRITICAL - 2020-08-31 16:25:14 --> Undefined variable: oken
#0 /home/fahmiff1/life.andropick.com/app/Controllers/Home.php(177): CodeIgniter\Debug\Exceptions->errorHandler(8, 'Undefined varia...', '/home/fahmiff1/...', 177, Array)
#1 /home/fahmiff1/life.andropick.com/system/CodeIgniter.php(914): App\Controllers\Home->point()
#2 /home/fahmiff1/life.andropick.com/system/CodeIgniter.php(400): CodeIgniter\CodeIgniter->runController(Object(App\Controllers\Home))
#3 /home/fahmiff1/life.andropick.com/system/CodeIgniter.php(308): CodeIgniter\CodeIgniter->handleRequest(NULL, Object(Config\Cache), false)
#4 /home/fahmiff1/life.andropick.com/public/index.php(45): CodeIgniter\CodeIgniter->run()
#5 {main}
CRITICAL - 2020-08-31 16:26:56 --> Undefined variable: oken
#0 /home/fahmiff1/life.andropick.com/app/Controllers/Home.php(177): CodeIgniter\Debug\Exceptions->errorHandler(8, 'Undefined varia...', '/home/fahmiff1/...', 177, Array)
#1 /home/fahmiff1/life.andropick.com/system/CodeIgniter.php(914): App\Controllers\Home->point()
#2 /home/fahmiff1/life.andropick.com/system/CodeIgniter.php(400): CodeIgniter\CodeIgniter->runController(Object(App\Controllers\Home))
#3 /home/fahmiff1/life.andropick.com/system/CodeIgniter.php(308): CodeIgniter\CodeIgniter->handleRequest(NULL, Object(Config\Cache), false)
#4 /home/fahmiff1/life.andropick.com/public/index.php(45): CodeIgniter\CodeIgniter->run()
#5 {main}
CRITICAL - 2020-08-31 16:27:26 --> Undefined variable: oken
#0 /home/fahmiff1/life.andropick.com/app/Controllers/Home.php(177): CodeIgniter\Debug\Exceptions->errorHandler(8, 'Undefined varia...', '/home/fahmiff1/...', 177, Array)
#1 /home/fahmiff1/life.andropick.com/system/CodeIgniter.php(914): App\Controllers\Home->point()
#2 /home/fahmiff1/life.andropick.com/system/CodeIgniter.php(400): CodeIgniter\CodeIgniter->runController(Object(App\Controllers\Home))
#3 /home/fahmiff1/life.andropick.com/system/CodeIgniter.php(308): CodeIgniter\CodeIgniter->handleRequest(NULL, Object(Config\Cache), false)
#4 /home/fahmiff1/life.andropick.com/public/index.php(45): CodeIgniter\CodeIgniter->run()
#5 {main}
CRITICAL - 2020-08-31 17:11:21 --> Undefined property: stdClass::$sales_id
#0 /home/fahmiff1/life.andropick.com/app/Controllers/Home.php(186): CodeIgniter\Debug\Exceptions->errorHandler(8, 'Undefined prope...', '/home/fahmiff1/...', 186, Array)
#1 /home/fahmiff1/life.andropick.com/system/CodeIgniter.php(914): App\Controllers\Home->point()
#2 /home/fahmiff1/life.andropick.com/system/CodeIgniter.php(400): CodeIgniter\CodeIgniter->runController(Object(App\Controllers\Home))
#3 /home/fahmiff1/life.andropick.com/system/CodeIgniter.php(308): CodeIgniter\CodeIgniter->handleRequest(NULL, Object(Config\Cache), false)
#4 /home/fahmiff1/life.andropick.com/public/index.php(45): CodeIgniter\CodeIgniter->run()
#5 {main}
CRITICAL - 2020-08-31 17:14:19 --> Undefined offset: 4
#0 /home/fahmiff1/life.andropick.com/app/Controllers/Home.php(118): CodeIgniter\Debug\Exceptions->errorHandler(8, 'Undefined offse...', '/home/fahmiff1/...', 118, Array)
#1 /home/fahmiff1/life.andropick.com/system/CodeIgniter.php(914): App\Controllers\Home->tes()
#2 /home/fahmiff1/life.andropick.com/system/CodeIgniter.php(400): CodeIgniter\CodeIgniter->runController(Object(App\Controllers\Home))
#3 /home/fahmiff1/life.andropick.com/system/CodeIgniter.php(308): CodeIgniter\CodeIgniter->handleRequest(NULL, Object(Config\Cache), false)
#4 /home/fahmiff1/life.andropick.com/public/index.php(45): CodeIgniter\CodeIgniter->run()
#5 {main}
CRITICAL - 2020-08-31 17:14:35 --> Undefined offset: 4
#0 /home/fahmiff1/life.andropick.com/app/Controllers/Home.php(118): CodeIgniter\Debug\Exceptions->errorHandler(8, 'Undefined offse...', '/home/fahmiff1/...', 118, Array)
#1 /home/fahmiff1/life.andropick.com/system/CodeIgniter.php(914): App\Controllers\Home->tes()
#2 /home/fahmiff1/life.andropick.com/system/CodeIgniter.php(400): CodeIgniter\CodeIgniter->runController(Object(App\Controllers\Home))
#3 /home/fahmiff1/life.andropick.com/system/CodeIgniter.php(308): CodeIgniter\CodeIgniter->handleRequest(NULL, Object(Config\Cache), false)
#4 /home/fahmiff1/life.andropick.com/public/index.php(45): CodeIgniter\CodeIgniter->run()
#5 {main}
CRITICAL - 2020-08-31 17:14:36 --> Undefined offset: 4
#0 /home/fahmiff1/life.andropick.com/app/Controllers/Home.php(118): CodeIgniter\Debug\Exceptions->errorHandler(8, 'Undefined offse...', '/home/fahmiff1/...', 118, Array)
#1 /home/fahmiff1/life.andropick.com/system/CodeIgniter.php(914): App\Controllers\Home->tes()
#2 /home/fahmiff1/life.andropick.com/system/CodeIgniter.php(400): CodeIgniter\CodeIgniter->runController(Object(App\Controllers\Home))
#3 /home/fahmiff1/life.andropick.com/system/CodeIgniter.php(308): CodeIgniter\CodeIgniter->handleRequest(NULL, Object(Config\Cache), false)
#4 /home/fahmiff1/life.andropick.com/public/index.php(45): CodeIgniter\CodeIgniter->run()
#5 {main}
CRITICAL - 2020-08-31 17:14:37 --> Undefined offset: 4
#0 /home/fahmiff1/life.andropick.com/app/Controllers/Home.php(118): CodeIgniter\Debug\Exceptions->errorHandler(8, 'Undefined offse...', '/home/fahmiff1/...', 118, Array)
#1 /home/fahmiff1/life.andropick.com/system/CodeIgniter.php(914): App\Controllers\Home->tes()
#2 /home/fahmiff1/life.andropick.com/system/CodeIgniter.php(400): CodeIgniter\CodeIgniter->runController(Object(App\Controllers\Home))
#3 /home/fahmiff1/life.andropick.com/system/CodeIgniter.php(308): CodeIgniter\CodeIgniter->handleRequest(NULL, Object(Config\Cache), false)
#4 /home/fahmiff1/life.andropick.com/public/index.php(45): CodeIgniter\CodeIgniter->run()
#5 {main}
CRITICAL - 2020-08-31 17:14:37 --> Undefined offset: 4
#0 /home/fahmiff1/life.andropick.com/app/Controllers/Home.php(118): CodeIgniter\Debug\Exceptions->errorHandler(8, 'Undefined offse...', '/home/fahmiff1/...', 118, Array)
#1 /home/fahmiff1/life.andropick.com/system/CodeIgniter.php(914): App\Controllers\Home->tes()
#2 /home/fahmiff1/life.andropick.com/system/CodeIgniter.php(400): CodeIgniter\CodeIgniter->runController(Object(App\Controllers\Home))
#3 /home/fahmiff1/life.andropick.com/system/CodeIgniter.php(308): CodeIgniter\CodeIgniter->handleRequest(NULL, Object(Config\Cache), false)
#4 /home/fahmiff1/life.andropick.com/public/index.php(45): CodeIgniter\CodeIgniter->run()
#5 {main}
CRITICAL - 2020-08-31 17:14:37 --> Undefined offset: 4
#0 /home/fahmiff1/life.andropick.com/app/Controllers/Home.php(118): CodeIgniter\Debug\Exceptions->errorHandler(8, 'Undefined offse...', '/home/fahmiff1/...', 118, Array)
#1 /home/fahmiff1/life.andropick.com/system/CodeIgniter.php(914): App\Controllers\Home->tes()
#2 /home/fahmiff1/life.andropick.com/system/CodeIgniter.php(400): CodeIgniter\CodeIgniter->runController(Object(App\Controllers\Home))
#3 /home/fahmiff1/life.andropick.com/system/CodeIgniter.php(308): CodeIgniter\CodeIgniter->handleRequest(NULL, Object(Config\Cache), false)
#4 /home/fahmiff1/life.andropick.com/public/index.php(45): CodeIgniter\CodeIgniter->run()
#5 {main}
CRITICAL - 2020-08-31 17:14:40 --> Undefined offset: 4
#0 /home/fahmiff1/life.andropick.com/app/Controllers/Home.php(118): CodeIgniter\Debug\Exceptions->errorHandler(8, 'Undefined offse...', '/home/fahmiff1/...', 118, Array)
#1 /home/fahmiff1/life.andropick.com/system/CodeIgniter.php(914): App\Controllers\Home->tes()
#2 /home/fahmiff1/life.andropick.com/system/CodeIgniter.php(400): CodeIgniter\CodeIgniter->runController(Object(App\Controllers\Home))
#3 /home/fahmiff1/life.andropick.com/system/CodeIgniter.php(308): CodeIgniter\CodeIgniter->handleRequest(NULL, Object(Config\Cache), false)
#4 /home/fahmiff1/life.andropick.com/public/index.php(45): CodeIgniter\CodeIgniter->run()
#5 {main}
CRITICAL - 2020-08-31 17:14:46 --> Undefined offset: 4
#0 /home/fahmiff1/life.andropick.com/app/Controllers/Home.php(118): CodeIgniter\Debug\Exceptions->errorHandler(8, 'Undefined offse...', '/home/fahmiff1/...', 118, Array)
#1 /home/fahmiff1/life.andropick.com/system/CodeIgniter.php(914): App\Controllers\Home->tes()
#2 /home/fahmiff1/life.andropick.com/system/CodeIgniter.php(400): CodeIgniter\CodeIgniter->runController(Object(App\Controllers\Home))
#3 /home/fahmiff1/life.andropick.com/system/CodeIgniter.php(308): CodeIgniter\CodeIgniter->handleRequest(NULL, Object(Config\Cache), false)
#4 /home/fahmiff1/life.andropick.com/public/index.php(45): CodeIgniter\CodeIgniter->run()
#5 {main}
CRITICAL - 2020-08-31 17:15:02 --> Undefined offset: 4
#0 /home/fahmiff1/life.andropick.com/app/Controllers/Home.php(118): CodeIgniter\Debug\Exceptions->errorHandler(8, 'Undefined offse...', '/home/fahmiff1/...', 118, Array)
#1 /home/fahmiff1/life.andropick.com/system/CodeIgniter.php(914): App\Controllers\Home->tes()
#2 /home/fahmiff1/life.andropick.com/system/CodeIgniter.php(400): CodeIgniter\CodeIgniter->runController(Object(App\Controllers\Home))
#3 /home/fahmiff1/life.andropick.com/system/CodeIgniter.php(308): CodeIgniter\CodeIgniter->handleRequest(NULL, Object(Config\Cache), false)
#4 /home/fahmiff1/life.andropick.com/public/index.php(45): CodeIgniter\CodeIgniter->run()
#5 {main}
CRITICAL - 2020-08-31 17:15:03 --> Undefined offset: 4
#0 /home/fahmiff1/life.andropick.com/app/Controllers/Home.php(118): CodeIgniter\Debug\Exceptions->errorHandler(8, 'Undefined offse...', '/home/fahmiff1/...', 118, Array)
#1 /home/fahmiff1/life.andropick.com/system/CodeIgniter.php(914): App\Controllers\Home->tes()
#2 /home/fahmiff1/life.andropick.com/system/CodeIgniter.php(400): CodeIgniter\CodeIgniter->runController(Object(App\Controllers\Home))
#3 /home/fahmiff1/life.andropick.com/system/CodeIgniter.php(308): CodeIgniter\CodeIgniter->handleRequest(NULL, Object(Config\Cache), false)
#4 /home/fahmiff1/life.andropick.com/public/index.php(45): CodeIgniter\CodeIgniter->run()
#5 {main}
CRITICAL - 2020-08-31 17:15:03 --> Undefined offset: 4
#0 /home/fahmiff1/life.andropick.com/app/Controllers/Home.php(118): CodeIgniter\Debug\Exceptions->errorHandler(8, 'Undefined offse...', '/home/fahmiff1/...', 118, Array)
#1 /home/fahmiff1/life.andropick.com/system/CodeIgniter.php(914): App\Controllers\Home->tes()
#2 /home/fahmiff1/life.andropick.com/system/CodeIgniter.php(400): CodeIgniter\CodeIgniter->runController(Object(App\Controllers\Home))
#3 /home/fahmiff1/life.andropick.com/system/CodeIgniter.php(308): CodeIgniter\CodeIgniter->handleRequest(NULL, Object(Config\Cache), false)
#4 /home/fahmiff1/life.andropick.com/public/index.php(45): CodeIgniter\CodeIgniter->run()
#5 {main}
CRITICAL - 2020-08-31 17:15:03 --> Undefined offset: 4
#0 /home/fahmiff1/life.andropick.com/app/Controllers/Home.php(118): CodeIgniter\Debug\Exceptions->errorHandler(8, 'Undefined offse...', '/home/fahmiff1/...', 118, Array)
#1 /home/fahmiff1/life.andropick.com/system/CodeIgniter.php(914): App\Controllers\Home->tes()
#2 /home/fahmiff1/life.andropick.com/system/CodeIgniter.php(400): CodeIgniter\CodeIgniter->runController(Object(App\Controllers\Home))
#3 /home/fahmiff1/life.andropick.com/system/CodeIgniter.php(308): CodeIgniter\CodeIgniter->handleRequest(NULL, Object(Config\Cache), false)
#4 /home/fahmiff1/life.andropick.com/public/index.php(45): CodeIgniter\CodeIgniter->run()
#5 {main}
CRITICAL - 2020-08-31 17:15:04 --> Undefined offset: 4
#0 /home/fahmiff1/life.andropick.com/app/Controllers/Home.php(118): CodeIgniter\Debug\Exceptions->errorHandler(8, 'Undefined offse...', '/home/fahmiff1/...', 118, Array)
#1 /home/fahmiff1/life.andropick.com/system/CodeIgniter.php(914): App\Controllers\Home->tes()
#2 /home/fahmiff1/life.andropick.com/system/CodeIgniter.php(400): CodeIgniter\CodeIgniter->runController(Object(App\Controllers\Home))
#3 /home/fahmiff1/life.andropick.com/system/CodeIgniter.php(308): CodeIgniter\CodeIgniter->handleRequest(NULL, Object(Config\Cache), false)
#4 /home/fahmiff1/life.andropick.com/public/index.php(45): CodeIgniter\CodeIgniter->run()
#5 {main}
CRITICAL - 2020-08-31 17:15:04 --> Undefined offset: 4
#0 /home/fahmiff1/life.andropick.com/app/Controllers/Home.php(118): CodeIgniter\Debug\Exceptions->errorHandler(8, 'Undefined offse...', '/home/fahmiff1/...', 118, Array)
#1 /home/fahmiff1/life.andropick.com/system/CodeIgniter.php(914): App\Controllers\Home->tes()
#2 /home/fahmiff1/life.andropick.com/system/CodeIgniter.php(400): CodeIgniter\CodeIgniter->runController(Object(App\Controllers\Home))
#3 /home/fahmiff1/life.andropick.com/system/CodeIgniter.php(308): CodeIgniter\CodeIgniter->handleRequest(NULL, Object(Config\Cache), false)
#4 /home/fahmiff1/life.andropick.com/public/index.php(45): CodeIgniter\CodeIgniter->run()
#5 {main}
CRITICAL - 2020-08-31 17:15:10 --> Undefined offset: 4
#0 /home/fahmiff1/life.andropick.com/app/Controllers/Home.php(118): CodeIgniter\Debug\Exceptions->errorHandler(8, 'Undefined offse...', '/home/fahmiff1/...', 118, Array)
#1 /home/fahmiff1/life.andropick.com/system/CodeIgniter.php(914): App\Controllers\Home->tes()
#2 /home/fahmiff1/life.andropick.com/system/CodeIgniter.php(400): CodeIgniter\CodeIgniter->runController(Object(App\Controllers\Home))
#3 /home/fahmiff1/life.andropick.com/system/CodeIgniter.php(308): CodeIgniter\CodeIgniter->handleRequest(NULL, Object(Config\Cache), false)
#4 /home/fahmiff1/life.andropick.com/public/index.php(45): CodeIgniter\CodeIgniter->run()
#5 {main}
CRITICAL - 2020-08-31 17:15:13 --> Undefined offset: 4
#0 /home/fahmiff1/life.andropick.com/app/Controllers/Home.php(118): CodeIgniter\Debug\Exceptions->errorHandler(8, 'Undefined offse...', '/home/fahmiff1/...', 118, Array)
#1 /home/fahmiff1/life.andropick.com/system/CodeIgniter.php(914): App\Controllers\Home->tes()
#2 /home/fahmiff1/life.andropick.com/system/CodeIgniter.php(400): CodeIgniter\CodeIgniter->runController(Object(App\Controllers\Home))
#3 /home/fahmiff1/life.andropick.com/system/CodeIgniter.php(308): CodeIgniter\CodeIgniter->handleRequest(NULL, Object(Config\Cache), false)
#4 /home/fahmiff1/life.andropick.com/public/index.php(45): CodeIgniter\CodeIgniter->run()
#5 {main}
CRITICAL - 2020-08-31 17:15:14 --> Undefined offset: 4
#0 /home/fahmiff1/life.andropick.com/app/Controllers/Home.php(118): CodeIgniter\Debug\Exceptions->errorHandler(8, 'Undefined offse...', '/home/fahmiff1/...', 118, Array)
#1 /home/fahmiff1/life.andropick.com/system/CodeIgniter.php(914): App\Controllers\Home->tes()
#2 /home/fahmiff1/life.andropick.com/system/CodeIgniter.php(400): CodeIgniter\CodeIgniter->runController(Object(App\Controllers\Home))
#3 /home/fahmiff1/life.andropick.com/system/CodeIgniter.php(308): CodeIgniter\CodeIgniter->handleRequest(NULL, Object(Config\Cache), false)
#4 /home/fahmiff1/life.andropick.com/public/index.php(45): CodeIgniter\CodeIgniter->run()
#5 {main}
CRITICAL - 2020-08-31 17:15:16 --> Undefined offset: 4
#0 /home/fahmiff1/life.andropick.com/app/Controllers/Home.php(118): CodeIgniter\Debug\Exceptions->errorHandler(8, 'Undefined offse...', '/home/fahmiff1/...', 118, Array)
#1 /home/fahmiff1/life.andropick.com/system/CodeIgniter.php(914): App\Controllers\Home->tes()
#2 /home/fahmiff1/life.andropick.com/system/CodeIgniter.php(400): CodeIgniter\CodeIgniter->runController(Object(App\Controllers\Home))
#3 /home/fahmiff1/life.andropick.com/system/CodeIgniter.php(308): CodeIgniter\CodeIgniter->handleRequest(NULL, Object(Config\Cache), false)
#4 /home/fahmiff1/life.andropick.com/public/index.php(45): CodeIgniter\CodeIgniter->run()
#5 {main}
CRITICAL - 2020-08-31 17:15:23 --> Undefined offset: 4
#0 /home/fahmiff1/life.andropick.com/app/Controllers/Home.php(118): CodeIgniter\Debug\Exceptions->errorHandler(8, 'Undefined offse...', '/home/fahmiff1/...', 118, Array)
#1 /home/fahmiff1/life.andropick.com/system/CodeIgniter.php(914): App\Controllers\Home->tes()
#2 /home/fahmiff1/life.andropick.com/system/CodeIgniter.php(400): CodeIgniter\CodeIgniter->runController(Object(App\Controllers\Home))
#3 /home/fahmiff1/life.andropick.com/system/CodeIgniter.php(308): CodeIgniter\CodeIgniter->handleRequest(NULL, Object(Config\Cache), false)
#4 /home/fahmiff1/life.andropick.com/public/index.php(45): CodeIgniter\CodeIgniter->run()
#5 {main}
CRITICAL - 2020-08-31 17:15:59 --> Undefined property: stdClass::$sales_id
#0 /home/fahmiff1/life.andropick.com/app/Controllers/Home.php(185): CodeIgniter\Debug\Exceptions->errorHandler(8, 'Undefined prope...', '/home/fahmiff1/...', 185, Array)
#1 /home/fahmiff1/life.andropick.com/system/CodeIgniter.php(914): App\Controllers\Home->point()
#2 /home/fahmiff1/life.andropick.com/system/CodeIgniter.php(400): CodeIgniter\CodeIgniter->runController(Object(App\Controllers\Home))
#3 /home/fahmiff1/life.andropick.com/system/CodeIgniter.php(308): CodeIgniter\CodeIgniter->handleRequest(NULL, Object(Config\Cache), false)
#4 /home/fahmiff1/life.andropick.com/public/index.php(45): CodeIgniter\CodeIgniter->run()
#5 {main}
CRITICAL - 2020-08-31 17:20:12 --> Undefined property: stdClass::$sales_id
#0 /home/fahmiff1/life.andropick.com/app/Controllers/Home.php(185): CodeIgniter\Debug\Exceptions->errorHandler(8, 'Undefined prope...', '/home/fahmiff1/...', 185, Array)
#1 /home/fahmiff1/life.andropick.com/system/CodeIgniter.php(914): App\Controllers\Home->point()
#2 /home/fahmiff1/life.andropick.com/system/CodeIgniter.php(400): CodeIgniter\CodeIgniter->runController(Object(App\Controllers\Home))
#3 /home/fahmiff1/life.andropick.com/system/CodeIgniter.php(308): CodeIgniter\CodeIgniter->handleRequest(NULL, Object(Config\Cache), false)
#4 /home/fahmiff1/life.andropick.com/public/index.php(45): CodeIgniter\CodeIgniter->run()
#5 {main}
CRITICAL - 2020-08-31 17:20:44 --> Undefined property: stdClass::$sales_id
#0 /home/fahmiff1/life.andropick.com/app/Controllers/Home.php(185): CodeIgniter\Debug\Exceptions->errorHandler(8, 'Undefined prope...', '/home/fahmiff1/...', 185, Array)
#1 /home/fahmiff1/life.andropick.com/system/CodeIgniter.php(914): App\Controllers\Home->point()
#2 /home/fahmiff1/life.andropick.com/system/CodeIgniter.php(400): CodeIgniter\CodeIgniter->runController(Object(App\Controllers\Home))
#3 /home/fahmiff1/life.andropick.com/system/CodeIgniter.php(308): CodeIgniter\CodeIgniter->handleRequest(NULL, Object(Config\Cache), false)
#4 /home/fahmiff1/life.andropick.com/public/index.php(45): CodeIgniter\CodeIgniter->run()
#5 {main}
CRITICAL - 2020-08-31 17:22:24 --> Undefined property: stdClass::$sales_id
#0 /home/fahmiff1/life.andropick.com/app/Controllers/Home.php(185): CodeIgniter\Debug\Exceptions->errorHandler(8, 'Undefined prope...', '/home/fahmiff1/...', 185, Array)
#1 /home/fahmiff1/life.andropick.com/system/CodeIgniter.php(914): App\Controllers\Home->point()
#2 /home/fahmiff1/life.andropick.com/system/CodeIgniter.php(400): CodeIgniter\CodeIgniter->runController(Object(App\Controllers\Home))
#3 /home/fahmiff1/life.andropick.com/system/CodeIgniter.php(308): CodeIgniter\CodeIgniter->handleRequest(NULL, Object(Config\Cache), false)
#4 /home/fahmiff1/life.andropick.com/public/index.php(45): CodeIgniter\CodeIgniter->run()
#5 {main}
CRITICAL - 2020-08-31 17:24:19 --> Undefined property: stdClass::$sales_id
#0 /home/fahmiff1/life.andropick.com/app/Controllers/Home.php(186): CodeIgniter\Debug\Exceptions->errorHandler(8, 'Undefined prope...', '/home/fahmiff1/...', 186, Array)
#1 /home/fahmiff1/life.andropick.com/system/CodeIgniter.php(914): App\Controllers\Home->point()
#2 /home/fahmiff1/life.andropick.com/system/CodeIgniter.php(400): CodeIgniter\CodeIgniter->runController(Object(App\Controllers\Home))
#3 /home/fahmiff1/life.andropick.com/system/CodeIgniter.php(308): CodeIgniter\CodeIgniter->handleRequest(NULL, Object(Config\Cache), false)
#4 /home/fahmiff1/life.andropick.com/public/index.php(45): CodeIgniter\CodeIgniter->run()
#5 {main}
CRITICAL - 2020-08-31 17:26:35 --> Undefined property: stdClass::$sales_id
#0 /home/fahmiff1/life.andropick.com/app/Controllers/Home.php(186): CodeIgniter\Debug\Exceptions->errorHandler(8, 'Undefined prope...', '/home/fahmiff1/...', 186, Array)
#1 /home/fahmiff1/life.andropick.com/system/CodeIgniter.php(914): App\Controllers\Home->point()
#2 /home/fahmiff1/life.andropick.com/system/CodeIgniter.php(400): CodeIgniter\CodeIgniter->runController(Object(App\Controllers\Home))
#3 /home/fahmiff1/life.andropick.com/system/CodeIgniter.php(308): CodeIgniter\CodeIgniter->handleRequest(NULL, Object(Config\Cache), false)
#4 /home/fahmiff1/life.andropick.com/public/index.php(45): CodeIgniter\CodeIgniter->run()
#5 {main}
CRITICAL - 2020-08-31 17:39:56 --> Undefined offset: 0
#0 /home/fahmiff1/life.andropick.com/app/Controllers/BaseController.php(136): CodeIgniter\Debug\Exceptions->errorHandler(8, 'Undefined offse...', '/home/fahmiff1/...', 136, Array)
#1 /home/fahmiff1/life.andropick.com/app/Controllers/Home.php(206): App\Controllers\BaseController->_tagih('100406')
#2 /home/fahmiff1/life.andropick.com/system/CodeIgniter.php(914): App\Controllers\Home->point()
#3 /home/fahmiff1/life.andropick.com/system/CodeIgniter.php(400): CodeIgniter\CodeIgniter->runController(Object(App\Controllers\Home))
#4 /home/fahmiff1/life.andropick.com/system/CodeIgniter.php(308): CodeIgniter\CodeIgniter->handleRequest(NULL, Object(Config\Cache), false)
#5 /home/fahmiff1/life.andropick.com/public/index.php(45): CodeIgniter\CodeIgniter->run()
#6 {main}
CRITICAL - 2020-08-31 17:44:23 --> Argument 1 passed to CodeIgniter\HTTP\RedirectResponse::to() must be of the type string, null given, called in /home/fahmiff1/life.andropick.com/app/Controllers/Dashboard.php on line 1127
#0 /home/fahmiff1/life.andropick.com/app/Controllers/Dashboard.php(1127): CodeIgniter\HTTP\RedirectResponse->to(NULL)
#1 /home/fahmiff1/life.andropick.com/system/CodeIgniter.php(914): App\Controllers\Dashboard->print('R15728')
#2 /home/fahmiff1/life.andropick.com/system/CodeIgniter.php(400): CodeIgniter\CodeIgniter->runController(Object(App\Controllers\Dashboard))
#3 /home/fahmiff1/life.andropick.com/system/CodeIgniter.php(308): CodeIgniter\CodeIgniter->handleRequest(NULL, Object(Config\Cache), false)
#4 /home/fahmiff1/life.andropick.com/public/index.php(45): CodeIgniter\CodeIgniter->run()
#5 {main}
CRITICAL - 2020-08-31 18:12:13 --> Undefined offset: 0
#0 /home/fahmiff1/life.andropick.com/app/Controllers/BaseController.php(136): CodeIgniter\Debug\Exceptions->errorHandler(8, 'Undefined offse...', '/home/fahmiff1/...', 136, Array)
#1 /home/fahmiff1/life.andropick.com/app/Controllers/Home.php(205): App\Controllers\BaseController->_tagih(11364)
#2 /home/fahmiff1/life.andropick.com/system/CodeIgniter.php(914): App\Controllers\Home->point()
#3 /home/fahmiff1/life.andropick.com/system/CodeIgniter.php(400): CodeIgniter\CodeIgniter->runController(Object(App\Controllers\Home))
#4 /home/fahmiff1/life.andropick.com/system/CodeIgniter.php(308): CodeIgniter\CodeIgniter->handleRequest(NULL, Object(Config\Cache), false)
#5 /home/fahmiff1/life.andropick.com/public/index.php(45): CodeIgniter\CodeIgniter->run()
#6 {main}
